#
# A fatal error has been detected by the Java Runtime Environment:
#
#  SIGSEGV (0xb) at pc=0x00007fea46fd4c58, pid=4403, tid=140644279670528
#
# JRE version: 7.0_09-b05
# Java VM: Java HotSpot(TM) 64-Bit Server VM (23.5-b02 mixed mode linux-amd64 compressed oops)
# Problematic frame:
# C  [libX11.so.6+0x33c58]  XQueryExtension+0x28
#
# Failed to write core dump. Core dumps have been disabled. To enable core dumping, try "ulimit -c unlimited" before starting Java again
#
# If you would like to submit a bug report, please visit:
#   http://bugreport.sun.com/bugreport/crash.jsp
#

---------------  T H R E A D  ---------------

Current thread (0x00007fea54092000):  VMThread [stack: 0x00007fea4c445000,0x00007fea4c546000] [id=4414]

siginfo:si_signo=SIGSEGV: si_errno=0, si_code=1 (SEGV_MAPERR), si_addr=0xfffffffff8001778

Registers:
RAX=0x00007fea300008c0, RBX=0xfffffffff8000e10, RCX=0x00007fea4c5445e8, RDX=0x00007fea4c5445e4
RSP=0x00007fea4c544580, RBP=0x00007fea449648b2, RSI=0x00007fea449648b2, RDI=0xfffffffff8000e10
R8 =0x00007fea4c5445ec, R9 =0x0000000000000000, R10=0x00007fea59bc6fa8, R11=0x00007fea59846c80
R12=0x0000000000000000, R13=0x00007fea449648b2, R14=0x00007fea300008c0, R15=0x0000000000000000
RIP=0x00007fea46fd4c58, EFLAGS=0x0000000000010202, CSGSFS=0x0000000000000033, ERR=0x0000000000000005
  TRAPNO=0x000000000000000e

Top of Stack: (sp=0x00007fea4c544580)
0x00007fea4c544580:   00007fea59819790 00007fea5a407548
0x00007fea4c544590:   0000000000000000 00007fea597ddf50
0x00007fea4c5445a0:   00000000ffffffff fffffffff8000e10
0x00007fea4c5445b0:   00007fea449648b2 0000000000000000
0x00007fea4c5445c0:   00007fea449648b2 00007fea300008c0
0x00007fea4c5445d0:   0000000000000000 00007fea46fc8c55
0x00007fea4c5445e0:   00007fea5a424048 00007fea44a9d520
0x00007fea4c5445f0:   00007fea44a9d520 fffffffff8000e10
0x00007fea4c544600:   00007fe9f800ef00 00007fea472e202b
0x00007fea4c544610:   00007fea59819790 000000110000002a
0x00007fea4c544620:   00007fea4c5446a0 0000000000000000
0x00007fea4c544630:   00007fea4c5446a0 fffffffff8000e10
0x00007fea4c544640:   0000000000000000 00007fea5a424048
0x00007fea4c544650:   00007fea44ab6d70 00007fea4490d2f9
0x00007fea4c544660:   0000000000000000 000000000000002a
0x00007fea4c544670:   00007fea4c5446a0 00007fea4c5446c0
0x00007fea4c544680:   0000000000000000 00007fea5a424048
0x00007fea4c544690:   00007fea04002d90 00007fea44901ae2
0x00007fea4c5446a0:   00007fea4c544880 00007fea44964831
0x00007fea4c5446b0:   00007fea4c544880 00007fea5a21092d
0x00007fea4c5446c0:   00007fea5a4252c8 00007fea5a425858
0x00007fea4c5446d0:   00007fea5a422b50 00007fea54007240
0x00007fea4c5446e0:   00007fea54007d50 00007fea540076f0
0x00007fea4c5446f0:   00007fea54008250 00007fea5400d110
0x00007fea4c544700:   00007fea54259900 00007fea54259da0
0x00007fea4c544710:   00007fea54358370 00007fea54357780
0x00007fea4c544720:   00007fea5436bcc0 00007fea5438cd00
0x00007fea4c544730:   00007fea5438c830 00007fea54192480
0x00007fea4c544740:   00007fea54193f60 00007fea54193a60
0x00007fea4c544750:   00007fea541907d0 00007fea540020f0
0x00007fea4c544760:   00007fea54001a70 000000000232f4d0
0x00007fea4c544770:   00007fea543c3640 00007fea54193550 

Instructions: (pc=0x00007fea46fd4c58)
0x00007fea46fd4c38:   24 d8 48 89 fb 4c 89 64 24 e0 4c 89 6c 24 e8 48
0x00007fea46fd4c48:   89 f5 4c 89 74 24 f0 4c 89 7c 24 f8 48 83 ec 58
0x00007fea46fd4c58:   48 8b 87 68 09 00 00 49 89 d4 49 89 cd 4d 89 c6
0x00007fea46fd4c68:   48 85 c0 74 02 ff 10 ba 08 00 00 00 be 62 00 00 

Register to memory mapping:

RAX=0x00007fea300008c0 is an unknown value
RBX=0xfffffffff8000e10 is an unknown value
RCX=0x00007fea4c5445e8 is an unknown value
RDX=0x00007fea4c5445e4 is an unknown value
RSP=0x00007fea4c544580 is an unknown value
RBP=0x00007fea449648b2: <offset 0x968b2> in /usr/lib/libGL.so.1 at 0x00007fea448ce000
RSI=0x00007fea449648b2: <offset 0x968b2> in /usr/lib/libGL.so.1 at 0x00007fea448ce000
RDI=0xfffffffff8000e10 is an unknown value
R8 =0x00007fea4c5445ec is an unknown value
R9 =0x0000000000000000 is an unknown value
R10=0x00007fea59bc6fa8: <offset 0x3bbfa8> in /lib/x86_64-linux-gnu/libc.so.6 at 0x00007fea5980b000
R11=0x00007fea59846c80: __cxa_finalize+0 in /lib/x86_64-linux-gnu/libc.so.6 at 0x00007fea5980b000
R12=0x0000000000000000 is an unknown value
R13=0x00007fea449648b2: <offset 0x968b2> in /usr/lib/libGL.so.1 at 0x00007fea448ce000
R14=0x00007fea300008c0 is an unknown value
R15=0x0000000000000000 is an unknown value


Stack: [0x00007fea4c445000,0x00007fea4c546000],  sp=0x00007fea4c544580,  free space=1021k
Native frames: (J=compiled Java code, j=interpreted, Vv=VM code, C=native code)
C  [libX11.so.6+0x33c58]  XQueryExtension+0x28

VM_Operation (0x00007fea44fe0f00): Exit, mode: safepoint, requested by thread 0x00007fea543c1800


---------------  P R O C E S S  ---------------

Java Threads: ( => current thread )
  0x00007fea54009000 JavaThread "DestroyJavaVM" [_thread_blocked, id=4407, stack(0x00007fea5a303000,0x00007fea5a404000)]
  0x00007fea54402000 JavaThread "Timer-0" [_thread_blocked, id=4436, stack(0x00007fea457c8000,0x00007fea458c9000)]
  0x00007fea543c1800 JavaThread "AWT-EventQueue-0" [_thread_blocked, id=4434, stack(0x00007fea44ee3000,0x00007fea44fe4000)]
  0x00007fea543c0000 JavaThread "AWT-Shutdown" [_thread_blocked, id=4433, stack(0x00007fea44fe4000,0x00007fea450e5000)]
  0x00007fea54337800 JavaThread "process reaper" daemon [_thread_blocked, id=4427, stack(0x00007fea45d21000,0x00007fea45d49000)]
  0x00007fea54268800 JavaThread "AWT-XAWT" daemon [_thread_blocked, id=4423, stack(0x00007fea45d49000,0x00007fea45e4a000)]
  0x00007fea54227000 JavaThread "Java2D Disposer" daemon [_thread_blocked, id=4422, stack(0x00007fea4625a000,0x00007fea4635b000)]
  0x00007fea540f0000 JavaThread "Service Thread" daemon [_thread_blocked, id=4420, stack(0x00007fea47b3e000,0x00007fea47c3f000)]
  0x00007fea540ee000 JavaThread "C2 CompilerThread1" daemon [_thread_blocked, id=4419, stack(0x00007fea47c3f000,0x00007fea47d40000)]
  0x00007fea540eb000 JavaThread "C2 CompilerThread0" daemon [_thread_blocked, id=4418, stack(0x00007fea4c041000,0x00007fea4c142000)]
  0x00007fea540e8800 JavaThread "Signal Dispatcher" daemon [_thread_blocked, id=4417, stack(0x00007fea4c142000,0x00007fea4c243000)]
  0x00007fea5409b800 JavaThread "Finalizer" daemon [_thread_blocked, id=4416, stack(0x00007fea4c243000,0x00007fea4c344000)]
  0x00007fea54099800 JavaThread "Reference Handler" daemon [_thread_blocked, id=4415, stack(0x00007fea4c344000,0x00007fea4c445000)]

Other Threads:
=>0x00007fea54092000 VMThread [stack: 0x00007fea4c445000,0x00007fea4c546000] [id=4414]

VM state:at safepoint (shutting down)

VM Mutex/Monitor currently owned by a thread:  ([mutex/lock_event])
[0x00007fea54005410] Threads_lock - owner thread: 0x00007fea54092000

Heap
 PSYoungGen      total 17792K, used 8102K [0x00000000ec200000, 0x00000000ed5d0000, 0x0000000100000000)
  eden space 15296K, 36% used [0x00000000ec200000,0x00000000ec77dfc8,0x00000000ed0f0000)
  from space 2496K, 99% used [0x00000000ed0f0000,0x00000000ed35b8f0,0x00000000ed360000)
  to   space 2496K, 0% used [0x00000000ed360000,0x00000000ed360000,0x00000000ed5d0000)
 ParOldGen       total 40704K, used 1257K [0x00000000c4600000, 0x00000000c6dc0000, 0x00000000ec200000)
  object space 40704K, 3% used [0x00000000c4600000,0x00000000c473a4b0,0x00000000c6dc0000)
 PSPermGen       total 21248K, used 15668K [0x00000000bf400000, 0x00000000c08c0000, 0x00000000c4600000)
  object space 21248K, 73% used [0x00000000bf400000,0x00000000c034d0a0,0x00000000c08c0000)

Card table byte_map: [0x00007fea503a2000,0x00007fea505a9000] byte_map_base: 0x00007fea4fda8000

Polling page: 0x00007fea5a420000

Code Cache  [0x00007fea505a9000, 0x00007fea50819000, 0x00007fea535a9000)
 total_blobs=818 nmethods=83 adapters=687 free_code_cache=48343Kb largest_free_block=49482560

Compilation events (10 events):
Event: 11,601 Thread 0x00007fea540eb000 nmethod 79 0x00007fea50675b50 code [0x00007fea50675c80, 0x00007fea50675cf8]
Event: 11,601 Thread 0x00007fea540ee000 nmethod 78 0x00007fea50675d90 code [0x00007fea50675ee0, 0x00007fea50675f78]
Event: 12,547 Thread 0x00007fea540eb000   80             java.nio.ByteBuffer::order (48 bytes)
Event: 12,548 Thread 0x00007fea540eb000 nmethod 80 0x00007fea50676050 code [0x00007fea50676180, 0x00007fea506761f8]
Event: 12,984 Thread 0x00007fea540ee000   81             javax.media.nativewindow.DefaultGraphicsScreen::getDevice (5 bytes)
Event: 12,985 Thread 0x00007fea540ee000 nmethod 81 0x00007fea50676290 code [0x00007fea506763c0, 0x00007fea50676418]
Event: 12,999 Thread 0x00007fea540eb000   82             javax.media.nativewindow.DefaultGraphicsConfiguration::getScreen (5 bytes)
Event: 12,999 Thread 0x00007fea540eb000 nmethod 82 0x00007fea50676490 code [0x00007fea506765c0, 0x00007fea50676618]
Event: 13,061 Thread 0x00007fea540ee000   83             java.security.AccessControlContext::optimize (319 bytes)
Event: 13,072 Thread 0x00007fea540ee000 nmethod 83 0x00007fea50674e50 code [0x00007fea50674fe0, 0x00007fea506756e8]

GC Heap History (2 events):
Event: 1,303 GC heap before
{Heap before GC invocations=1 (full 0):
 PSYoungGen      total 17792K, used 15296K [0x00000000ec200000, 0x00000000ed5d0000, 0x0000000100000000)
  eden space 15296K, 100% used [0x00000000ec200000,0x00000000ed0f0000,0x00000000ed0f0000)
  from space 2496K, 0% used [0x00000000ed360000,0x00000000ed360000,0x00000000ed5d0000)
  to   space 2496K, 0% used [0x00000000ed0f0000,0x00000000ed0f0000,0x00000000ed360000)
 ParOldGen       total 40704K, used 0K [0x00000000c4600000, 0x00000000c6dc0000, 0x00000000ec200000)
  object space 40704K, 0% used [0x00000000c4600000,0x00000000c4600000,0x00000000c6dc0000)
 PSPermGen       total 21248K, used 14536K [0x00000000bf400000, 0x00000000c08c0000, 0x00000000c4600000)
  object space 21248K, 68% used [0x00000000bf400000,0x00000000c0232178,0x00000000c08c0000)
Event: 1,311 GC heap after
Heap after GC invocations=1 (full 0):
 PSYoungGen      total 17792K, used 2478K [0x00000000ec200000, 0x00000000ed5d0000, 0x0000000100000000)
  eden space 15296K, 0% used [0x00000000ec200000,0x00000000ec200000,0x00000000ed0f0000)
  from space 2496K, 99% used [0x00000000ed0f0000,0x00000000ed35b8f0,0x00000000ed360000)
  to   space 2496K, 0% used [0x00000000ed360000,0x00000000ed360000,0x00000000ed5d0000)
 ParOldGen       total 40704K, used 1257K [0x00000000c4600000, 0x00000000c6dc0000, 0x00000000ec200000)
  object space 40704K, 3% used [0x00000000c4600000,0x00000000c473a4b0,0x00000000c6dc0000)
 PSPermGen       total 21248K, used 14536K [0x00000000bf400000, 0x00000000c08c0000, 0x00000000c4600000)
  object space 21248K, 68% used [0x00000000bf400000,0x00000000c0232178,0x00000000c08c0000)
}

Deoptimization events (6 events):
Event: 0,828 Thread 0x00007fea543f5800 Uncommon trap -83 fr.pc 0x00007fea5064f558
Event: 1,041 Thread 0x00007fea54009000 Uncommon trap -58 fr.pc 0x00007fea5065aa88
Event: 1,041 Thread 0x00007fea54009000 Uncommon trap -58 fr.pc 0x00007fea5065aa88
Event: 1,041 Thread 0x00007fea54009000 Uncommon trap -58 fr.pc 0x00007fea5065aa88
Event: 1,041 Thread 0x00007fea54009000 Uncommon trap -58 fr.pc 0x00007fea5065aa88
Event: 13,281 Thread 0x00007fea543c1800 Uncommon trap -83 fr.pc 0x00007fea50672a74

Internal exceptions (10 events):
Event: 1,377 Thread 0x00007fea543c1800 Threw 0x00000000ec2b7e88 at /HUDSON/workspace/jdk7u9-2-build-linux-amd64-product/jdk7u9/hotspot/src/share/vm/prims/jvm.cpp:1166
Event: 1,378 Thread 0x00007fea543c1800 Threw 0x00000000ec2bb698 at /HUDSON/workspace/jdk7u9-2-build-linux-amd64-product/jdk7u9/hotspot/src/share/vm/prims/jvm.cpp:1166
Event: 1,381 Thread 0x00007fea543c1800 Threw 0x00000000ec2c0a90 at /HUDSON/workspace/jdk7u9-2-build-linux-amd64-product/jdk7u9/hotspot/src/share/vm/prims/jvm.cpp:1166
Event: 1,382 Thread 0x00007fea543c1800 Threw 0x00000000ec2c6058 at /HUDSON/workspace/jdk7u9-2-build-linux-amd64-product/jdk7u9/hotspot/src/share/vm/prims/jvm.cpp:1166
Event: 1,389 Thread 0x00007fea543c1800 Threw 0x00000000ec2ca130 at /HUDSON/workspace/jdk7u9-2-build-linux-amd64-product/jdk7u9/hotspot/src/share/vm/runtime/reflection.cpp
Event: 1,389 Thread 0x00007fea543c1800 Threw 0x00000000ec2ca410 at /HUDSON/workspace/jdk7u9-2-build-linux-amd64-product/jdk7u9/hotspot/src/share/vm/runtime/reflection.cpp
Event: 1,470 Thread 0x00007fea543c1800 Threw 0x00000000ec2cd758 at /HUDSON/workspace/jdk7u9-2-build-linux-amd64-product/jdk7u9/hotspot/src/share/vm/runtime/reflection.cpp
Event: 1,590 Thread 0x00007fea543c1800 Threw 0x00000000ec2e0608 at /HUDSON/workspace/jdk7u9-2-build-linux-amd64-product/jdk7u9/hotspot/src/share/vm/prims/jni.cpp:742
Event: 13,281 Thread 0x00007fea543c1800 Implicit null exception at 0x00007fea506728e5 to 0x00007fea50672a65
Event: 13,284 Thread 0x00007fea043d5000 Threw 0x00000000ec716f00 at /HUDSON/workspace/jdk7u9-2-build-linux-amd64-product/jdk7u9/hotspot/src/share/vm/prims/jvm.cpp:1166

Events (10 events):
Event: 13,289 loading class 0x00007fea54355270
Event: 13,289 loading class 0x00007fea54355270 done
Event: 13,290 Thread 0x00007fea04133800 Thread added: 0x00007fea04133800
Event: 13,290 Thread 0x00007fea04a02800 Thread exited: 0x00007fea04a02800
Event: 13,290 loading class 0x00007fea54242680
Event: 13,290 loading class 0x00007fea54242680 done
Event: 13,302 Thread 0x00007fea04133800 Thread exited: 0x00007fea04133800
Event: 13,334 Thread 0x00007fea543f5800 Thread exited: 0x00007fea543f5800
Event: 13,334 Thread 0x00007fea043d5000 Thread exited: 0x00007fea043d5000
Event: 13,334 Executing VM operation: Exit


Dynamic libraries:
00400000-00401000 r-xp 00000000 08:06 1967722                            /usr/lib/jvm/java-7-oracle/bin/java
00600000-00601000 rw-p 00000000 08:06 1967722                            /usr/lib/jvm/java-7-oracle/bin/java
0232f000-02350000 rw-p 00000000 00:00 0                                  [heap]
bf400000-c08c0000 rw-p 00000000 00:00 0 
c08c0000-c4600000 rw-p 00000000 00:00 0 
c4600000-c6dc0000 rw-p 00000000 00:00 0 
c6dc0000-ec200000 rw-p 00000000 00:00 0 
ec200000-ed5d0000 rw-p 00000000 00:00 0 
ed5d0000-100000000 rw-p 00000000 00:00 0 
7fe9e4000000-7fe9e4021000 rw-p 00000000 00:00 0 
7fe9e4021000-7fe9e8000000 ---p 00000000 00:00 0 
7fe9e8000000-7fe9e8021000 rw-p 00000000 00:00 0 
7fe9e8021000-7fe9ec000000 ---p 00000000 00:00 0 
7fe9ec000000-7fe9ec0ae000 rw-p 00000000 00:00 0 
7fe9ec0ae000-7fe9f0000000 ---p 00000000 00:00 0 
7fe9f0000000-7fe9f0021000 rw-p 00000000 00:00 0 
7fe9f0021000-7fe9f4000000 ---p 00000000 00:00 0 
7fe9f4000000-7fe9f40b1000 rw-p 00000000 00:00 0 
7fe9f40b1000-7fe9f8000000 ---p 00000000 00:00 0 
7fe9f8000000-7fe9f8d3a000 rw-p 00000000 00:00 0 
7fe9f8d3a000-7fe9fc000000 ---p 00000000 00:00 0 
7fe9fc381000-7fe9fc384000 ---p 00000000 00:00 0 
7fe9fc384000-7fe9fc482000 rw-p 00000000 00:00 0 
7fe9fc482000-7fe9fc485000 ---p 00000000 00:00 0 
7fe9fc485000-7fe9fc583000 rw-p 00000000 00:00 0 
7fe9fc583000-7fe9fc586000 ---p 00000000 00:00 0 
7fe9fc586000-7fe9fc684000 rw-p 00000000 00:00 0 
7fe9fc684000-7fe9fc685000 ---p 00000000 00:00 0 
7fe9fc685000-7fe9fce85000 rw-p 00000000 00:00 0 
7fe9fce85000-7fe9fce86000 ---p 00000000 00:00 0 
7fe9fce86000-7fe9fd686000 rw-p 00000000 00:00 0 
7fe9fd686000-7fe9fdd86000 rw-s 00006000 00:05 12309                      /dev/ati/card0
7fe9fdd86000-7fe9ffc7f000 r-xp 00000000 08:06 1312819                    /usr/lib/dri/fglrx_dri.so
7fe9ffc7f000-7fe9ffd7e000 ---p 01ef9000 08:06 1312819                    /usr/lib/dri/fglrx_dri.so
7fe9ffd7e000-7fe9ffedd000 rwxp 01ef8000 08:06 1312819                    /usr/lib/dri/fglrx_dri.so
7fe9ffedd000-7fea00000000 rwxp 00000000 00:00 0 
7fea00000000-7fea00021000 rw-p 00000000 00:00 0 
7fea00021000-7fea04000000 ---p 00000000 00:00 0 
7fea04000000-7fea04bd8000 rw-p 00000000 00:00 0 
7fea04bd8000-7fea08000000 ---p 00000000 00:00 0 
7fea08000000-7fea08021000 rw-p 00000000 00:00 0 
7fea08021000-7fea0c000000 ---p 00000000 00:00 0 
7fea0c000000-7fea0c468000 rw-p 00000000 00:00 0 
7fea0c468000-7fea10000000 ---p 00000000 00:00 0 
7fea10000000-7fea10021000 rw-p 00000000 00:00 0 
7fea10021000-7fea14000000 ---p 00000000 00:00 0 
7fea14000000-7fea14021000 rw-p 00000000 00:00 0 
7fea14021000-7fea18000000 ---p 00000000 00:00 0 
7fea18000000-7fea18021000 rw-p 00000000 00:00 0 
7fea18021000-7fea1c000000 ---p 00000000 00:00 0 
7fea1c000000-7fea1c021000 rw-p 00000000 00:00 0 
7fea1c021000-7fea20000000 ---p 00000000 00:00 0 
7fea20000000-7fea2023a000 rw-p 00000000 00:00 0 
7fea2023a000-7fea24000000 ---p 00000000 00:00 0 
7fea24000000-7fea241bb000 rw-p 00000000 00:00 0 
7fea241bb000-7fea28000000 ---p 00000000 00:00 0 
7fea28000000-7fea28021000 rw-p 00000000 00:00 0 
7fea28021000-7fea2c000000 ---p 00000000 00:00 0 
7fea2c000000-7fea2c021000 rw-p 00000000 00:00 0 
7fea2c021000-7fea30000000 ---p 00000000 00:00 0 
7fea30000000-7fea30021000 rw-p 00000000 00:00 0 
7fea30021000-7fea34000000 ---p 00000000 00:00 0 
7fea34000000-7fea34021000 rw-p 00000000 00:00 0 
7fea34021000-7fea38000000 ---p 00000000 00:00 0 
7fea38000000-7fea38021000 rw-p 00000000 00:00 0 
7fea38021000-7fea3c000000 ---p 00000000 00:00 0 
7fea3c000000-7fea3c021000 rw-p 00000000 00:00 0 
7fea3c021000-7fea40000000 ---p 00000000 00:00 0 
7fea40000000-7fea40021000 rw-p 00000000 00:00 0 
7fea40021000-7fea44000000 ---p 00000000 00:00 0 
7fea440dc000-7fea44119000 r-xp 00000000 08:06 9961762                    /usr/lib/libatiadlxx.so
7fea44119000-7fea44218000 ---p 0003d000 08:06 9961762                    /usr/lib/libatiadlxx.so
7fea44218000-7fea44222000 rw-p 0003c000 08:06 9961762                    /usr/lib/libatiadlxx.so
7fea44222000-7fea44232000 rw-p 00000000 00:00 0 
7fea44232000-7fea44239000 r-xp 00000000 08:06 9961804                    /usr/lib/libatiuki.so.1.0
7fea44239000-7fea44339000 ---p 00007000 08:06 9961804                    /usr/lib/libatiuki.so.1.0
7fea44339000-7fea4433a000 rw-p 00007000 08:06 9961804                    /usr/lib/libatiuki.so.1.0
7fea4433a000-7fea4433b000 rw-p 00000000 00:00 0 
7fea4433b000-7fea4433d000 r-xp 00000000 08:06 9965233                    /usr/lib/x86_64-linux-gnu/libXinerama.so.1.0.0
7fea4433d000-7fea4453c000 ---p 00002000 08:06 9965233                    /usr/lib/x86_64-linux-gnu/libXinerama.so.1.0.0
7fea4453c000-7fea4453d000 r--p 00001000 08:06 9965233                    /usr/lib/x86_64-linux-gnu/libXinerama.so.1.0.0
7fea4453d000-7fea4453e000 rw-p 00002000 08:06 9965233                    /usr/lib/x86_64-linux-gnu/libXinerama.so.1.0.0
7fea4453e000-7fea44541000 ---p 00000000 00:00 0 
7fea44541000-7fea4463f000 rw-p 00000000 00:00 0 
7fea4463f000-7fea446cc000 r-xp 00000000 08:06 4456564                    /tmp/jogamp_0000/file_cache/jln3559788785963202447/jln2528785040262185589/libjogl_desktop.so
7fea446cc000-7fea448cc000 ---p 0008d000 08:06 4456564                    /tmp/jogamp_0000/file_cache/jln3559788785963202447/jln2528785040262185589/libjogl_desktop.so
7fea448cc000-7fea448cd000 r--p 0008d000 08:06 4456564                    /tmp/jogamp_0000/file_cache/jln3559788785963202447/jln2528785040262185589/libjogl_desktop.so
7fea448cd000-7fea448ce000 rw-p 0008e000 08:06 4456564                    /tmp/jogamp_0000/file_cache/jln3559788785963202447/jln2528785040262185589/libjogl_desktop.so
7fea448ce000-7fea44991000 r-xp 00000000 08:06 9961836                    /usr/lib/fglrx/fglrx-libGL.so.1.2
7fea44991000-7fea44a90000 ---p 000c3000 08:06 9961836                    /usr/lib/fglrx/fglrx-libGL.so.1.2
7fea44a90000-7fea44ab7000 rwxp 000c2000 08:06 9961836                    /usr/lib/fglrx/fglrx-libGL.so.1.2
7fea44ab7000-7fea44ad7000 rwxp 00000000 00:00 0 
7fea44ad7000-7fea44adb000 r-xp 00000000 08:06 9969743                    /usr/lib/x86_64-linux-gnu/libXxf86vm.so.1.0.0
7fea44adb000-7fea44cda000 ---p 00004000 08:06 9969743                    /usr/lib/x86_64-linux-gnu/libXxf86vm.so.1.0.0
7fea44cda000-7fea44cdb000 r--p 00003000 08:06 9969743                    /usr/lib/x86_64-linux-gnu/libXxf86vm.so.1.0.0
7fea44cdb000-7fea44cdc000 rw-p 00004000 08:06 9969743                    /usr/lib/x86_64-linux-gnu/libXxf86vm.so.1.0.0
7fea44cdc000-7fea44ce2000 r-xp 00000000 08:06 4456567                    /tmp/jogamp_0000/file_cache/jln3559788785963202447/jln2528785040262185589/libnativewindow_x11.so
7fea44ce2000-7fea44ee1000 ---p 00006000 08:06 4456567                    /tmp/jogamp_0000/file_cache/jln3559788785963202447/jln2528785040262185589/libnativewindow_x11.so
7fea44ee1000-7fea44ee2000 r--p 00005000 08:06 4456567                    /tmp/jogamp_0000/file_cache/jln3559788785963202447/jln2528785040262185589/libnativewindow_x11.so
7fea44ee2000-7fea44ee3000 rw-p 00006000 08:06 4456567                    /tmp/jogamp_0000/file_cache/jln3559788785963202447/jln2528785040262185589/libnativewindow_x11.so
7fea44ee3000-7fea44ee6000 ---p 00000000 00:00 0 
7fea44ee6000-7fea44fe4000 rw-p 00000000 00:00 0 
7fea44fe4000-7fea44fe7000 ---p 00000000 00:00 0 
7fea44fe7000-7fea450e5000 rw-p 00000000 00:00 0 
7fea450e5000-7fea450e7000 r-xp 00000000 08:06 4456566                    /tmp/jogamp_0000/file_cache/jln3559788785963202447/jln2528785040262185589/libnativewindow_awt.so
7fea450e7000-7fea452e6000 ---p 00002000 08:06 4456566                    /tmp/jogamp_0000/file_cache/jln3559788785963202447/jln2528785040262185589/libnativewindow_awt.so
7fea452e6000-7fea452e7000 r--p 00001000 08:06 4456566                    /tmp/jogamp_0000/file_cache/jln3559788785963202447/jln2528785040262185589/libnativewindow_awt.so
7fea452e7000-7fea452e8000 rw-p 00002000 08:06 4456566                    /tmp/jogamp_0000/file_cache/jln3559788785963202447/jln2528785040262185589/libnativewindow_awt.so
7fea452e8000-7fea452e9000 r-xp 00000000 08:06 1967578                    /usr/lib/jvm/java-7-oracle/jre/lib/amd64/libjawt.so
7fea452e9000-7fea454e8000 ---p 00001000 08:06 1967578                    /usr/lib/jvm/java-7-oracle/jre/lib/amd64/libjawt.so
7fea454e8000-7fea454e9000 rw-p 00000000 08:06 1967578                    /usr/lib/jvm/java-7-oracle/jre/lib/amd64/libjawt.so
7fea455a5000-7fea455c5000 rw-s f0020000 00:05 12309                      /dev/ati/card0
7fea455c5000-7fea455c7000 r-xp 00000000 08:06 4456563                    /tmp/jogamp_0000/file_cache/jln3559788785963202447/jln2528785040262185589/libgluegen-rt.so
7fea455c7000-7fea457c6000 ---p 00002000 08:06 4456563                    /tmp/jogamp_0000/file_cache/jln3559788785963202447/jln2528785040262185589/libgluegen-rt.so
7fea457c6000-7fea457c7000 r--p 00001000 08:06 4456563                    /tmp/jogamp_0000/file_cache/jln3559788785963202447/jln2528785040262185589/libgluegen-rt.so
7fea457c7000-7fea457c8000 rw-p 00002000 08:06 4456563                    /tmp/jogamp_0000/file_cache/jln3559788785963202447/jln2528785040262185589/libgluegen-rt.so
7fea457c8000-7fea457cb000 ---p 00000000 00:00 0 
7fea457cb000-7fea458c9000 rw-p 00000000 00:00 0 
7fea458c9000-7fea458d9000 r-xp 00000000 08:06 1967585                    /usr/lib/jvm/java-7-oracle/jre/lib/amd64/libnio.so
7fea458d9000-7fea45ad9000 ---p 00010000 08:06 1967585                    /usr/lib/jvm/java-7-oracle/jre/lib/amd64/libnio.so
7fea45ad9000-7fea45ada000 rw-p 00010000 08:06 1967585                    /usr/lib/jvm/java-7-oracle/jre/lib/amd64/libnio.so
7fea45ada000-7fea45b0b000 rw-p 00000000 00:00 0 
7fea45b0b000-7fea45b20000 r-xp 00000000 08:06 1967604                    /usr/lib/jvm/java-7-oracle/jre/lib/amd64/libnet.so
7fea45b20000-7fea45d20000 ---p 00015000 08:06 1967604                    /usr/lib/jvm/java-7-oracle/jre/lib/amd64/libnet.so
7fea45d20000-7fea45d21000 rw-p 00015000 08:06 1967604                    /usr/lib/jvm/java-7-oracle/jre/lib/amd64/libnet.so
7fea45d21000-7fea45d24000 ---p 00000000 00:00 0 
7fea45d24000-7fea45d49000 rw-p 00000000 00:00 0 
7fea45d49000-7fea45d4c000 ---p 00000000 00:00 0 
7fea45d4c000-7fea45e4a000 rw-p 00000000 00:00 0 
7fea45e4a000-7fea45e4f000 r-xp 00000000 08:06 9962178                    /usr/lib/x86_64-linux-gnu/libXfixes.so.3.1.0
7fea45e4f000-7fea4604e000 ---p 00005000 08:06 9962178                    /usr/lib/x86_64-linux-gnu/libXfixes.so.3.1.0
7fea4604e000-7fea4604f000 r--p 00004000 08:06 9962178                    /usr/lib/x86_64-linux-gnu/libXfixes.so.3.1.0
7fea4604f000-7fea46050000 rw-p 00005000 08:06 9962178                    /usr/lib/x86_64-linux-gnu/libXfixes.so.3.1.0
7fea46050000-7fea46059000 r-xp 00000000 08:06 9967225                    /usr/lib/x86_64-linux-gnu/libXcursor.so.1.0.2
7fea46059000-7fea46258000 ---p 00009000 08:06 9967225                    /usr/lib/x86_64-linux-gnu/libXcursor.so.1.0.2
7fea46258000-7fea46259000 r--p 00008000 08:06 9967225                    /usr/lib/x86_64-linux-gnu/libXcursor.so.1.0.2
7fea46259000-7fea4625a000 rw-p 00009000 08:06 9967225                    /usr/lib/x86_64-linux-gnu/libXcursor.so.1.0.2
7fea4625a000-7fea4625d000 ---p 00000000 00:00 0 
7fea4625d000-7fea4635b000 rw-p 00000000 00:00 0 
7fea4635b000-7fea46360000 r-xp 00000000 08:06 9962011                    /usr/lib/x86_64-linux-gnu/libXdmcp.so.6.0.0
7fea46360000-7fea4655f000 ---p 00005000 08:06 9962011                    /usr/lib/x86_64-linux-gnu/libXdmcp.so.6.0.0
7fea4655f000-7fea46560000 r--p 00004000 08:06 9962011                    /usr/lib/x86_64-linux-gnu/libXdmcp.so.6.0.0
7fea46560000-7fea46561000 rw-p 00005000 08:06 9962011                    /usr/lib/x86_64-linux-gnu/libXdmcp.so.6.0.0
7fea46561000-7fea46563000 r-xp 00000000 08:06 9963502                    /usr/lib/x86_64-linux-gnu/libXau.so.6.0.0
7fea46563000-7fea46762000 ---p 00002000 08:06 9963502                    /usr/lib/x86_64-linux-gnu/libXau.so.6.0.0
7fea46762000-7fea46763000 r--p 00001000 08:06 9963502                    /usr/lib/x86_64-linux-gnu/libXau.so.6.0.0
7fea46763000-7fea46764000 rw-p 00002000 08:06 9963502                    /usr/lib/x86_64-linux-gnu/libXau.so.6.0.0
7fea46764000-7fea46781000 r-xp 00000000 08:06 9963508                    /usr/lib/x86_64-linux-gnu/libxcb.so.1.1.0
7fea46781000-7fea46980000 ---p 0001d000 08:06 9963508                    /usr/lib/x86_64-linux-gnu/libxcb.so.1.1.0
7fea46980000-7fea46981000 r--p 0001c000 08:06 9963508                    /usr/lib/x86_64-linux-gnu/libxcb.so.1.1.0
7fea46981000-7fea46982000 rw-p 0001d000 08:06 9963508                    /usr/lib/x86_64-linux-gnu/libxcb.so.1.1.0
7fea46982000-7fea46990000 r-xp 00000000 08:06 9961805                    /usr/lib/x86_64-linux-gnu/libXi.so.6.1.0
7fea46990000-7fea46b8f000 ---p 0000e000 08:06 9961805                    /usr/lib/x86_64-linux-gnu/libXi.so.6.1.0
7fea46b8f000-7fea46b90000 r--p 0000d000 08:06 9961805                    /usr/lib/x86_64-linux-gnu/libXi.so.6.1.0
7fea46b90000-7fea46b91000 rw-p 0000e000 08:06 9961805                    /usr/lib/x86_64-linux-gnu/libXi.so.6.1.0
7fea46b91000-7fea46b96000 r-xp 00000000 08:06 9962629                    /usr/lib/x86_64-linux-gnu/libXtst.so.6.1.0
7fea46b96000-7fea46d95000 ---p 00005000 08:06 9962629                    /usr/lib/x86_64-linux-gnu/libXtst.so.6.1.0
7fea46d95000-7fea46d96000 r--p 00004000 08:06 9962629                    /usr/lib/x86_64-linux-gnu/libXtst.so.6.1.0
7fea46d96000-7fea46d97000 rw-p 00005000 08:06 9962629                    /usr/lib/x86_64-linux-gnu/libXtst.so.6.1.0
7fea46d97000-7fea46da0000 r-xp 00000000 08:06 9963780                    /usr/lib/x86_64-linux-gnu/libXrender.so.1.3.0
7fea46da0000-7fea46f9f000 ---p 00009000 08:06 9963780                    /usr/lib/x86_64-linux-gnu/libXrender.so.1.3.0
7fea46f9f000-7fea46fa0000 r--p 00008000 08:06 9963780                    /usr/lib/x86_64-linux-gnu/libXrender.so.1.3.0
7fea46fa0000-7fea46fa1000 rw-p 00009000 08:06 9963780                    /usr/lib/x86_64-linux-gnu/libXrender.so.1.3.0
7fea46fa1000-7fea470d0000 r-xp 00000000 08:06 9963828                    /usr/lib/x86_64-linux-gnu/libX11.so.6.3.0
7fea470d0000-7fea472d0000 ---p 0012f000 08:06 9963828                    /usr/lib/x86_64-linux-gnu/libX11.so.6.3.0
7fea472d0000-7fea472d1000 r--p 0012f000 08:06 9963828                    /usr/lib/x86_64-linux-gnu/libX11.so.6.3.0
7fea472d1000-7fea472d5000 rw-p 00130000 08:06 9963828                    /usr/lib/x86_64-linux-gnu/libX11.so.6.3.0
7fea472d5000-7fea472e5000 r-xp 00000000 08:06 9961497                    /usr/lib/x86_64-linux-gnu/libXext.so.6.4.0
7fea472e5000-7fea474e4000 ---p 00010000 08:06 9961497                    /usr/lib/x86_64-linux-gnu/libXext.so.6.4.0
7fea474e4000-7fea474e5000 r--p 0000f000 08:06 9961497                    /usr/lib/x86_64-linux-gnu/libXext.so.6.4.0
7fea474e5000-7fea474e6000 rw-p 00010000 08:06 9961497                    /usr/lib/x86_64-linux-gnu/libXext.so.6.4.0
7fea474e6000-7fea47536000 r-xp 00000000 08:06 1967618                    /usr/lib/jvm/java-7-oracle/jre/lib/amd64/xawt/libmawt.so
7fea47536000-7fea47736000 ---p 00050000 08:06 1967618                    /usr/lib/jvm/java-7-oracle/jre/lib/amd64/xawt/libmawt.so
7fea47736000-7fea4773a000 rw-p 00050000 08:06 1967618                    /usr/lib/jvm/java-7-oracle/jre/lib/amd64/xawt/libmawt.so
7fea4773a000-7fea4773b000 rw-p 00000000 00:00 0 
7fea4773b000-7fea477dd000 r-xp 00000000 08:06 1967615                    /usr/lib/jvm/java-7-oracle/jre/lib/amd64/libawt.so
7fea477dd000-7fea479dd000 ---p 000a2000 08:06 1967615                    /usr/lib/jvm/java-7-oracle/jre/lib/amd64/libawt.so
7fea479dd000-7fea479e9000 rw-p 000a2000 08:06 1967615                    /usr/lib/jvm/java-7-oracle/jre/lib/amd64/libawt.so
7fea479e9000-7fea47a0d000 rw-p 00000000 00:00 0 
7fea47a0d000-7fea47a27000 r--s 00477000 08:11 3459                       /media/DDE-640/IMAC/Projets_Tut/PlantS/libs/jogl-2.0/jar/jogl-all.jar
7fea47a27000-7fea47a2c000 r--s 0002c000 08:11 3504                       /media/DDE-640/IMAC/Projets_Tut/PlantS/libs/jogl-2.0/jar/gluegen-rt.jar
7fea47a2c000-7fea47a38000 r--s 002c7000 08:11 3619                       /media/DDE-640/IMAC/Projets_Tut/PlantS/libs/java3d/lib/ext/j3dcore.jar
7fea47a38000-7fea47a3d000 r--s 00044000 08:11 3610                       /media/DDE-640/IMAC/Projets_Tut/PlantS/libs/jdom-2.0.3/jdom-2.0.3.jar
7fea47a3d000-7fea47a3e000 ---p 00000000 00:00 0 
7fea47a3e000-7fea47b3e000 rw-p 00000000 00:00 0 
7fea47b3e000-7fea47b41000 ---p 00000000 00:00 0 
7fea47b41000-7fea47c3f000 rw-p 00000000 00:00 0 
7fea47c3f000-7fea47c42000 ---p 00000000 00:00 0 
7fea47c42000-7fea47d40000 rw-p 00000000 00:00 0 
7fea47d40000-7fea48000000 r--p 00000000 08:06 9961657                    /usr/lib/locale/locale-archive
7fea48000000-7fea48021000 rw-p 00000000 00:00 0 
7fea48021000-7fea4c000000 ---p 00000000 00:00 0 
7fea4c01c000-7fea4c041000 r--p 00000000 08:06 10359730                   /usr/share/locale-langpack/fr/LC_MESSAGES/libc.mo
7fea4c041000-7fea4c044000 ---p 00000000 00:00 0 
7fea4c044000-7fea4c142000 rw-p 00000000 00:00 0 
7fea4c142000-7fea4c145000 ---p 00000000 00:00 0 
7fea4c145000-7fea4c243000 rw-p 00000000 00:00 0 
7fea4c243000-7fea4c246000 ---p 00000000 00:00 0 
7fea4c246000-7fea4c344000 rw-p 00000000 00:00 0 
7fea4c344000-7fea4c347000 ---p 00000000 00:00 0 
7fea4c347000-7fea4c445000 rw-p 00000000 00:00 0 
7fea4c445000-7fea4c446000 ---p 00000000 00:00 0 
7fea4c446000-7fea4d56a000 rw-p 00000000 00:00 0 
7fea4d56a000-7fea4d726000 r--s 039da000 08:06 1967452                    /usr/lib/jvm/java-7-oracle/jre/lib/rt.jar
7fea4d726000-7fea4ff9e000 rw-p 00000000 00:00 0 
7fea4ff9e000-7fea4ff9f000 ---p 00000000 00:00 0 
7fea4ff9f000-7fea5009f000 rw-p 00000000 00:00 0 
7fea5009f000-7fea500a0000 ---p 00000000 00:00 0 
7fea500a0000-7fea501a0000 rw-p 00000000 00:00 0 
7fea501a0000-7fea501a1000 ---p 00000000 00:00 0 
7fea501a1000-7fea502a1000 rw-p 00000000 00:00 0 
7fea502a1000-7fea502a2000 ---p 00000000 00:00 0 
7fea502a2000-7fea503ad000 rw-p 00000000 00:00 0 
7fea503ad000-7fea503cb000 rw-p 00000000 00:00 0 
7fea503cb000-7fea503df000 rw-p 00000000 00:00 0 
7fea503df000-7fea50509000 rw-p 00000000 00:00 0 
7fea50509000-7fea50513000 rw-p 00000000 00:00 0 
7fea50513000-7fea505a8000 rw-p 00000000 00:00 0 
7fea505a8000-7fea505a9000 rw-p 00000000 00:00 0 
7fea505a9000-7fea50819000 rwxp 00000000 00:00 0 
7fea50819000-7fea535a9000 rw-p 00000000 00:00 0 
7fea535a9000-7fea535c3000 r-xp 00000000 08:06 1967605                    /usr/lib/jvm/java-7-oracle/jre/lib/amd64/libzip.so
7fea535c3000-7fea537c3000 ---p 0001a000 08:06 1967605                    /usr/lib/jvm/java-7-oracle/jre/lib/amd64/libzip.so
7fea537c3000-7fea537c4000 rw-p 0001a000 08:06 1967605                    /usr/lib/jvm/java-7-oracle/jre/lib/amd64/libzip.so
7fea537c4000-7fea537d0000 r-xp 00000000 08:06 2233934                    /lib/x86_64-linux-gnu/libnss_files-2.15.so
7fea537d0000-7fea539cf000 ---p 0000c000 08:06 2233934                    /lib/x86_64-linux-gnu/libnss_files-2.15.so
7fea539cf000-7fea539d0000 r--p 0000b000 08:06 2233934                    /lib/x86_64-linux-gnu/libnss_files-2.15.so
7fea539d0000-7fea539d1000 rw-p 0000c000 08:06 2233934                    /lib/x86_64-linux-gnu/libnss_files-2.15.so
7fea539d1000-7fea539db000 r-xp 00000000 08:06 2233929                    /lib/x86_64-linux-gnu/libnss_nis-2.15.so
7fea539db000-7fea53bdb000 ---p 0000a000 08:06 2233929                    /lib/x86_64-linux-gnu/libnss_nis-2.15.so
7fea53bdb000-7fea53bdc000 r--p 0000a000 08:06 2233929                    /lib/x86_64-linux-gnu/libnss_nis-2.15.so
7fea53bdc000-7fea53bdd000 rw-p 0000b000 08:06 2233929                    /lib/x86_64-linux-gnu/libnss_nis-2.15.so
7fea53bdd000-7fea53bf4000 r-xp 00000000 08:06 2233945                    /lib/x86_64-linux-gnu/libnsl-2.15.so
7fea53bf4000-7fea53df3000 ---p 00017000 08:06 2233945                    /lib/x86_64-linux-gnu/libnsl-2.15.so
7fea53df3000-7fea53df4000 r--p 00016000 08:06 2233945                    /lib/x86_64-linux-gnu/libnsl-2.15.so
7fea53df4000-7fea53df5000 rw-p 00017000 08:06 2233945                    /lib/x86_64-linux-gnu/libnsl-2.15.so
7fea53df5000-7fea53df7000 rw-p 00000000 00:00 0 
7fea53df7000-7fea53dff000 r-xp 00000000 08:06 2233935                    /lib/x86_64-linux-gnu/libnss_compat-2.15.so
7fea53dff000-7fea53ffe000 ---p 00008000 08:06 2233935                    /lib/x86_64-linux-gnu/libnss_compat-2.15.so
7fea53ffe000-7fea53fff000 r--p 00007000 08:06 2233935                    /lib/x86_64-linux-gnu/libnss_compat-2.15.so
7fea53fff000-7fea54000000 rw-p 00008000 08:06 2233935                    /lib/x86_64-linux-gnu/libnss_compat-2.15.so
7fea54000000-7fea54448000 rw-p 00000000 00:00 0 
7fea54448000-7fea58000000 ---p 00000000 00:00 0 
7fea5801a000-7fea5804d000 rw-p 00000000 00:00 0 
7fea5804d000-7fea5806b000 rw-p 00000000 00:00 0 
7fea5806b000-7fea5807f000 rw-p 00000000 00:00 0 
7fea5807f000-7fea581a9000 rw-p 00000000 00:00 0 
7fea581a9000-7fea581d2000 r-xp 00000000 08:06 1967577                    /usr/lib/jvm/java-7-oracle/jre/lib/amd64/libjava.so
7fea581d2000-7fea583d2000 ---p 00029000 08:06 1967577                    /usr/lib/jvm/java-7-oracle/jre/lib/amd64/libjava.so
7fea583d2000-7fea583d4000 rw-p 00029000 08:06 1967577                    /usr/lib/jvm/java-7-oracle/jre/lib/amd64/libjava.so
7fea583d4000-7fea583e1000 r-xp 00000000 08:06 1967580                    /usr/lib/jvm/java-7-oracle/jre/lib/amd64/libverify.so
7fea583e1000-7fea585e0000 ---p 0000d000 08:06 1967580                    /usr/lib/jvm/java-7-oracle/jre/lib/amd64/libverify.so
7fea585e0000-7fea585e2000 rw-p 0000c000 08:06 1967580                    /usr/lib/jvm/java-7-oracle/jre/lib/amd64/libverify.so
7fea585e2000-7fea585e9000 r-xp 00000000 08:06 2233808                    /lib/x86_64-linux-gnu/librt-2.15.so
7fea585e9000-7fea587e8000 ---p 00007000 08:06 2233808                    /lib/x86_64-linux-gnu/librt-2.15.so
7fea587e8000-7fea587e9000 r--p 00006000 08:06 2233808                    /lib/x86_64-linux-gnu/librt-2.15.so
7fea587e9000-7fea587ea000 rw-p 00007000 08:06 2233808                    /lib/x86_64-linux-gnu/librt-2.15.so
7fea587ea000-7fea588e5000 r-xp 00000000 08:06 2233931                    /lib/x86_64-linux-gnu/libm-2.15.so
7fea588e5000-7fea58ae4000 ---p 000fb000 08:06 2233931                    /lib/x86_64-linux-gnu/libm-2.15.so
7fea58ae4000-7fea58ae5000 r--p 000fa000 08:06 2233931                    /lib/x86_64-linux-gnu/libm-2.15.so
7fea58ae5000-7fea58ae6000 rw-p 000fb000 08:06 2233931                    /lib/x86_64-linux-gnu/libm-2.15.so
7fea58ae6000-7fea5952d000 r-xp 00000000 08:06 1967573                    /usr/lib/jvm/java-7-oracle/jre/lib/amd64/server/libjvm.so
7fea5952d000-7fea5972c000 ---p 00a47000 08:06 1967573                    /usr/lib/jvm/java-7-oracle/jre/lib/amd64/server/libjvm.so
7fea5972c000-7fea597d0000 rw-p 00a46000 08:06 1967573                    /usr/lib/jvm/java-7-oracle/jre/lib/amd64/server/libjvm.so
7fea597d0000-7fea5980b000 rw-p 00000000 00:00 0 
7fea5980b000-7fea599c0000 r-xp 00000000 08:06 2233802                    /lib/x86_64-linux-gnu/libc-2.15.so
7fea599c0000-7fea59bbf000 ---p 001b5000 08:06 2233802                    /lib/x86_64-linux-gnu/libc-2.15.so
7fea59bbf000-7fea59bc3000 r--p 001b4000 08:06 2233802                    /lib/x86_64-linux-gnu/libc-2.15.so
7fea59bc3000-7fea59bc5000 rw-p 001b8000 08:06 2233802                    /lib/x86_64-linux-gnu/libc-2.15.so
7fea59bc5000-7fea59bca000 rw-p 00000000 00:00 0 
7fea59bca000-7fea59bcc000 r-xp 00000000 08:06 2233800                    /lib/x86_64-linux-gnu/libdl-2.15.so
7fea59bcc000-7fea59dcc000 ---p 00002000 08:06 2233800                    /lib/x86_64-linux-gnu/libdl-2.15.so
7fea59dcc000-7fea59dcd000 r--p 00002000 08:06 2233800                    /lib/x86_64-linux-gnu/libdl-2.15.so
7fea59dcd000-7fea59dce000 rw-p 00003000 08:06 2233800                    /lib/x86_64-linux-gnu/libdl-2.15.so
7fea59dce000-7fea59de4000 r-xp 00000000 08:06 1967609                    /usr/lib/jvm/java-7-oracle/jre/lib/amd64/jli/libjli.so
7fea59de4000-7fea59fe3000 ---p 00016000 08:06 1967609                    /usr/lib/jvm/java-7-oracle/jre/lib/amd64/jli/libjli.so
7fea59fe3000-7fea59fe4000 rw-p 00015000 08:06 1967609                    /usr/lib/jvm/java-7-oracle/jre/lib/amd64/jli/libjli.so
7fea59fe4000-7fea59ffc000 r-xp 00000000 08:06 2233804                    /lib/x86_64-linux-gnu/libpthread-2.15.so
7fea59ffc000-7fea5a1fb000 ---p 00018000 08:06 2233804                    /lib/x86_64-linux-gnu/libpthread-2.15.so
7fea5a1fb000-7fea5a1fc000 r--p 00017000 08:06 2233804                    /lib/x86_64-linux-gnu/libpthread-2.15.so
7fea5a1fc000-7fea5a1fd000 rw-p 00018000 08:06 2233804                    /lib/x86_64-linux-gnu/libpthread-2.15.so
7fea5a1fd000-7fea5a201000 rw-p 00000000 00:00 0 
7fea5a201000-7fea5a223000 r-xp 00000000 08:06 2233940                    /lib/x86_64-linux-gnu/ld-2.15.so
7fea5a23f000-7fea5a240000 rw-s 00005000 00:05 12309                      /dev/ati/card0
7fea5a240000-7fea5a242000 rw-s 00002000 00:05 12309                      /dev/ati/card0
7fea5a242000-7fea5a243000 r--s 00023000 08:11 3469                       /media/DDE-640/IMAC/Projets_Tut/PlantS/libs/jogl-2.0/jar/jogl-all-natives-linux-amd64.jar
7fea5a243000-7fea5a24d000 rw-p 00000000 00:00 0 
7fea5a24d000-7fea5a303000 rw-p 00000000 00:00 0 
7fea5a303000-7fea5a306000 ---p 00000000 00:00 0 
7fea5a306000-7fea5a408000 rw-p 00000000 00:00 0 
7fea5a408000-7fea5a409000 r--s 00000000 08:11 3513                       /media/DDE-640/IMAC/Projets_Tut/PlantS/libs/jogl-2.0/jar/gluegen-rt-natives-linux-amd64.jar
7fea5a409000-7fea5a40a000 r--p 00000000 00:00 0 
7fea5a40a000-7fea5a40e000 r--s 00089000 08:06 1967701                    /usr/lib/jvm/java-7-oracle/jre/lib/jsse.jar
7fea5a40e000-7fea5a410000 r--s 0004e000 08:11 3617                       /media/DDE-640/IMAC/Projets_Tut/PlantS/libs/java3d/lib/ext/vecmath.jar
7fea5a410000-7fea5a417000 r--s 00000000 08:06 10362198                   /usr/lib/x86_64-linux-gnu/gconv/gconv-modules.cache
7fea5a417000-7fea5a41f000 rw-s 00000000 08:06 4456537                    /tmp/hsperfdata_guyom/4403 (deleted)
7fea5a41f000-7fea5a420000 rw-p 00000000 00:00 0 
7fea5a420000-7fea5a421000 ---p 00000000 00:00 0 
7fea5a421000-7fea5a423000 rw-p 00000000 00:00 0 
7fea5a423000-7fea5a424000 r--p 00022000 08:06 2233940                    /lib/x86_64-linux-gnu/ld-2.15.so
7fea5a424000-7fea5a426000 rw-p 00023000 08:06 2233940                    /lib/x86_64-linux-gnu/ld-2.15.so
7fff68443000-7fff68464000 rw-p 00000000 00:00 0                          [stack]
7fff684aa000-7fff684ab000 r-xp 00000000 00:00 0                          [vdso]
ffffffffff600000-ffffffffff601000 r-xp 00000000 00:00 0                  [vsyscall]

VM Arguments:
jvm_args: -Dfile.encoding=UTF-8 
java_command: openGL3.JOGLApp
Launcher Type: SUN_STANDARD

Environment Variables:
PATH=/usr/lib/lightdm/lightdm:/usr/local/sbin:/usr/local/bin:/usr/sbin:/usr/bin:/sbin:/bin:/usr/games
SHELL=/bin/bash
DISPLAY=:0.0

Signal Handlers:
SIGSEGV: [libjvm.so+0x8a5c80], sa_mask[0]=0x7ffbfeff, sa_flags=0x10000004
SIGBUS: [libjvm.so+0x8a5c80], sa_mask[0]=0x7ffbfeff, sa_flags=0x10000004
SIGFPE: [libjvm.so+0x741d60], sa_mask[0]=0x7ffbfeff, sa_flags=0x10000004
SIGPIPE: [libjvm.so+0x741d60], sa_mask[0]=0x7ffbfeff, sa_flags=0x10000004
SIGXFSZ: [libjvm.so+0x741d60], sa_mask[0]=0x7ffbfeff, sa_flags=0x10000004
SIGILL: [libjvm.so+0x741d60], sa_mask[0]=0x7ffbfeff, sa_flags=0x10000004
SIGUSR1: SIG_DFL, sa_mask[0]=0x00000000, sa_flags=0x00000000
SIGUSR2: [libjvm.so+0x7416b0], sa_mask[0]=0x00000004, sa_flags=0x10000004
SIGHUP: [libjvm.so+0x743a40], sa_mask[0]=0x7ffbfeff, sa_flags=0x10000004
SIGINT: [libjvm.so+0x743a40], sa_mask[0]=0x7ffbfeff, sa_flags=0x10000004
SIGTERM: [libjvm.so+0x743a40], sa_mask[0]=0x7ffbfeff, sa_flags=0x10000004
SIGQUIT: [libjvm.so+0x743a40], sa_mask[0]=0x7ffbfeff, sa_flags=0x10000004


---------------  S Y S T E M  ---------------

OS:wheezy/sid

uname:Linux 3.2.0-33-generic #52-Ubuntu SMP Thu Oct 18 16:29:15 UTC 2012 x86_64
libc:glibc 2.15 NPTL 2.15 
rlimit: STACK 8192k, CORE 0k, NPROC 30344, NOFILE 4096, AS infinity
load average:0,46 0,34 0,29

/proc/meminfo:
MemTotal:        3901720 kB
MemFree:         1130128 kB
Buffers:          237096 kB
Cached:          1075772 kB
SwapCached:            0 kB
Active:          1635708 kB
Inactive:         751036 kB
Active(anon):    1074668 kB
Inactive(anon):     1084 kB
Active(file):     561040 kB
Inactive(file):   749952 kB
Unevictable:           0 kB
Mlocked:               0 kB
SwapTotal:       4042748 kB
SwapFree:        4042748 kB
Dirty:              1020 kB
Writeback:             0 kB
AnonPages:       1074128 kB
Mapped:           212264 kB
Shmem:              1880 kB
Slab:             147776 kB
SReclaimable:     118040 kB
SUnreclaim:        29736 kB
KernelStack:        3696 kB
PageTables:        27340 kB
NFS_Unstable:          0 kB
Bounce:                0 kB
WritebackTmp:          0 kB
CommitLimit:     5993608 kB
Committed_AS:    3558768 kB
VmallocTotal:   34359738367 kB
VmallocUsed:      107976 kB
VmallocChunk:   34359628208 kB
HardwareCorrupted:     0 kB
AnonHugePages:         0 kB
HugePages_Total:       0
HugePages_Free:        0
HugePages_Rsvd:        0
HugePages_Surp:        0
Hugepagesize:       2048 kB
DirectMap4k:      147388 kB
DirectMap2M:     3897344 kB


CPU:total 4 (2 cores per cpu, 2 threads per core) family 6 model 37 stepping 5, cmov, cx8, fxsr, mmx, sse, sse2, sse3, ssse3, sse4.1, sse4.2, popcnt, ht, tsc, tscinvbit

/proc/cpuinfo:
processor	: 0
vendor_id	: GenuineIntel
cpu family	: 6
model		: 37
model name	: Intel(R) Core(TM) i5 CPU       M 480  @ 2.67GHz
stepping	: 5
microcode	: 0x2
cpu MHz		: 2667.000
cache size	: 3072 KB
physical id	: 0
siblings	: 4
core id		: 0
cpu cores	: 2
apicid		: 0
initial apicid	: 0
fpu		: yes
fpu_exception	: yes
cpuid level	: 11
wp		: yes
flags		: fpu vme de pse tsc msr pae mce cx8 apic sep mtrr pge mca cmov pat pse36 clflush dts acpi mmx fxsr sse sse2 ss ht tm pbe syscall nx rdtscp lm constant_tsc arch_perfmon pebs bts rep_good nopl xtopology nonstop_tsc aperfmperf pni dtes64 monitor ds_cpl vmx est tm2 ssse3 cx16 xtpr pdcm pcid sse4_1 sse4_2 popcnt lahf_lm ida arat dtherm tpr_shadow vnmi flexpriority ept vpid
bogomips	: 5319.58
clflush size	: 64
cache_alignment	: 64
address sizes	: 36 bits physical, 48 bits virtual
power management:

processor	: 1
vendor_id	: GenuineIntel
cpu family	: 6
model		: 37
model name	: Intel(R) Core(TM) i5 CPU       M 480  @ 2.67GHz
stepping	: 5
microcode	: 0x2
cpu MHz		: 2667.000
cache size	: 3072 KB
physical id	: 0
siblings	: 4
core id		: 2
cpu cores	: 2
apicid		: 4
initial apicid	: 4
fpu		: yes
fpu_exception	: yes
cpuid level	: 11
wp		: yes
flags		: fpu vme de pse tsc msr pae mce cx8 apic sep mtrr pge mca cmov pat pse36 clflush dts acpi mmx fxsr sse sse2 ss ht tm pbe syscall nx rdtscp lm constant_tsc arch_perfmon pebs bts rep_good nopl xtopology nonstop_tsc aperfmperf pni dtes64 monitor ds_cpl vmx est tm2 ssse3 cx16 xtpr pdcm pcid sse4_1 sse4_2 popcnt lahf_lm ida arat dtherm tpr_shadow vnmi flexpriority ept vpid
bogomips	: 5319.69
clflush size	: 64
cache_alignment	: 64
address sizes	: 36 bits physical, 48 bits virtual
power management:

processor	: 2
vendor_id	: GenuineIntel
cpu family	: 6
model		: 37
model name	: Intel(R) Core(TM) i5 CPU       M 480  @ 2.67GHz
stepping	: 5
microcode	: 0x2
cpu MHz		: 2667.000
cache size	: 3072 KB
physical id	: 0
siblings	: 4
core id		: 0
cpu cores	: 2
apicid		: 1
initial apicid	: 1
fpu		: yes
fpu_exception	: yes
cpuid level	: 11
wp		: yes
flags		: fpu vme de pse tsc msr pae mce cx8 apic sep mtrr pge mca cmov pat pse36 clflush dts acpi mmx fxsr sse sse2 ss ht tm pbe syscall nx rdtscp lm constant_tsc arch_perfmon pebs bts rep_good nopl xtopology nonstop_tsc aperfmperf pni dtes64 monitor ds_cpl vmx est tm2 ssse3 cx16 xtpr pdcm pcid sse4_1 sse4_2 popcnt lahf_lm ida arat dtherm tpr_shadow vnmi flexpriority ept vpid
bogomips	: 5319.89
clflush size	: 64
cache_alignment	: 64
address sizes	: 36 bits physical, 48 bits virtual
power management:

processor	: 3
vendor_id	: GenuineIntel
cpu family	: 6
model		: 37
model name	: Intel(R) Core(TM) i5 CPU       M 480  @ 2.67GHz
stepping	: 5
microcode	: 0x2
cpu MHz		: 2667.000
cache size	: 3072 KB
physical id	: 0
siblings	: 4
core id		: 2
cpu cores	: 2
apicid		: 5
initial apicid	: 5
fpu		: yes
fpu_exception	: yes
cpuid level	: 11
wp		: yes
flags		: fpu vme de pse tsc msr pae mce cx8 apic sep mtrr pge mca cmov pat pse36 clflush dts acpi mmx fxsr sse sse2 ss ht tm pbe syscall nx rdtscp lm constant_tsc arch_perfmon pebs bts rep_good nopl xtopology nonstop_tsc aperfmperf pni dtes64 monitor ds_cpl vmx est tm2 ssse3 cx16 xtpr pdcm pcid sse4_1 sse4_2 popcnt lahf_lm ida arat dtherm tpr_shadow vnmi flexpriority ept vpid
bogomips	: 5319.90
clflush size	: 64
cache_alignment	: 64
address sizes	: 36 bits physical, 48 bits virtual
power management:



Memory: 4k page, physical 3901720k(1130128k free), swap 4042748k(4042748k free)

vm_info: Java HotSpot(TM) 64-Bit Server VM (23.5-b02) for linux-amd64 JRE (1.7.0_09-b05), built on Sep 24 2012 20:07:15 by "java_re" with gcc 4.3.0 20080428 (Red Hat 4.3.0-8)

time: Thu Nov 29 21:59:55 2012
elapsed time: 13 seconds

