#
# A fatal error has been detected by the Java Runtime Environment:
#
#  SIGSEGV (0xb) at pc=0x00007fb846fd4c58, pid=2679, tid=140429832812288
#
# JRE version: 7.0_09-b05
# Java VM: Java HotSpot(TM) 64-Bit Server VM (23.5-b02 mixed mode linux-amd64 compressed oops)
# Problematic frame:
# C  [libX11.so.6+0x33c58]  XQueryExtension+0x28
#
# Failed to write core dump. Core dumps have been disabled. To enable core dumping, try "ulimit -c unlimited" before starting Java again
#
# If you would like to submit a bug report, please visit:
#   http://bugreport.sun.com/bugreport/crash.jsp
#

---------------  T H R E A D  ---------------

Current thread is native thread

siginfo:si_signo=SIGSEGV: si_errno=0, si_code=1 (SEGV_MAPERR), si_addr=0xfffffffff8001778

Registers:
RAX=0x0000000000a527e0, RBX=0xfffffffff8000e10, RCX=0x00007fff0fefb0c8, RDX=0x00007fff0fefb0c4
RSP=0x00007fff0fefb060, RBP=0x00007fb8449e18b2, RSI=0x00007fb8449e18b2, RDI=0xfffffffff8000e10
R8 =0x00007fff0fefb0cc, R9 =0x0000000000000010, R10=0x00007fb85dc90fa8, R11=0x0000000000000000
R12=0x0000000000000000, R13=0x00007fb8449e18b2, R14=0x0000000000a527e0, R15=0x0000000000000000
RIP=0x00007fb846fd4c58, EFLAGS=0x0000000000010206, CSGSFS=0x0000000000000033, ERR=0x0000000000000005
  TRAPNO=0x000000000000000e

Top of Stack: (sp=0x00007fff0fefb060)
0x00007fff0fefb060:   0000000000000000 0000003000000003
0x00007fff0fefb070:   0000006e0000005b 0000007c00000077
0x00007fff0fefb080:   00000000ffffffff fffffffff8000e10
0x00007fff0fefb090:   00007fb8449e18b2 0000000000000000
0x00007fff0fefb0a0:   00007fb8449e18b2 0000000000a527e0
0x00007fff0fefb0b0:   0000000000000000 00007fb846fc8c55
0x00007fff0fefb0c0:   00007fb85e4ee048 00007fb844b1a520
0x00007fff0fefb0d0:   00007fb844b1a520 fffffffff8000e10
0x00007fff0fefb0e0:   00007fb7f800d880 00007fb8472e202b
0x00007fff0fefb0f0:   00007fb85d8e3790 0000001100000027
0x00007fff0fefb100:   00007fff0fefb180 0000000000000000
0x00007fff0fefb110:   00007fff0fefb180 fffffffff8000e10
0x00007fff0fefb120:   0000000000000000 00007fb85e4ee048
0x00007fff0fefb130:   00007fb844b33d70 00007fb84498a2f9
0x00007fff0fefb140:   0000000000000000 0000000000000027
0x00007fff0fefb150:   00007fff0fefb180 00007fff0fefb1a0
0x00007fff0fefb160:   0000000000000000 00007fb85e4ee048
0x00007fff0fefb170:   00007fb804002d90 00007fb84497eae2
0x00007fff0fefb180:   00007fff0fefb350 00007fb8449e1831
0x00007fff0fefb190:   00007fff0fefb350 00007fb85e2da92d
0x00007fff0fefb1a0:   00007fb85e4ef2c8 00007fb85e4ef858
0x00007fff0fefb1b0:   00007fb85e4ecb50 00007fb8580009a0
0x00007fff0fefb1c0:   00007fb858007240 00007fb858007d50
0x00007fff0fefb1d0:   00007fb8580076f0 00007fb858008250
0x00007fff0fefb1e0:   00007fb85800d110 00007fb85825ce30
0x00007fff0fefb1f0:   00007fb85825d2d0 00007fb858373950
0x00007fff0fefb200:   00007fb858372d60 00007fb8583879d0
0x00007fff0fefb210:   00007fb8583ae2b0 00007fb8583add70
0x00007fff0fefb220:   00007fb858192460 00007fb858193f40
0x00007fff0fefb230:   00007fb858193a40 00007fb858190790
0x00007fff0fefb240:   00007fb8580020f0 00007fb858001a70
0x00007fff0fefb250:   0000000000a514d0 0000000000a519a0 

Instructions: (pc=0x00007fb846fd4c58)
0x00007fb846fd4c38:   24 d8 48 89 fb 4c 89 64 24 e0 4c 89 6c 24 e8 48
0x00007fb846fd4c48:   89 f5 4c 89 74 24 f0 4c 89 7c 24 f8 48 83 ec 58
0x00007fb846fd4c58:   48 8b 87 68 09 00 00 49 89 d4 49 89 cd 4d 89 c6
0x00007fb846fd4c68:   48 85 c0 74 02 ff 10 ba 08 00 00 00 be 62 00 00 

Register to memory mapping:

RAX=0x0000000000a527e0 is an unknown value
RBX=0xfffffffff8000e10 is an unknown value
RCX=0x00007fff0fefb0c8 is an unknown value
RDX=0x00007fff0fefb0c4 is an unknown value
RSP=0x00007fff0fefb060 is an unknown value
RBP=0x00007fb8449e18b2: <offset 0x968b2> in /usr/lib/libGL.so.1 at 0x00007fb84494b000
RSI=0x00007fb8449e18b2: <offset 0x968b2> in /usr/lib/libGL.so.1 at 0x00007fb84494b000
RDI=0xfffffffff8000e10 is an unknown value
R8 =0x00007fff0fefb0cc is an unknown value
R9 =0x0000000000000010 is an unknown value
R10=0x00007fb85dc90fa8: <offset 0x3bbfa8> in /lib/x86_64-linux-gnu/libc.so.6 at 0x00007fb85d8d5000
R11=0x0000000000000000 is an unknown value
R12=0x0000000000000000 is an unknown value
R13=0x00007fb8449e18b2: <offset 0x968b2> in /usr/lib/libGL.so.1 at 0x00007fb84494b000
R14=0x0000000000a527e0 is an unknown value
R15=0x0000000000000000 is an unknown value


Stack: [0x00007fff0fdfd000,0x00007fff0fefd000],  sp=0x00007fff0fefb060,  free space=1016k
Native frames: (J=compiled Java code, j=interpreted, Vv=VM code, C=native code)
C  [libX11.so.6+0x33c58]  XQueryExtension+0x28


---------------  P R O C E S S  ---------------

VM state:at safepoint (shutting down)

VM Mutex/Monitor currently owned by a thread:  ([mutex/lock_event])
[0x00007fb858005410] Threads_lock - owner thread: 0x00007fb858092000

Heap
 PSYoungGen      total 17792K, used 12432K [0x00000000ec200000, 0x00000000ed5d0000, 0x0000000100000000)
  eden space 15296K, 81% used [0x00000000ec200000,0x00000000ece240f0,0x00000000ed0f0000)
  from space 2496K, 0% used [0x00000000ed360000,0x00000000ed360000,0x00000000ed5d0000)
  to   space 2496K, 0% used [0x00000000ed0f0000,0x00000000ed0f0000,0x00000000ed360000)
 ParOldGen       total 40704K, used 0K [0x00000000c4600000, 0x00000000c6dc0000, 0x00000000ec200000)
  object space 40704K, 0% used [0x00000000c4600000,0x00000000c4600000,0x00000000c6dc0000)
 PSPermGen       total 21248K, used 12205K [0x00000000bf400000, 0x00000000c08c0000, 0x00000000c4600000)
  object space 21248K, 57% used [0x00000000bf400000,0x00000000bffeb5d0,0x00000000c08c0000)

Card table byte_map: [0x00007fb8545ab000,0x00007fb8547b2000] byte_map_base: 0x00007fb853fb1000

Polling page: 0x00007fb85e4ea000

Code Cache  [0x00007fb8547b2000, 0x00007fb854a22000, 0x00007fb8577b2000)
 total_blobs=658 nmethods=16 adapters=595 free_code_cache=48495Kb largest_free_block=49657600

Compilation events (10 events):
Event: 0,289 Thread 0x00007fb8580eb000 nmethod 10 0x00007fb85482d550 code [0x00007fb85482d6a0, 0x00007fb85482d858]
Event: 0,291 Thread 0x00007fb8580eb000   12             java.io.UnixFileSystem::normalize (75 bytes)
Event: 0,297 Thread 0x00007fb8580eb000 nmethod 12 0x00007fb854831cd0 code [0x00007fb854831e40, 0x00007fb854832098]
Event: 0,298 Thread 0x00007fb8580ee000 nmethod 11 0x00007fb854831550 code [0x00007fb8548316a0, 0x00007fb854831b18]
Event: 0,310 Thread 0x00007fb8580eb000   14             sun.net.www.ParseUtil::encodePath (336 bytes)
Event: 0,327 Thread 0x00007fb8580eb000 nmethod 14 0x00007fb854836590 code [0x00007fb8548367e0, 0x00007fb854837818]
Event: 0,351 Thread 0x00007fb8580ee000   15             java.lang.String::length (6 bytes)
Event: 0,352 Thread 0x00007fb8580ee000 nmethod 15 0x00007fb85482e9d0 code [0x00007fb85482eb00, 0x00007fb85482eb78]
Event: 0,415 Thread 0x00007fb8580ee000   16             java.lang.Math::min (11 bytes)
Event: 0,416 Thread 0x00007fb8580ee000 nmethod 16 0x00007fb854829d10 code [0x00007fb854829e40, 0x00007fb854829e78]

GC Heap History (0 events):
No events

Deoptimization events (0 events):
No events

Internal exceptions (10 events):
Event: 0,441 Thread 0x00007fb858009000 Threw 0x00000000ecc04ed8 at /HUDSON/workspace/jdk7u9-2-build-linux-amd64-product/jdk7u9/hotspot/src/share/vm/prims/jvm.cpp:1166
Event: 0,441 Thread 0x00007fb858009000 Threw 0x00000000ecc0b9f8 at /HUDSON/workspace/jdk7u9-2-build-linux-amd64-product/jdk7u9/hotspot/src/share/vm/prims/jvm.cpp:1166
Event: 0,442 Thread 0x00007fb858009000 Threw 0x00000000ecc5bce8 at /HUDSON/workspace/jdk7u9-2-build-linux-amd64-product/jdk7u9/hotspot/src/share/vm/prims/jvm.cpp:1166
Event: 0,442 Thread 0x00007fb858009000 Threw 0x00000000ecc5f710 at /HUDSON/workspace/jdk7u9-2-build-linux-amd64-product/jdk7u9/hotspot/src/share/vm/prims/jvm.cpp:1166
Event: 0,443 Thread 0x00007fb858009000 Threw 0x00000000ecc6a258 at /HUDSON/workspace/jdk7u9-2-build-linux-amd64-product/jdk7u9/hotspot/src/share/vm/prims/jvm.cpp:1166
Event: 0,444 Thread 0x00007fb858009000 Threw 0x00000000ecc6e660 at /HUDSON/workspace/jdk7u9-2-build-linux-amd64-product/jdk7u9/hotspot/src/share/vm/prims/jvm.cpp:1166
Event: 0,445 Thread 0x00007fb858009000 Threw 0x00000000ecc7b178 at /HUDSON/workspace/jdk7u9-2-build-linux-amd64-product/jdk7u9/hotspot/src/share/vm/prims/jvm.cpp:1166
Event: 0,454 Thread 0x00007fb85841e800 Threw 0x00000000ecc0d1d8 at /HUDSON/workspace/jdk7u9-2-build-linux-amd64-product/jdk7u9/hotspot/src/share/vm/prims/jvm.cpp:1166
Event: 0,455 Thread 0x00007fb85841e800 Threw 0x00000000ecc11338 at /HUDSON/workspace/jdk7u9-2-build-linux-amd64-product/jdk7u9/hotspot/src/share/vm/prims/jvm.cpp:1166
Event: 1,454 Thread 0x00007fb8583f4800 Threw 0x00000000ecd3ed98 at /HUDSON/workspace/jdk7u9-2-build-linux-amd64-product/jdk7u9/hotspot/src/share/vm/prims/jvm.cpp:1166

Events (10 events):
Event: 1,453 loading class 0x00007fb8582fc040
Event: 1,453 loading class 0x00007fb8582fc040 done
Event: 1,454 loading class 0x00007fb858245bb0 done
Event: 1,454 loading class 0x00007fb858370850
Event: 1,454 loading class 0x00007fb858370850 done
Event: 1,454 Thread 0x00007fb8583f3000 Thread exited: 0x00007fb8583f3000
Event: 1,455 Thread 0x00007fb85838f000 Thread exited: 0x00007fb85838f000
Event: 1,455 Thread 0x00007fb85841e800 Thread exited: 0x00007fb85841e800
Event: 1,456 Thread 0x00007fb8583f4800 Thread exited: 0x00007fb8583f4800
Event: 1,456 Thread 0x00007fb858009000 Thread exited: 0x00007fb858009000


Dynamic libraries:
00400000-00401000 r-xp 00000000 08:06 1967722                            /usr/lib/jvm/java-7-oracle/bin/java
00600000-00601000 rw-p 00000000 08:06 1967722                            /usr/lib/jvm/java-7-oracle/bin/java
00a51000-00a72000 rw-p 00000000 00:00 0                                  [heap]
bf400000-c08c0000 rw-p 00000000 00:00 0 
c08c0000-c4600000 rw-p 00000000 00:00 0 
c4600000-c6dc0000 rw-p 00000000 00:00 0 
c6dc0000-ec200000 rw-p 00000000 00:00 0 
ec200000-ed5d0000 rw-p 00000000 00:00 0 
ed5d0000-100000000 rw-p 00000000 00:00 0 
7fb7f8000000-7fb7f8021000 rw-p 00000000 00:00 0 
7fb7f8021000-7fb7fc000000 ---p 00000000 00:00 0 
7fb800000000-7fb800021000 rw-p 00000000 00:00 0 
7fb800021000-7fb804000000 ---p 00000000 00:00 0 
7fb804000000-7fb804021000 rw-p 00000000 00:00 0 
7fb804021000-7fb808000000 ---p 00000000 00:00 0 
7fb808000000-7fb808021000 rw-p 00000000 00:00 0 
7fb808021000-7fb80c000000 ---p 00000000 00:00 0 
7fb80c000000-7fb80c47b000 rw-p 00000000 00:00 0 
7fb80c47b000-7fb810000000 ---p 00000000 00:00 0 
7fb810000000-7fb810021000 rw-p 00000000 00:00 0 
7fb810021000-7fb814000000 ---p 00000000 00:00 0 
7fb814000000-7fb814021000 rw-p 00000000 00:00 0 
7fb814021000-7fb818000000 ---p 00000000 00:00 0 
7fb818000000-7fb818021000 rw-p 00000000 00:00 0 
7fb818021000-7fb81c000000 ---p 00000000 00:00 0 
7fb81c000000-7fb81c021000 rw-p 00000000 00:00 0 
7fb81c021000-7fb820000000 ---p 00000000 00:00 0 
7fb820000000-7fb82017d000 rw-p 00000000 00:00 0 
7fb82017d000-7fb824000000 ---p 00000000 00:00 0 
7fb824000000-7fb824054000 rw-p 00000000 00:00 0 
7fb824054000-7fb828000000 ---p 00000000 00:00 0 
7fb828000000-7fb828021000 rw-p 00000000 00:00 0 
7fb828021000-7fb82c000000 ---p 00000000 00:00 0 
7fb82c000000-7fb82c021000 rw-p 00000000 00:00 0 
7fb82c021000-7fb830000000 ---p 00000000 00:00 0 
7fb830000000-7fb830021000 rw-p 00000000 00:00 0 
7fb830021000-7fb834000000 ---p 00000000 00:00 0 
7fb834000000-7fb834021000 rw-p 00000000 00:00 0 
7fb834021000-7fb838000000 ---p 00000000 00:00 0 
7fb838000000-7fb838021000 rw-p 00000000 00:00 0 
7fb838021000-7fb83c000000 ---p 00000000 00:00 0 
7fb840000000-7fb840021000 rw-p 00000000 00:00 0 
7fb840021000-7fb844000000 ---p 00000000 00:00 0 
7fb8443b8000-7fb8443ba000 r-xp 00000000 08:06 9965233                    /usr/lib/x86_64-linux-gnu/libXinerama.so.1.0.0
7fb8443ba000-7fb8445b9000 ---p 00002000 08:06 9965233                    /usr/lib/x86_64-linux-gnu/libXinerama.so.1.0.0
7fb8445b9000-7fb8445ba000 r--p 00001000 08:06 9965233                    /usr/lib/x86_64-linux-gnu/libXinerama.so.1.0.0
7fb8445ba000-7fb8445bb000 rw-p 00002000 08:06 9965233                    /usr/lib/x86_64-linux-gnu/libXinerama.so.1.0.0
7fb8445bb000-7fb8445be000 ---p 00000000 00:00 0 
7fb8445be000-7fb8446bc000 rw-p 00000000 00:00 0 
7fb8446bc000-7fb844749000 r-xp 00000000 08:06 4456537                    /tmp/jogamp_0000/file_cache/jln8403198997483997489/jln4185987980589371691/libjogl_desktop.so
7fb844749000-7fb844949000 ---p 0008d000 08:06 4456537                    /tmp/jogamp_0000/file_cache/jln8403198997483997489/jln4185987980589371691/libjogl_desktop.so
7fb844949000-7fb84494a000 r--p 0008d000 08:06 4456537                    /tmp/jogamp_0000/file_cache/jln8403198997483997489/jln4185987980589371691/libjogl_desktop.so
7fb84494a000-7fb84494b000 rw-p 0008e000 08:06 4456537                    /tmp/jogamp_0000/file_cache/jln8403198997483997489/jln4185987980589371691/libjogl_desktop.so
7fb84494b000-7fb844a0e000 r-xp 00000000 08:06 9961836                    /usr/lib/fglrx/fglrx-libGL.so.1.2
7fb844a0e000-7fb844b0d000 ---p 000c3000 08:06 9961836                    /usr/lib/fglrx/fglrx-libGL.so.1.2
7fb844b0d000-7fb844b34000 rwxp 000c2000 08:06 9961836                    /usr/lib/fglrx/fglrx-libGL.so.1.2
7fb844b34000-7fb844b54000 rwxp 00000000 00:00 0 
7fb844b54000-7fb844b58000 r-xp 00000000 08:06 9969743                    /usr/lib/x86_64-linux-gnu/libXxf86vm.so.1.0.0
7fb844b58000-7fb844d57000 ---p 00004000 08:06 9969743                    /usr/lib/x86_64-linux-gnu/libXxf86vm.so.1.0.0
7fb844d57000-7fb844d58000 r--p 00003000 08:06 9969743                    /usr/lib/x86_64-linux-gnu/libXxf86vm.so.1.0.0
7fb844d58000-7fb844d59000 rw-p 00004000 08:06 9969743                    /usr/lib/x86_64-linux-gnu/libXxf86vm.so.1.0.0
7fb844d59000-7fb844d5f000 r-xp 00000000 08:06 4456555                    /tmp/jogamp_0000/file_cache/jln8403198997483997489/jln4185987980589371691/libnativewindow_x11.so
7fb844d5f000-7fb844f5e000 ---p 00006000 08:06 4456555                    /tmp/jogamp_0000/file_cache/jln8403198997483997489/jln4185987980589371691/libnativewindow_x11.so
7fb844f5e000-7fb844f5f000 r--p 00005000 08:06 4456555                    /tmp/jogamp_0000/file_cache/jln8403198997483997489/jln4185987980589371691/libnativewindow_x11.so
7fb844f5f000-7fb844f60000 rw-p 00006000 08:06 4456555                    /tmp/jogamp_0000/file_cache/jln8403198997483997489/jln4185987980589371691/libnativewindow_x11.so
7fb844f60000-7fb844f63000 ---p 00000000 00:00 0 
7fb844f63000-7fb845061000 rw-p 00000000 00:00 0 
7fb845061000-7fb845064000 ---p 00000000 00:00 0 
7fb845064000-7fb845162000 rw-p 00000000 00:00 0 
7fb845162000-7fb845164000 r-xp 00000000 08:06 4456549                    /tmp/jogamp_0000/file_cache/jln8403198997483997489/jln4185987980589371691/libnativewindow_awt.so
7fb845164000-7fb845363000 ---p 00002000 08:06 4456549                    /tmp/jogamp_0000/file_cache/jln8403198997483997489/jln4185987980589371691/libnativewindow_awt.so
7fb845363000-7fb845364000 r--p 00001000 08:06 4456549                    /tmp/jogamp_0000/file_cache/jln8403198997483997489/jln4185987980589371691/libnativewindow_awt.so
7fb845364000-7fb845365000 rw-p 00002000 08:06 4456549                    /tmp/jogamp_0000/file_cache/jln8403198997483997489/jln4185987980589371691/libnativewindow_awt.so
7fb845365000-7fb845366000 r-xp 00000000 08:06 1967578                    /usr/lib/jvm/java-7-oracle/jre/lib/amd64/libjawt.so
7fb845366000-7fb845565000 ---p 00001000 08:06 1967578                    /usr/lib/jvm/java-7-oracle/jre/lib/amd64/libjawt.so
7fb845565000-7fb845566000 rw-p 00000000 08:06 1967578                    /usr/lib/jvm/java-7-oracle/jre/lib/amd64/libjawt.so
7fb84561e000-7fb845620000 r-xp 00000000 08:06 4456543                    /tmp/jogamp_0000/file_cache/jln8403198997483997489/jln4185987980589371691/libgluegen-rt.so
7fb845620000-7fb84581f000 ---p 00002000 08:06 4456543                    /tmp/jogamp_0000/file_cache/jln8403198997483997489/jln4185987980589371691/libgluegen-rt.so
7fb84581f000-7fb845820000 r--p 00001000 08:06 4456543                    /tmp/jogamp_0000/file_cache/jln8403198997483997489/jln4185987980589371691/libgluegen-rt.so
7fb845820000-7fb845821000 rw-p 00002000 08:06 4456543                    /tmp/jogamp_0000/file_cache/jln8403198997483997489/jln4185987980589371691/libgluegen-rt.so
7fb845821000-7fb845824000 ---p 00000000 00:00 0 
7fb845824000-7fb845922000 rw-p 00000000 00:00 0 
7fb845922000-7fb845932000 r-xp 00000000 08:06 1967585                    /usr/lib/jvm/java-7-oracle/jre/lib/amd64/libnio.so
7fb845932000-7fb845b32000 ---p 00010000 08:06 1967585                    /usr/lib/jvm/java-7-oracle/jre/lib/amd64/libnio.so
7fb845b32000-7fb845b33000 rw-p 00010000 08:06 1967585                    /usr/lib/jvm/java-7-oracle/jre/lib/amd64/libnio.so
7fb845b33000-7fb845b48000 r-xp 00000000 08:06 1967604                    /usr/lib/jvm/java-7-oracle/jre/lib/amd64/libnet.so
7fb845b48000-7fb845d48000 ---p 00015000 08:06 1967604                    /usr/lib/jvm/java-7-oracle/jre/lib/amd64/libnet.so
7fb845d48000-7fb845d49000 rw-p 00015000 08:06 1967604                    /usr/lib/jvm/java-7-oracle/jre/lib/amd64/libnet.so
7fb845d49000-7fb845d4c000 ---p 00000000 00:00 0 
7fb845d4c000-7fb845e4a000 rw-p 00000000 00:00 0 
7fb845e4a000-7fb845e4f000 r-xp 00000000 08:06 9962178                    /usr/lib/x86_64-linux-gnu/libXfixes.so.3.1.0
7fb845e4f000-7fb84604e000 ---p 00005000 08:06 9962178                    /usr/lib/x86_64-linux-gnu/libXfixes.so.3.1.0
7fb84604e000-7fb84604f000 r--p 00004000 08:06 9962178                    /usr/lib/x86_64-linux-gnu/libXfixes.so.3.1.0
7fb84604f000-7fb846050000 rw-p 00005000 08:06 9962178                    /usr/lib/x86_64-linux-gnu/libXfixes.so.3.1.0
7fb846050000-7fb846059000 r-xp 00000000 08:06 9967225                    /usr/lib/x86_64-linux-gnu/libXcursor.so.1.0.2
7fb846059000-7fb846258000 ---p 00009000 08:06 9967225                    /usr/lib/x86_64-linux-gnu/libXcursor.so.1.0.2
7fb846258000-7fb846259000 r--p 00008000 08:06 9967225                    /usr/lib/x86_64-linux-gnu/libXcursor.so.1.0.2
7fb846259000-7fb84625a000 rw-p 00009000 08:06 9967225                    /usr/lib/x86_64-linux-gnu/libXcursor.so.1.0.2
7fb84625a000-7fb84625d000 ---p 00000000 00:00 0 
7fb84625d000-7fb84635b000 rw-p 00000000 00:00 0 
7fb84635b000-7fb846360000 r-xp 00000000 08:06 9962011                    /usr/lib/x86_64-linux-gnu/libXdmcp.so.6.0.0
7fb846360000-7fb84655f000 ---p 00005000 08:06 9962011                    /usr/lib/x86_64-linux-gnu/libXdmcp.so.6.0.0
7fb84655f000-7fb846560000 r--p 00004000 08:06 9962011                    /usr/lib/x86_64-linux-gnu/libXdmcp.so.6.0.0
7fb846560000-7fb846561000 rw-p 00005000 08:06 9962011                    /usr/lib/x86_64-linux-gnu/libXdmcp.so.6.0.0
7fb846561000-7fb846563000 r-xp 00000000 08:06 9963502                    /usr/lib/x86_64-linux-gnu/libXau.so.6.0.0
7fb846563000-7fb846762000 ---p 00002000 08:06 9963502                    /usr/lib/x86_64-linux-gnu/libXau.so.6.0.0
7fb846762000-7fb846763000 r--p 00001000 08:06 9963502                    /usr/lib/x86_64-linux-gnu/libXau.so.6.0.0
7fb846763000-7fb846764000 rw-p 00002000 08:06 9963502                    /usr/lib/x86_64-linux-gnu/libXau.so.6.0.0
7fb846764000-7fb846781000 r-xp 00000000 08:06 9963508                    /usr/lib/x86_64-linux-gnu/libxcb.so.1.1.0
7fb846781000-7fb846980000 ---p 0001d000 08:06 9963508                    /usr/lib/x86_64-linux-gnu/libxcb.so.1.1.0
7fb846980000-7fb846981000 r--p 0001c000 08:06 9963508                    /usr/lib/x86_64-linux-gnu/libxcb.so.1.1.0
7fb846981000-7fb846982000 rw-p 0001d000 08:06 9963508                    /usr/lib/x86_64-linux-gnu/libxcb.so.1.1.0
7fb846982000-7fb846990000 r-xp 00000000 08:06 9961805                    /usr/lib/x86_64-linux-gnu/libXi.so.6.1.0
7fb846990000-7fb846b8f000 ---p 0000e000 08:06 9961805                    /usr/lib/x86_64-linux-gnu/libXi.so.6.1.0
7fb846b8f000-7fb846b90000 r--p 0000d000 08:06 9961805                    /usr/lib/x86_64-linux-gnu/libXi.so.6.1.0
7fb846b90000-7fb846b91000 rw-p 0000e000 08:06 9961805                    /usr/lib/x86_64-linux-gnu/libXi.so.6.1.0
7fb846b91000-7fb846b96000 r-xp 00000000 08:06 9962629                    /usr/lib/x86_64-linux-gnu/libXtst.so.6.1.0
7fb846b96000-7fb846d95000 ---p 00005000 08:06 9962629                    /usr/lib/x86_64-linux-gnu/libXtst.so.6.1.0
7fb846d95000-7fb846d96000 r--p 00004000 08:06 9962629                    /usr/lib/x86_64-linux-gnu/libXtst.so.6.1.0
7fb846d96000-7fb846d97000 rw-p 00005000 08:06 9962629                    /usr/lib/x86_64-linux-gnu/libXtst.so.6.1.0
7fb846d97000-7fb846da0000 r-xp 00000000 08:06 9963780                    /usr/lib/x86_64-linux-gnu/libXrender.so.1.3.0
7fb846da0000-7fb846f9f000 ---p 00009000 08:06 9963780                    /usr/lib/x86_64-linux-gnu/libXrender.so.1.3.0
7fb846f9f000-7fb846fa0000 r--p 00008000 08:06 9963780                    /usr/lib/x86_64-linux-gnu/libXrender.so.1.3.0
7fb846fa0000-7fb846fa1000 rw-p 00009000 08:06 9963780                    /usr/lib/x86_64-linux-gnu/libXrender.so.1.3.0
7fb846fa1000-7fb8470d0000 r-xp 00000000 08:06 9963828                    /usr/lib/x86_64-linux-gnu/libX11.so.6.3.0
7fb8470d0000-7fb8472d0000 ---p 0012f000 08:06 9963828                    /usr/lib/x86_64-linux-gnu/libX11.so.6.3.0
7fb8472d0000-7fb8472d1000 r--p 0012f000 08:06 9963828                    /usr/lib/x86_64-linux-gnu/libX11.so.6.3.0
7fb8472d1000-7fb8472d5000 rw-p 00130000 08:06 9963828                    /usr/lib/x86_64-linux-gnu/libX11.so.6.3.0
7fb8472d5000-7fb8472e5000 r-xp 00000000 08:06 9961497                    /usr/lib/x86_64-linux-gnu/libXext.so.6.4.0
7fb8472e5000-7fb8474e4000 ---p 00010000 08:06 9961497                    /usr/lib/x86_64-linux-gnu/libXext.so.6.4.0
7fb8474e4000-7fb8474e5000 r--p 0000f000 08:06 9961497                    /usr/lib/x86_64-linux-gnu/libXext.so.6.4.0
7fb8474e5000-7fb8474e6000 rw-p 00010000 08:06 9961497                    /usr/lib/x86_64-linux-gnu/libXext.so.6.4.0
7fb8474e6000-7fb847536000 r-xp 00000000 08:06 1967618                    /usr/lib/jvm/java-7-oracle/jre/lib/amd64/xawt/libmawt.so
7fb847536000-7fb847736000 ---p 00050000 08:06 1967618                    /usr/lib/jvm/java-7-oracle/jre/lib/amd64/xawt/libmawt.so
7fb847736000-7fb84773a000 rw-p 00050000 08:06 1967618                    /usr/lib/jvm/java-7-oracle/jre/lib/amd64/xawt/libmawt.so
7fb84773a000-7fb84773b000 rw-p 00000000 00:00 0 
7fb84773b000-7fb8477dd000 r-xp 00000000 08:06 1967615                    /usr/lib/jvm/java-7-oracle/jre/lib/amd64/libawt.so
7fb8477dd000-7fb8479dd000 ---p 000a2000 08:06 1967615                    /usr/lib/jvm/java-7-oracle/jre/lib/amd64/libawt.so
7fb8479dd000-7fb8479e9000 rw-p 000a2000 08:06 1967615                    /usr/lib/jvm/java-7-oracle/jre/lib/amd64/libawt.so
7fb8479e9000-7fb847a0d000 rw-p 00000000 00:00 0 
7fb847a0d000-7fb847a27000 r--s 00477000 08:11 535                        /media/DDE-640/IMAC/Projets_Tut/PlantS/libs/jogl-2.0/jar/jogl-all.jar
7fb847a27000-7fb847a2c000 r--s 0002c000 08:11 534                        /media/DDE-640/IMAC/Projets_Tut/PlantS/libs/jogl-2.0/jar/gluegen-rt.jar
7fb847a2c000-7fb847a38000 r--s 002c7000 08:11 531                        /media/DDE-640/IMAC/Projets_Tut/PlantS/libs/java3d/lib/ext/j3dcore.jar
7fb847a38000-7fb847a3d000 r--s 00044000 08:11 527                        /media/DDE-640/IMAC/Projets_Tut/PlantS/libs/jdom-2.0.3/jdom-2.0.3.jar
7fb847a3d000-7fb847a3e000 ---p 00000000 00:00 0 
7fb847a3e000-7fb847b3e000 rw-p 00000000 00:00 0 
7fb847b3e000-7fb847b41000 ---p 00000000 00:00 0 
7fb847b41000-7fb847c3f000 rw-p 00000000 00:00 0 
7fb847c3f000-7fb847c42000 ---p 00000000 00:00 0 
7fb847c42000-7fb847d40000 rw-p 00000000 00:00 0 
7fb847d40000-7fb848000000 r--p 00000000 08:06 9961657                    /usr/lib/locale/locale-archive
7fb848000000-7fb848021000 rw-p 00000000 00:00 0 
7fb848021000-7fb84c000000 ---p 00000000 00:00 0 
7fb84c072000-7fb84c0a3000 rw-p 00000000 00:00 0 
7fb84c0a3000-7fb84c0a6000 ---p 00000000 00:00 0 
7fb84c0a6000-7fb84c1a4000 rw-p 00000000 00:00 0 
7fb84c1a4000-7fb84c1a7000 ---p 00000000 00:00 0 
7fb84c1a7000-7fb84c2a5000 rw-p 00000000 00:00 0 
7fb84c2a5000-7fb84c2a8000 ---p 00000000 00:00 0 
7fb84c2a8000-7fb84c3a6000 rw-p 00000000 00:00 0 
7fb84c3a6000-7fb84c3a9000 ---p 00000000 00:00 0 
7fb84c3a9000-7fb84c4a7000 rw-p 00000000 00:00 0 
7fb84c4a7000-7fb84c4a8000 ---p 00000000 00:00 0 
7fb84c4a8000-7fb84d5cc000 rw-p 00000000 00:00 0 
7fb84d5cc000-7fb84d788000 r--s 039da000 08:06 1967452                    /usr/lib/jvm/java-7-oracle/jre/lib/rt.jar
7fb84d788000-7fb850000000 rw-p 00000000 00:00 0 
7fb850000000-7fb850021000 rw-p 00000000 00:00 0 
7fb850021000-7fb854000000 ---p 00000000 00:00 0 
7fb85401c000-7fb85401f000 ---p 00000000 00:00 0 
7fb85401f000-7fb854044000 rw-p 00000000 00:00 0 
7fb854044000-7fb854069000 r--p 00000000 08:06 10359730                   /usr/share/locale-langpack/fr/LC_MESSAGES/libc.mo
7fb854069000-7fb85406a000 ---p 00000000 00:00 0 
7fb85406a000-7fb85416a000 rw-p 00000000 00:00 0 
7fb85416a000-7fb85416b000 ---p 00000000 00:00 0 
7fb85416b000-7fb85426b000 rw-p 00000000 00:00 0 
7fb85426b000-7fb85426c000 ---p 00000000 00:00 0 
7fb85426c000-7fb85436c000 rw-p 00000000 00:00 0 
7fb85436c000-7fb85436d000 ---p 00000000 00:00 0 
7fb85436d000-7fb854481000 rw-p 00000000 00:00 0 
7fb854481000-7fb8545ab000 rw-p 00000000 00:00 0 
7fb8545ab000-7fb8545b6000 rw-p 00000000 00:00 0 
7fb8545b6000-7fb8545d4000 rw-p 00000000 00:00 0 
7fb8545d4000-7fb8545e8000 rw-p 00000000 00:00 0 
7fb8545e8000-7fb854712000 rw-p 00000000 00:00 0 
7fb854712000-7fb85471c000 rw-p 00000000 00:00 0 
7fb85471c000-7fb8547b1000 rw-p 00000000 00:00 0 
7fb8547b1000-7fb8547b2000 rw-p 00000000 00:00 0 
7fb8547b2000-7fb854a22000 rwxp 00000000 00:00 0 
7fb854a22000-7fb8577b2000 rw-p 00000000 00:00 0 
7fb8577b2000-7fb8577cc000 r-xp 00000000 08:06 1967605                    /usr/lib/jvm/java-7-oracle/jre/lib/amd64/libzip.so
7fb8577cc000-7fb8579cc000 ---p 0001a000 08:06 1967605                    /usr/lib/jvm/java-7-oracle/jre/lib/amd64/libzip.so
7fb8579cc000-7fb8579cd000 rw-p 0001a000 08:06 1967605                    /usr/lib/jvm/java-7-oracle/jre/lib/amd64/libzip.so
7fb8579cd000-7fb8579d9000 r-xp 00000000 08:06 2233934                    /lib/x86_64-linux-gnu/libnss_files-2.15.so
7fb8579d9000-7fb857bd8000 ---p 0000c000 08:06 2233934                    /lib/x86_64-linux-gnu/libnss_files-2.15.so
7fb857bd8000-7fb857bd9000 r--p 0000b000 08:06 2233934                    /lib/x86_64-linux-gnu/libnss_files-2.15.so
7fb857bd9000-7fb857bda000 rw-p 0000c000 08:06 2233934                    /lib/x86_64-linux-gnu/libnss_files-2.15.so
7fb857bda000-7fb857be4000 r-xp 00000000 08:06 2233929                    /lib/x86_64-linux-gnu/libnss_nis-2.15.so
7fb857be4000-7fb857de4000 ---p 0000a000 08:06 2233929                    /lib/x86_64-linux-gnu/libnss_nis-2.15.so
7fb857de4000-7fb857de5000 r--p 0000a000 08:06 2233929                    /lib/x86_64-linux-gnu/libnss_nis-2.15.so
7fb857de5000-7fb857de6000 rw-p 0000b000 08:06 2233929                    /lib/x86_64-linux-gnu/libnss_nis-2.15.so
7fb857de6000-7fb857dfd000 r-xp 00000000 08:06 2233945                    /lib/x86_64-linux-gnu/libnsl-2.15.so
7fb857dfd000-7fb857ffc000 ---p 00017000 08:06 2233945                    /lib/x86_64-linux-gnu/libnsl-2.15.so
7fb857ffc000-7fb857ffd000 r--p 00016000 08:06 2233945                    /lib/x86_64-linux-gnu/libnsl-2.15.so
7fb857ffd000-7fb857ffe000 rw-p 00017000 08:06 2233945                    /lib/x86_64-linux-gnu/libnsl-2.15.so
7fb857ffe000-7fb858000000 rw-p 00000000 00:00 0 
7fb858000000-7fb858444000 rw-p 00000000 00:00 0 
7fb858444000-7fb85c000000 ---p 00000000 00:00 0 
7fb85c019000-7fb85c04c000 rw-p 00000000 00:00 0 
7fb85c04c000-7fb85c06a000 rw-p 00000000 00:00 0 
7fb85c06a000-7fb85c072000 r-xp 00000000 08:06 2233935                    /lib/x86_64-linux-gnu/libnss_compat-2.15.so
7fb85c072000-7fb85c271000 ---p 00008000 08:06 2233935                    /lib/x86_64-linux-gnu/libnss_compat-2.15.so
7fb85c271000-7fb85c272000 r--p 00007000 08:06 2233935                    /lib/x86_64-linux-gnu/libnss_compat-2.15.so
7fb85c272000-7fb85c273000 rw-p 00008000 08:06 2233935                    /lib/x86_64-linux-gnu/libnss_compat-2.15.so
7fb85c273000-7fb85c29c000 r-xp 00000000 08:06 1967577                    /usr/lib/jvm/java-7-oracle/jre/lib/amd64/libjava.so
7fb85c29c000-7fb85c49c000 ---p 00029000 08:06 1967577                    /usr/lib/jvm/java-7-oracle/jre/lib/amd64/libjava.so
7fb85c49c000-7fb85c49e000 rw-p 00029000 08:06 1967577                    /usr/lib/jvm/java-7-oracle/jre/lib/amd64/libjava.so
7fb85c49e000-7fb85c4ab000 r-xp 00000000 08:06 1967580                    /usr/lib/jvm/java-7-oracle/jre/lib/amd64/libverify.so
7fb85c4ab000-7fb85c6aa000 ---p 0000d000 08:06 1967580                    /usr/lib/jvm/java-7-oracle/jre/lib/amd64/libverify.so
7fb85c6aa000-7fb85c6ac000 rw-p 0000c000 08:06 1967580                    /usr/lib/jvm/java-7-oracle/jre/lib/amd64/libverify.so
7fb85c6ac000-7fb85c6b3000 r-xp 00000000 08:06 2233808                    /lib/x86_64-linux-gnu/librt-2.15.so
7fb85c6b3000-7fb85c8b2000 ---p 00007000 08:06 2233808                    /lib/x86_64-linux-gnu/librt-2.15.so
7fb85c8b2000-7fb85c8b3000 r--p 00006000 08:06 2233808                    /lib/x86_64-linux-gnu/librt-2.15.so
7fb85c8b3000-7fb85c8b4000 rw-p 00007000 08:06 2233808                    /lib/x86_64-linux-gnu/librt-2.15.so
7fb85c8b4000-7fb85c9af000 r-xp 00000000 08:06 2233931                    /lib/x86_64-linux-gnu/libm-2.15.so
7fb85c9af000-7fb85cbae000 ---p 000fb000 08:06 2233931                    /lib/x86_64-linux-gnu/libm-2.15.so
7fb85cbae000-7fb85cbaf000 r--p 000fa000 08:06 2233931                    /lib/x86_64-linux-gnu/libm-2.15.so
7fb85cbaf000-7fb85cbb0000 rw-p 000fb000 08:06 2233931                    /lib/x86_64-linux-gnu/libm-2.15.so
7fb85cbb0000-7fb85d5f7000 r-xp 00000000 08:06 1967573                    /usr/lib/jvm/java-7-oracle/jre/lib/amd64/server/libjvm.so
7fb85d5f7000-7fb85d7f6000 ---p 00a47000 08:06 1967573                    /usr/lib/jvm/java-7-oracle/jre/lib/amd64/server/libjvm.so
7fb85d7f6000-7fb85d89a000 rw-p 00a46000 08:06 1967573                    /usr/lib/jvm/java-7-oracle/jre/lib/amd64/server/libjvm.so
7fb85d89a000-7fb85d8d5000 rw-p 00000000 00:00 0 
7fb85d8d5000-7fb85da8a000 r-xp 00000000 08:06 2233802                    /lib/x86_64-linux-gnu/libc-2.15.so
7fb85da8a000-7fb85dc89000 ---p 001b5000 08:06 2233802                    /lib/x86_64-linux-gnu/libc-2.15.so
7fb85dc89000-7fb85dc8d000 r--p 001b4000 08:06 2233802                    /lib/x86_64-linux-gnu/libc-2.15.so
7fb85dc8d000-7fb85dc8f000 rw-p 001b8000 08:06 2233802                    /lib/x86_64-linux-gnu/libc-2.15.so
7fb85dc8f000-7fb85dc94000 rw-p 00000000 00:00 0 
7fb85dc94000-7fb85dc96000 r-xp 00000000 08:06 2233800                    /lib/x86_64-linux-gnu/libdl-2.15.so
7fb85dc96000-7fb85de96000 ---p 00002000 08:06 2233800                    /lib/x86_64-linux-gnu/libdl-2.15.so
7fb85de96000-7fb85de97000 r--p 00002000 08:06 2233800                    /lib/x86_64-linux-gnu/libdl-2.15.so
7fb85de97000-7fb85de98000 rw-p 00003000 08:06 2233800                    /lib/x86_64-linux-gnu/libdl-2.15.so
7fb85de98000-7fb85deae000 r-xp 00000000 08:06 1967609                    /usr/lib/jvm/java-7-oracle/jre/lib/amd64/jli/libjli.so
7fb85deae000-7fb85e0ad000 ---p 00016000 08:06 1967609                    /usr/lib/jvm/java-7-oracle/jre/lib/amd64/jli/libjli.so
7fb85e0ad000-7fb85e0ae000 rw-p 00015000 08:06 1967609                    /usr/lib/jvm/java-7-oracle/jre/lib/amd64/jli/libjli.so
7fb85e0ae000-7fb85e0c6000 r-xp 00000000 08:06 2233804                    /lib/x86_64-linux-gnu/libpthread-2.15.so
7fb85e0c6000-7fb85e2c5000 ---p 00018000 08:06 2233804                    /lib/x86_64-linux-gnu/libpthread-2.15.so
7fb85e2c5000-7fb85e2c6000 r--p 00017000 08:06 2233804                    /lib/x86_64-linux-gnu/libpthread-2.15.so
7fb85e2c6000-7fb85e2c7000 rw-p 00018000 08:06 2233804                    /lib/x86_64-linux-gnu/libpthread-2.15.so
7fb85e2c7000-7fb85e2cb000 rw-p 00000000 00:00 0 
7fb85e2cb000-7fb85e2ed000 r-xp 00000000 08:06 2233940                    /lib/x86_64-linux-gnu/ld-2.15.so
7fb85e30c000-7fb85e30d000 r--s 00023000 08:11 624                        /media/DDE-640/IMAC/Projets_Tut/PlantS/libs/jogl-2.0/jar/jogl-all-natives-linux-amd64.jar
7fb85e30d000-7fb85e317000 rw-p 00000000 00:00 0 
7fb85e317000-7fb85e3cd000 rw-p 00000000 00:00 0 
7fb85e3cd000-7fb85e3d0000 ---p 00000000 00:00 0 
7fb85e3d0000-7fb85e4d2000 rw-p 00000000 00:00 0 
7fb85e4d2000-7fb85e4d3000 r--s 00000000 08:11 623                        /media/DDE-640/IMAC/Projets_Tut/PlantS/libs/jogl-2.0/jar/gluegen-rt-natives-linux-amd64.jar
7fb85e4d3000-7fb85e4d4000 r--p 00000000 00:00 0 
7fb85e4d4000-7fb85e4d8000 r--s 00089000 08:06 1967701                    /usr/lib/jvm/java-7-oracle/jre/lib/jsse.jar
7fb85e4d8000-7fb85e4da000 r--s 0004e000 08:11 536                        /media/DDE-640/IMAC/Projets_Tut/PlantS/libs/java3d/lib/ext/vecmath.jar
7fb85e4da000-7fb85e4e1000 r--s 00000000 08:06 10362198                   /usr/lib/x86_64-linux-gnu/gconv/gconv-modules.cache
7fb85e4e1000-7fb85e4e9000 rw-s 00000000 08:06 4456475                    /tmp/hsperfdata_guyom/2679 (deleted)
7fb85e4e9000-7fb85e4ea000 rw-p 00000000 00:00 0 
7fb85e4ea000-7fb85e4eb000 ---p 00000000 00:00 0 
7fb85e4eb000-7fb85e4ed000 rw-p 00000000 00:00 0 
7fb85e4ed000-7fb85e4ee000 r--p 00022000 08:06 2233940                    /lib/x86_64-linux-gnu/ld-2.15.so
7fb85e4ee000-7fb85e4f0000 rw-p 00023000 08:06 2233940                    /lib/x86_64-linux-gnu/ld-2.15.so
7fff0fedc000-7fff0fefd000 rw-p 00000000 00:00 0                          [stack]
7fff0ff31000-7fff0ff32000 r-xp 00000000 00:00 0                          [vdso]
ffffffffff600000-ffffffffff601000 r-xp 00000000 00:00 0                  [vsyscall]

VM Arguments:
jvm_args: -Dfile.encoding=UTF-8 
java_command: renderer.JOGLApp
Launcher Type: SUN_STANDARD

Environment Variables:
PATH=/usr/lib/lightdm/lightdm:/usr/local/sbin:/usr/local/bin:/usr/sbin:/usr/bin:/sbin:/bin:/usr/games
SHELL=/bin/bash
DISPLAY=:0.0

Signal Handlers:
SIGSEGV: [libjvm.so+0x8a5c80], sa_mask[0]=0x7ffbfeff, sa_flags=0x10000004
SIGBUS: [libjvm.so+0x8a5c80], sa_mask[0]=0x7ffbfeff, sa_flags=0x10000004
SIGFPE: [libjvm.so+0x741d60], sa_mask[0]=0x7ffbfeff, sa_flags=0x10000004
SIGPIPE: [libjvm.so+0x741d60], sa_mask[0]=0x7ffbfeff, sa_flags=0x10000004
SIGXFSZ: [libjvm.so+0x741d60], sa_mask[0]=0x7ffbfeff, sa_flags=0x10000004
SIGILL: [libjvm.so+0x741d60], sa_mask[0]=0x7ffbfeff, sa_flags=0x10000004
SIGUSR1: SIG_DFL, sa_mask[0]=0x00000000, sa_flags=0x00000000
SIGUSR2: [libjvm.so+0x7416b0], sa_mask[0]=0x00000004, sa_flags=0x10000004
SIGHUP: [libjvm.so+0x743a40], sa_mask[0]=0x7ffbfeff, sa_flags=0x10000004
SIGINT: [libjvm.so+0x743a40], sa_mask[0]=0x7ffbfeff, sa_flags=0x10000004
SIGTERM: [libjvm.so+0x743a40], sa_mask[0]=0x7ffbfeff, sa_flags=0x10000004
SIGQUIT: [libjvm.so+0x743a40], sa_mask[0]=0x7ffbfeff, sa_flags=0x10000004


---------------  S Y S T E M  ---------------

OS:wheezy/sid

uname:Linux 3.2.0-34-generic #53-Ubuntu SMP Thu Nov 15 10:48:16 UTC 2012 x86_64
libc:glibc 2.15 NPTL 2.15 
rlimit: STACK 8192k, CORE 0k, NPROC 30344, NOFILE 4096, AS infinity
load average:0,11 0,17 0,19

/proc/meminfo:
MemTotal:        3901716 kB
MemFree:         2353872 kB
Buffers:          144304 kB
Cached:           507512 kB
SwapCached:            0 kB
Active:           907148 kB
Inactive:         476056 kB
Active(anon):     732148 kB
Inactive(anon):     5344 kB
Active(file):     175000 kB
Inactive(file):   470712 kB
Unevictable:           0 kB
Mlocked:               0 kB
SwapTotal:       4042748 kB
SwapFree:        4042748 kB
Dirty:               908 kB
Writeback:             0 kB
AnonPages:        731420 kB
Mapped:           131228 kB
Shmem:              6108 kB
Slab:              70372 kB
SReclaimable:      44684 kB
SUnreclaim:        25688 kB
KernelStack:        3320 kB
PageTables:        25708 kB
NFS_Unstable:          0 kB
Bounce:                0 kB
WritebackTmp:          0 kB
CommitLimit:     5993604 kB
Committed_AS:    2829424 kB
VmallocTotal:   34359738367 kB
VmallocUsed:       89240 kB
VmallocChunk:   34359645692 kB
HardwareCorrupted:     0 kB
AnonHugePages:         0 kB
HugePages_Total:       0
HugePages_Free:        0
HugePages_Rsvd:        0
HugePages_Surp:        0
Hugepagesize:       2048 kB
DirectMap4k:       65468 kB
DirectMap2M:     3979264 kB


CPU:total 4 (2 cores per cpu, 2 threads per core) family 6 model 37 stepping 5, cmov, cx8, fxsr, mmx, sse, sse2, sse3, ssse3, sse4.1, sse4.2, popcnt, ht, tsc, tscinvbit

/proc/cpuinfo:
processor	: 0
vendor_id	: GenuineIntel
cpu family	: 6
model		: 37
model name	: Intel(R) Core(TM) i5 CPU       M 480  @ 2.67GHz
stepping	: 5
microcode	: 0x2
cpu MHz		: 1199.000
cache size	: 3072 KB
physical id	: 0
siblings	: 4
core id		: 0
cpu cores	: 2
apicid		: 0
initial apicid	: 0
fpu		: yes
fpu_exception	: yes
cpuid level	: 11
wp		: yes
flags		: fpu vme de pse tsc msr pae mce cx8 apic sep mtrr pge mca cmov pat pse36 clflush dts acpi mmx fxsr sse sse2 ss ht tm pbe syscall nx rdtscp lm constant_tsc arch_perfmon pebs bts rep_good nopl xtopology nonstop_tsc aperfmperf pni dtes64 monitor ds_cpl vmx est tm2 ssse3 cx16 xtpr pdcm pcid sse4_1 sse4_2 popcnt lahf_lm ida arat dtherm tpr_shadow vnmi flexpriority ept vpid
bogomips	: 5320.10
clflush size	: 64
cache_alignment	: 64
address sizes	: 36 bits physical, 48 bits virtual
power management:

processor	: 1
vendor_id	: GenuineIntel
cpu family	: 6
model		: 37
model name	: Intel(R) Core(TM) i5 CPU       M 480  @ 2.67GHz
stepping	: 5
microcode	: 0x2
cpu MHz		: 1199.000
cache size	: 3072 KB
physical id	: 0
siblings	: 4
core id		: 2
cpu cores	: 2
apicid		: 4
initial apicid	: 4
fpu		: yes
fpu_exception	: yes
cpuid level	: 11
wp		: yes
flags		: fpu vme de pse tsc msr pae mce cx8 apic sep mtrr pge mca cmov pat pse36 clflush dts acpi mmx fxsr sse sse2 ss ht tm pbe syscall nx rdtscp lm constant_tsc arch_perfmon pebs bts rep_good nopl xtopology nonstop_tsc aperfmperf pni dtes64 monitor ds_cpl vmx est tm2 ssse3 cx16 xtpr pdcm pcid sse4_1 sse4_2 popcnt lahf_lm ida arat dtherm tpr_shadow vnmi flexpriority ept vpid
bogomips	: 5319.88
clflush size	: 64
cache_alignment	: 64
address sizes	: 36 bits physical, 48 bits virtual
power management:

processor	: 2
vendor_id	: GenuineIntel
cpu family	: 6
model		: 37
model name	: Intel(R) Core(TM) i5 CPU       M 480  @ 2.67GHz
stepping	: 5
microcode	: 0x2
cpu MHz		: 1199.000
cache size	: 3072 KB
physical id	: 0
siblings	: 4
core id		: 0
cpu cores	: 2
apicid		: 1
initial apicid	: 1
fpu		: yes
fpu_exception	: yes
cpuid level	: 11
wp		: yes
flags		: fpu vme de pse tsc msr pae mce cx8 apic sep mtrr pge mca cmov pat pse36 clflush dts acpi mmx fxsr sse sse2 ss ht tm pbe syscall nx rdtscp lm constant_tsc arch_perfmon pebs bts rep_good nopl xtopology nonstop_tsc aperfmperf pni dtes64 monitor ds_cpl vmx est tm2 ssse3 cx16 xtpr pdcm pcid sse4_1 sse4_2 popcnt lahf_lm ida arat dtherm tpr_shadow vnmi flexpriority ept vpid
bogomips	: 5319.87
clflush size	: 64
cache_alignment	: 64
address sizes	: 36 bits physical, 48 bits virtual
power management:

processor	: 3
vendor_id	: GenuineIntel
cpu family	: 6
model		: 37
model name	: Intel(R) Core(TM) i5 CPU       M 480  @ 2.67GHz
stepping	: 5
microcode	: 0x2
cpu MHz		: 1199.000
cache size	: 3072 KB
physical id	: 0
siblings	: 4
core id		: 2
cpu cores	: 2
apicid		: 5
initial apicid	: 5
fpu		: yes
fpu_exception	: yes
cpuid level	: 11
wp		: yes
flags		: fpu vme de pse tsc msr pae mce cx8 apic sep mtrr pge mca cmov pat pse36 clflush dts acpi mmx fxsr sse sse2 ss ht tm pbe syscall nx rdtscp lm constant_tsc arch_perfmon pebs bts rep_good nopl xtopology nonstop_tsc aperfmperf pni dtes64 monitor ds_cpl vmx est tm2 ssse3 cx16 xtpr pdcm pcid sse4_1 sse4_2 popcnt lahf_lm ida arat dtherm tpr_shadow vnmi flexpriority ept vpid
bogomips	: 5319.88
clflush size	: 64
cache_alignment	: 64
address sizes	: 36 bits physical, 48 bits virtual
power management:



Memory: 4k page, physical 3901716k(2353872k free), swap 4042748k(4042748k free)

vm_info: Java HotSpot(TM) 64-Bit Server VM (23.5-b02) for linux-amd64 JRE (1.7.0_09-b05), built on Sep 24 2012 20:07:15 by "java_re" with gcc 4.3.0 20080428 (Red Hat 4.3.0-8)

time: Thu Dec  6 14:24:49 2012
elapsed time: 1 seconds

