#
# A fatal error has been detected by the Java Runtime Environment:
#
#  SIGSEGV (0xb) at pc=0x00007ff138f0cc58, pid=2777, tid=140674240956160
#
# JRE version: 7.0_09-b05
# Java VM: Java HotSpot(TM) 64-Bit Server VM (23.5-b02 mixed mode linux-amd64 compressed oops)
# Problematic frame:
# C  [libX11.so.6+0x33c58]  XQueryExtension+0x28
#
# Failed to write core dump. Core dumps have been disabled. To enable core dumping, try "ulimit -c unlimited" before starting Java again
#
# If you would like to submit a bug report, please visit:
#   http://bugreport.sun.com/bugreport/crash.jsp
#

---------------  T H R E A D  ---------------

Current thread is native thread

siginfo:si_signo=SIGSEGV: si_errno=0, si_code=1 (SEGV_MAPERR), si_addr=0xffffffffe8001778

Registers:
RAX=0x0000000000f237e0, RBX=0xffffffffe8000e10, RCX=0x00007fff213fdad8, RDX=0x00007fff213fdad4
RSP=0x00007fff213fda70, RBP=0x00007ff1308068b2, RSI=0x00007ff1308068b2, RDI=0xffffffffe8000e10
R8 =0x00007fff213fdadc, R9 =0x0000000000000010, R10=0x00007ff145a56fa8, R11=0x0000000000000000
R12=0x0000000000000000, R13=0x00007ff1308068b2, R14=0x0000000000f237e0, R15=0x0000000000000000
RIP=0x00007ff138f0cc58, EFLAGS=0x0000000000010202, CSGSFS=0x0000000000000033, ERR=0x0000000000000005
  TRAPNO=0x000000000000000e

Top of Stack: (sp=0x00007fff213fda70)
0x00007fff213fda70:   0000000000000000 0000003000000003
0x00007fff213fda80:   0000006e0000005b 0000007c00000077
0x00007fff213fda90:   00000000ffffffff ffffffffe8000e10
0x00007fff213fdaa0:   00007ff1308068b2 0000000000000000
0x00007fff213fdab0:   00007ff1308068b2 0000000000f237e0
0x00007fff213fdac0:   0000000000000000 00007ff138f00c55
0x00007fff213fdad0:   00007ff1462b4048 00007ff13093f520
0x00007fff213fdae0:   00007ff13093f520 ffffffffe8000e10
0x00007fff213fdaf0:   00007ff0e800d880 00007ff13921a02b
0x00007fff213fdb00:   00007ff1456a9790 0000001100000027
0x00007fff213fdb10:   00007fff213fdb90 0000000000000000
0x00007fff213fdb20:   00007fff213fdb90 ffffffffe8000e10
0x00007fff213fdb30:   0000000000000000 00007ff1462b4048
0x00007fff213fdb40:   00007ff130958d70 00007ff1307af2f9
0x00007fff213fdb50:   0000000000000000 0000000000000027
0x00007fff213fdb60:   00007fff213fdb90 00007fff213fdbb0
0x00007fff213fdb70:   0000000000000000 00007ff1462b4048
0x00007fff213fdb80:   00007ff0e4002d90 00007ff1307a3ae2
0x00007fff213fdb90:   00007fff213fdd60 00007ff130806831
0x00007fff213fdba0:   00007fff213fdd60 00007ff1460a092d
0x00007fff213fdbb0:   00007ff1462b52c8 00007ff1462b5858
0x00007fff213fdbc0:   00007ff1462b1b50 00007ff1400009a0
0x00007fff213fdbd0:   00007ff140007240 00007ff140007d50
0x00007fff213fdbe0:   00007ff1400076f0 00007ff140008250
0x00007fff213fdbf0:   00007ff14000d110 00007ff140254e50
0x00007fff213fdc00:   00007ff1402552f0 00007ff14035b9c0
0x00007fff213fdc10:   00007ff14035add0 00007ff14036fa20
0x00007fff213fdc20:   00007ff140393f30 00007ff14038dbe0
0x00007fff213fdc30:   00007ff140192460 00007ff140193f40
0x00007fff213fdc40:   00007ff140193a40 00007ff140190790
0x00007fff213fdc50:   00007ff1400020f0 00007ff140001a70
0x00007fff213fdc60:   0000000000f224d0 0000000000f229a0 

Instructions: (pc=0x00007ff138f0cc58)
0x00007ff138f0cc38:   24 d8 48 89 fb 4c 89 64 24 e0 4c 89 6c 24 e8 48
0x00007ff138f0cc48:   89 f5 4c 89 74 24 f0 4c 89 7c 24 f8 48 83 ec 58
0x00007ff138f0cc58:   48 8b 87 68 09 00 00 49 89 d4 49 89 cd 4d 89 c6
0x00007ff138f0cc68:   48 85 c0 74 02 ff 10 ba 08 00 00 00 be 62 00 00 

Register to memory mapping:

RAX=0x0000000000f237e0 is an unknown value
RBX=0xffffffffe8000e10 is an unknown value
RCX=0x00007fff213fdad8 is an unknown value
RDX=0x00007fff213fdad4 is an unknown value
RSP=0x00007fff213fda70 is an unknown value
RBP=0x00007ff1308068b2: <offset 0x968b2> in /usr/lib/libGL.so.1 at 0x00007ff130770000
RSI=0x00007ff1308068b2: <offset 0x968b2> in /usr/lib/libGL.so.1 at 0x00007ff130770000
RDI=0xffffffffe8000e10 is an unknown value
R8 =0x00007fff213fdadc is an unknown value
R9 =0x0000000000000010 is an unknown value
R10=0x00007ff145a56fa8: <offset 0x3bbfa8> in /lib/x86_64-linux-gnu/libc.so.6 at 0x00007ff14569b000
R11=0x0000000000000000 is an unknown value
R12=0x0000000000000000 is an unknown value
R13=0x00007ff1308068b2: <offset 0x968b2> in /usr/lib/libGL.so.1 at 0x00007ff130770000
R14=0x0000000000f237e0 is an unknown value
R15=0x0000000000000000 is an unknown value


Stack: [0x00007fff21300000,0x00007fff21400000],  sp=0x00007fff213fda70,  free space=1014k
Native frames: (J=compiled Java code, j=interpreted, Vv=VM code, C=native code)
C  [libX11.so.6+0x33c58]  XQueryExtension+0x28


---------------  P R O C E S S  ---------------

VM state:at safepoint (shutting down)

VM Mutex/Monitor currently owned by a thread:  ([mutex/lock_event])
[0x00007ff140005410] Threads_lock - owner thread: 0x00007ff140092000

Heap
 PSYoungGen      total 17792K, used 12432K [0x00000000ec200000, 0x00000000ed5d0000, 0x0000000100000000)
  eden space 15296K, 81% used [0x00000000ec200000,0x00000000ece24130,0x00000000ed0f0000)
  from space 2496K, 0% used [0x00000000ed360000,0x00000000ed360000,0x00000000ed5d0000)
  to   space 2496K, 0% used [0x00000000ed0f0000,0x00000000ed0f0000,0x00000000ed360000)
 ParOldGen       total 40704K, used 0K [0x00000000c4600000, 0x00000000c6dc0000, 0x00000000ec200000)
  object space 40704K, 0% used [0x00000000c4600000,0x00000000c4600000,0x00000000c6dc0000)
 PSPermGen       total 21248K, used 12205K [0x00000000bf400000, 0x00000000c08c0000, 0x00000000c4600000)
  object space 21248K, 57% used [0x00000000bf400000,0x00000000bffeb5d0,0x00000000c08c0000)

Card table byte_map: [0x00007ff13c3a2000,0x00007ff13c5a9000] byte_map_base: 0x00007ff13bda8000

Polling page: 0x00007ff1462af000

Code Cache  [0x00007ff13c5a9000, 0x00007ff13c819000, 0x00007ff13f5a9000)
 total_blobs=658 nmethods=16 adapters=595 free_code_cache=48495Kb largest_free_block=49657408

Compilation events (10 events):
Event: 0,269 Thread 0x00007ff1400eb000 nmethod 10 0x00007ff13c624e50 code [0x00007ff13c624fa0, 0x00007ff13c625158]
Event: 0,273 Thread 0x00007ff1400eb000   12             java.io.UnixFileSystem::normalize (75 bytes)
Event: 0,278 Thread 0x00007ff1400eb000 nmethod 12 0x00007ff13c6246d0 code [0x00007ff13c624840, 0x00007ff13c624a98]
Event: 0,280 Thread 0x00007ff1400ee000 nmethod 11 0x00007ff13c627690 code [0x00007ff13c6277e0, 0x00007ff13c627c58]
Event: 0,287 Thread 0x00007ff1400eb000   15             sun.net.www.ParseUtil::encodePath (336 bytes)
Event: 0,316 Thread 0x00007ff1400eb000 nmethod 15 0x00007ff13c62d650 code [0x00007ff13c62d8a0, 0x00007ff13c62e8d8]
Event: 0,322 Thread 0x00007ff1400ee000   16             java.lang.String::length (6 bytes)
Event: 0,323 Thread 0x00007ff1400ee000 nmethod 16 0x00007ff13c628cd0 code [0x00007ff13c628e00, 0x00007ff13c628e78]
Event: 0,394 Thread 0x00007ff1400eb000   17             java.lang.Math::min (11 bytes)
Event: 0,394 Thread 0x00007ff1400eb000 nmethod 17 0x00007ff13c6230d0 code [0x00007ff13c623200, 0x00007ff13c623238]

GC Heap History (0 events):
No events

Deoptimization events (0 events):
No events

Internal exceptions (10 events):
Event: 0,419 Thread 0x00007ff140009000 Threw 0x00000000ecc04f18 at /HUDSON/workspace/jdk7u9-2-build-linux-amd64-product/jdk7u9/hotspot/src/share/vm/prims/jvm.cpp:1166
Event: 0,419 Thread 0x00007ff140009000 Threw 0x00000000ecc0ba38 at /HUDSON/workspace/jdk7u9-2-build-linux-amd64-product/jdk7u9/hotspot/src/share/vm/prims/jvm.cpp:1166
Event: 0,420 Thread 0x00007ff140009000 Threw 0x00000000ecc5bd28 at /HUDSON/workspace/jdk7u9-2-build-linux-amd64-product/jdk7u9/hotspot/src/share/vm/prims/jvm.cpp:1166
Event: 0,420 Thread 0x00007ff140009000 Threw 0x00000000ecc5f750 at /HUDSON/workspace/jdk7u9-2-build-linux-amd64-product/jdk7u9/hotspot/src/share/vm/prims/jvm.cpp:1166
Event: 0,421 Thread 0x00007ff140009000 Threw 0x00000000ecc6a298 at /HUDSON/workspace/jdk7u9-2-build-linux-amd64-product/jdk7u9/hotspot/src/share/vm/prims/jvm.cpp:1166
Event: 0,422 Thread 0x00007ff140009000 Threw 0x00000000ecc6e6a0 at /HUDSON/workspace/jdk7u9-2-build-linux-amd64-product/jdk7u9/hotspot/src/share/vm/prims/jvm.cpp:1166
Event: 0,423 Thread 0x00007ff140009000 Threw 0x00000000ecc7b1b8 at /HUDSON/workspace/jdk7u9-2-build-linux-amd64-product/jdk7u9/hotspot/src/share/vm/prims/jvm.cpp:1166
Event: 0,432 Thread 0x00007ff140412000 Threw 0x00000000ecc0d218 at /HUDSON/workspace/jdk7u9-2-build-linux-amd64-product/jdk7u9/hotspot/src/share/vm/prims/jvm.cpp:1166
Event: 0,433 Thread 0x00007ff140412000 Threw 0x00000000ecc11378 at /HUDSON/workspace/jdk7u9-2-build-linux-amd64-product/jdk7u9/hotspot/src/share/vm/prims/jvm.cpp:1166
Event: 1,432 Thread 0x00007ff1403bf000 Threw 0x00000000ecd8b5d0 at /HUDSON/workspace/jdk7u9-2-build-linux-amd64-product/jdk7u9/hotspot/src/share/vm/prims/jvm.cpp:1166

Events (10 events):
Event: 1,432 loading class 0x00007ff1402e4060 done
Event: 1,432 loading class 0x00007ff1403588c0
Event: 1,432 loading class 0x00007ff1403588c0 done
Event: 1,432 loading class 0x00007ff14023dbd0 done
Event: 1,432 Thread 0x00007ff140377000 Thread exited: 0x00007ff140377000
Event: 1,433 Thread 0x00007ff140412000 Thread exited: 0x00007ff140412000
Event: 1,433 Thread 0x00007ff1403c0800 Thread exited: 0x00007ff1403c0800
Event: 1,434 Thread 0x00007ff1403bf000 Thread exited: 0x00007ff1403bf000
Event: 1,434 Thread 0x00007ff1400e8800 Thread exited: 0x00007ff1400e8800
Event: 1,434 Thread 0x00007ff140009000 Thread exited: 0x00007ff140009000


Dynamic libraries:
00400000-00401000 r-xp 00000000 08:06 1967722                            /usr/lib/jvm/java-7-oracle/bin/java
00600000-00601000 rw-p 00000000 08:06 1967722                            /usr/lib/jvm/java-7-oracle/bin/java
00f22000-00f43000 rw-p 00000000 00:00 0                                  [heap]
bf400000-c08c0000 rw-p 00000000 00:00 0 
c08c0000-c4600000 rw-p 00000000 00:00 0 
c4600000-c6dc0000 rw-p 00000000 00:00 0 
c6dc0000-ec200000 rw-p 00000000 00:00 0 
ec200000-ed5d0000 rw-p 00000000 00:00 0 
ed5d0000-100000000 rw-p 00000000 00:00 0 
7ff0e4000000-7ff0e4021000 rw-p 00000000 00:00 0 
7ff0e4021000-7ff0e8000000 ---p 00000000 00:00 0 
7ff0e8000000-7ff0e8021000 rw-p 00000000 00:00 0 
7ff0e8021000-7ff0ec000000 ---p 00000000 00:00 0 
7ff0ec000000-7ff0ec46f000 rw-p 00000000 00:00 0 
7ff0ec46f000-7ff0f0000000 ---p 00000000 00:00 0 
7ff0f0000000-7ff0f0021000 rw-p 00000000 00:00 0 
7ff0f0021000-7ff0f4000000 ---p 00000000 00:00 0 
7ff0f4000000-7ff0f4021000 rw-p 00000000 00:00 0 
7ff0f4021000-7ff0f8000000 ---p 00000000 00:00 0 
7ff0f8000000-7ff0f8021000 rw-p 00000000 00:00 0 
7ff0f8021000-7ff0fc000000 ---p 00000000 00:00 0 
7ff0fc000000-7ff0fc021000 rw-p 00000000 00:00 0 
7ff0fc021000-7ff100000000 ---p 00000000 00:00 0 
7ff100000000-7ff100021000 rw-p 00000000 00:00 0 
7ff100021000-7ff104000000 ---p 00000000 00:00 0 
7ff104000000-7ff10406c000 rw-p 00000000 00:00 0 
7ff10406c000-7ff108000000 ---p 00000000 00:00 0 
7ff108000000-7ff108021000 rw-p 00000000 00:00 0 
7ff108021000-7ff10c000000 ---p 00000000 00:00 0 
7ff10c000000-7ff10c021000 rw-p 00000000 00:00 0 
7ff10c021000-7ff110000000 ---p 00000000 00:00 0 
7ff110000000-7ff110199000 rw-p 00000000 00:00 0 
7ff110199000-7ff114000000 ---p 00000000 00:00 0 
7ff114000000-7ff114021000 rw-p 00000000 00:00 0 
7ff114021000-7ff118000000 ---p 00000000 00:00 0 
7ff118000000-7ff118021000 rw-p 00000000 00:00 0 
7ff118021000-7ff11c000000 ---p 00000000 00:00 0 
7ff11c000000-7ff11c021000 rw-p 00000000 00:00 0 
7ff11c021000-7ff120000000 ---p 00000000 00:00 0 
7ff120000000-7ff120021000 rw-p 00000000 00:00 0 
7ff120021000-7ff124000000 ---p 00000000 00:00 0 
7ff124000000-7ff124021000 rw-p 00000000 00:00 0 
7ff124021000-7ff128000000 ---p 00000000 00:00 0 
7ff12c000000-7ff12c021000 rw-p 00000000 00:00 0 
7ff12c021000-7ff130000000 ---p 00000000 00:00 0 
7ff1301dd000-7ff1301df000 r-xp 00000000 08:06 9965233                    /usr/lib/x86_64-linux-gnu/libXinerama.so.1.0.0
7ff1301df000-7ff1303de000 ---p 00002000 08:06 9965233                    /usr/lib/x86_64-linux-gnu/libXinerama.so.1.0.0
7ff1303de000-7ff1303df000 r--p 00001000 08:06 9965233                    /usr/lib/x86_64-linux-gnu/libXinerama.so.1.0.0
7ff1303df000-7ff1303e0000 rw-p 00002000 08:06 9965233                    /usr/lib/x86_64-linux-gnu/libXinerama.so.1.0.0
7ff1303e0000-7ff1303e3000 ---p 00000000 00:00 0 
7ff1303e3000-7ff1304e1000 rw-p 00000000 00:00 0 
7ff1304e1000-7ff13056e000 r-xp 00000000 08:06 4456543                    /tmp/jogamp_0000/file_cache/jln3937384834356890495/jln390054761191980111/libjogl_desktop.so
7ff13056e000-7ff13076e000 ---p 0008d000 08:06 4456543                    /tmp/jogamp_0000/file_cache/jln3937384834356890495/jln390054761191980111/libjogl_desktop.so
7ff13076e000-7ff13076f000 r--p 0008d000 08:06 4456543                    /tmp/jogamp_0000/file_cache/jln3937384834356890495/jln390054761191980111/libjogl_desktop.so
7ff13076f000-7ff130770000 rw-p 0008e000 08:06 4456543                    /tmp/jogamp_0000/file_cache/jln3937384834356890495/jln390054761191980111/libjogl_desktop.so
7ff130770000-7ff130833000 r-xp 00000000 08:06 9961836                    /usr/lib/fglrx/fglrx-libGL.so.1.2
7ff130833000-7ff130932000 ---p 000c3000 08:06 9961836                    /usr/lib/fglrx/fglrx-libGL.so.1.2
7ff130932000-7ff130959000 rwxp 000c2000 08:06 9961836                    /usr/lib/fglrx/fglrx-libGL.so.1.2
7ff130959000-7ff130979000 rwxp 00000000 00:00 0 
7ff130979000-7ff13097d000 r-xp 00000000 08:06 9969743                    /usr/lib/x86_64-linux-gnu/libXxf86vm.so.1.0.0
7ff13097d000-7ff130b7c000 ---p 00004000 08:06 9969743                    /usr/lib/x86_64-linux-gnu/libXxf86vm.so.1.0.0
7ff130b7c000-7ff130b7d000 r--p 00003000 08:06 9969743                    /usr/lib/x86_64-linux-gnu/libXxf86vm.so.1.0.0
7ff130b7d000-7ff130b7e000 rw-p 00004000 08:06 9969743                    /usr/lib/x86_64-linux-gnu/libXxf86vm.so.1.0.0
7ff130b7e000-7ff130b84000 r-xp 00000000 08:06 4456555                    /tmp/jogamp_0000/file_cache/jln3937384834356890495/jln390054761191980111/libnativewindow_x11.so
7ff130b84000-7ff130d83000 ---p 00006000 08:06 4456555                    /tmp/jogamp_0000/file_cache/jln3937384834356890495/jln390054761191980111/libnativewindow_x11.so
7ff130d83000-7ff130d84000 r--p 00005000 08:06 4456555                    /tmp/jogamp_0000/file_cache/jln3937384834356890495/jln390054761191980111/libnativewindow_x11.so
7ff130d84000-7ff130d85000 rw-p 00006000 08:06 4456555                    /tmp/jogamp_0000/file_cache/jln3937384834356890495/jln390054761191980111/libnativewindow_x11.so
7ff130d85000-7ff130d88000 ---p 00000000 00:00 0 
7ff130d88000-7ff130e86000 rw-p 00000000 00:00 0 
7ff130e86000-7ff130e89000 ---p 00000000 00:00 0 
7ff130e89000-7ff130f87000 rw-p 00000000 00:00 0 
7ff130f87000-7ff130f89000 r-xp 00000000 08:06 4456549                    /tmp/jogamp_0000/file_cache/jln3937384834356890495/jln390054761191980111/libnativewindow_awt.so
7ff130f89000-7ff131188000 ---p 00002000 08:06 4456549                    /tmp/jogamp_0000/file_cache/jln3937384834356890495/jln390054761191980111/libnativewindow_awt.so
7ff131188000-7ff131189000 r--p 00001000 08:06 4456549                    /tmp/jogamp_0000/file_cache/jln3937384834356890495/jln390054761191980111/libnativewindow_awt.so
7ff131189000-7ff13118a000 rw-p 00002000 08:06 4456549                    /tmp/jogamp_0000/file_cache/jln3937384834356890495/jln390054761191980111/libnativewindow_awt.so
7ff1311ac000-7ff1311ad000 r-xp 00000000 08:06 1967578                    /usr/lib/jvm/java-7-oracle/jre/lib/amd64/libjawt.so
7ff1311ad000-7ff1313ac000 ---p 00001000 08:06 1967578                    /usr/lib/jvm/java-7-oracle/jre/lib/amd64/libjawt.so
7ff1313ac000-7ff1313ad000 rw-p 00000000 08:06 1967578                    /usr/lib/jvm/java-7-oracle/jre/lib/amd64/libjawt.so
7ff131465000-7ff131467000 r-xp 00000000 08:06 4456537                    /tmp/jogamp_0000/file_cache/jln3937384834356890495/jln390054761191980111/libgluegen-rt.so
7ff131467000-7ff131666000 ---p 00002000 08:06 4456537                    /tmp/jogamp_0000/file_cache/jln3937384834356890495/jln390054761191980111/libgluegen-rt.so
7ff131666000-7ff131667000 r--p 00001000 08:06 4456537                    /tmp/jogamp_0000/file_cache/jln3937384834356890495/jln390054761191980111/libgluegen-rt.so
7ff131667000-7ff131668000 rw-p 00002000 08:06 4456537                    /tmp/jogamp_0000/file_cache/jln3937384834356890495/jln390054761191980111/libgluegen-rt.so
7ff131668000-7ff13166b000 ---p 00000000 00:00 0 
7ff13166b000-7ff131769000 rw-p 00000000 00:00 0 
7ff131769000-7ff131779000 r-xp 00000000 08:06 1967585                    /usr/lib/jvm/java-7-oracle/jre/lib/amd64/libnio.so
7ff131779000-7ff131979000 ---p 00010000 08:06 1967585                    /usr/lib/jvm/java-7-oracle/jre/lib/amd64/libnio.so
7ff131979000-7ff13197a000 rw-p 00010000 08:06 1967585                    /usr/lib/jvm/java-7-oracle/jre/lib/amd64/libnio.so
7ff13197a000-7ff13198f000 r-xp 00000000 08:06 1967604                    /usr/lib/jvm/java-7-oracle/jre/lib/amd64/libnet.so
7ff13198f000-7ff131b8f000 ---p 00015000 08:06 1967604                    /usr/lib/jvm/java-7-oracle/jre/lib/amd64/libnet.so
7ff131b8f000-7ff131b90000 rw-p 00015000 08:06 1967604                    /usr/lib/jvm/java-7-oracle/jre/lib/amd64/libnet.so
7ff131b90000-7ff131b95000 r-xp 00000000 08:06 9962178                    /usr/lib/x86_64-linux-gnu/libXfixes.so.3.1.0
7ff131b95000-7ff131d94000 ---p 00005000 08:06 9962178                    /usr/lib/x86_64-linux-gnu/libXfixes.so.3.1.0
7ff131d94000-7ff131d95000 r--p 00004000 08:06 9962178                    /usr/lib/x86_64-linux-gnu/libXfixes.so.3.1.0
7ff131d95000-7ff131d96000 rw-p 00005000 08:06 9962178                    /usr/lib/x86_64-linux-gnu/libXfixes.so.3.1.0
7ff131d96000-7ff131d9f000 r-xp 00000000 08:06 9967225                    /usr/lib/x86_64-linux-gnu/libXcursor.so.1.0.2
7ff131d9f000-7ff131f9e000 ---p 00009000 08:06 9967225                    /usr/lib/x86_64-linux-gnu/libXcursor.so.1.0.2
7ff131f9e000-7ff131f9f000 r--p 00008000 08:06 9967225                    /usr/lib/x86_64-linux-gnu/libXcursor.so.1.0.2
7ff131f9f000-7ff131fa0000 rw-p 00009000 08:06 9967225                    /usr/lib/x86_64-linux-gnu/libXcursor.so.1.0.2
7ff131fa0000-7ff134000000 rw-p 00000000 00:00 0 
7ff134000000-7ff134021000 rw-p 00000000 00:00 0 
7ff134021000-7ff138000000 ---p 00000000 00:00 0 
7ff138013000-7ff138044000 rw-p 00000000 00:00 0 
7ff138044000-7ff138047000 ---p 00000000 00:00 0 
7ff138047000-7ff13806c000 rw-p 00000000 00:00 0 
7ff13806c000-7ff13806f000 ---p 00000000 00:00 0 
7ff13806f000-7ff13816d000 rw-p 00000000 00:00 0 
7ff13816d000-7ff138170000 ---p 00000000 00:00 0 
7ff138170000-7ff13826e000 rw-p 00000000 00:00 0 
7ff13826e000-7ff138293000 r--p 00000000 08:06 10359730                   /usr/share/locale-langpack/fr/LC_MESSAGES/libc.mo
7ff138293000-7ff138298000 r-xp 00000000 08:06 9962011                    /usr/lib/x86_64-linux-gnu/libXdmcp.so.6.0.0
7ff138298000-7ff138497000 ---p 00005000 08:06 9962011                    /usr/lib/x86_64-linux-gnu/libXdmcp.so.6.0.0
7ff138497000-7ff138498000 r--p 00004000 08:06 9962011                    /usr/lib/x86_64-linux-gnu/libXdmcp.so.6.0.0
7ff138498000-7ff138499000 rw-p 00005000 08:06 9962011                    /usr/lib/x86_64-linux-gnu/libXdmcp.so.6.0.0
7ff138499000-7ff13849b000 r-xp 00000000 08:06 9963502                    /usr/lib/x86_64-linux-gnu/libXau.so.6.0.0
7ff13849b000-7ff13869a000 ---p 00002000 08:06 9963502                    /usr/lib/x86_64-linux-gnu/libXau.so.6.0.0
7ff13869a000-7ff13869b000 r--p 00001000 08:06 9963502                    /usr/lib/x86_64-linux-gnu/libXau.so.6.0.0
7ff13869b000-7ff13869c000 rw-p 00002000 08:06 9963502                    /usr/lib/x86_64-linux-gnu/libXau.so.6.0.0
7ff13869c000-7ff1386b9000 r-xp 00000000 08:06 9963508                    /usr/lib/x86_64-linux-gnu/libxcb.so.1.1.0
7ff1386b9000-7ff1388b8000 ---p 0001d000 08:06 9963508                    /usr/lib/x86_64-linux-gnu/libxcb.so.1.1.0
7ff1388b8000-7ff1388b9000 r--p 0001c000 08:06 9963508                    /usr/lib/x86_64-linux-gnu/libxcb.so.1.1.0
7ff1388b9000-7ff1388ba000 rw-p 0001d000 08:06 9963508                    /usr/lib/x86_64-linux-gnu/libxcb.so.1.1.0
7ff1388ba000-7ff1388c8000 r-xp 00000000 08:06 9961805                    /usr/lib/x86_64-linux-gnu/libXi.so.6.1.0
7ff1388c8000-7ff138ac7000 ---p 0000e000 08:06 9961805                    /usr/lib/x86_64-linux-gnu/libXi.so.6.1.0
7ff138ac7000-7ff138ac8000 r--p 0000d000 08:06 9961805                    /usr/lib/x86_64-linux-gnu/libXi.so.6.1.0
7ff138ac8000-7ff138ac9000 rw-p 0000e000 08:06 9961805                    /usr/lib/x86_64-linux-gnu/libXi.so.6.1.0
7ff138ac9000-7ff138ace000 r-xp 00000000 08:06 9962629                    /usr/lib/x86_64-linux-gnu/libXtst.so.6.1.0
7ff138ace000-7ff138ccd000 ---p 00005000 08:06 9962629                    /usr/lib/x86_64-linux-gnu/libXtst.so.6.1.0
7ff138ccd000-7ff138cce000 r--p 00004000 08:06 9962629                    /usr/lib/x86_64-linux-gnu/libXtst.so.6.1.0
7ff138cce000-7ff138ccf000 rw-p 00005000 08:06 9962629                    /usr/lib/x86_64-linux-gnu/libXtst.so.6.1.0
7ff138ccf000-7ff138cd8000 r-xp 00000000 08:06 9963780                    /usr/lib/x86_64-linux-gnu/libXrender.so.1.3.0
7ff138cd8000-7ff138ed7000 ---p 00009000 08:06 9963780                    /usr/lib/x86_64-linux-gnu/libXrender.so.1.3.0
7ff138ed7000-7ff138ed8000 r--p 00008000 08:06 9963780                    /usr/lib/x86_64-linux-gnu/libXrender.so.1.3.0
7ff138ed8000-7ff138ed9000 rw-p 00009000 08:06 9963780                    /usr/lib/x86_64-linux-gnu/libXrender.so.1.3.0
7ff138ed9000-7ff139008000 r-xp 00000000 08:06 9963828                    /usr/lib/x86_64-linux-gnu/libX11.so.6.3.0
7ff139008000-7ff139208000 ---p 0012f000 08:06 9963828                    /usr/lib/x86_64-linux-gnu/libX11.so.6.3.0
7ff139208000-7ff139209000 r--p 0012f000 08:06 9963828                    /usr/lib/x86_64-linux-gnu/libX11.so.6.3.0
7ff139209000-7ff13920d000 rw-p 00130000 08:06 9963828                    /usr/lib/x86_64-linux-gnu/libX11.so.6.3.0
7ff13920d000-7ff13921d000 r-xp 00000000 08:06 9961497                    /usr/lib/x86_64-linux-gnu/libXext.so.6.4.0
7ff13921d000-7ff13941c000 ---p 00010000 08:06 9961497                    /usr/lib/x86_64-linux-gnu/libXext.so.6.4.0
7ff13941c000-7ff13941d000 r--p 0000f000 08:06 9961497                    /usr/lib/x86_64-linux-gnu/libXext.so.6.4.0
7ff13941d000-7ff13941e000 rw-p 00010000 08:06 9961497                    /usr/lib/x86_64-linux-gnu/libXext.so.6.4.0
7ff139437000-7ff139487000 r-xp 00000000 08:06 1967618                    /usr/lib/jvm/java-7-oracle/jre/lib/amd64/xawt/libmawt.so
7ff139487000-7ff139687000 ---p 00050000 08:06 1967618                    /usr/lib/jvm/java-7-oracle/jre/lib/amd64/xawt/libmawt.so
7ff139687000-7ff13968b000 rw-p 00050000 08:06 1967618                    /usr/lib/jvm/java-7-oracle/jre/lib/amd64/xawt/libmawt.so
7ff13968b000-7ff13968c000 rw-p 00000000 00:00 0 
7ff13968c000-7ff13972e000 r-xp 00000000 08:06 1967615                    /usr/lib/jvm/java-7-oracle/jre/lib/amd64/libawt.so
7ff13972e000-7ff13992e000 ---p 000a2000 08:06 1967615                    /usr/lib/jvm/java-7-oracle/jre/lib/amd64/libawt.so
7ff13992e000-7ff13993a000 rw-p 000a2000 08:06 1967615                    /usr/lib/jvm/java-7-oracle/jre/lib/amd64/libawt.so
7ff13993a000-7ff13995e000 rw-p 00000000 00:00 0 
7ff13995e000-7ff139978000 r--s 00477000 08:11 535                        /media/DDE-640/IMAC/Projets_Tut/PlantS/libs/jogl-2.0/jar/jogl-all.jar
7ff139978000-7ff139979000 ---p 00000000 00:00 0 
7ff139979000-7ff139a79000 rw-p 00000000 00:00 0 
7ff139a79000-7ff139a7c000 ---p 00000000 00:00 0 
7ff139a7c000-7ff139b7a000 rw-p 00000000 00:00 0 
7ff139b7a000-7ff139b7d000 ---p 00000000 00:00 0 
7ff139b7d000-7ff139c7b000 rw-p 00000000 00:00 0 
7ff139c7b000-7ff139c7e000 ---p 00000000 00:00 0 
7ff139c7e000-7ff139d7c000 rw-p 00000000 00:00 0 
7ff139d7c000-7ff139d7f000 ---p 00000000 00:00 0 
7ff139d7f000-7ff139e7d000 rw-p 00000000 00:00 0 
7ff139e7d000-7ff13a13d000 r--p 00000000 08:06 9961657                    /usr/lib/locale/locale-archive
7ff13a13d000-7ff13a140000 ---p 00000000 00:00 0 
7ff13a140000-7ff13a23e000 rw-p 00000000 00:00 0 
7ff13a23e000-7ff13a241000 ---p 00000000 00:00 0 
7ff13a241000-7ff13a33f000 rw-p 00000000 00:00 0 
7ff13a33f000-7ff13a340000 ---p 00000000 00:00 0 
7ff13a340000-7ff13b464000 rw-p 00000000 00:00 0 
7ff13b464000-7ff13b620000 r--s 039da000 08:06 1967452                    /usr/lib/jvm/java-7-oracle/jre/lib/rt.jar
7ff13b620000-7ff13be60000 rw-p 00000000 00:00 0 
7ff13be60000-7ff13be61000 ---p 00000000 00:00 0 
7ff13be61000-7ff13bf61000 rw-p 00000000 00:00 0 
7ff13bf61000-7ff13bf62000 ---p 00000000 00:00 0 
7ff13bf62000-7ff13c062000 rw-p 00000000 00:00 0 
7ff13c062000-7ff13c063000 ---p 00000000 00:00 0 
7ff13c063000-7ff13c163000 rw-p 00000000 00:00 0 
7ff13c163000-7ff13c164000 ---p 00000000 00:00 0 
7ff13c164000-7ff13c278000 rw-p 00000000 00:00 0 
7ff13c278000-7ff13c3a2000 rw-p 00000000 00:00 0 
7ff13c3a2000-7ff13c3ad000 rw-p 00000000 00:00 0 
7ff13c3ad000-7ff13c3cb000 rw-p 00000000 00:00 0 
7ff13c3cb000-7ff13c3df000 rw-p 00000000 00:00 0 
7ff13c3df000-7ff13c509000 rw-p 00000000 00:00 0 
7ff13c509000-7ff13c513000 rw-p 00000000 00:00 0 
7ff13c513000-7ff13c5a8000 rw-p 00000000 00:00 0 
7ff13c5a8000-7ff13c5a9000 rw-p 00000000 00:00 0 
7ff13c5a9000-7ff13c819000 rwxp 00000000 00:00 0 
7ff13c819000-7ff13f5a9000 rw-p 00000000 00:00 0 
7ff13f5a9000-7ff13f5c3000 r-xp 00000000 08:06 1967605                    /usr/lib/jvm/java-7-oracle/jre/lib/amd64/libzip.so
7ff13f5c3000-7ff13f7c3000 ---p 0001a000 08:06 1967605                    /usr/lib/jvm/java-7-oracle/jre/lib/amd64/libzip.so
7ff13f7c3000-7ff13f7c4000 rw-p 0001a000 08:06 1967605                    /usr/lib/jvm/java-7-oracle/jre/lib/amd64/libzip.so
7ff13f7c4000-7ff13f7d0000 r-xp 00000000 08:06 2233934                    /lib/x86_64-linux-gnu/libnss_files-2.15.so
7ff13f7d0000-7ff13f9cf000 ---p 0000c000 08:06 2233934                    /lib/x86_64-linux-gnu/libnss_files-2.15.so
7ff13f9cf000-7ff13f9d0000 r--p 0000b000 08:06 2233934                    /lib/x86_64-linux-gnu/libnss_files-2.15.so
7ff13f9d0000-7ff13f9d1000 rw-p 0000c000 08:06 2233934                    /lib/x86_64-linux-gnu/libnss_files-2.15.so
7ff13f9d1000-7ff13f9db000 r-xp 00000000 08:06 2233929                    /lib/x86_64-linux-gnu/libnss_nis-2.15.so
7ff13f9db000-7ff13fbdb000 ---p 0000a000 08:06 2233929                    /lib/x86_64-linux-gnu/libnss_nis-2.15.so
7ff13fbdb000-7ff13fbdc000 r--p 0000a000 08:06 2233929                    /lib/x86_64-linux-gnu/libnss_nis-2.15.so
7ff13fbdc000-7ff13fbdd000 rw-p 0000b000 08:06 2233929                    /lib/x86_64-linux-gnu/libnss_nis-2.15.so
7ff13fbdd000-7ff13fbf4000 r-xp 00000000 08:06 2233945                    /lib/x86_64-linux-gnu/libnsl-2.15.so
7ff13fbf4000-7ff13fdf3000 ---p 00017000 08:06 2233945                    /lib/x86_64-linux-gnu/libnsl-2.15.so
7ff13fdf3000-7ff13fdf4000 r--p 00016000 08:06 2233945                    /lib/x86_64-linux-gnu/libnsl-2.15.so
7ff13fdf4000-7ff13fdf5000 rw-p 00017000 08:06 2233945                    /lib/x86_64-linux-gnu/libnsl-2.15.so
7ff13fdf5000-7ff13fdf7000 rw-p 00000000 00:00 0 
7ff13fdf7000-7ff13fdff000 r-xp 00000000 08:06 2233935                    /lib/x86_64-linux-gnu/libnss_compat-2.15.so
7ff13fdff000-7ff13fffe000 ---p 00008000 08:06 2233935                    /lib/x86_64-linux-gnu/libnss_compat-2.15.so
7ff13fffe000-7ff13ffff000 r--p 00007000 08:06 2233935                    /lib/x86_64-linux-gnu/libnss_compat-2.15.so
7ff13ffff000-7ff140000000 rw-p 00008000 08:06 2233935                    /lib/x86_64-linux-gnu/libnss_compat-2.15.so
7ff140000000-7ff140438000 rw-p 00000000 00:00 0 
7ff140438000-7ff144000000 ---p 00000000 00:00 0 
7ff144010000-7ff14401b000 rw-p 00000000 00:00 0 
7ff14401b000-7ff144039000 rw-p 00000000 00:00 0 
7ff144039000-7ff144062000 r-xp 00000000 08:06 1967577                    /usr/lib/jvm/java-7-oracle/jre/lib/amd64/libjava.so
7ff144062000-7ff144262000 ---p 00029000 08:06 1967577                    /usr/lib/jvm/java-7-oracle/jre/lib/amd64/libjava.so
7ff144262000-7ff144264000 rw-p 00029000 08:06 1967577                    /usr/lib/jvm/java-7-oracle/jre/lib/amd64/libjava.so
7ff144264000-7ff144271000 r-xp 00000000 08:06 1967580                    /usr/lib/jvm/java-7-oracle/jre/lib/amd64/libverify.so
7ff144271000-7ff144470000 ---p 0000d000 08:06 1967580                    /usr/lib/jvm/java-7-oracle/jre/lib/amd64/libverify.so
7ff144470000-7ff144472000 rw-p 0000c000 08:06 1967580                    /usr/lib/jvm/java-7-oracle/jre/lib/amd64/libverify.so
7ff144472000-7ff144479000 r-xp 00000000 08:06 2233808                    /lib/x86_64-linux-gnu/librt-2.15.so
7ff144479000-7ff144678000 ---p 00007000 08:06 2233808                    /lib/x86_64-linux-gnu/librt-2.15.so
7ff144678000-7ff144679000 r--p 00006000 08:06 2233808                    /lib/x86_64-linux-gnu/librt-2.15.so
7ff144679000-7ff14467a000 rw-p 00007000 08:06 2233808                    /lib/x86_64-linux-gnu/librt-2.15.so
7ff14467a000-7ff144775000 r-xp 00000000 08:06 2233931                    /lib/x86_64-linux-gnu/libm-2.15.so
7ff144775000-7ff144974000 ---p 000fb000 08:06 2233931                    /lib/x86_64-linux-gnu/libm-2.15.so
7ff144974000-7ff144975000 r--p 000fa000 08:06 2233931                    /lib/x86_64-linux-gnu/libm-2.15.so
7ff144975000-7ff144976000 rw-p 000fb000 08:06 2233931                    /lib/x86_64-linux-gnu/libm-2.15.so
7ff144976000-7ff1453bd000 r-xp 00000000 08:06 1967573                    /usr/lib/jvm/java-7-oracle/jre/lib/amd64/server/libjvm.so
7ff1453bd000-7ff1455bc000 ---p 00a47000 08:06 1967573                    /usr/lib/jvm/java-7-oracle/jre/lib/amd64/server/libjvm.so
7ff1455bc000-7ff145660000 rw-p 00a46000 08:06 1967573                    /usr/lib/jvm/java-7-oracle/jre/lib/amd64/server/libjvm.so
7ff145660000-7ff14569b000 rw-p 00000000 00:00 0 
7ff14569b000-7ff145850000 r-xp 00000000 08:06 2233802                    /lib/x86_64-linux-gnu/libc-2.15.so
7ff145850000-7ff145a4f000 ---p 001b5000 08:06 2233802                    /lib/x86_64-linux-gnu/libc-2.15.so
7ff145a4f000-7ff145a53000 r--p 001b4000 08:06 2233802                    /lib/x86_64-linux-gnu/libc-2.15.so
7ff145a53000-7ff145a55000 rw-p 001b8000 08:06 2233802                    /lib/x86_64-linux-gnu/libc-2.15.so
7ff145a55000-7ff145a5a000 rw-p 00000000 00:00 0 
7ff145a5a000-7ff145a5c000 r-xp 00000000 08:06 2233800                    /lib/x86_64-linux-gnu/libdl-2.15.so
7ff145a5c000-7ff145c5c000 ---p 00002000 08:06 2233800                    /lib/x86_64-linux-gnu/libdl-2.15.so
7ff145c5c000-7ff145c5d000 r--p 00002000 08:06 2233800                    /lib/x86_64-linux-gnu/libdl-2.15.so
7ff145c5d000-7ff145c5e000 rw-p 00003000 08:06 2233800                    /lib/x86_64-linux-gnu/libdl-2.15.so
7ff145c5e000-7ff145c74000 r-xp 00000000 08:06 1967609                    /usr/lib/jvm/java-7-oracle/jre/lib/amd64/jli/libjli.so
7ff145c74000-7ff145e73000 ---p 00016000 08:06 1967609                    /usr/lib/jvm/java-7-oracle/jre/lib/amd64/jli/libjli.so
7ff145e73000-7ff145e74000 rw-p 00015000 08:06 1967609                    /usr/lib/jvm/java-7-oracle/jre/lib/amd64/jli/libjli.so
7ff145e74000-7ff145e8c000 r-xp 00000000 08:06 2233804                    /lib/x86_64-linux-gnu/libpthread-2.15.so
7ff145e8c000-7ff14608b000 ---p 00018000 08:06 2233804                    /lib/x86_64-linux-gnu/libpthread-2.15.so
7ff14608b000-7ff14608c000 r--p 00017000 08:06 2233804                    /lib/x86_64-linux-gnu/libpthread-2.15.so
7ff14608c000-7ff14608d000 rw-p 00018000 08:06 2233804                    /lib/x86_64-linux-gnu/libpthread-2.15.so
7ff14608d000-7ff146091000 rw-p 00000000 00:00 0 
7ff146091000-7ff1460b3000 r-xp 00000000 08:06 2233940                    /lib/x86_64-linux-gnu/ld-2.15.so
7ff1460bb000-7ff1460bf000 r--s 00089000 08:06 1967701                    /usr/lib/jvm/java-7-oracle/jre/lib/jsse.jar
7ff1460bf000-7ff1460c6000 r--s 00000000 08:06 10362198                   /usr/lib/x86_64-linux-gnu/gconv/gconv-modules.cache
7ff1460c6000-7ff1460d2000 r--s 002c7000 08:11 531                        /media/DDE-640/IMAC/Projets_Tut/PlantS/libs/java3d/lib/ext/j3dcore.jar
7ff1460d2000-7ff1460dc000 rw-p 00000000 00:00 0 
7ff1460dc000-7ff146192000 rw-p 00000000 00:00 0 
7ff146192000-7ff146195000 ---p 00000000 00:00 0 
7ff146195000-7ff146297000 rw-p 00000000 00:00 0 
7ff146297000-7ff146298000 r--s 00023000 08:11 624                        /media/DDE-640/IMAC/Projets_Tut/PlantS/libs/jogl-2.0/jar/jogl-all-natives-linux-amd64.jar
7ff146298000-7ff146299000 r--s 00000000 08:11 623                        /media/DDE-640/IMAC/Projets_Tut/PlantS/libs/jogl-2.0/jar/gluegen-rt-natives-linux-amd64.jar
7ff146299000-7ff14629a000 r--p 00000000 00:00 0 
7ff14629a000-7ff14629c000 r--s 0004e000 08:11 536                        /media/DDE-640/IMAC/Projets_Tut/PlantS/libs/java3d/lib/ext/vecmath.jar
7ff14629c000-7ff1462a1000 r--s 0002c000 08:11 534                        /media/DDE-640/IMAC/Projets_Tut/PlantS/libs/jogl-2.0/jar/gluegen-rt.jar
7ff1462a1000-7ff1462a6000 r--s 00044000 08:11 527                        /media/DDE-640/IMAC/Projets_Tut/PlantS/libs/jdom-2.0.3/jdom-2.0.3.jar
7ff1462a6000-7ff1462ae000 rw-s 00000000 08:06 4456475                    /tmp/hsperfdata_guyom/2777 (deleted)
7ff1462ae000-7ff1462af000 rw-p 00000000 00:00 0 
7ff1462af000-7ff1462b0000 ---p 00000000 00:00 0 
7ff1462b0000-7ff1462b2000 rw-p 00000000 00:00 0 
7ff1462b2000-7ff1462b3000 r-xp 00000000 00:00 0                          [vdso]
7ff1462b3000-7ff1462b4000 r--p 00022000 08:06 2233940                    /lib/x86_64-linux-gnu/ld-2.15.so
7ff1462b4000-7ff1462b6000 rw-p 00023000 08:06 2233940                    /lib/x86_64-linux-gnu/ld-2.15.so
7fff213df000-7fff21400000 rw-p 00000000 00:00 0                          [stack]
ffffffffff600000-ffffffffff601000 r-xp 00000000 00:00 0                  [vsyscall]

VM Arguments:
jvm_args: -Dfile.encoding=UTF-8 
java_command: renderer.JOGLApp
Launcher Type: SUN_STANDARD

Environment Variables:
PATH=/usr/lib/lightdm/lightdm:/usr/local/sbin:/usr/local/bin:/usr/sbin:/usr/bin:/sbin:/bin:/usr/games
SHELL=/bin/bash
DISPLAY=:0.0

Signal Handlers:
SIGSEGV: [libjvm.so+0x8a5c80], sa_mask[0]=0x7ffbfeff, sa_flags=0x10000004
SIGBUS: [libjvm.so+0x8a5c80], sa_mask[0]=0x7ffbfeff, sa_flags=0x10000004
SIGFPE: [libjvm.so+0x741d60], sa_mask[0]=0x7ffbfeff, sa_flags=0x10000004
SIGPIPE: [libjvm.so+0x741d60], sa_mask[0]=0x7ffbfeff, sa_flags=0x10000004
SIGXFSZ: [libjvm.so+0x741d60], sa_mask[0]=0x7ffbfeff, sa_flags=0x10000004
SIGILL: [libjvm.so+0x741d60], sa_mask[0]=0x7ffbfeff, sa_flags=0x10000004
SIGUSR1: SIG_DFL, sa_mask[0]=0x00000000, sa_flags=0x00000000
SIGUSR2: [libjvm.so+0x7416b0], sa_mask[0]=0x00000004, sa_flags=0x10000004
SIGHUP: [libjvm.so+0x743a40], sa_mask[0]=0x7ffbfeff, sa_flags=0x10000004
SIGINT: [libjvm.so+0x743a40], sa_mask[0]=0x7ffbfeff, sa_flags=0x10000004
SIGTERM: [libjvm.so+0x743a40], sa_mask[0]=0x7ffbfeff, sa_flags=0x10000004
SIGQUIT: [libjvm.so+0x743a40], sa_mask[0]=0x7ffbfeff, sa_flags=0x10000004


---------------  S Y S T E M  ---------------

OS:wheezy/sid

uname:Linux 3.2.0-34-generic #53-Ubuntu SMP Thu Nov 15 10:48:16 UTC 2012 x86_64
libc:glibc 2.15 NPTL 2.15 
rlimit: STACK 8192k, CORE 0k, NPROC 30344, NOFILE 4096, AS infinity
load average:0,04 0,13 0,17

/proc/meminfo:
MemTotal:        3901716 kB
MemFree:         2350264 kB
Buffers:          144628 kB
Cached:           508572 kB
SwapCached:            0 kB
Active:           912932 kB
Inactive:         474080 kB
Active(anon):     734572 kB
Inactive(anon):     5392 kB
Active(file):     178360 kB
Inactive(file):   468688 kB
Unevictable:           0 kB
Mlocked:               0 kB
SwapTotal:       4042748 kB
SwapFree:        4042748 kB
Dirty:                96 kB
Writeback:             0 kB
AnonPages:        733760 kB
Mapped:           131640 kB
Shmem:              6156 kB
Slab:              70424 kB
SReclaimable:      44676 kB
SUnreclaim:        25748 kB
KernelStack:        3384 kB
PageTables:        25768 kB
NFS_Unstable:          0 kB
Bounce:                0 kB
WritebackTmp:          0 kB
CommitLimit:     5993604 kB
Committed_AS:    2833224 kB
VmallocTotal:   34359738367 kB
VmallocUsed:       89240 kB
VmallocChunk:   34359645692 kB
HardwareCorrupted:     0 kB
AnonHugePages:         0 kB
HugePages_Total:       0
HugePages_Free:        0
HugePages_Rsvd:        0
HugePages_Surp:        0
Hugepagesize:       2048 kB
DirectMap4k:       65468 kB
DirectMap2M:     3979264 kB


CPU:total 4 (2 cores per cpu, 2 threads per core) family 6 model 37 stepping 5, cmov, cx8, fxsr, mmx, sse, sse2, sse3, ssse3, sse4.1, sse4.2, popcnt, ht, tsc, tscinvbit

/proc/cpuinfo:
processor	: 0
vendor_id	: GenuineIntel
cpu family	: 6
model		: 37
model name	: Intel(R) Core(TM) i5 CPU       M 480  @ 2.67GHz
stepping	: 5
microcode	: 0x2
cpu MHz		: 1199.000
cache size	: 3072 KB
physical id	: 0
siblings	: 4
core id		: 0
cpu cores	: 2
apicid		: 0
initial apicid	: 0
fpu		: yes
fpu_exception	: yes
cpuid level	: 11
wp		: yes
flags		: fpu vme de pse tsc msr pae mce cx8 apic sep mtrr pge mca cmov pat pse36 clflush dts acpi mmx fxsr sse sse2 ss ht tm pbe syscall nx rdtscp lm constant_tsc arch_perfmon pebs bts rep_good nopl xtopology nonstop_tsc aperfmperf pni dtes64 monitor ds_cpl vmx est tm2 ssse3 cx16 xtpr pdcm pcid sse4_1 sse4_2 popcnt lahf_lm ida arat dtherm tpr_shadow vnmi flexpriority ept vpid
bogomips	: 5320.10
clflush size	: 64
cache_alignment	: 64
address sizes	: 36 bits physical, 48 bits virtual
power management:

processor	: 1
vendor_id	: GenuineIntel
cpu family	: 6
model		: 37
model name	: Intel(R) Core(TM) i5 CPU       M 480  @ 2.67GHz
stepping	: 5
microcode	: 0x2
cpu MHz		: 1199.000
cache size	: 3072 KB
physical id	: 0
siblings	: 4
core id		: 2
cpu cores	: 2
apicid		: 4
initial apicid	: 4
fpu		: yes
fpu_exception	: yes
cpuid level	: 11
wp		: yes
flags		: fpu vme de pse tsc msr pae mce cx8 apic sep mtrr pge mca cmov pat pse36 clflush dts acpi mmx fxsr sse sse2 ss ht tm pbe syscall nx rdtscp lm constant_tsc arch_perfmon pebs bts rep_good nopl xtopology nonstop_tsc aperfmperf pni dtes64 monitor ds_cpl vmx est tm2 ssse3 cx16 xtpr pdcm pcid sse4_1 sse4_2 popcnt lahf_lm ida arat dtherm tpr_shadow vnmi flexpriority ept vpid
bogomips	: 5319.88
clflush size	: 64
cache_alignment	: 64
address sizes	: 36 bits physical, 48 bits virtual
power management:

processor	: 2
vendor_id	: GenuineIntel
cpu family	: 6
model		: 37
model name	: Intel(R) Core(TM) i5 CPU       M 480  @ 2.67GHz
stepping	: 5
microcode	: 0x2
cpu MHz		: 2667.000
cache size	: 3072 KB
physical id	: 0
siblings	: 4
core id		: 0
cpu cores	: 2
apicid		: 1
initial apicid	: 1
fpu		: yes
fpu_exception	: yes
cpuid level	: 11
wp		: yes
flags		: fpu vme de pse tsc msr pae mce cx8 apic sep mtrr pge mca cmov pat pse36 clflush dts acpi mmx fxsr sse sse2 ss ht tm pbe syscall nx rdtscp lm constant_tsc arch_perfmon pebs bts rep_good nopl xtopology nonstop_tsc aperfmperf pni dtes64 monitor ds_cpl vmx est tm2 ssse3 cx16 xtpr pdcm pcid sse4_1 sse4_2 popcnt lahf_lm ida arat dtherm tpr_shadow vnmi flexpriority ept vpid
bogomips	: 5319.87
clflush size	: 64
cache_alignment	: 64
address sizes	: 36 bits physical, 48 bits virtual
power management:

processor	: 3
vendor_id	: GenuineIntel
cpu family	: 6
model		: 37
model name	: Intel(R) Core(TM) i5 CPU       M 480  @ 2.67GHz
stepping	: 5
microcode	: 0x2
cpu MHz		: 1199.000
cache size	: 3072 KB
physical id	: 0
siblings	: 4
core id		: 2
cpu cores	: 2
apicid		: 5
initial apicid	: 5
fpu		: yes
fpu_exception	: yes
cpuid level	: 11
wp		: yes
flags		: fpu vme de pse tsc msr pae mce cx8 apic sep mtrr pge mca cmov pat pse36 clflush dts acpi mmx fxsr sse sse2 ss ht tm pbe syscall nx rdtscp lm constant_tsc arch_perfmon pebs bts rep_good nopl xtopology nonstop_tsc aperfmperf pni dtes64 monitor ds_cpl vmx est tm2 ssse3 cx16 xtpr pdcm pcid sse4_1 sse4_2 popcnt lahf_lm ida arat dtherm tpr_shadow vnmi flexpriority ept vpid
bogomips	: 5319.88
clflush size	: 64
cache_alignment	: 64
address sizes	: 36 bits physical, 48 bits virtual
power management:



Memory: 4k page, physical 3901716k(2350264k free), swap 4042748k(4042748k free)

vm_info: Java HotSpot(TM) 64-Bit Server VM (23.5-b02) for linux-amd64 JRE (1.7.0_09-b05), built on Sep 24 2012 20:07:15 by "java_re" with gcc 4.3.0 20080428 (Red Hat 4.3.0-8)

time: Thu Dec  6 14:27:10 2012
elapsed time: 1 seconds

