#
# A fatal error has been detected by the Java Runtime Environment:
#
#  SIGSEGV (0xb) at pc=0x00007f7b4cebfc58, pid=2639, tid=140167804561152
#
# JRE version: 7.0_09-b05
# Java VM: Java HotSpot(TM) 64-Bit Server VM (23.5-b02 mixed mode linux-amd64 compressed oops)
# Problematic frame:
# C  [libX11.so.6+0x33c58]  XQueryExtension+0x28
#
# Failed to write core dump. Core dumps have been disabled. To enable core dumping, try "ulimit -c unlimited" before starting Java again
#
# If you would like to submit a bug report, please visit:
#   http://bugreport.sun.com/bugreport/crash.jsp
#

---------------  T H R E A D  ---------------

Current thread is native thread

siginfo:si_signo=SIGSEGV: si_errno=0, si_code=1 (SEGV_MAPERR), si_addr=0xfffffffff8006b68

Registers:
RAX=0x0000000000fcf7e0, RBX=0xfffffffff8006200, RCX=0x00007fff905b8a58, RDX=0x00007fff905b8a54
RSP=0x00007fff905b89f0, RBP=0x00007f7b468888b2, RSI=0x00007f7b468888b2, RDI=0xfffffffff8006200
R8 =0x00007fff905b8a5c, R9 =0x0000000000000010, R10=0x00007f7b5baf3fa8, R11=0x0000000000000000
R12=0x0000000000000000, R13=0x00007f7b468888b2, R14=0x0000000000fcf7e0, R15=0x0000000000000000
RIP=0x00007f7b4cebfc58, EFLAGS=0x0000000000010206, CSGSFS=0x0000000000000033, ERR=0x0000000000000005
  TRAPNO=0x000000000000000e

Top of Stack: (sp=0x00007fff905b89f0)
0x00007fff905b89f0:   0000000000000000 0000003000000003
0x00007fff905b8a00:   0000006e0000005b 0000007c00000077
0x00007fff905b8a10:   00000000ffffffff fffffffff8006200
0x00007fff905b8a20:   00007f7b468888b2 0000000000000000
0x00007fff905b8a30:   00007f7b468888b2 0000000000fcf7e0
0x00007fff905b8a40:   0000000000000000 00007f7b4ceb3c55
0x00007fff905b8a50:   00007f7b5c351048 00007f7b469c1520
0x00007fff905b8a60:   00007f7b469c1520 fffffffff8006200
0x00007fff905b8a70:   00007f7af8012c90 00007f7b4d1cd02b
0x00007fff905b8a80:   00007f7b5b746790 0000001100000027
0x00007fff905b8a90:   00007fff905b8b10 0000000000000000
0x00007fff905b8aa0:   00007fff905b8b10 fffffffff8006200
0x00007fff905b8ab0:   0000000000000000 00007f7b5c351048
0x00007fff905b8ac0:   00007f7b469dad70 00007f7b468312f9
0x00007fff905b8ad0:   0000000000000000 0000000000000027
0x00007fff905b8ae0:   00007fff905b8b10 00007fff905b8b30
0x00007fff905b8af0:   0000000000000000 00007f7b5c351048
0x00007fff905b8b00:   00007f7b04002d90 00007f7b46825ae2
0x00007fff905b8b10:   00007fff905b8ce0 00007f7b46888831
0x00007fff905b8b20:   00007fff905b8ce0 00007f7b5c13d92d
0x00007fff905b8b30:   00007f7b5c3522c8 00007f7b5c352858
0x00007fff905b8b40:   00007f7b5c34fb50 00007f7b540009a0
0x00007fff905b8b50:   00007f7b54007240 00007f7b54007d50
0x00007fff905b8b60:   00007f7b540076f0 00007f7b54008250
0x00007fff905b8b70:   00007f7b5400d110 00007f7b5423ce70
0x00007fff905b8b80:   00007f7b5423d310 00007f7b543437e0
0x00007fff905b8b90:   00007f7b54342bf0 00007f7b54357050
0x00007fff905b8ba0:   00007f7b54387770 00007f7b5436f060
0x00007fff905b8bb0:   00007f7b54192460 00007f7b54193f40
0x00007fff905b8bc0:   00007f7b54193a40 00007f7b54190790
0x00007fff905b8bd0:   00007f7b540020f0 00007f7b54001a70
0x00007fff905b8be0:   0000000000fce4d0 0000000000fce9a0 

Instructions: (pc=0x00007f7b4cebfc58)
0x00007f7b4cebfc38:   24 d8 48 89 fb 4c 89 64 24 e0 4c 89 6c 24 e8 48
0x00007f7b4cebfc48:   89 f5 4c 89 74 24 f0 4c 89 7c 24 f8 48 83 ec 58
0x00007f7b4cebfc58:   48 8b 87 68 09 00 00 49 89 d4 49 89 cd 4d 89 c6
0x00007f7b4cebfc68:   48 85 c0 74 02 ff 10 ba 08 00 00 00 be 62 00 00 

Register to memory mapping:

RAX=0x0000000000fcf7e0 is an unknown value
RBX=0xfffffffff8006200 is an unknown value
RCX=0x00007fff905b8a58 is an unknown value
RDX=0x00007fff905b8a54 is an unknown value
RSP=0x00007fff905b89f0 is an unknown value
RBP=0x00007f7b468888b2: <offset 0x968b2> in /usr/lib/libGL.so.1 at 0x00007f7b467f2000
RSI=0x00007f7b468888b2: <offset 0x968b2> in /usr/lib/libGL.so.1 at 0x00007f7b467f2000
RDI=0xfffffffff8006200 is an unknown value
R8 =0x00007fff905b8a5c is an unknown value
R9 =0x0000000000000010 is an unknown value
R10=0x00007f7b5baf3fa8: <offset 0x3bbfa8> in /lib/x86_64-linux-gnu/libc.so.6 at 0x00007f7b5b738000
R11=0x0000000000000000 is an unknown value
R12=0x0000000000000000 is an unknown value
R13=0x00007f7b468888b2: <offset 0x968b2> in /usr/lib/libGL.so.1 at 0x00007f7b467f2000
R14=0x0000000000fcf7e0 is an unknown value
R15=0x0000000000000000 is an unknown value


Stack: [0x00007fff904bb000,0x00007fff905bb000],  sp=0x00007fff905b89f0,  free space=1014k
Native frames: (J=compiled Java code, j=interpreted, Vv=VM code, C=native code)
C  [libX11.so.6+0x33c58]  XQueryExtension+0x28


---------------  P R O C E S S  ---------------

VM state:at safepoint (shutting down)

VM Mutex/Monitor currently owned by a thread:  ([mutex/lock_event])
[0x00007f7b54005410] Threads_lock - owner thread: 0x00007f7b54092000

Heap
 PSYoungGen      total 17792K, used 12432K [0x00000000ec200000, 0x00000000ed5d0000, 0x0000000100000000)
  eden space 15296K, 81% used [0x00000000ec200000,0x00000000ece24058,0x00000000ed0f0000)
  from space 2496K, 0% used [0x00000000ed360000,0x00000000ed360000,0x00000000ed5d0000)
  to   space 2496K, 0% used [0x00000000ed0f0000,0x00000000ed0f0000,0x00000000ed360000)
 ParOldGen       total 40704K, used 0K [0x00000000c4600000, 0x00000000c6dc0000, 0x00000000ec200000)
  object space 40704K, 0% used [0x00000000c4600000,0x00000000c4600000,0x00000000c6dc0000)
 PSPermGen       total 21248K, used 12205K [0x00000000bf400000, 0x00000000c08c0000, 0x00000000c4600000)
  object space 21248K, 57% used [0x00000000bf400000,0x00000000bffeb5d0,0x00000000c08c0000)

Card table byte_map: [0x00007f7b59478000,0x00007f7b5967f000] byte_map_base: 0x00007f7b58e7e000

Polling page: 0x00007f7b5c34d000

Code Cache  [0x00007f7b51000000, 0x00007f7b51270000, 0x00007f7b54000000)
 total_blobs=658 nmethods=16 adapters=595 free_code_cache=48495Kb largest_free_block=49658176

Compilation events (10 events):
Event: 0,867 Thread 0x00007f7b540eb000 nmethod 10 0x00007f7b5107b450 code [0x00007f7b5107b5a0, 0x00007f7b5107b758]
Event: 0,879 Thread 0x00007f7b540ee000 nmethod 11 0x00007f7b5107f490 code [0x00007f7b5107f5e0, 0x00007f7b5107fa58]
Event: 0,894 Thread 0x00007f7b540eb000   12             java.io.UnixFileSystem::normalize (75 bytes)
Event: 0,898 Thread 0x00007f7b540eb000 nmethod 12 0x00007f7b5107ef10 code [0x00007f7b5107f080, 0x00007f7b5107f2d8]
Event: 0,959 Thread 0x00007f7b540ee000   14             sun.net.www.ParseUtil::encodePath (336 bytes)
Event: 0,975 Thread 0x00007f7b540ee000 nmethod 14 0x00007f7b51083f50 code [0x00007f7b510841a0, 0x00007f7b510851d8]
Event: 1,092 Thread 0x00007f7b540eb000   15             java.lang.String::length (6 bytes)
Event: 1,093 Thread 0x00007f7b540eb000 nmethod 15 0x00007f7b5107c450 code [0x00007f7b5107c580, 0x00007f7b5107c5f8]
Event: 1,117 Thread 0x00007f7b540ee000   16             java.lang.Math::min (11 bytes)
Event: 1,118 Thread 0x00007f7b540ee000 nmethod 16 0x00007f7b51077c10 code [0x00007f7b51077d40, 0x00007f7b51077d78]

GC Heap History (0 events):
No events

Deoptimization events (0 events):
No events

Internal exceptions (10 events):
Event: 1,149 Thread 0x00007f7b54009000 Threw 0x00000000ecc04e40 at /HUDSON/workspace/jdk7u9-2-build-linux-amd64-product/jdk7u9/hotspot/src/share/vm/prims/jvm.cpp:1166
Event: 1,150 Thread 0x00007f7b54009000 Threw 0x00000000ecc0b960 at /HUDSON/workspace/jdk7u9-2-build-linux-amd64-product/jdk7u9/hotspot/src/share/vm/prims/jvm.cpp:1166
Event: 1,150 Thread 0x00007f7b54009000 Threw 0x00000000ecc5bc50 at /HUDSON/workspace/jdk7u9-2-build-linux-amd64-product/jdk7u9/hotspot/src/share/vm/prims/jvm.cpp:1166
Event: 1,151 Thread 0x00007f7b54009000 Threw 0x00000000ecc5f678 at /HUDSON/workspace/jdk7u9-2-build-linux-amd64-product/jdk7u9/hotspot/src/share/vm/prims/jvm.cpp:1166
Event: 1,152 Thread 0x00007f7b54009000 Threw 0x00000000ecc6a1c0 at /HUDSON/workspace/jdk7u9-2-build-linux-amd64-product/jdk7u9/hotspot/src/share/vm/prims/jvm.cpp:1166
Event: 1,152 Thread 0x00007f7b54009000 Threw 0x00000000ecc6e5c8 at /HUDSON/workspace/jdk7u9-2-build-linux-amd64-product/jdk7u9/hotspot/src/share/vm/prims/jvm.cpp:1166
Event: 1,154 Thread 0x00007f7b54009000 Threw 0x00000000ecc7b0e0 at /HUDSON/workspace/jdk7u9-2-build-linux-amd64-product/jdk7u9/hotspot/src/share/vm/prims/jvm.cpp:1166
Event: 1,163 Thread 0x00007f7b543ca000 Threw 0x00000000ecc0d140 at /HUDSON/workspace/jdk7u9-2-build-linux-amd64-product/jdk7u9/hotspot/src/share/vm/prims/jvm.cpp:1166
Event: 1,165 Thread 0x00007f7b543ca000 Threw 0x00000000ecc112a0 at /HUDSON/workspace/jdk7u9-2-build-linux-amd64-product/jdk7u9/hotspot/src/share/vm/prims/jvm.cpp:1166
Event: 2,243 Thread 0x00007f7b5439e800 Threw 0x00000000ecd8b4f8 at /HUDSON/workspace/jdk7u9-2-build-linux-amd64-product/jdk7u9/hotspot/src/share/vm/prims/jvm.cpp:1166

Events (10 events):
Event: 2,163 loading class 0x00007f7b542cc060
Event: 2,163 loading class 0x00007f7b543406e0
Event: 2,164 loading class 0x00007f7b54225bf0 done
Event: 2,166 Thread 0x00007f7b5435f800 Thread exited: 0x00007f7b5435f800
Event: 2,242 loading class 0x00007f7b543406e0 done
Event: 2,242 loading class 0x00007f7b542cc060 done
Event: 2,243 Thread 0x00007f7b543a0000 Thread exited: 0x00007f7b543a0000
Event: 2,244 Thread 0x00007f7b543ca000 Thread exited: 0x00007f7b543ca000
Event: 2,244 Thread 0x00007f7b5439e800 Thread exited: 0x00007f7b5439e800
Event: 2,244 Thread 0x00007f7b54009000 Thread exited: 0x00007f7b54009000


Dynamic libraries:
00400000-00401000 r-xp 00000000 08:06 1967722                            /usr/lib/jvm/java-7-oracle/bin/java
00600000-00601000 rw-p 00000000 08:06 1967722                            /usr/lib/jvm/java-7-oracle/bin/java
00fce000-00fef000 rw-p 00000000 00:00 0                                  [heap]
bf400000-c08c0000 rw-p 00000000 00:00 0 
c08c0000-c4600000 rw-p 00000000 00:00 0 
c4600000-c6dc0000 rw-p 00000000 00:00 0 
c6dc0000-ec200000 rw-p 00000000 00:00 0 
ec200000-ed5d0000 rw-p 00000000 00:00 0 
ed5d0000-100000000 rw-p 00000000 00:00 0 
7f7af8000000-7f7af8021000 rw-p 00000000 00:00 0 
7f7af8021000-7f7afc000000 ---p 00000000 00:00 0 
7f7b00000000-7f7b00021000 rw-p 00000000 00:00 0 
7f7b00021000-7f7b04000000 ---p 00000000 00:00 0 
7f7b04000000-7f7b04021000 rw-p 00000000 00:00 0 
7f7b04021000-7f7b08000000 ---p 00000000 00:00 0 
7f7b08000000-7f7b08021000 rw-p 00000000 00:00 0 
7f7b08021000-7f7b0c000000 ---p 00000000 00:00 0 
7f7b0c000000-7f7b0c344000 rw-p 00000000 00:00 0 
7f7b0c344000-7f7b10000000 ---p 00000000 00:00 0 
7f7b10000000-7f7b10021000 rw-p 00000000 00:00 0 
7f7b10021000-7f7b14000000 ---p 00000000 00:00 0 
7f7b14000000-7f7b14021000 rw-p 00000000 00:00 0 
7f7b14021000-7f7b18000000 ---p 00000000 00:00 0 
7f7b18000000-7f7b18021000 rw-p 00000000 00:00 0 
7f7b18021000-7f7b1c000000 ---p 00000000 00:00 0 
7f7b1c000000-7f7b1c021000 rw-p 00000000 00:00 0 
7f7b1c021000-7f7b20000000 ---p 00000000 00:00 0 
7f7b20000000-7f7b200db000 rw-p 00000000 00:00 0 
7f7b200db000-7f7b24000000 ---p 00000000 00:00 0 
7f7b24000000-7f7b2412f000 rw-p 00000000 00:00 0 
7f7b2412f000-7f7b28000000 ---p 00000000 00:00 0 
7f7b28000000-7f7b28021000 rw-p 00000000 00:00 0 
7f7b28021000-7f7b2c000000 ---p 00000000 00:00 0 
7f7b2c000000-7f7b2c021000 rw-p 00000000 00:00 0 
7f7b2c021000-7f7b30000000 ---p 00000000 00:00 0 
7f7b30000000-7f7b30021000 rw-p 00000000 00:00 0 
7f7b30021000-7f7b34000000 ---p 00000000 00:00 0 
7f7b34000000-7f7b34021000 rw-p 00000000 00:00 0 
7f7b34021000-7f7b38000000 ---p 00000000 00:00 0 
7f7b38000000-7f7b38021000 rw-p 00000000 00:00 0 
7f7b38021000-7f7b3c000000 ---p 00000000 00:00 0 
7f7b3c000000-7f7b3c021000 rw-p 00000000 00:00 0 
7f7b3c021000-7f7b40000000 ---p 00000000 00:00 0 
7f7b40000000-7f7b40021000 rw-p 00000000 00:00 0 
7f7b40021000-7f7b44000000 ---p 00000000 00:00 0 
7f7b4625f000-7f7b46261000 r-xp 00000000 08:06 9965233                    /usr/lib/x86_64-linux-gnu/libXinerama.so.1.0.0
7f7b46261000-7f7b46460000 ---p 00002000 08:06 9965233                    /usr/lib/x86_64-linux-gnu/libXinerama.so.1.0.0
7f7b46460000-7f7b46461000 r--p 00001000 08:06 9965233                    /usr/lib/x86_64-linux-gnu/libXinerama.so.1.0.0
7f7b46461000-7f7b46462000 rw-p 00002000 08:06 9965233                    /usr/lib/x86_64-linux-gnu/libXinerama.so.1.0.0
7f7b46462000-7f7b46465000 ---p 00000000 00:00 0 
7f7b46465000-7f7b46563000 rw-p 00000000 00:00 0 
7f7b46563000-7f7b465f0000 r-xp 00000000 08:06 4456559                    /tmp/jogamp_0000/file_cache/jln3753621307879358407/jln3057475581739028565/libjogl_desktop.so
7f7b465f0000-7f7b467f0000 ---p 0008d000 08:06 4456559                    /tmp/jogamp_0000/file_cache/jln3753621307879358407/jln3057475581739028565/libjogl_desktop.so
7f7b467f0000-7f7b467f1000 r--p 0008d000 08:06 4456559                    /tmp/jogamp_0000/file_cache/jln3753621307879358407/jln3057475581739028565/libjogl_desktop.so
7f7b467f1000-7f7b467f2000 rw-p 0008e000 08:06 4456559                    /tmp/jogamp_0000/file_cache/jln3753621307879358407/jln3057475581739028565/libjogl_desktop.so
7f7b467f2000-7f7b468b5000 r-xp 00000000 08:06 9961836                    /usr/lib/fglrx/fglrx-libGL.so.1.2
7f7b468b5000-7f7b469b4000 ---p 000c3000 08:06 9961836                    /usr/lib/fglrx/fglrx-libGL.so.1.2
7f7b469b4000-7f7b469db000 rwxp 000c2000 08:06 9961836                    /usr/lib/fglrx/fglrx-libGL.so.1.2
7f7b469db000-7f7b469fb000 rwxp 00000000 00:00 0 
7f7b469fb000-7f7b469ff000 r-xp 00000000 08:06 9969743                    /usr/lib/x86_64-linux-gnu/libXxf86vm.so.1.0.0
7f7b469ff000-7f7b46bfe000 ---p 00004000 08:06 9969743                    /usr/lib/x86_64-linux-gnu/libXxf86vm.so.1.0.0
7f7b46bfe000-7f7b46bff000 r--p 00003000 08:06 9969743                    /usr/lib/x86_64-linux-gnu/libXxf86vm.so.1.0.0
7f7b46bff000-7f7b46c00000 rw-p 00004000 08:06 9969743                    /usr/lib/x86_64-linux-gnu/libXxf86vm.so.1.0.0
7f7b46c00000-7f7b46c06000 r-xp 00000000 08:06 4456562                    /tmp/jogamp_0000/file_cache/jln3753621307879358407/jln3057475581739028565/libnativewindow_x11.so
7f7b46c06000-7f7b46e05000 ---p 00006000 08:06 4456562                    /tmp/jogamp_0000/file_cache/jln3753621307879358407/jln3057475581739028565/libnativewindow_x11.so
7f7b46e05000-7f7b46e06000 r--p 00005000 08:06 4456562                    /tmp/jogamp_0000/file_cache/jln3753621307879358407/jln3057475581739028565/libnativewindow_x11.so
7f7b46e06000-7f7b46e07000 rw-p 00006000 08:06 4456562                    /tmp/jogamp_0000/file_cache/jln3753621307879358407/jln3057475581739028565/libnativewindow_x11.so
7f7b46e07000-7f7b46e0a000 ---p 00000000 00:00 0 
7f7b46e0a000-7f7b46f08000 rw-p 00000000 00:00 0 
7f7b46f08000-7f7b46f0b000 ---p 00000000 00:00 0 
7f7b46f0b000-7f7b47009000 rw-p 00000000 00:00 0 
7f7b47009000-7f7b4700b000 r-xp 00000000 08:06 4456561                    /tmp/jogamp_0000/file_cache/jln3753621307879358407/jln3057475581739028565/libnativewindow_awt.so
7f7b4700b000-7f7b4720a000 ---p 00002000 08:06 4456561                    /tmp/jogamp_0000/file_cache/jln3753621307879358407/jln3057475581739028565/libnativewindow_awt.so
7f7b4720a000-7f7b4720b000 r--p 00001000 08:06 4456561                    /tmp/jogamp_0000/file_cache/jln3753621307879358407/jln3057475581739028565/libnativewindow_awt.so
7f7b4720b000-7f7b4720c000 rw-p 00002000 08:06 4456561                    /tmp/jogamp_0000/file_cache/jln3753621307879358407/jln3057475581739028565/libnativewindow_awt.so
7f7b4720c000-7f7b4720d000 r-xp 00000000 08:06 1967578                    /usr/lib/jvm/java-7-oracle/jre/lib/amd64/libjawt.so
7f7b4720d000-7f7b4740c000 ---p 00001000 08:06 1967578                    /usr/lib/jvm/java-7-oracle/jre/lib/amd64/libjawt.so
7f7b4740c000-7f7b4740d000 rw-p 00000000 08:06 1967578                    /usr/lib/jvm/java-7-oracle/jre/lib/amd64/libjawt.so
7f7b474c5000-7f7b474c7000 r-xp 00000000 08:06 4456558                    /tmp/jogamp_0000/file_cache/jln3753621307879358407/jln3057475581739028565/libgluegen-rt.so
7f7b474c7000-7f7b476c6000 ---p 00002000 08:06 4456558                    /tmp/jogamp_0000/file_cache/jln3753621307879358407/jln3057475581739028565/libgluegen-rt.so
7f7b476c6000-7f7b476c7000 r--p 00001000 08:06 4456558                    /tmp/jogamp_0000/file_cache/jln3753621307879358407/jln3057475581739028565/libgluegen-rt.so
7f7b476c7000-7f7b476c8000 rw-p 00002000 08:06 4456558                    /tmp/jogamp_0000/file_cache/jln3753621307879358407/jln3057475581739028565/libgluegen-rt.so
7f7b476c8000-7f7b476cb000 ---p 00000000 00:00 0 
7f7b476cb000-7f7b477c9000 rw-p 00000000 00:00 0 
7f7b477c9000-7f7b477d9000 r-xp 00000000 08:06 1967585                    /usr/lib/jvm/java-7-oracle/jre/lib/amd64/libnio.so
7f7b477d9000-7f7b479d9000 ---p 00010000 08:06 1967585                    /usr/lib/jvm/java-7-oracle/jre/lib/amd64/libnio.so
7f7b479d9000-7f7b479da000 rw-p 00010000 08:06 1967585                    /usr/lib/jvm/java-7-oracle/jre/lib/amd64/libnio.so
7f7b479da000-7f7b479ef000 r-xp 00000000 08:06 1967604                    /usr/lib/jvm/java-7-oracle/jre/lib/amd64/libnet.so
7f7b479ef000-7f7b47bef000 ---p 00015000 08:06 1967604                    /usr/lib/jvm/java-7-oracle/jre/lib/amd64/libnet.so
7f7b47bef000-7f7b47bf0000 rw-p 00015000 08:06 1967604                    /usr/lib/jvm/java-7-oracle/jre/lib/amd64/libnet.so
7f7b47bf0000-7f7b47bf5000 r-xp 00000000 08:06 9962178                    /usr/lib/x86_64-linux-gnu/libXfixes.so.3.1.0
7f7b47bf5000-7f7b47df4000 ---p 00005000 08:06 9962178                    /usr/lib/x86_64-linux-gnu/libXfixes.so.3.1.0
7f7b47df4000-7f7b47df5000 r--p 00004000 08:06 9962178                    /usr/lib/x86_64-linux-gnu/libXfixes.so.3.1.0
7f7b47df5000-7f7b47df6000 rw-p 00005000 08:06 9962178                    /usr/lib/x86_64-linux-gnu/libXfixes.so.3.1.0
7f7b47df6000-7f7b47dff000 r-xp 00000000 08:06 9967225                    /usr/lib/x86_64-linux-gnu/libXcursor.so.1.0.2
7f7b47dff000-7f7b47ffe000 ---p 00009000 08:06 9967225                    /usr/lib/x86_64-linux-gnu/libXcursor.so.1.0.2
7f7b47ffe000-7f7b47fff000 r--p 00008000 08:06 9967225                    /usr/lib/x86_64-linux-gnu/libXcursor.so.1.0.2
7f7b47fff000-7f7b48000000 rw-p 00009000 08:06 9967225                    /usr/lib/x86_64-linux-gnu/libXcursor.so.1.0.2
7f7b48000000-7f7b48021000 rw-p 00000000 00:00 0 
7f7b48021000-7f7b4c000000 ---p 00000000 00:00 0 
7f7b4c044000-7f7b4c047000 ---p 00000000 00:00 0 
7f7b4c047000-7f7b4c145000 rw-p 00000000 00:00 0 
7f7b4c145000-7f7b4c148000 ---p 00000000 00:00 0 
7f7b4c148000-7f7b4c246000 rw-p 00000000 00:00 0 
7f7b4c246000-7f7b4c24b000 r-xp 00000000 08:06 9962011                    /usr/lib/x86_64-linux-gnu/libXdmcp.so.6.0.0
7f7b4c24b000-7f7b4c44a000 ---p 00005000 08:06 9962011                    /usr/lib/x86_64-linux-gnu/libXdmcp.so.6.0.0
7f7b4c44a000-7f7b4c44b000 r--p 00004000 08:06 9962011                    /usr/lib/x86_64-linux-gnu/libXdmcp.so.6.0.0
7f7b4c44b000-7f7b4c44c000 rw-p 00005000 08:06 9962011                    /usr/lib/x86_64-linux-gnu/libXdmcp.so.6.0.0
7f7b4c44c000-7f7b4c44e000 r-xp 00000000 08:06 9963502                    /usr/lib/x86_64-linux-gnu/libXau.so.6.0.0
7f7b4c44e000-7f7b4c64d000 ---p 00002000 08:06 9963502                    /usr/lib/x86_64-linux-gnu/libXau.so.6.0.0
7f7b4c64d000-7f7b4c64e000 r--p 00001000 08:06 9963502                    /usr/lib/x86_64-linux-gnu/libXau.so.6.0.0
7f7b4c64e000-7f7b4c64f000 rw-p 00002000 08:06 9963502                    /usr/lib/x86_64-linux-gnu/libXau.so.6.0.0
7f7b4c64f000-7f7b4c66c000 r-xp 00000000 08:06 9963508                    /usr/lib/x86_64-linux-gnu/libxcb.so.1.1.0
7f7b4c66c000-7f7b4c86b000 ---p 0001d000 08:06 9963508                    /usr/lib/x86_64-linux-gnu/libxcb.so.1.1.0
7f7b4c86b000-7f7b4c86c000 r--p 0001c000 08:06 9963508                    /usr/lib/x86_64-linux-gnu/libxcb.so.1.1.0
7f7b4c86c000-7f7b4c86d000 rw-p 0001d000 08:06 9963508                    /usr/lib/x86_64-linux-gnu/libxcb.so.1.1.0
7f7b4c86d000-7f7b4c87b000 r-xp 00000000 08:06 9961805                    /usr/lib/x86_64-linux-gnu/libXi.so.6.1.0
7f7b4c87b000-7f7b4ca7a000 ---p 0000e000 08:06 9961805                    /usr/lib/x86_64-linux-gnu/libXi.so.6.1.0
7f7b4ca7a000-7f7b4ca7b000 r--p 0000d000 08:06 9961805                    /usr/lib/x86_64-linux-gnu/libXi.so.6.1.0
7f7b4ca7b000-7f7b4ca7c000 rw-p 0000e000 08:06 9961805                    /usr/lib/x86_64-linux-gnu/libXi.so.6.1.0
7f7b4ca7c000-7f7b4ca81000 r-xp 00000000 08:06 9962629                    /usr/lib/x86_64-linux-gnu/libXtst.so.6.1.0
7f7b4ca81000-7f7b4cc80000 ---p 00005000 08:06 9962629                    /usr/lib/x86_64-linux-gnu/libXtst.so.6.1.0
7f7b4cc80000-7f7b4cc81000 r--p 00004000 08:06 9962629                    /usr/lib/x86_64-linux-gnu/libXtst.so.6.1.0
7f7b4cc81000-7f7b4cc82000 rw-p 00005000 08:06 9962629                    /usr/lib/x86_64-linux-gnu/libXtst.so.6.1.0
7f7b4cc82000-7f7b4cc8b000 r-xp 00000000 08:06 9963780                    /usr/lib/x86_64-linux-gnu/libXrender.so.1.3.0
7f7b4cc8b000-7f7b4ce8a000 ---p 00009000 08:06 9963780                    /usr/lib/x86_64-linux-gnu/libXrender.so.1.3.0
7f7b4ce8a000-7f7b4ce8b000 r--p 00008000 08:06 9963780                    /usr/lib/x86_64-linux-gnu/libXrender.so.1.3.0
7f7b4ce8b000-7f7b4ce8c000 rw-p 00009000 08:06 9963780                    /usr/lib/x86_64-linux-gnu/libXrender.so.1.3.0
7f7b4ce8c000-7f7b4cfbb000 r-xp 00000000 08:06 9963828                    /usr/lib/x86_64-linux-gnu/libX11.so.6.3.0
7f7b4cfbb000-7f7b4d1bb000 ---p 0012f000 08:06 9963828                    /usr/lib/x86_64-linux-gnu/libX11.so.6.3.0
7f7b4d1bb000-7f7b4d1bc000 r--p 0012f000 08:06 9963828                    /usr/lib/x86_64-linux-gnu/libX11.so.6.3.0
7f7b4d1bc000-7f7b4d1c0000 rw-p 00130000 08:06 9963828                    /usr/lib/x86_64-linux-gnu/libX11.so.6.3.0
7f7b4d1c0000-7f7b4d1d0000 r-xp 00000000 08:06 9961497                    /usr/lib/x86_64-linux-gnu/libXext.so.6.4.0
7f7b4d1d0000-7f7b4d3cf000 ---p 00010000 08:06 9961497                    /usr/lib/x86_64-linux-gnu/libXext.so.6.4.0
7f7b4d3cf000-7f7b4d3d0000 r--p 0000f000 08:06 9961497                    /usr/lib/x86_64-linux-gnu/libXext.so.6.4.0
7f7b4d3d0000-7f7b4d3d1000 rw-p 00010000 08:06 9961497                    /usr/lib/x86_64-linux-gnu/libXext.so.6.4.0
7f7b4d3d1000-7f7b4d421000 r-xp 00000000 08:06 1967618                    /usr/lib/jvm/java-7-oracle/jre/lib/amd64/xawt/libmawt.so
7f7b4d421000-7f7b4d621000 ---p 00050000 08:06 1967618                    /usr/lib/jvm/java-7-oracle/jre/lib/amd64/xawt/libmawt.so
7f7b4d621000-7f7b4d625000 rw-p 00050000 08:06 1967618                    /usr/lib/jvm/java-7-oracle/jre/lib/amd64/xawt/libmawt.so
7f7b4d625000-7f7b4d626000 rw-p 00000000 00:00 0 
7f7b4d626000-7f7b4d6c8000 r-xp 00000000 08:06 1967615                    /usr/lib/jvm/java-7-oracle/jre/lib/amd64/libawt.so
7f7b4d6c8000-7f7b4d8c8000 ---p 000a2000 08:06 1967615                    /usr/lib/jvm/java-7-oracle/jre/lib/amd64/libawt.so
7f7b4d8c8000-7f7b4d8d4000 rw-p 000a2000 08:06 1967615                    /usr/lib/jvm/java-7-oracle/jre/lib/amd64/libawt.so
7f7b4d8d4000-7f7b4d8f8000 rw-p 00000000 00:00 0 
7f7b4d8f8000-7f7b4d912000 r--s 00477000 08:11 535                        /media/DDE-640/IMAC/Projets_Tut/PlantS/libs/jogl-2.0/jar/jogl-all.jar
7f7b4d912000-7f7b4d917000 r--s 0002c000 08:11 534                        /media/DDE-640/IMAC/Projets_Tut/PlantS/libs/jogl-2.0/jar/gluegen-rt.jar
7f7b4d917000-7f7b4d923000 r--s 002c7000 08:11 531                        /media/DDE-640/IMAC/Projets_Tut/PlantS/libs/java3d/lib/ext/j3dcore.jar
7f7b4d923000-7f7b4d928000 r--s 00044000 08:11 527                        /media/DDE-640/IMAC/Projets_Tut/PlantS/libs/jdom-2.0.3/jdom-2.0.3.jar
7f7b4d928000-7f7b4d929000 ---p 00000000 00:00 0 
7f7b4d929000-7f7b4da29000 rw-p 00000000 00:00 0 
7f7b4da29000-7f7b4da2c000 ---p 00000000 00:00 0 
7f7b4da2c000-7f7b4db2a000 rw-p 00000000 00:00 0 
7f7b4db2a000-7f7b4db2d000 ---p 00000000 00:00 0 
7f7b4db2d000-7f7b4dc2b000 rw-p 00000000 00:00 0 
7f7b4dc2b000-7f7b4dc2e000 ---p 00000000 00:00 0 
7f7b4dc2e000-7f7b4dd2c000 rw-p 00000000 00:00 0 
7f7b4dd2c000-7f7b4dd2f000 ---p 00000000 00:00 0 
7f7b4dd2f000-7f7b4de2d000 rw-p 00000000 00:00 0 
7f7b4de2d000-7f7b4e0ed000 r--p 00000000 08:06 9961657                    /usr/lib/locale/locale-archive
7f7b4e0ed000-7f7b4e0f0000 ---p 00000000 00:00 0 
7f7b4e0f0000-7f7b4e1ee000 rw-p 00000000 00:00 0 
7f7b4e1ee000-7f7b4e1f1000 ---p 00000000 00:00 0 
7f7b4e1f1000-7f7b4e2ef000 rw-p 00000000 00:00 0 
7f7b4e2ef000-7f7b4e2f0000 ---p 00000000 00:00 0 
7f7b4e2f0000-7f7b51000000 rw-p 00000000 00:00 0 
7f7b51000000-7f7b51270000 rwxp 00000000 00:00 0 
7f7b51270000-7f7b54530000 rw-p 00000000 00:00 0 
7f7b54530000-7f7b58000000 ---p 00000000 00:00 0 
7f7b5801f000-7f7b58050000 rw-p 00000000 00:00 0 
7f7b58050000-7f7b58053000 ---p 00000000 00:00 0 
7f7b58053000-7f7b58078000 rw-p 00000000 00:00 0 
7f7b58078000-7f7b5809d000 r--p 00000000 08:06 10359730                   /usr/share/locale-langpack/fr/LC_MESSAGES/libc.mo
7f7b5809d000-7f7b58511000 rw-p 00000000 00:00 0 
7f7b58511000-7f7b586cd000 r--s 039da000 08:06 1967452                    /usr/lib/jvm/java-7-oracle/jre/lib/rt.jar
7f7b586cd000-7f7b58f0d000 rw-p 00000000 00:00 0 
7f7b58f0d000-7f7b58f0e000 ---p 00000000 00:00 0 
7f7b58f0e000-7f7b5900e000 rw-p 00000000 00:00 0 
7f7b5900e000-7f7b5900f000 ---p 00000000 00:00 0 
7f7b5900f000-7f7b5910f000 rw-p 00000000 00:00 0 
7f7b5910f000-7f7b59110000 ---p 00000000 00:00 0 
7f7b59110000-7f7b59210000 rw-p 00000000 00:00 0 
7f7b59210000-7f7b59211000 ---p 00000000 00:00 0 
7f7b59211000-7f7b5931c000 rw-p 00000000 00:00 0 
7f7b5931c000-7f7b5933a000 rw-p 00000000 00:00 0 
7f7b5933a000-7f7b5934e000 rw-p 00000000 00:00 0 
7f7b5934e000-7f7b59478000 rw-p 00000000 00:00 0 
7f7b59478000-7f7b59483000 rw-p 00000000 00:00 0 
7f7b59483000-7f7b594a1000 rw-p 00000000 00:00 0 
7f7b594a1000-7f7b594b5000 rw-p 00000000 00:00 0 
7f7b594b5000-7f7b595df000 rw-p 00000000 00:00 0 
7f7b595df000-7f7b595e9000 rw-p 00000000 00:00 0 
7f7b595e9000-7f7b5967e000 rw-p 00000000 00:00 0 
7f7b5967e000-7f7b5967f000 rw-p 00000000 00:00 0 
7f7b5967f000-7f7b59699000 r-xp 00000000 08:06 1967605                    /usr/lib/jvm/java-7-oracle/jre/lib/amd64/libzip.so
7f7b59699000-7f7b59899000 ---p 0001a000 08:06 1967605                    /usr/lib/jvm/java-7-oracle/jre/lib/amd64/libzip.so
7f7b59899000-7f7b5989a000 rw-p 0001a000 08:06 1967605                    /usr/lib/jvm/java-7-oracle/jre/lib/amd64/libzip.so
7f7b5989a000-7f7b598a6000 r-xp 00000000 08:06 2233934                    /lib/x86_64-linux-gnu/libnss_files-2.15.so
7f7b598a6000-7f7b59aa5000 ---p 0000c000 08:06 2233934                    /lib/x86_64-linux-gnu/libnss_files-2.15.so
7f7b59aa5000-7f7b59aa6000 r--p 0000b000 08:06 2233934                    /lib/x86_64-linux-gnu/libnss_files-2.15.so
7f7b59aa6000-7f7b59aa7000 rw-p 0000c000 08:06 2233934                    /lib/x86_64-linux-gnu/libnss_files-2.15.so
7f7b59aa7000-7f7b59ab1000 r-xp 00000000 08:06 2233929                    /lib/x86_64-linux-gnu/libnss_nis-2.15.so
7f7b59ab1000-7f7b59cb1000 ---p 0000a000 08:06 2233929                    /lib/x86_64-linux-gnu/libnss_nis-2.15.so
7f7b59cb1000-7f7b59cb2000 r--p 0000a000 08:06 2233929                    /lib/x86_64-linux-gnu/libnss_nis-2.15.so
7f7b59cb2000-7f7b59cb3000 rw-p 0000b000 08:06 2233929                    /lib/x86_64-linux-gnu/libnss_nis-2.15.so
7f7b59cb3000-7f7b59cca000 r-xp 00000000 08:06 2233945                    /lib/x86_64-linux-gnu/libnsl-2.15.so
7f7b59cca000-7f7b59ec9000 ---p 00017000 08:06 2233945                    /lib/x86_64-linux-gnu/libnsl-2.15.so
7f7b59ec9000-7f7b59eca000 r--p 00016000 08:06 2233945                    /lib/x86_64-linux-gnu/libnsl-2.15.so
7f7b59eca000-7f7b59ecb000 rw-p 00017000 08:06 2233945                    /lib/x86_64-linux-gnu/libnsl-2.15.so
7f7b59ecb000-7f7b59ecd000 rw-p 00000000 00:00 0 
7f7b59ecd000-7f7b59ed5000 r-xp 00000000 08:06 2233935                    /lib/x86_64-linux-gnu/libnss_compat-2.15.so
7f7b59ed5000-7f7b5a0d4000 ---p 00008000 08:06 2233935                    /lib/x86_64-linux-gnu/libnss_compat-2.15.so
7f7b5a0d4000-7f7b5a0d5000 r--p 00007000 08:06 2233935                    /lib/x86_64-linux-gnu/libnss_compat-2.15.so
7f7b5a0d5000-7f7b5a0d6000 rw-p 00008000 08:06 2233935                    /lib/x86_64-linux-gnu/libnss_compat-2.15.so
7f7b5a0d6000-7f7b5a0ff000 r-xp 00000000 08:06 1967577                    /usr/lib/jvm/java-7-oracle/jre/lib/amd64/libjava.so
7f7b5a0ff000-7f7b5a2ff000 ---p 00029000 08:06 1967577                    /usr/lib/jvm/java-7-oracle/jre/lib/amd64/libjava.so
7f7b5a2ff000-7f7b5a301000 rw-p 00029000 08:06 1967577                    /usr/lib/jvm/java-7-oracle/jre/lib/amd64/libjava.so
7f7b5a301000-7f7b5a30e000 r-xp 00000000 08:06 1967580                    /usr/lib/jvm/java-7-oracle/jre/lib/amd64/libverify.so
7f7b5a30e000-7f7b5a50d000 ---p 0000d000 08:06 1967580                    /usr/lib/jvm/java-7-oracle/jre/lib/amd64/libverify.so
7f7b5a50d000-7f7b5a50f000 rw-p 0000c000 08:06 1967580                    /usr/lib/jvm/java-7-oracle/jre/lib/amd64/libverify.so
7f7b5a50f000-7f7b5a516000 r-xp 00000000 08:06 2233808                    /lib/x86_64-linux-gnu/librt-2.15.so
7f7b5a516000-7f7b5a715000 ---p 00007000 08:06 2233808                    /lib/x86_64-linux-gnu/librt-2.15.so
7f7b5a715000-7f7b5a716000 r--p 00006000 08:06 2233808                    /lib/x86_64-linux-gnu/librt-2.15.so
7f7b5a716000-7f7b5a717000 rw-p 00007000 08:06 2233808                    /lib/x86_64-linux-gnu/librt-2.15.so
7f7b5a717000-7f7b5a812000 r-xp 00000000 08:06 2233931                    /lib/x86_64-linux-gnu/libm-2.15.so
7f7b5a812000-7f7b5aa11000 ---p 000fb000 08:06 2233931                    /lib/x86_64-linux-gnu/libm-2.15.so
7f7b5aa11000-7f7b5aa12000 r--p 000fa000 08:06 2233931                    /lib/x86_64-linux-gnu/libm-2.15.so
7f7b5aa12000-7f7b5aa13000 rw-p 000fb000 08:06 2233931                    /lib/x86_64-linux-gnu/libm-2.15.so
7f7b5aa13000-7f7b5b45a000 r-xp 00000000 08:06 1967573                    /usr/lib/jvm/java-7-oracle/jre/lib/amd64/server/libjvm.so
7f7b5b45a000-7f7b5b659000 ---p 00a47000 08:06 1967573                    /usr/lib/jvm/java-7-oracle/jre/lib/amd64/server/libjvm.so
7f7b5b659000-7f7b5b6fd000 rw-p 00a46000 08:06 1967573                    /usr/lib/jvm/java-7-oracle/jre/lib/amd64/server/libjvm.so
7f7b5b6fd000-7f7b5b738000 rw-p 00000000 00:00 0 
7f7b5b738000-7f7b5b8ed000 r-xp 00000000 08:06 2233802                    /lib/x86_64-linux-gnu/libc-2.15.so
7f7b5b8ed000-7f7b5baec000 ---p 001b5000 08:06 2233802                    /lib/x86_64-linux-gnu/libc-2.15.so
7f7b5baec000-7f7b5baf0000 r--p 001b4000 08:06 2233802                    /lib/x86_64-linux-gnu/libc-2.15.so
7f7b5baf0000-7f7b5baf2000 rw-p 001b8000 08:06 2233802                    /lib/x86_64-linux-gnu/libc-2.15.so
7f7b5baf2000-7f7b5baf7000 rw-p 00000000 00:00 0 
7f7b5baf7000-7f7b5baf9000 r-xp 00000000 08:06 2233800                    /lib/x86_64-linux-gnu/libdl-2.15.so
7f7b5baf9000-7f7b5bcf9000 ---p 00002000 08:06 2233800                    /lib/x86_64-linux-gnu/libdl-2.15.so
7f7b5bcf9000-7f7b5bcfa000 r--p 00002000 08:06 2233800                    /lib/x86_64-linux-gnu/libdl-2.15.so
7f7b5bcfa000-7f7b5bcfb000 rw-p 00003000 08:06 2233800                    /lib/x86_64-linux-gnu/libdl-2.15.so
7f7b5bcfb000-7f7b5bd11000 r-xp 00000000 08:06 1967609                    /usr/lib/jvm/java-7-oracle/jre/lib/amd64/jli/libjli.so
7f7b5bd11000-7f7b5bf10000 ---p 00016000 08:06 1967609                    /usr/lib/jvm/java-7-oracle/jre/lib/amd64/jli/libjli.so
7f7b5bf10000-7f7b5bf11000 rw-p 00015000 08:06 1967609                    /usr/lib/jvm/java-7-oracle/jre/lib/amd64/jli/libjli.so
7f7b5bf11000-7f7b5bf29000 r-xp 00000000 08:06 2233804                    /lib/x86_64-linux-gnu/libpthread-2.15.so
7f7b5bf29000-7f7b5c128000 ---p 00018000 08:06 2233804                    /lib/x86_64-linux-gnu/libpthread-2.15.so
7f7b5c128000-7f7b5c129000 r--p 00017000 08:06 2233804                    /lib/x86_64-linux-gnu/libpthread-2.15.so
7f7b5c129000-7f7b5c12a000 rw-p 00018000 08:06 2233804                    /lib/x86_64-linux-gnu/libpthread-2.15.so
7f7b5c12a000-7f7b5c12e000 rw-p 00000000 00:00 0 
7f7b5c12e000-7f7b5c150000 r-xp 00000000 08:06 2233940                    /lib/x86_64-linux-gnu/ld-2.15.so
7f7b5c16f000-7f7b5c170000 r--s 00023000 08:11 624                        /media/DDE-640/IMAC/Projets_Tut/PlantS/libs/jogl-2.0/jar/jogl-all-natives-linux-amd64.jar
7f7b5c170000-7f7b5c17a000 rw-p 00000000 00:00 0 
7f7b5c17a000-7f7b5c230000 rw-p 00000000 00:00 0 
7f7b5c230000-7f7b5c233000 ---p 00000000 00:00 0 
7f7b5c233000-7f7b5c335000 rw-p 00000000 00:00 0 
7f7b5c335000-7f7b5c336000 r--s 00000000 08:11 623                        /media/DDE-640/IMAC/Projets_Tut/PlantS/libs/jogl-2.0/jar/gluegen-rt-natives-linux-amd64.jar
7f7b5c336000-7f7b5c337000 r--p 00000000 00:00 0 
7f7b5c337000-7f7b5c33b000 r--s 00089000 08:06 1967701                    /usr/lib/jvm/java-7-oracle/jre/lib/jsse.jar
7f7b5c33b000-7f7b5c33d000 r--s 0004e000 08:11 536                        /media/DDE-640/IMAC/Projets_Tut/PlantS/libs/java3d/lib/ext/vecmath.jar
7f7b5c33d000-7f7b5c344000 r--s 00000000 08:06 10362198                   /usr/lib/x86_64-linux-gnu/gconv/gconv-modules.cache
7f7b5c344000-7f7b5c34c000 rw-s 00000000 08:06 4456475                    /tmp/hsperfdata_guyom/2639 (deleted)
7f7b5c34c000-7f7b5c34d000 rw-p 00000000 00:00 0 
7f7b5c34d000-7f7b5c34e000 ---p 00000000 00:00 0 
7f7b5c34e000-7f7b5c350000 rw-p 00000000 00:00 0 
7f7b5c350000-7f7b5c351000 r--p 00022000 08:06 2233940                    /lib/x86_64-linux-gnu/ld-2.15.so
7f7b5c351000-7f7b5c353000 rw-p 00023000 08:06 2233940                    /lib/x86_64-linux-gnu/ld-2.15.so
7fff9059a000-7fff905bb000 rw-p 00000000 00:00 0                          [stack]
7fff905cd000-7fff905ce000 r-xp 00000000 00:00 0                          [vdso]
ffffffffff600000-ffffffffff601000 r-xp 00000000 00:00 0                  [vsyscall]

VM Arguments:
jvm_args: -Dfile.encoding=UTF-8 
java_command: renderer.JOGLApp
Launcher Type: SUN_STANDARD

Environment Variables:
PATH=/usr/lib/lightdm/lightdm:/usr/local/sbin:/usr/local/bin:/usr/sbin:/usr/bin:/sbin:/bin:/usr/games
SHELL=/bin/bash
DISPLAY=:0.0

Signal Handlers:
SIGSEGV: [libjvm.so+0x8a5c80], sa_mask[0]=0x7ffbfeff, sa_flags=0x10000004
SIGBUS: [libjvm.so+0x8a5c80], sa_mask[0]=0x7ffbfeff, sa_flags=0x10000004
SIGFPE: [libjvm.so+0x741d60], sa_mask[0]=0x7ffbfeff, sa_flags=0x10000004
SIGPIPE: [libjvm.so+0x741d60], sa_mask[0]=0x7ffbfeff, sa_flags=0x10000004
SIGXFSZ: [libjvm.so+0x741d60], sa_mask[0]=0x7ffbfeff, sa_flags=0x10000004
SIGILL: [libjvm.so+0x741d60], sa_mask[0]=0x7ffbfeff, sa_flags=0x10000004
SIGUSR1: SIG_DFL, sa_mask[0]=0x00000000, sa_flags=0x00000000
SIGUSR2: [libjvm.so+0x7416b0], sa_mask[0]=0x00000004, sa_flags=0x10000004
SIGHUP: [libjvm.so+0x743a40], sa_mask[0]=0x7ffbfeff, sa_flags=0x10000004
SIGINT: [libjvm.so+0x743a40], sa_mask[0]=0x7ffbfeff, sa_flags=0x10000004
SIGTERM: [libjvm.so+0x743a40], sa_mask[0]=0x7ffbfeff, sa_flags=0x10000004
SIGQUIT: [libjvm.so+0x743a40], sa_mask[0]=0x7ffbfeff, sa_flags=0x10000004


---------------  S Y S T E M  ---------------

OS:wheezy/sid

uname:Linux 3.2.0-34-generic #53-Ubuntu SMP Thu Nov 15 10:48:16 UTC 2012 x86_64
libc:glibc 2.15 NPTL 2.15 
rlimit: STACK 8192k, CORE 0k, NPROC 30344, NOFILE 4096, AS infinity
load average:0,10 0,18 0,19

/proc/meminfo:
MemTotal:        3901716 kB
MemFree:         2363180 kB
Buffers:          144232 kB
Cached:           507372 kB
SwapCached:            0 kB
Active:           895700 kB
Inactive:         478344 kB
Active(anon):     723208 kB
Inactive(anon):     5344 kB
Active(file):     172492 kB
Inactive(file):   473000 kB
Unevictable:           0 kB
Mlocked:               0 kB
SwapTotal:       4042748 kB
SwapFree:        4042748 kB
Dirty:               956 kB
Writeback:             0 kB
AnonPages:        722488 kB
Mapped:           131232 kB
Shmem:              6108 kB
Slab:              70176 kB
SReclaimable:      44560 kB
SUnreclaim:        25616 kB
KernelStack:        3352 kB
PageTables:        25672 kB
NFS_Unstable:          0 kB
Bounce:                0 kB
WritebackTmp:          0 kB
CommitLimit:     5993604 kB
Committed_AS:    2825764 kB
VmallocTotal:   34359738367 kB
VmallocUsed:       89240 kB
VmallocChunk:   34359645692 kB
HardwareCorrupted:     0 kB
AnonHugePages:         0 kB
HugePages_Total:       0
HugePages_Free:        0
HugePages_Rsvd:        0
HugePages_Surp:        0
Hugepagesize:       2048 kB
DirectMap4k:       65468 kB
DirectMap2M:     3979264 kB


CPU:total 4 (2 cores per cpu, 2 threads per core) family 6 model 37 stepping 5, cmov, cx8, fxsr, mmx, sse, sse2, sse3, ssse3, sse4.1, sse4.2, popcnt, ht, tsc, tscinvbit

/proc/cpuinfo:
processor	: 0
vendor_id	: GenuineIntel
cpu family	: 6
model		: 37
model name	: Intel(R) Core(TM) i5 CPU       M 480  @ 2.67GHz
stepping	: 5
microcode	: 0x2
cpu MHz		: 1199.000
cache size	: 3072 KB
physical id	: 0
siblings	: 4
core id		: 0
cpu cores	: 2
apicid		: 0
initial apicid	: 0
fpu		: yes
fpu_exception	: yes
cpuid level	: 11
wp		: yes
flags		: fpu vme de pse tsc msr pae mce cx8 apic sep mtrr pge mca cmov pat pse36 clflush dts acpi mmx fxsr sse sse2 ss ht tm pbe syscall nx rdtscp lm constant_tsc arch_perfmon pebs bts rep_good nopl xtopology nonstop_tsc aperfmperf pni dtes64 monitor ds_cpl vmx est tm2 ssse3 cx16 xtpr pdcm pcid sse4_1 sse4_2 popcnt lahf_lm ida arat dtherm tpr_shadow vnmi flexpriority ept vpid
bogomips	: 5320.10
clflush size	: 64
cache_alignment	: 64
address sizes	: 36 bits physical, 48 bits virtual
power management:

processor	: 1
vendor_id	: GenuineIntel
cpu family	: 6
model		: 37
model name	: Intel(R) Core(TM) i5 CPU       M 480  @ 2.67GHz
stepping	: 5
microcode	: 0x2
cpu MHz		: 1199.000
cache size	: 3072 KB
physical id	: 0
siblings	: 4
core id		: 2
cpu cores	: 2
apicid		: 4
initial apicid	: 4
fpu		: yes
fpu_exception	: yes
cpuid level	: 11
wp		: yes
flags		: fpu vme de pse tsc msr pae mce cx8 apic sep mtrr pge mca cmov pat pse36 clflush dts acpi mmx fxsr sse sse2 ss ht tm pbe syscall nx rdtscp lm constant_tsc arch_perfmon pebs bts rep_good nopl xtopology nonstop_tsc aperfmperf pni dtes64 monitor ds_cpl vmx est tm2 ssse3 cx16 xtpr pdcm pcid sse4_1 sse4_2 popcnt lahf_lm ida arat dtherm tpr_shadow vnmi flexpriority ept vpid
bogomips	: 5319.88
clflush size	: 64
cache_alignment	: 64
address sizes	: 36 bits physical, 48 bits virtual
power management:

processor	: 2
vendor_id	: GenuineIntel
cpu family	: 6
model		: 37
model name	: Intel(R) Core(TM) i5 CPU       M 480  @ 2.67GHz
stepping	: 5
microcode	: 0x2
cpu MHz		: 1199.000
cache size	: 3072 KB
physical id	: 0
siblings	: 4
core id		: 0
cpu cores	: 2
apicid		: 1
initial apicid	: 1
fpu		: yes
fpu_exception	: yes
cpuid level	: 11
wp		: yes
flags		: fpu vme de pse tsc msr pae mce cx8 apic sep mtrr pge mca cmov pat pse36 clflush dts acpi mmx fxsr sse sse2 ss ht tm pbe syscall nx rdtscp lm constant_tsc arch_perfmon pebs bts rep_good nopl xtopology nonstop_tsc aperfmperf pni dtes64 monitor ds_cpl vmx est tm2 ssse3 cx16 xtpr pdcm pcid sse4_1 sse4_2 popcnt lahf_lm ida arat dtherm tpr_shadow vnmi flexpriority ept vpid
bogomips	: 5319.87
clflush size	: 64
cache_alignment	: 64
address sizes	: 36 bits physical, 48 bits virtual
power management:

processor	: 3
vendor_id	: GenuineIntel
cpu family	: 6
model		: 37
model name	: Intel(R) Core(TM) i5 CPU       M 480  @ 2.67GHz
stepping	: 5
microcode	: 0x2
cpu MHz		: 1199.000
cache size	: 3072 KB
physical id	: 0
siblings	: 4
core id		: 2
cpu cores	: 2
apicid		: 5
initial apicid	: 5
fpu		: yes
fpu_exception	: yes
cpuid level	: 11
wp		: yes
flags		: fpu vme de pse tsc msr pae mce cx8 apic sep mtrr pge mca cmov pat pse36 clflush dts acpi mmx fxsr sse sse2 ss ht tm pbe syscall nx rdtscp lm constant_tsc arch_perfmon pebs bts rep_good nopl xtopology nonstop_tsc aperfmperf pni dtes64 monitor ds_cpl vmx est tm2 ssse3 cx16 xtpr pdcm pcid sse4_1 sse4_2 popcnt lahf_lm ida arat dtherm tpr_shadow vnmi flexpriority ept vpid
bogomips	: 5319.88
clflush size	: 64
cache_alignment	: 64
address sizes	: 36 bits physical, 48 bits virtual
power management:



Memory: 4k page, physical 3901716k(2363180k free), swap 4042748k(4042748k free)

vm_info: Java HotSpot(TM) 64-Bit Server VM (23.5-b02) for linux-amd64 JRE (1.7.0_09-b05), built on Sep 24 2012 20:07:15 by "java_re" with gcc 4.3.0 20080428 (Red Hat 4.3.0-8)

time: Thu Dec  6 14:24:07 2012
elapsed time: 2 seconds

