#
# A fatal error has been detected by the Java Runtime Environment:
#
#  SIGSEGV (0xb) at pc=0x00007fee5569bc58, pid=2739, tid=140661868300032
#
# JRE version: 7.0_09-b05
# Java VM: Java HotSpot(TM) 64-Bit Server VM (23.5-b02 mixed mode linux-amd64 compressed oops)
# Problematic frame:
# C  [libX11.so.6+0x33c58]  XQueryExtension+0x28
#
# Failed to write core dump. Core dumps have been disabled. To enable core dumping, try "ulimit -c unlimited" before starting Java again
#
# If you would like to submit a bug report, please visit:
#   http://bugreport.sun.com/bugreport/crash.jsp
#

---------------  T H R E A D  ---------------

Current thread is native thread

siginfo:si_signo=SIGSEGV: si_errno=0, si_code=1 (SEGV_MAPERR), si_addr=0x0000000000001778

Registers:
RAX=0x0000000000ce87e0, RBX=0x0000000000000e10, RCX=0x00007fffc450ba08, RDX=0x00007fffc450ba04
RSP=0x00007fffc450b9a0, RBP=0x00007fee170678b2, RSI=0x00007fee170678b2, RDI=0x0000000000000e10
R8 =0x00007fffc450ba0c, R9 =0x0000000000000010, R10=0x00007fee642d9fa8, R11=0x0000000000000000
R12=0x0000000000000000, R13=0x00007fee170678b2, R14=0x0000000000ce87e0, R15=0x0000000000000000
RIP=0x00007fee5569bc58, EFLAGS=0x0000000000010206, CSGSFS=0x0000000000000033, ERR=0x0000000000000004
  TRAPNO=0x000000000000000e

Top of Stack: (sp=0x00007fffc450b9a0)
0x00007fffc450b9a0:   0000000000000000 0000003000000003
0x00007fffc450b9b0:   0000006e0000005b 0000007c00000077
0x00007fffc450b9c0:   00000000ffffffff 0000000000000e10
0x00007fffc450b9d0:   00007fee170678b2 0000000000000000
0x00007fffc450b9e0:   00007fee170678b2 0000000000ce87e0
0x00007fffc450b9f0:   0000000000000000 00007fee5568fc55
0x00007fffc450ba00:   00007fee64b37048 00007fee171a0520
0x00007fffc450ba10:   00007fee171a0520 0000000000000e10
0x00007fffc450ba20:   00007fee0000d880 00007fee559a902b
0x00007fffc450ba30:   00007fee63f2c790 0000001100000027
0x00007fffc450ba40:   00007fffc450bac0 0000000000000000
0x00007fffc450ba50:   00007fffc450bac0 0000000000000e10
0x00007fffc450ba60:   0000000000000000 00007fee64b37048
0x00007fffc450ba70:   00007fee171b9d70 00007fee170102f9
0x00007fffc450ba80:   0000000000000000 0000000000000027
0x00007fffc450ba90:   00007fffc450bac0 00007fffc450bae0
0x00007fffc450baa0:   0000000000000000 00007fee64b37048
0x00007fffc450bab0:   00007fee0c002d90 00007fee17004ae2
0x00007fffc450bac0:   00007fffc450bc90 00007fee17067831
0x00007fffc450bad0:   00007fffc450bc90 00007fee6492392d
0x00007fffc450bae0:   00007fee64b382c8 00007fee64b38858
0x00007fffc450baf0:   00007fee64b35b50 00007fee5c0009a0
0x00007fffc450bb00:   00007fee5c007240 00007fee5c007d50
0x00007fffc450bb10:   00007fee5c0076f0 00007fee5c008250
0x00007fffc450bb20:   00007fee5c00d110 00007fee5c244e80
0x00007fffc450bb30:   00007fee5c245320 00007fee5c33b9e0
0x00007fffc450bb40:   00007fee5c33adf0 00007fee5c34fa40
0x00007fffc450bb50:   00007fee5c388c40 00007fee5c388700
0x00007fffc450bb60:   00007fee5c192460 00007fee5c193f40
0x00007fffc450bb70:   00007fee5c193a40 00007fee5c190790
0x00007fffc450bb80:   00007fee5c0020f0 00007fee5c001a70
0x00007fffc450bb90:   0000000000ce74d0 0000000000ce79a0 

Instructions: (pc=0x00007fee5569bc58)
0x00007fee5569bc38:   24 d8 48 89 fb 4c 89 64 24 e0 4c 89 6c 24 e8 48
0x00007fee5569bc48:   89 f5 4c 89 74 24 f0 4c 89 7c 24 f8 48 83 ec 58
0x00007fee5569bc58:   48 8b 87 68 09 00 00 49 89 d4 49 89 cd 4d 89 c6
0x00007fee5569bc68:   48 85 c0 74 02 ff 10 ba 08 00 00 00 be 62 00 00 

Register to memory mapping:

RAX=0x0000000000ce87e0 is an unknown value
RBX=0x0000000000000e10 is an unknown value
RCX=0x00007fffc450ba08 is an unknown value
RDX=0x00007fffc450ba04 is an unknown value
RSP=0x00007fffc450b9a0 is an unknown value
RBP=0x00007fee170678b2: <offset 0x968b2> in /usr/lib/libGL.so.1 at 0x00007fee16fd1000
RSI=0x00007fee170678b2: <offset 0x968b2> in /usr/lib/libGL.so.1 at 0x00007fee16fd1000
RDI=0x0000000000000e10 is an unknown value
R8 =0x00007fffc450ba0c is an unknown value
R9 =0x0000000000000010 is an unknown value
R10=0x00007fee642d9fa8: <offset 0x3bbfa8> in /lib/x86_64-linux-gnu/libc.so.6 at 0x00007fee63f1e000
R11=0x0000000000000000 is an unknown value
R12=0x0000000000000000 is an unknown value
R13=0x00007fee170678b2: <offset 0x968b2> in /usr/lib/libGL.so.1 at 0x00007fee16fd1000
R14=0x0000000000ce87e0 is an unknown value
R15=0x0000000000000000 is an unknown value


Stack: [0x00007fffc440d000,0x00007fffc450d000],  sp=0x00007fffc450b9a0,  free space=1018k
Native frames: (J=compiled Java code, j=interpreted, Vv=VM code, C=native code)
C  [libX11.so.6+0x33c58]  XQueryExtension+0x28


---------------  P R O C E S S  ---------------

VM state:at safepoint (shutting down)

VM Mutex/Monitor currently owned by a thread:  ([mutex/lock_event])
[0x00007fee5c005410] Threads_lock - owner thread: 0x00007fee5c092000

Heap
 PSYoungGen      total 17792K, used 12432K [0x00000000ec200000, 0x00000000ed5d0000, 0x0000000100000000)
  eden space 15296K, 81% used [0x00000000ec200000,0x00000000ece240e0,0x00000000ed0f0000)
  from space 2496K, 0% used [0x00000000ed360000,0x00000000ed360000,0x00000000ed5d0000)
  to   space 2496K, 0% used [0x00000000ed0f0000,0x00000000ed0f0000,0x00000000ed360000)
 ParOldGen       total 40704K, used 0K [0x00000000c4600000, 0x00000000c6dc0000, 0x00000000ec200000)
  object space 40704K, 0% used [0x00000000c4600000,0x00000000c4600000,0x00000000c6dc0000)
 PSPermGen       total 21248K, used 12205K [0x00000000bf400000, 0x00000000c08c0000, 0x00000000c4600000)
  object space 21248K, 57% used [0x00000000bf400000,0x00000000bffeb5d0,0x00000000c08c0000)

Card table byte_map: [0x00007fee61c5e000,0x00007fee61e65000] byte_map_base: 0x00007fee61664000

Polling page: 0x00007fee64b33000

Code Cache  [0x00007fee59000000, 0x00007fee59270000, 0x00007fee5c000000)
 total_blobs=658 nmethods=16 adapters=595 free_code_cache=48495Kb largest_free_block=49658048

Compilation events (10 events):
Event: 0,255 Thread 0x00007fee5c0eb000 nmethod 10 0x00007fee5907bfd0 code [0x00007fee5907c120, 0x00007fee5907c2d8]
Event: 0,257 Thread 0x00007fee5c0eb000   12             java.io.UnixFileSystem::normalize (75 bytes)
Event: 0,263 Thread 0x00007fee5c0eb000 nmethod 12 0x00007fee5907b850 code [0x00007fee5907b9c0, 0x00007fee5907bc18]
Event: 0,264 Thread 0x00007fee5c0ee000 nmethod 11 0x00007fee5907e610 code [0x00007fee5907e760, 0x00007fee5907ebd8]
Event: 0,276 Thread 0x00007fee5c0eb000   15             sun.net.www.ParseUtil::encodePath (336 bytes)
Event: 0,293 Thread 0x00007fee5c0eb000 nmethod 15 0x00007fee590845d0 code [0x00007fee59084820, 0x00007fee59085858]
Event: 0,320 Thread 0x00007fee5c0ee000   16             java.lang.String::length (6 bytes)
Event: 0,320 Thread 0x00007fee5c0ee000 nmethod 16 0x00007fee590810d0 code [0x00007fee59081200, 0x00007fee59081278]
Event: 0,382 Thread 0x00007fee5c0eb000   17             java.lang.Math::min (11 bytes)
Event: 0,383 Thread 0x00007fee5c0eb000 nmethod 17 0x00007fee5907a050 code [0x00007fee5907a180, 0x00007fee5907a1b8]

GC Heap History (0 events):
No events

Deoptimization events (0 events):
No events

Internal exceptions (10 events):
Event: 0,409 Thread 0x00007fee5c009000 Threw 0x00000000ecc04ec8 at /HUDSON/workspace/jdk7u9-2-build-linux-amd64-product/jdk7u9/hotspot/src/share/vm/prims/jvm.cpp:1166
Event: 0,409 Thread 0x00007fee5c009000 Threw 0x00000000ecc0b9e8 at /HUDSON/workspace/jdk7u9-2-build-linux-amd64-product/jdk7u9/hotspot/src/share/vm/prims/jvm.cpp:1166
Event: 0,410 Thread 0x00007fee5c009000 Threw 0x00000000ecc5bcd8 at /HUDSON/workspace/jdk7u9-2-build-linux-amd64-product/jdk7u9/hotspot/src/share/vm/prims/jvm.cpp:1166
Event: 0,410 Thread 0x00007fee5c009000 Threw 0x00000000ecc5f700 at /HUDSON/workspace/jdk7u9-2-build-linux-amd64-product/jdk7u9/hotspot/src/share/vm/prims/jvm.cpp:1166
Event: 0,411 Thread 0x00007fee5c009000 Threw 0x00000000ecc6a248 at /HUDSON/workspace/jdk7u9-2-build-linux-amd64-product/jdk7u9/hotspot/src/share/vm/prims/jvm.cpp:1166
Event: 0,412 Thread 0x00007fee5c009000 Threw 0x00000000ecc6e650 at /HUDSON/workspace/jdk7u9-2-build-linux-amd64-product/jdk7u9/hotspot/src/share/vm/prims/jvm.cpp:1166
Event: 0,413 Thread 0x00007fee5c009000 Threw 0x00000000ecc7b168 at /HUDSON/workspace/jdk7u9-2-build-linux-amd64-product/jdk7u9/hotspot/src/share/vm/prims/jvm.cpp:1166
Event: 0,426 Thread 0x00007fee5c3f6800 Threw 0x00000000ecc0d1c8 at /HUDSON/workspace/jdk7u9-2-build-linux-amd64-product/jdk7u9/hotspot/src/share/vm/prims/jvm.cpp:1166
Event: 0,427 Thread 0x00007fee5c3f6800 Threw 0x00000000ecc11328 at /HUDSON/workspace/jdk7u9-2-build-linux-amd64-product/jdk7u9/hotspot/src/share/vm/prims/jvm.cpp:1166
Event: 1,502 Thread 0x00007fee5c3cd000 Threw 0x00000000ecd8b580 at /HUDSON/workspace/jdk7u9-2-build-linux-amd64-product/jdk7u9/hotspot/src/share/vm/prims/jvm.cpp:1166

Events (10 events):
Event: 1,502 loading class 0x00007fee5c3388e0 done
Event: 1,503 Thread 0x00007fee5c3cb800 Thread added: 0x00007fee5c3cb800
Event: 1,503 Thread 0x00007fee5c357000 Thread exited: 0x00007fee5c357000
Event: 1,503 loading class 0x00007fee5c22dc00
Event: 1,503 loading class 0x00007fee5c22dc00 done
Event: 1,504 Thread 0x00007fee5c3f6800 Thread exited: 0x00007fee5c3f6800
Event: 1,505 Thread 0x00007fee5c3cb800 Thread exited: 0x00007fee5c3cb800
Event: 1,505 Thread 0x00007fee5c3cd000 Thread exited: 0x00007fee5c3cd000
Event: 1,505 Thread 0x00007fee5c009000 Thread exited: 0x00007fee5c009000
Event: 1,506 Thread 0x00007fee5c0e8800 Thread exited: 0x00007fee5c0e8800


Dynamic libraries:
00400000-00401000 r-xp 00000000 08:06 1967722                            /usr/lib/jvm/java-7-oracle/bin/java
00600000-00601000 rw-p 00000000 08:06 1967722                            /usr/lib/jvm/java-7-oracle/bin/java
00ce7000-00d08000 rw-p 00000000 00:00 0                                  [heap]
bf400000-c08c0000 rw-p 00000000 00:00 0 
c08c0000-c4600000 rw-p 00000000 00:00 0 
c4600000-c6dc0000 rw-p 00000000 00:00 0 
c6dc0000-ec200000 rw-p 00000000 00:00 0 
ec200000-ed5d0000 rw-p 00000000 00:00 0 
ed5d0000-100000000 rw-p 00000000 00:00 0 
7fee00000000-7fee00021000 rw-p 00000000 00:00 0 
7fee00021000-7fee04000000 ---p 00000000 00:00 0 
7fee08000000-7fee08021000 rw-p 00000000 00:00 0 
7fee08021000-7fee0c000000 ---p 00000000 00:00 0 
7fee0c000000-7fee0c021000 rw-p 00000000 00:00 0 
7fee0c021000-7fee10000000 ---p 00000000 00:00 0 
7fee10000000-7fee1046d000 rw-p 00000000 00:00 0 
7fee1046d000-7fee14000000 ---p 00000000 00:00 0 
7fee16a3e000-7fee16a40000 r-xp 00000000 08:06 9965233                    /usr/lib/x86_64-linux-gnu/libXinerama.so.1.0.0
7fee16a40000-7fee16c3f000 ---p 00002000 08:06 9965233                    /usr/lib/x86_64-linux-gnu/libXinerama.so.1.0.0
7fee16c3f000-7fee16c40000 r--p 00001000 08:06 9965233                    /usr/lib/x86_64-linux-gnu/libXinerama.so.1.0.0
7fee16c40000-7fee16c41000 rw-p 00002000 08:06 9965233                    /usr/lib/x86_64-linux-gnu/libXinerama.so.1.0.0
7fee16c41000-7fee16c44000 ---p 00000000 00:00 0 
7fee16c44000-7fee16d42000 rw-p 00000000 00:00 0 
7fee16d42000-7fee16dcf000 r-xp 00000000 08:06 4456543                    /tmp/jogamp_0000/file_cache/jln5317369576358693126/jln516168921102810639/libjogl_desktop.so
7fee16dcf000-7fee16fcf000 ---p 0008d000 08:06 4456543                    /tmp/jogamp_0000/file_cache/jln5317369576358693126/jln516168921102810639/libjogl_desktop.so
7fee16fcf000-7fee16fd0000 r--p 0008d000 08:06 4456543                    /tmp/jogamp_0000/file_cache/jln5317369576358693126/jln516168921102810639/libjogl_desktop.so
7fee16fd0000-7fee16fd1000 rw-p 0008e000 08:06 4456543                    /tmp/jogamp_0000/file_cache/jln5317369576358693126/jln516168921102810639/libjogl_desktop.so
7fee16fd1000-7fee17094000 r-xp 00000000 08:06 9961836                    /usr/lib/fglrx/fglrx-libGL.so.1.2
7fee17094000-7fee17193000 ---p 000c3000 08:06 9961836                    /usr/lib/fglrx/fglrx-libGL.so.1.2
7fee17193000-7fee171ba000 rwxp 000c2000 08:06 9961836                    /usr/lib/fglrx/fglrx-libGL.so.1.2
7fee171ba000-7fee171da000 rwxp 00000000 00:00 0 
7fee171da000-7fee171de000 r-xp 00000000 08:06 9969743                    /usr/lib/x86_64-linux-gnu/libXxf86vm.so.1.0.0
7fee171de000-7fee173dd000 ---p 00004000 08:06 9969743                    /usr/lib/x86_64-linux-gnu/libXxf86vm.so.1.0.0
7fee173dd000-7fee173de000 r--p 00003000 08:06 9969743                    /usr/lib/x86_64-linux-gnu/libXxf86vm.so.1.0.0
7fee173de000-7fee173df000 rw-p 00004000 08:06 9969743                    /usr/lib/x86_64-linux-gnu/libXxf86vm.so.1.0.0
7fee173df000-7fee173e5000 r-xp 00000000 08:06 4456555                    /tmp/jogamp_0000/file_cache/jln5317369576358693126/jln516168921102810639/libnativewindow_x11.so
7fee173e5000-7fee175e4000 ---p 00006000 08:06 4456555                    /tmp/jogamp_0000/file_cache/jln5317369576358693126/jln516168921102810639/libnativewindow_x11.so
7fee175e4000-7fee175e5000 r--p 00005000 08:06 4456555                    /tmp/jogamp_0000/file_cache/jln5317369576358693126/jln516168921102810639/libnativewindow_x11.so
7fee175e5000-7fee175e6000 rw-p 00006000 08:06 4456555                    /tmp/jogamp_0000/file_cache/jln5317369576358693126/jln516168921102810639/libnativewindow_x11.so
7fee175e6000-7fee175e9000 ---p 00000000 00:00 0 
7fee175e9000-7fee176e7000 rw-p 00000000 00:00 0 
7fee176e7000-7fee176ea000 ---p 00000000 00:00 0 
7fee176ea000-7fee177e8000 rw-p 00000000 00:00 0 
7fee177e8000-7fee177ea000 r-xp 00000000 08:06 4456549                    /tmp/jogamp_0000/file_cache/jln5317369576358693126/jln516168921102810639/libnativewindow_awt.so
7fee177ea000-7fee179e9000 ---p 00002000 08:06 4456549                    /tmp/jogamp_0000/file_cache/jln5317369576358693126/jln516168921102810639/libnativewindow_awt.so
7fee179e9000-7fee179ea000 r--p 00001000 08:06 4456549                    /tmp/jogamp_0000/file_cache/jln5317369576358693126/jln516168921102810639/libnativewindow_awt.so
7fee179ea000-7fee179eb000 rw-p 00002000 08:06 4456549                    /tmp/jogamp_0000/file_cache/jln5317369576358693126/jln516168921102810639/libnativewindow_awt.so
7fee179eb000-7fee179ec000 r-xp 00000000 08:06 1967578                    /usr/lib/jvm/java-7-oracle/jre/lib/amd64/libjawt.so
7fee179ec000-7fee17beb000 ---p 00001000 08:06 1967578                    /usr/lib/jvm/java-7-oracle/jre/lib/amd64/libjawt.so
7fee17beb000-7fee17bec000 rw-p 00000000 08:06 1967578                    /usr/lib/jvm/java-7-oracle/jre/lib/amd64/libjawt.so
7fee17bec000-7fee17bee000 r-xp 00000000 08:06 4456537                    /tmp/jogamp_0000/file_cache/jln5317369576358693126/jln516168921102810639/libgluegen-rt.so
7fee17bee000-7fee17ded000 ---p 00002000 08:06 4456537                    /tmp/jogamp_0000/file_cache/jln5317369576358693126/jln516168921102810639/libgluegen-rt.so
7fee17ded000-7fee17dee000 r--p 00001000 08:06 4456537                    /tmp/jogamp_0000/file_cache/jln5317369576358693126/jln516168921102810639/libgluegen-rt.so
7fee17dee000-7fee17def000 rw-p 00002000 08:06 4456537                    /tmp/jogamp_0000/file_cache/jln5317369576358693126/jln516168921102810639/libgluegen-rt.so
7fee17def000-7fee17dff000 r-xp 00000000 08:06 1967585                    /usr/lib/jvm/java-7-oracle/jre/lib/amd64/libnio.so
7fee17dff000-7fee17fff000 ---p 00010000 08:06 1967585                    /usr/lib/jvm/java-7-oracle/jre/lib/amd64/libnio.so
7fee17fff000-7fee18000000 rw-p 00010000 08:06 1967585                    /usr/lib/jvm/java-7-oracle/jre/lib/amd64/libnio.so
7fee18000000-7fee18021000 rw-p 00000000 00:00 0 
7fee18021000-7fee1c000000 ---p 00000000 00:00 0 
7fee1c000000-7fee1c021000 rw-p 00000000 00:00 0 
7fee1c021000-7fee20000000 ---p 00000000 00:00 0 
7fee20000000-7fee20021000 rw-p 00000000 00:00 0 
7fee20021000-7fee24000000 ---p 00000000 00:00 0 
7fee24000000-7fee24021000 rw-p 00000000 00:00 0 
7fee24021000-7fee28000000 ---p 00000000 00:00 0 
7fee28000000-7fee2807a000 rw-p 00000000 00:00 0 
7fee2807a000-7fee2c000000 ---p 00000000 00:00 0 
7fee2c000000-7fee2c021000 rw-p 00000000 00:00 0 
7fee2c021000-7fee30000000 ---p 00000000 00:00 0 
7fee30000000-7fee30021000 rw-p 00000000 00:00 0 
7fee30021000-7fee34000000 ---p 00000000 00:00 0 
7fee34000000-7fee3418e000 rw-p 00000000 00:00 0 
7fee3418e000-7fee38000000 ---p 00000000 00:00 0 
7fee38000000-7fee38021000 rw-p 00000000 00:00 0 
7fee38021000-7fee3c000000 ---p 00000000 00:00 0 
7fee3c000000-7fee3c021000 rw-p 00000000 00:00 0 
7fee3c021000-7fee40000000 ---p 00000000 00:00 0 
7fee40000000-7fee40021000 rw-p 00000000 00:00 0 
7fee40021000-7fee44000000 ---p 00000000 00:00 0 
7fee44000000-7fee44021000 rw-p 00000000 00:00 0 
7fee44021000-7fee48000000 ---p 00000000 00:00 0 
7fee48000000-7fee48021000 rw-p 00000000 00:00 0 
7fee48021000-7fee4c000000 ---p 00000000 00:00 0 
7fee4c000000-7fee4c021000 rw-p 00000000 00:00 0 
7fee4c021000-7fee50000000 ---p 00000000 00:00 0 
7fee50000000-7fee50021000 rw-p 00000000 00:00 0 
7fee50021000-7fee54000000 ---p 00000000 00:00 0 
7fee540f9000-7fee540fc000 ---p 00000000 00:00 0 
7fee540fc000-7fee541fa000 rw-p 00000000 00:00 0 
7fee541fa000-7fee5420f000 r-xp 00000000 08:06 1967604                    /usr/lib/jvm/java-7-oracle/jre/lib/amd64/libnet.so
7fee5420f000-7fee5440f000 ---p 00015000 08:06 1967604                    /usr/lib/jvm/java-7-oracle/jre/lib/amd64/libnet.so
7fee5440f000-7fee54410000 rw-p 00015000 08:06 1967604                    /usr/lib/jvm/java-7-oracle/jre/lib/amd64/libnet.so
7fee54410000-7fee54413000 ---p 00000000 00:00 0 
7fee54413000-7fee54511000 rw-p 00000000 00:00 0 
7fee54511000-7fee54516000 r-xp 00000000 08:06 9962178                    /usr/lib/x86_64-linux-gnu/libXfixes.so.3.1.0
7fee54516000-7fee54715000 ---p 00005000 08:06 9962178                    /usr/lib/x86_64-linux-gnu/libXfixes.so.3.1.0
7fee54715000-7fee54716000 r--p 00004000 08:06 9962178                    /usr/lib/x86_64-linux-gnu/libXfixes.so.3.1.0
7fee54716000-7fee54717000 rw-p 00005000 08:06 9962178                    /usr/lib/x86_64-linux-gnu/libXfixes.so.3.1.0
7fee54717000-7fee54720000 r-xp 00000000 08:06 9967225                    /usr/lib/x86_64-linux-gnu/libXcursor.so.1.0.2
7fee54720000-7fee5491f000 ---p 00009000 08:06 9967225                    /usr/lib/x86_64-linux-gnu/libXcursor.so.1.0.2
7fee5491f000-7fee54920000 r--p 00008000 08:06 9967225                    /usr/lib/x86_64-linux-gnu/libXcursor.so.1.0.2
7fee54920000-7fee54921000 rw-p 00009000 08:06 9967225                    /usr/lib/x86_64-linux-gnu/libXcursor.so.1.0.2
7fee54921000-7fee54924000 ---p 00000000 00:00 0 
7fee54924000-7fee54a22000 rw-p 00000000 00:00 0 
7fee54a22000-7fee54a27000 r-xp 00000000 08:06 9962011                    /usr/lib/x86_64-linux-gnu/libXdmcp.so.6.0.0
7fee54a27000-7fee54c26000 ---p 00005000 08:06 9962011                    /usr/lib/x86_64-linux-gnu/libXdmcp.so.6.0.0
7fee54c26000-7fee54c27000 r--p 00004000 08:06 9962011                    /usr/lib/x86_64-linux-gnu/libXdmcp.so.6.0.0
7fee54c27000-7fee54c28000 rw-p 00005000 08:06 9962011                    /usr/lib/x86_64-linux-gnu/libXdmcp.so.6.0.0
7fee54c28000-7fee54c2a000 r-xp 00000000 08:06 9963502                    /usr/lib/x86_64-linux-gnu/libXau.so.6.0.0
7fee54c2a000-7fee54e29000 ---p 00002000 08:06 9963502                    /usr/lib/x86_64-linux-gnu/libXau.so.6.0.0
7fee54e29000-7fee54e2a000 r--p 00001000 08:06 9963502                    /usr/lib/x86_64-linux-gnu/libXau.so.6.0.0
7fee54e2a000-7fee54e2b000 rw-p 00002000 08:06 9963502                    /usr/lib/x86_64-linux-gnu/libXau.so.6.0.0
7fee54e2b000-7fee54e48000 r-xp 00000000 08:06 9963508                    /usr/lib/x86_64-linux-gnu/libxcb.so.1.1.0
7fee54e48000-7fee55047000 ---p 0001d000 08:06 9963508                    /usr/lib/x86_64-linux-gnu/libxcb.so.1.1.0
7fee55047000-7fee55048000 r--p 0001c000 08:06 9963508                    /usr/lib/x86_64-linux-gnu/libxcb.so.1.1.0
7fee55048000-7fee55049000 rw-p 0001d000 08:06 9963508                    /usr/lib/x86_64-linux-gnu/libxcb.so.1.1.0
7fee55049000-7fee55057000 r-xp 00000000 08:06 9961805                    /usr/lib/x86_64-linux-gnu/libXi.so.6.1.0
7fee55057000-7fee55256000 ---p 0000e000 08:06 9961805                    /usr/lib/x86_64-linux-gnu/libXi.so.6.1.0
7fee55256000-7fee55257000 r--p 0000d000 08:06 9961805                    /usr/lib/x86_64-linux-gnu/libXi.so.6.1.0
7fee55257000-7fee55258000 rw-p 0000e000 08:06 9961805                    /usr/lib/x86_64-linux-gnu/libXi.so.6.1.0
7fee55258000-7fee5525d000 r-xp 00000000 08:06 9962629                    /usr/lib/x86_64-linux-gnu/libXtst.so.6.1.0
7fee5525d000-7fee5545c000 ---p 00005000 08:06 9962629                    /usr/lib/x86_64-linux-gnu/libXtst.so.6.1.0
7fee5545c000-7fee5545d000 r--p 00004000 08:06 9962629                    /usr/lib/x86_64-linux-gnu/libXtst.so.6.1.0
7fee5545d000-7fee5545e000 rw-p 00005000 08:06 9962629                    /usr/lib/x86_64-linux-gnu/libXtst.so.6.1.0
7fee5545e000-7fee55467000 r-xp 00000000 08:06 9963780                    /usr/lib/x86_64-linux-gnu/libXrender.so.1.3.0
7fee55467000-7fee55666000 ---p 00009000 08:06 9963780                    /usr/lib/x86_64-linux-gnu/libXrender.so.1.3.0
7fee55666000-7fee55667000 r--p 00008000 08:06 9963780                    /usr/lib/x86_64-linux-gnu/libXrender.so.1.3.0
7fee55667000-7fee55668000 rw-p 00009000 08:06 9963780                    /usr/lib/x86_64-linux-gnu/libXrender.so.1.3.0
7fee55668000-7fee55797000 r-xp 00000000 08:06 9963828                    /usr/lib/x86_64-linux-gnu/libX11.so.6.3.0
7fee55797000-7fee55997000 ---p 0012f000 08:06 9963828                    /usr/lib/x86_64-linux-gnu/libX11.so.6.3.0
7fee55997000-7fee55998000 r--p 0012f000 08:06 9963828                    /usr/lib/x86_64-linux-gnu/libX11.so.6.3.0
7fee55998000-7fee5599c000 rw-p 00130000 08:06 9963828                    /usr/lib/x86_64-linux-gnu/libX11.so.6.3.0
7fee5599c000-7fee559ac000 r-xp 00000000 08:06 9961497                    /usr/lib/x86_64-linux-gnu/libXext.so.6.4.0
7fee559ac000-7fee55bab000 ---p 00010000 08:06 9961497                    /usr/lib/x86_64-linux-gnu/libXext.so.6.4.0
7fee55bab000-7fee55bac000 r--p 0000f000 08:06 9961497                    /usr/lib/x86_64-linux-gnu/libXext.so.6.4.0
7fee55bac000-7fee55bad000 rw-p 00010000 08:06 9961497                    /usr/lib/x86_64-linux-gnu/libXext.so.6.4.0
7fee55bad000-7fee55bfd000 r-xp 00000000 08:06 1967618                    /usr/lib/jvm/java-7-oracle/jre/lib/amd64/xawt/libmawt.so
7fee55bfd000-7fee55dfd000 ---p 00050000 08:06 1967618                    /usr/lib/jvm/java-7-oracle/jre/lib/amd64/xawt/libmawt.so
7fee55dfd000-7fee55e01000 rw-p 00050000 08:06 1967618                    /usr/lib/jvm/java-7-oracle/jre/lib/amd64/xawt/libmawt.so
7fee55e01000-7fee55e02000 rw-p 00000000 00:00 0 
7fee55e02000-7fee55ea4000 r-xp 00000000 08:06 1967615                    /usr/lib/jvm/java-7-oracle/jre/lib/amd64/libawt.so
7fee55ea4000-7fee560a4000 ---p 000a2000 08:06 1967615                    /usr/lib/jvm/java-7-oracle/jre/lib/amd64/libawt.so
7fee560a4000-7fee560b0000 rw-p 000a2000 08:06 1967615                    /usr/lib/jvm/java-7-oracle/jre/lib/amd64/libawt.so
7fee560b0000-7fee560d4000 rw-p 00000000 00:00 0 
7fee560d4000-7fee560d5000 ---p 00000000 00:00 0 
7fee560d5000-7fee561d5000 rw-p 00000000 00:00 0 
7fee561d5000-7fee561d8000 ---p 00000000 00:00 0 
7fee561d8000-7fee562d6000 rw-p 00000000 00:00 0 
7fee562d6000-7fee562d9000 ---p 00000000 00:00 0 
7fee562d9000-7fee563d7000 rw-p 00000000 00:00 0 
7fee563d7000-7fee563da000 ---p 00000000 00:00 0 
7fee563da000-7fee564d8000 rw-p 00000000 00:00 0 
7fee564d8000-7fee564db000 ---p 00000000 00:00 0 
7fee564db000-7fee565d9000 rw-p 00000000 00:00 0 
7fee565d9000-7fee56899000 r--p 00000000 08:06 9961657                    /usr/lib/locale/locale-archive
7fee56899000-7fee5689c000 ---p 00000000 00:00 0 
7fee5689c000-7fee5699a000 rw-p 00000000 00:00 0 
7fee5699a000-7fee5699d000 ---p 00000000 00:00 0 
7fee5699d000-7fee56a9b000 rw-p 00000000 00:00 0 
7fee56a9b000-7fee56a9c000 ---p 00000000 00:00 0 
7fee56a9c000-7fee59000000 rw-p 00000000 00:00 0 
7fee59000000-7fee59270000 rwxp 00000000 00:00 0 
7fee59270000-7fee5c41d000 rw-p 00000000 00:00 0 
7fee5c41d000-7fee60000000 ---p 00000000 00:00 0 
7fee6003f000-7fee60070000 rw-p 00000000 00:00 0 
7fee60070000-7fee60073000 ---p 00000000 00:00 0 
7fee60073000-7fee60098000 rw-p 00000000 00:00 0 
7fee60098000-7fee600bd000 r--p 00000000 08:06 10359730                   /usr/share/locale-langpack/fr/LC_MESSAGES/libc.mo
7fee600bd000-7fee600d7000 r--s 00477000 08:11 535                        /media/DDE-640/IMAC/Projets_Tut/PlantS/libs/jogl-2.0/jar/jogl-all.jar
7fee600d7000-7fee60cf7000 rw-p 00000000 00:00 0 
7fee60cf7000-7fee60eb3000 r--s 039da000 08:06 1967452                    /usr/lib/jvm/java-7-oracle/jre/lib/rt.jar
7fee60eb3000-7fee616f3000 rw-p 00000000 00:00 0 
7fee616f3000-7fee616f4000 ---p 00000000 00:00 0 
7fee616f4000-7fee617f4000 rw-p 00000000 00:00 0 
7fee617f4000-7fee617f5000 ---p 00000000 00:00 0 
7fee617f5000-7fee618f5000 rw-p 00000000 00:00 0 
7fee618f5000-7fee618f6000 ---p 00000000 00:00 0 
7fee618f6000-7fee619f6000 rw-p 00000000 00:00 0 
7fee619f6000-7fee619f7000 ---p 00000000 00:00 0 
7fee619f7000-7fee61b02000 rw-p 00000000 00:00 0 
7fee61b02000-7fee61b20000 rw-p 00000000 00:00 0 
7fee61b20000-7fee61b34000 rw-p 00000000 00:00 0 
7fee61b34000-7fee61c5e000 rw-p 00000000 00:00 0 
7fee61c5e000-7fee61c69000 rw-p 00000000 00:00 0 
7fee61c69000-7fee61c87000 rw-p 00000000 00:00 0 
7fee61c87000-7fee61c9b000 rw-p 00000000 00:00 0 
7fee61c9b000-7fee61dc5000 rw-p 00000000 00:00 0 
7fee61dc5000-7fee61dcf000 rw-p 00000000 00:00 0 
7fee61dcf000-7fee61e64000 rw-p 00000000 00:00 0 
7fee61e64000-7fee61e65000 rw-p 00000000 00:00 0 
7fee61e65000-7fee61e7f000 r-xp 00000000 08:06 1967605                    /usr/lib/jvm/java-7-oracle/jre/lib/amd64/libzip.so
7fee61e7f000-7fee6207f000 ---p 0001a000 08:06 1967605                    /usr/lib/jvm/java-7-oracle/jre/lib/amd64/libzip.so
7fee6207f000-7fee62080000 rw-p 0001a000 08:06 1967605                    /usr/lib/jvm/java-7-oracle/jre/lib/amd64/libzip.so
7fee62080000-7fee6208c000 r-xp 00000000 08:06 2233934                    /lib/x86_64-linux-gnu/libnss_files-2.15.so
7fee6208c000-7fee6228b000 ---p 0000c000 08:06 2233934                    /lib/x86_64-linux-gnu/libnss_files-2.15.so
7fee6228b000-7fee6228c000 r--p 0000b000 08:06 2233934                    /lib/x86_64-linux-gnu/libnss_files-2.15.so
7fee6228c000-7fee6228d000 rw-p 0000c000 08:06 2233934                    /lib/x86_64-linux-gnu/libnss_files-2.15.so
7fee6228d000-7fee62297000 r-xp 00000000 08:06 2233929                    /lib/x86_64-linux-gnu/libnss_nis-2.15.so
7fee62297000-7fee62497000 ---p 0000a000 08:06 2233929                    /lib/x86_64-linux-gnu/libnss_nis-2.15.so
7fee62497000-7fee62498000 r--p 0000a000 08:06 2233929                    /lib/x86_64-linux-gnu/libnss_nis-2.15.so
7fee62498000-7fee62499000 rw-p 0000b000 08:06 2233929                    /lib/x86_64-linux-gnu/libnss_nis-2.15.so
7fee62499000-7fee624b0000 r-xp 00000000 08:06 2233945                    /lib/x86_64-linux-gnu/libnsl-2.15.so
7fee624b0000-7fee626af000 ---p 00017000 08:06 2233945                    /lib/x86_64-linux-gnu/libnsl-2.15.so
7fee626af000-7fee626b0000 r--p 00016000 08:06 2233945                    /lib/x86_64-linux-gnu/libnsl-2.15.so
7fee626b0000-7fee626b1000 rw-p 00017000 08:06 2233945                    /lib/x86_64-linux-gnu/libnsl-2.15.so
7fee626b1000-7fee626b3000 rw-p 00000000 00:00 0 
7fee626b3000-7fee626bb000 r-xp 00000000 08:06 2233935                    /lib/x86_64-linux-gnu/libnss_compat-2.15.so
7fee626bb000-7fee628ba000 ---p 00008000 08:06 2233935                    /lib/x86_64-linux-gnu/libnss_compat-2.15.so
7fee628ba000-7fee628bb000 r--p 00007000 08:06 2233935                    /lib/x86_64-linux-gnu/libnss_compat-2.15.so
7fee628bb000-7fee628bc000 rw-p 00008000 08:06 2233935                    /lib/x86_64-linux-gnu/libnss_compat-2.15.so
7fee628bc000-7fee628e5000 r-xp 00000000 08:06 1967577                    /usr/lib/jvm/java-7-oracle/jre/lib/amd64/libjava.so
7fee628e5000-7fee62ae5000 ---p 00029000 08:06 1967577                    /usr/lib/jvm/java-7-oracle/jre/lib/amd64/libjava.so
7fee62ae5000-7fee62ae7000 rw-p 00029000 08:06 1967577                    /usr/lib/jvm/java-7-oracle/jre/lib/amd64/libjava.so
7fee62ae7000-7fee62af4000 r-xp 00000000 08:06 1967580                    /usr/lib/jvm/java-7-oracle/jre/lib/amd64/libverify.so
7fee62af4000-7fee62cf3000 ---p 0000d000 08:06 1967580                    /usr/lib/jvm/java-7-oracle/jre/lib/amd64/libverify.so
7fee62cf3000-7fee62cf5000 rw-p 0000c000 08:06 1967580                    /usr/lib/jvm/java-7-oracle/jre/lib/amd64/libverify.so
7fee62cf5000-7fee62cfc000 r-xp 00000000 08:06 2233808                    /lib/x86_64-linux-gnu/librt-2.15.so
7fee62cfc000-7fee62efb000 ---p 00007000 08:06 2233808                    /lib/x86_64-linux-gnu/librt-2.15.so
7fee62efb000-7fee62efc000 r--p 00006000 08:06 2233808                    /lib/x86_64-linux-gnu/librt-2.15.so
7fee62efc000-7fee62efd000 rw-p 00007000 08:06 2233808                    /lib/x86_64-linux-gnu/librt-2.15.so
7fee62efd000-7fee62ff8000 r-xp 00000000 08:06 2233931                    /lib/x86_64-linux-gnu/libm-2.15.so
7fee62ff8000-7fee631f7000 ---p 000fb000 08:06 2233931                    /lib/x86_64-linux-gnu/libm-2.15.so
7fee631f7000-7fee631f8000 r--p 000fa000 08:06 2233931                    /lib/x86_64-linux-gnu/libm-2.15.so
7fee631f8000-7fee631f9000 rw-p 000fb000 08:06 2233931                    /lib/x86_64-linux-gnu/libm-2.15.so
7fee631f9000-7fee63c40000 r-xp 00000000 08:06 1967573                    /usr/lib/jvm/java-7-oracle/jre/lib/amd64/server/libjvm.so
7fee63c40000-7fee63e3f000 ---p 00a47000 08:06 1967573                    /usr/lib/jvm/java-7-oracle/jre/lib/amd64/server/libjvm.so
7fee63e3f000-7fee63ee3000 rw-p 00a46000 08:06 1967573                    /usr/lib/jvm/java-7-oracle/jre/lib/amd64/server/libjvm.so
7fee63ee3000-7fee63f1e000 rw-p 00000000 00:00 0 
7fee63f1e000-7fee640d3000 r-xp 00000000 08:06 2233802                    /lib/x86_64-linux-gnu/libc-2.15.so
7fee640d3000-7fee642d2000 ---p 001b5000 08:06 2233802                    /lib/x86_64-linux-gnu/libc-2.15.so
7fee642d2000-7fee642d6000 r--p 001b4000 08:06 2233802                    /lib/x86_64-linux-gnu/libc-2.15.so
7fee642d6000-7fee642d8000 rw-p 001b8000 08:06 2233802                    /lib/x86_64-linux-gnu/libc-2.15.so
7fee642d8000-7fee642dd000 rw-p 00000000 00:00 0 
7fee642dd000-7fee642df000 r-xp 00000000 08:06 2233800                    /lib/x86_64-linux-gnu/libdl-2.15.so
7fee642df000-7fee644df000 ---p 00002000 08:06 2233800                    /lib/x86_64-linux-gnu/libdl-2.15.so
7fee644df000-7fee644e0000 r--p 00002000 08:06 2233800                    /lib/x86_64-linux-gnu/libdl-2.15.so
7fee644e0000-7fee644e1000 rw-p 00003000 08:06 2233800                    /lib/x86_64-linux-gnu/libdl-2.15.so
7fee644e1000-7fee644f7000 r-xp 00000000 08:06 1967609                    /usr/lib/jvm/java-7-oracle/jre/lib/amd64/jli/libjli.so
7fee644f7000-7fee646f6000 ---p 00016000 08:06 1967609                    /usr/lib/jvm/java-7-oracle/jre/lib/amd64/jli/libjli.so
7fee646f6000-7fee646f7000 rw-p 00015000 08:06 1967609                    /usr/lib/jvm/java-7-oracle/jre/lib/amd64/jli/libjli.so
7fee646f7000-7fee6470f000 r-xp 00000000 08:06 2233804                    /lib/x86_64-linux-gnu/libpthread-2.15.so
7fee6470f000-7fee6490e000 ---p 00018000 08:06 2233804                    /lib/x86_64-linux-gnu/libpthread-2.15.so
7fee6490e000-7fee6490f000 r--p 00017000 08:06 2233804                    /lib/x86_64-linux-gnu/libpthread-2.15.so
7fee6490f000-7fee64910000 rw-p 00018000 08:06 2233804                    /lib/x86_64-linux-gnu/libpthread-2.15.so
7fee64910000-7fee64914000 rw-p 00000000 00:00 0 
7fee64914000-7fee64936000 r-xp 00000000 08:06 2233940                    /lib/x86_64-linux-gnu/ld-2.15.so
7fee6493f000-7fee64943000 r--s 00089000 08:06 1967701                    /usr/lib/jvm/java-7-oracle/jre/lib/jsse.jar
7fee64943000-7fee6494a000 r--s 00000000 08:06 10362198                   /usr/lib/x86_64-linux-gnu/gconv/gconv-modules.cache
7fee6494a000-7fee64956000 r--s 002c7000 08:11 531                        /media/DDE-640/IMAC/Projets_Tut/PlantS/libs/java3d/lib/ext/j3dcore.jar
7fee64956000-7fee64960000 rw-p 00000000 00:00 0 
7fee64960000-7fee64a16000 rw-p 00000000 00:00 0 
7fee64a16000-7fee64a19000 ---p 00000000 00:00 0 
7fee64a19000-7fee64b1b000 rw-p 00000000 00:00 0 
7fee64b1b000-7fee64b1c000 r--s 00023000 08:11 624                        /media/DDE-640/IMAC/Projets_Tut/PlantS/libs/jogl-2.0/jar/jogl-all-natives-linux-amd64.jar
7fee64b1c000-7fee64b1d000 r--s 00000000 08:11 623                        /media/DDE-640/IMAC/Projets_Tut/PlantS/libs/jogl-2.0/jar/gluegen-rt-natives-linux-amd64.jar
7fee64b1d000-7fee64b1e000 r--p 00000000 00:00 0 
7fee64b1e000-7fee64b20000 r--s 0004e000 08:11 536                        /media/DDE-640/IMAC/Projets_Tut/PlantS/libs/java3d/lib/ext/vecmath.jar
7fee64b20000-7fee64b25000 r--s 0002c000 08:11 534                        /media/DDE-640/IMAC/Projets_Tut/PlantS/libs/jogl-2.0/jar/gluegen-rt.jar
7fee64b25000-7fee64b2a000 r--s 00044000 08:11 527                        /media/DDE-640/IMAC/Projets_Tut/PlantS/libs/jdom-2.0.3/jdom-2.0.3.jar
7fee64b2a000-7fee64b32000 rw-s 00000000 08:06 4456475                    /tmp/hsperfdata_guyom/2739 (deleted)
7fee64b32000-7fee64b33000 rw-p 00000000 00:00 0 
7fee64b33000-7fee64b34000 ---p 00000000 00:00 0 
7fee64b34000-7fee64b36000 rw-p 00000000 00:00 0 
7fee64b36000-7fee64b37000 r--p 00022000 08:06 2233940                    /lib/x86_64-linux-gnu/ld-2.15.so
7fee64b37000-7fee64b39000 rw-p 00023000 08:06 2233940                    /lib/x86_64-linux-gnu/ld-2.15.so
7fffc44ec000-7fffc450d000 rw-p 00000000 00:00 0                          [stack]
7fffc4566000-7fffc4567000 r-xp 00000000 00:00 0                          [vdso]
ffffffffff600000-ffffffffff601000 r-xp 00000000 00:00 0                  [vsyscall]

VM Arguments:
jvm_args: -Dfile.encoding=UTF-8 
java_command: renderer.JOGLApp
Launcher Type: SUN_STANDARD

Environment Variables:
PATH=/usr/lib/lightdm/lightdm:/usr/local/sbin:/usr/local/bin:/usr/sbin:/usr/bin:/sbin:/bin:/usr/games
SHELL=/bin/bash
DISPLAY=:0.0

Signal Handlers:
SIGSEGV: [libjvm.so+0x8a5c80], sa_mask[0]=0x7ffbfeff, sa_flags=0x10000004
SIGBUS: [libjvm.so+0x8a5c80], sa_mask[0]=0x7ffbfeff, sa_flags=0x10000004
SIGFPE: [libjvm.so+0x741d60], sa_mask[0]=0x7ffbfeff, sa_flags=0x10000004
SIGPIPE: [libjvm.so+0x741d60], sa_mask[0]=0x7ffbfeff, sa_flags=0x10000004
SIGXFSZ: [libjvm.so+0x741d60], sa_mask[0]=0x7ffbfeff, sa_flags=0x10000004
SIGILL: [libjvm.so+0x741d60], sa_mask[0]=0x7ffbfeff, sa_flags=0x10000004
SIGUSR1: SIG_DFL, sa_mask[0]=0x00000000, sa_flags=0x00000000
SIGUSR2: [libjvm.so+0x7416b0], sa_mask[0]=0x00000004, sa_flags=0x10000004
SIGHUP: [libjvm.so+0x743a40], sa_mask[0]=0x7ffbfeff, sa_flags=0x10000004
SIGINT: [libjvm.so+0x743a40], sa_mask[0]=0x7ffbfeff, sa_flags=0x10000004
SIGTERM: [libjvm.so+0x743a40], sa_mask[0]=0x7ffbfeff, sa_flags=0x10000004
SIGQUIT: [libjvm.so+0x743a40], sa_mask[0]=0x7ffbfeff, sa_flags=0x10000004


---------------  S Y S T E M  ---------------

OS:wheezy/sid

uname:Linux 3.2.0-34-generic #53-Ubuntu SMP Thu Nov 15 10:48:16 UTC 2012 x86_64
libc:glibc 2.15 NPTL 2.15 
rlimit: STACK 8192k, CORE 0k, NPROC 30344, NOFILE 4096, AS infinity
load average:0,04 0,13 0,17

/proc/meminfo:
MemTotal:        3901716 kB
MemFree:         2350224 kB
Buffers:          144616 kB
Cached:           508532 kB
SwapCached:            0 kB
Active:           912876 kB
Inactive:         474028 kB
Active(anon):     734516 kB
Inactive(anon):     5392 kB
Active(file):     178360 kB
Inactive(file):   468636 kB
Unevictable:           0 kB
Mlocked:               0 kB
SwapTotal:       4042748 kB
SwapFree:        4042748 kB
Dirty:                52 kB
Writeback:             0 kB
AnonPages:        733756 kB
Mapped:           131640 kB
Shmem:              6156 kB
Slab:              70408 kB
SReclaimable:      44648 kB
SUnreclaim:        25760 kB
KernelStack:        3368 kB
PageTables:        25760 kB
NFS_Unstable:          0 kB
Bounce:                0 kB
WritebackTmp:          0 kB
CommitLimit:     5993604 kB
Committed_AS:    2833212 kB
VmallocTotal:   34359738367 kB
VmallocUsed:       89240 kB
VmallocChunk:   34359645692 kB
HardwareCorrupted:     0 kB
AnonHugePages:         0 kB
HugePages_Total:       0
HugePages_Free:        0
HugePages_Rsvd:        0
HugePages_Surp:        0
Hugepagesize:       2048 kB
DirectMap4k:       65468 kB
DirectMap2M:     3979264 kB


CPU:total 4 (2 cores per cpu, 2 threads per core) family 6 model 37 stepping 5, cmov, cx8, fxsr, mmx, sse, sse2, sse3, ssse3, sse4.1, sse4.2, popcnt, ht, tsc, tscinvbit

/proc/cpuinfo:
processor	: 0
vendor_id	: GenuineIntel
cpu family	: 6
model		: 37
model name	: Intel(R) Core(TM) i5 CPU       M 480  @ 2.67GHz
stepping	: 5
microcode	: 0x2
cpu MHz		: 1199.000
cache size	: 3072 KB
physical id	: 0
siblings	: 4
core id		: 0
cpu cores	: 2
apicid		: 0
initial apicid	: 0
fpu		: yes
fpu_exception	: yes
cpuid level	: 11
wp		: yes
flags		: fpu vme de pse tsc msr pae mce cx8 apic sep mtrr pge mca cmov pat pse36 clflush dts acpi mmx fxsr sse sse2 ss ht tm pbe syscall nx rdtscp lm constant_tsc arch_perfmon pebs bts rep_good nopl xtopology nonstop_tsc aperfmperf pni dtes64 monitor ds_cpl vmx est tm2 ssse3 cx16 xtpr pdcm pcid sse4_1 sse4_2 popcnt lahf_lm ida arat dtherm tpr_shadow vnmi flexpriority ept vpid
bogomips	: 5320.10
clflush size	: 64
cache_alignment	: 64
address sizes	: 36 bits physical, 48 bits virtual
power management:

processor	: 1
vendor_id	: GenuineIntel
cpu family	: 6
model		: 37
model name	: Intel(R) Core(TM) i5 CPU       M 480  @ 2.67GHz
stepping	: 5
microcode	: 0x2
cpu MHz		: 1199.000
cache size	: 3072 KB
physical id	: 0
siblings	: 4
core id		: 2
cpu cores	: 2
apicid		: 4
initial apicid	: 4
fpu		: yes
fpu_exception	: yes
cpuid level	: 11
wp		: yes
flags		: fpu vme de pse tsc msr pae mce cx8 apic sep mtrr pge mca cmov pat pse36 clflush dts acpi mmx fxsr sse sse2 ss ht tm pbe syscall nx rdtscp lm constant_tsc arch_perfmon pebs bts rep_good nopl xtopology nonstop_tsc aperfmperf pni dtes64 monitor ds_cpl vmx est tm2 ssse3 cx16 xtpr pdcm pcid sse4_1 sse4_2 popcnt lahf_lm ida arat dtherm tpr_shadow vnmi flexpriority ept vpid
bogomips	: 5319.88
clflush size	: 64
cache_alignment	: 64
address sizes	: 36 bits physical, 48 bits virtual
power management:

processor	: 2
vendor_id	: GenuineIntel
cpu family	: 6
model		: 37
model name	: Intel(R) Core(TM) i5 CPU       M 480  @ 2.67GHz
stepping	: 5
microcode	: 0x2
cpu MHz		: 1199.000
cache size	: 3072 KB
physical id	: 0
siblings	: 4
core id		: 0
cpu cores	: 2
apicid		: 1
initial apicid	: 1
fpu		: yes
fpu_exception	: yes
cpuid level	: 11
wp		: yes
flags		: fpu vme de pse tsc msr pae mce cx8 apic sep mtrr pge mca cmov pat pse36 clflush dts acpi mmx fxsr sse sse2 ss ht tm pbe syscall nx rdtscp lm constant_tsc arch_perfmon pebs bts rep_good nopl xtopology nonstop_tsc aperfmperf pni dtes64 monitor ds_cpl vmx est tm2 ssse3 cx16 xtpr pdcm pcid sse4_1 sse4_2 popcnt lahf_lm ida arat dtherm tpr_shadow vnmi flexpriority ept vpid
bogomips	: 5319.87
clflush size	: 64
cache_alignment	: 64
address sizes	: 36 bits physical, 48 bits virtual
power management:

processor	: 3
vendor_id	: GenuineIntel
cpu family	: 6
model		: 37
model name	: Intel(R) Core(TM) i5 CPU       M 480  @ 2.67GHz
stepping	: 5
microcode	: 0x2
cpu MHz		: 1199.000
cache size	: 3072 KB
physical id	: 0
siblings	: 4
core id		: 2
cpu cores	: 2
apicid		: 5
initial apicid	: 5
fpu		: yes
fpu_exception	: yes
cpuid level	: 11
wp		: yes
flags		: fpu vme de pse tsc msr pae mce cx8 apic sep mtrr pge mca cmov pat pse36 clflush dts acpi mmx fxsr sse sse2 ss ht tm pbe syscall nx rdtscp lm constant_tsc arch_perfmon pebs bts rep_good nopl xtopology nonstop_tsc aperfmperf pni dtes64 monitor ds_cpl vmx est tm2 ssse3 cx16 xtpr pdcm pcid sse4_1 sse4_2 popcnt lahf_lm ida arat dtherm tpr_shadow vnmi flexpriority ept vpid
bogomips	: 5319.88
clflush size	: 64
cache_alignment	: 64
address sizes	: 36 bits physical, 48 bits virtual
power management:



Memory: 4k page, physical 3901716k(2350224k free), swap 4042748k(4042748k free)

vm_info: Java HotSpot(TM) 64-Bit Server VM (23.5-b02) for linux-amd64 JRE (1.7.0_09-b05), built on Sep 24 2012 20:07:15 by "java_re" with gcc 4.3.0 20080428 (Red Hat 4.3.0-8)

time: Thu Dec  6 14:27:05 2012
elapsed time: 1 seconds

