#
# A fatal error has been detected by the Java Runtime Environment:
#
#  SIGSEGV (0xb) at pc=0x00007f704f004c58, pid=6889, tid=140120427878144
#
# JRE version: 7.0_09-b05
# Java VM: Java HotSpot(TM) 64-Bit Server VM (23.5-b02 mixed mode linux-amd64 compressed oops)
# Problematic frame:
# C  [libX11.so.6+0x33c58]  XQueryExtension+0x28
#
# Failed to write core dump. Core dumps have been disabled. To enable core dumping, try "ulimit -c unlimited" before starting Java again
#
# If you would like to submit a bug report, please visit:
#   http://bugreport.sun.com/bugreport/crash.jsp
#

---------------  T H R E A D  ---------------

Current thread (0x00007f705c092000):  VMThread [stack: 0x00007f7054445000,0x00007f7054546000] [id=6900]

siginfo:si_signo=SIGSEGV: si_errno=0, si_code=1 (SEGV_MAPERR), si_addr=0x0000000004001778

Registers:
RAX=0x00007f703c0008c0, RBX=0x0000000004000e10, RCX=0x00007f70545446e8, RDX=0x00007f70545446e4
RSP=0x00007f7054544680, RBP=0x00007f704c9d6e12, RSI=0x00007f704c9d6e12, RDI=0x0000000004000e10
R8 =0x00007f70545446ec, R9 =0x0000000000000000, R10=0x00007f7061c0cfa8, R11=0x00007f706188cc80
R12=0x0000000000000000, R13=0x00007f704c9d6e12, R14=0x00007f703c0008c0, R15=0x0000000000000000
RIP=0x00007f704f004c58, EFLAGS=0x0000000000010202, CSGSFS=0x0000000000000033, ERR=0x0000000000000004
  TRAPNO=0x000000000000000e

Top of Stack: (sp=0x00007f7054544680)
0x00007f7054544680:   00007f706185f790 00007f706244d548
0x00007f7054544690:   0000000000000000 00007f7061823f50
0x00007f70545446a0:   00000000ffffffff 0000000004000e10
0x00007f70545446b0:   00007f704c9d6e12 0000000000000000
0x00007f70545446c0:   00007f704c9d6e12 00007f703c0008c0
0x00007f70545446d0:   0000000000000000 00007f704eff8c55
0x00007f70545446e0:   00007f706246a048 00007f704cb0ec60
0x00007f70545446f0:   00007f704cb0ec60 0000000004000e10
0x00007f7054544700:   00007f700400ef00 00007f704f31202b
0x00007f7054544710:   00007f706185f790 000000110000002a
0x00007f7054544720:   00007f70545447a0 0000000000000000
0x00007f7054544730:   00007f70545447a0 0000000004000e10
0x00007f7054544740:   0000000000000000 00007f706246a048
0x00007f7054544750:   00007f704cb28490 00007f704c982fd9
0x00007f7054544760:   0000000000000000 000000000000002a
0x00007f7054544770:   00007f70545447a0 00007f70545447c0
0x00007f7054544780:   0000000000000000 00007f706246a048
0x00007f7054544790:   00007f7000012f60 00007f704c9776e2
0x00007f70545447a0:   00007f7054544980 00007f704c9d6d81
0x00007f70545447b0:   00007f7054544980 00007f706225692d
0x00007f70545447c0:   00007f706246b2c8 00007f706246b858
0x00007f70545447d0:   00007f7062468b50 00007f705c007330
0x00007f70545447e0:   00007f705c007e40 00007f705c0077e0
0x00007f70545447f0:   00007f705c008340 00007f705c00d200
0x00007f7054544800:   00007f705c237f70 00007f705c238410
0x00007f7054544810:   00007f705c327a00 00007f705c326e10
0x00007f7054544820:   00007f705c33ba80 00007f705c35c1e0
0x00007f7054544830:   00007f705c35bd10 00007f705c180ba0
0x00007f7054544840:   00007f705c182680 00007f705c182180
0x00007f7054544850:   00007f705c17eed0 00007f705c0020f0
0x00007f7054544860:   00007f705c001a70 0000000001da34d0
0x00007f7054544870:   00007f705c382ab0 00007f705c181c70 

Instructions: (pc=0x00007f704f004c58)
0x00007f704f004c38:   24 d8 48 89 fb 4c 89 64 24 e0 4c 89 6c 24 e8 48
0x00007f704f004c48:   89 f5 4c 89 74 24 f0 4c 89 7c 24 f8 48 83 ec 58
0x00007f704f004c58:   48 8b 87 68 09 00 00 49 89 d4 49 89 cd 4d 89 c6
0x00007f704f004c68:   48 85 c0 74 02 ff 10 ba 08 00 00 00 be 62 00 00 

Register to memory mapping:

RAX=0x00007f703c0008c0 is an unknown value
RBX=0x0000000004000e10 is an unknown value
RCX=0x00007f70545446e8 is an unknown value
RDX=0x00007f70545446e4 is an unknown value
RSP=0x00007f7054544680 is an unknown value
RBP=0x00007f704c9d6e12: <offset 0x92e12> in /usr/lib/libGL.so.1 at 0x00007f704c944000
RSI=0x00007f704c9d6e12: <offset 0x92e12> in /usr/lib/libGL.so.1 at 0x00007f704c944000
RDI=0x0000000004000e10 is an unknown value
R8 =0x00007f70545446ec is an unknown value
R9 =0x0000000000000000 is an unknown value
R10=0x00007f7061c0cfa8: <offset 0x3bbfa8> in /lib/x86_64-linux-gnu/libc.so.6 at 0x00007f7061851000
R11=0x00007f706188cc80: __cxa_finalize+0 in /lib/x86_64-linux-gnu/libc.so.6 at 0x00007f7061851000
R12=0x0000000000000000 is an unknown value
R13=0x00007f704c9d6e12: <offset 0x92e12> in /usr/lib/libGL.so.1 at 0x00007f704c944000
R14=0x00007f703c0008c0 is an unknown value
R15=0x0000000000000000 is an unknown value


Stack: [0x00007f7054445000,0x00007f7054546000],  sp=0x00007f7054544680,  free space=1021k
Native frames: (J=compiled Java code, j=interpreted, Vv=VM code, C=native code)
C  [libX11.so.6+0x33c58]  XQueryExtension+0x28

VM_Operation (0x00007f704d08de00): Exit, mode: safepoint, requested by thread 0x00007f705c379000


---------------  P R O C E S S  ---------------

Java Threads: ( => current thread )
  0x00007f705c009000 JavaThread "DestroyJavaVM" [_thread_blocked, id=6895, stack(0x00007f7062349000,0x00007f706244a000)]
  0x00007f705c3f6800 JavaThread "Timer-0" [_thread_blocked, id=6923, stack(0x00007f704d851000,0x00007f704d952000)]
  0x00007f705c379000 JavaThread "AWT-EventQueue-0" [_thread_blocked, id=6921, stack(0x00007f704cf90000,0x00007f704d091000)]
  0x00007f705c377800 JavaThread "AWT-Shutdown" [_thread_blocked, id=6920, stack(0x00007f704d091000,0x00007f704d192000)]
  0x00007f705c307000 JavaThread "process reaper" daemon [_thread_blocked, id=6914, stack(0x00007f706000c000,0x00007f7060034000)]
  0x00007f705c247000 JavaThread "AWT-XAWT" daemon [_thread_blocked, id=6910, stack(0x00007f704dd79000,0x00007f704de7a000)]
  0x00007f705c205800 JavaThread "Java2D Disposer" daemon [_thread_blocked, id=6909, stack(0x00007f704e28a000,0x00007f704e38b000)]
  0x00007f705c0f0000 JavaThread "Service Thread" daemon [_thread_blocked, id=6906, stack(0x00007f704fb3e000,0x00007f704fc3f000)]
  0x00007f705c0ee000 JavaThread "C2 CompilerThread1" daemon [_thread_blocked, id=6905, stack(0x00007f704fc3f000,0x00007f704fd40000)]
  0x00007f705c0eb000 JavaThread "C2 CompilerThread0" daemon [_thread_blocked, id=6904, stack(0x00007f7054041000,0x00007f7054142000)]
  0x00007f705c0e8800 JavaThread "Signal Dispatcher" daemon [_thread_blocked, id=6903, stack(0x00007f7054142000,0x00007f7054243000)]
  0x00007f705c09b800 JavaThread "Finalizer" daemon [_thread_blocked, id=6902, stack(0x00007f7054243000,0x00007f7054344000)]
  0x00007f705c099800 JavaThread "Reference Handler" daemon [_thread_blocked, id=6901, stack(0x00007f7054344000,0x00007f7054445000)]

Other Threads:
=>0x00007f705c092000 VMThread [stack: 0x00007f7054445000,0x00007f7054546000] [id=6900]

VM state:at safepoint (shutting down)

VM Mutex/Monitor currently owned by a thread:  ([mutex/lock_event])
[0x00007f705c005500] Threads_lock - owner thread: 0x00007f705c092000

Heap
 PSYoungGen      total 17792K, used 15828K [0x00000000ec200000, 0x00000000ed5d0000, 0x0000000100000000)
  eden space 15296K, 87% used [0x00000000ec200000,0x00000000ecf08550,0x00000000ed0f0000)
  from space 2496K, 99% used [0x00000000ed0f0000,0x00000000ed35cdc0,0x00000000ed360000)
  to   space 2496K, 0% used [0x00000000ed360000,0x00000000ed360000,0x00000000ed5d0000)
 ParOldGen       total 40704K, used 1175K [0x00000000c4600000, 0x00000000c6dc0000, 0x00000000ec200000)
  object space 40704K, 2% used [0x00000000c4600000,0x00000000c4725e10,0x00000000c6dc0000)
 PSPermGen       total 21248K, used 16177K [0x00000000bf400000, 0x00000000c08c0000, 0x00000000c4600000)
  object space 21248K, 76% used [0x00000000bf400000,0x00000000c03cc5e0,0x00000000c08c0000)

Card table byte_map: [0x00007f70583a2000,0x00007f70585a9000] byte_map_base: 0x00007f7057da8000

Polling page: 0x00007f7062466000

Code Cache  [0x00007f70585a9000, 0x00007f7058819000, 0x00007f705b5a9000)
 total_blobs=844 nmethods=118 adapters=678 free_code_cache=48230Kb largest_free_block=49368448

Compilation events (10 events):
Event: 8,645 Thread 0x00007f705c0eb000 nmethod 107 0x00007f7058675150 code [0x00007f70586752a0, 0x00007f70586753a8]
Event: 8,645 Thread 0x00007f705c0eb000  109             jogamp.opengl.gl4.GL4bcImpl::glColor3f (43 bytes)
Event: 8,646 Thread 0x00007f705c0eb000 nmethod 109 0x00007f7058690150 code [0x00007f70586902a0, 0x00007f70586903a8]
Event: 8,646 Thread 0x00007f705c0eb000  111             jogamp.opengl.gl4.GL4bcImpl::glBegin (42 bytes)
Event: 8,647 Thread 0x00007f705c0eb000 nmethod 111 0x00007f705868f0d0 code [0x00007f705868f220, 0x00007f705868f308]
Event: 8,648 Thread 0x00007f705c0eb000  113             jogamp.opengl.gl4.GL4bcImpl::glEnd (42 bytes)
Event: 8,649 Thread 0x00007f705c0eb000 nmethod 113 0x00007f7058691d90 code [0x00007f7058691ee0, 0x00007f7058691fc8]
Event: 8,651 Thread 0x00007f705c0ee000 nmethod 104 0x00007f7058690590 code [0x00007f7058690780, 0x00007f70586911b8]
Event: 9,487 Thread 0x00007f705c0eb000  116             java.util.HashMap::get (29 bytes)
Event: 9,493 Thread 0x00007f705c0eb000 nmethod 116 0x00007f7058692390 code [0x00007f7058692500, 0x00007f7058692708]

GC Heap History (2 events):
Event: 1,159 GC heap before
{Heap before GC invocations=1 (full 0):
 PSYoungGen      total 17792K, used 15296K [0x00000000ec200000, 0x00000000ed5d0000, 0x0000000100000000)
  eden space 15296K, 100% used [0x00000000ec200000,0x00000000ed0f0000,0x00000000ed0f0000)
  from space 2496K, 0% used [0x00000000ed360000,0x00000000ed360000,0x00000000ed5d0000)
  to   space 2496K, 0% used [0x00000000ed0f0000,0x00000000ed0f0000,0x00000000ed360000)
 ParOldGen       total 40704K, used 0K [0x00000000c4600000, 0x00000000c6dc0000, 0x00000000ec200000)
  object space 40704K, 0% used [0x00000000c4600000,0x00000000c4600000,0x00000000c6dc0000)
 PSPermGen       total 21248K, used 14220K [0x00000000bf400000, 0x00000000c08c0000, 0x00000000c4600000)
  object space 21248K, 66% used [0x00000000bf400000,0x00000000c01e3358,0x00000000c08c0000)
Event: 1,169 GC heap after
Heap after GC invocations=1 (full 0):
 PSYoungGen      total 17792K, used 2483K [0x00000000ec200000, 0x00000000ed5d0000, 0x0000000100000000)
  eden space 15296K, 0% used [0x00000000ec200000,0x00000000ec200000,0x00000000ed0f0000)
  from space 2496K, 99% used [0x00000000ed0f0000,0x00000000ed35cdc0,0x00000000ed360000)
  to   space 2496K, 0% used [0x00000000ed360000,0x00000000ed360000,0x00000000ed5d0000)
 ParOldGen       total 40704K, used 1175K [0x00000000c4600000, 0x00000000c6dc0000, 0x00000000ec200000)
  object space 40704K, 2% used [0x00000000c4600000,0x00000000c4725e10,0x00000000c6dc0000)
 PSPermGen       total 21248K, used 14220K [0x00000000bf400000, 0x00000000c08c0000, 0x00000000c4600000)
  object space 21248K, 66% used [0x00000000bf400000,0x00000000c01e3358,0x00000000c08c0000)
}

Deoptimization events (10 events):
Event: 0,989 Thread 0x00007f705c009000 Uncommon trap -58 fr.pc 0x00007f70586580d0
Event: 0,989 Thread 0x00007f705c009000 Uncommon trap -58 fr.pc 0x00007f70586580d0
Event: 0,989 Thread 0x00007f705c009000 Uncommon trap -58 fr.pc 0x00007f70586580d0
Event: 0,989 Thread 0x00007f705c009000 Uncommon trap -58 fr.pc 0x00007f70586580d0
Event: 1,154 Thread 0x00007f705c379000 Uncommon trap -83 fr.pc 0x00007f705865d284
Event: 4,220 Thread 0x00007f705c379000 Uncommon trap -42 fr.pc 0x00007f7058670534
Event: 4,220 Thread 0x00007f705c379000 Uncommon trap -42 fr.pc 0x00007f7058670534
Event: 4,220 Thread 0x00007f705c379000 Uncommon trap -42 fr.pc 0x00007f7058670534
Event: 4,220 Thread 0x00007f705c379000 Uncommon trap -42 fr.pc 0x00007f7058670534
Event: 9,540 Thread 0x00007f705c379000 Uncommon trap -83 fr.pc 0x00007f70586926b4

Internal exceptions (10 events):
Event: 1,221 Thread 0x00007f705c379000 Threw 0x00000000ec39ac38 at /HUDSON/workspace/jdk7u9-2-build-linux-amd64-product/jdk7u9/hotspot/src/share/vm/prims/jvm.cpp:1166
Event: 1,221 Thread 0x00007f705c379000 Threw 0x00000000ec39ef48 at /HUDSON/workspace/jdk7u9-2-build-linux-amd64-product/jdk7u9/hotspot/src/share/vm/prims/jvm.cpp:1166
Event: 1,222 Thread 0x00007f705c379000 Threw 0x00000000ec3a4090 at /HUDSON/workspace/jdk7u9-2-build-linux-amd64-product/jdk7u9/hotspot/src/share/vm/prims/jvm.cpp:1166
Event: 1,223 Thread 0x00007f705c379000 Threw 0x00000000ec3ad410 at /HUDSON/workspace/jdk7u9-2-build-linux-amd64-product/jdk7u9/hotspot/src/share/vm/prims/jvm.cpp:1166
Event: 1,232 Thread 0x00007f705c379000 Threw 0x00000000ec3b5f10 at /HUDSON/workspace/jdk7u9-2-build-linux-amd64-product/jdk7u9/hotspot/src/share/vm/runtime/reflection.cpp
Event: 1,233 Thread 0x00007f705c379000 Threw 0x00000000ec3b6520 at /HUDSON/workspace/jdk7u9-2-build-linux-amd64-product/jdk7u9/hotspot/src/share/vm/runtime/reflection.cpp
Event: 1,236 Thread 0x00007f705c379000 Threw 0x00000000ec3bb790 at /HUDSON/workspace/jdk7u9-2-build-linux-amd64-product/jdk7u9/hotspot/src/share/vm/runtime/reflection.cpp
Event: 1,347 Thread 0x00007f705c379000 Threw 0x00000000ec46c178 at /HUDSON/workspace/jdk7u9-2-build-linux-amd64-product/jdk7u9/hotspot/src/share/vm/prims/jni.cpp:742
Event: 9,540 Thread 0x00007f705c379000 Implicit null exception at 0x00007f7058692525 to 0x00007f70586926a5
Event: 9,541 Thread 0x00007f700014a800 Threw 0x00000000ecea1488 at /HUDSON/workspace/jdk7u9-2-build-linux-amd64-product/jdk7u9/hotspot/src/share/vm/prims/jvm.cpp:1166

Events (10 events):
Event: 9,543 loading class 0x00007f705c220cf0 done
Event: 9,543 loading class 0x00007f705c0a5bc0
Event: 9,543 loading class 0x00007f705c0a5bc0 done
Event: 9,544 loading class 0x00007f705c324970
Event: 9,545 loading class 0x00007f705c324970 done
Event: 9,545 Thread 0x00007f7000485800 Thread exited: 0x00007f7000485800
Event: 9,547 Thread 0x00007f700049e000 Thread exited: 0x00007f700049e000
Event: 9,580 Thread 0x00007f705c3ea800 Thread exited: 0x00007f705c3ea800
Event: 9,581 Thread 0x00007f700014a800 Thread exited: 0x00007f700014a800
Event: 9,581 Executing VM operation: Exit


Dynamic libraries:
00400000-00401000 r-xp 00000000 08:06 1967722                            /usr/lib/jvm/java-7-oracle/bin/java
00600000-00601000 rw-p 00000000 08:06 1967722                            /usr/lib/jvm/java-7-oracle/bin/java
01da3000-01dc4000 rw-p 00000000 00:00 0                                  [heap]
bf400000-c08c0000 rw-p 00000000 00:00 0 
c08c0000-c4600000 rw-p 00000000 00:00 0 
c4600000-c6dc0000 rw-p 00000000 00:00 0 
c6dc0000-ec200000 rw-p 00000000 00:00 0 
ec200000-ed5d0000 rw-p 00000000 00:00 0 
ed5d0000-100000000 rw-p 00000000 00:00 0 
7f6ff0000000-7f6ff0021000 rw-p 00000000 00:00 0 
7f6ff0021000-7f6ff4000000 ---p 00000000 00:00 0 
7f6ff7eff000-7f6ff7f02000 ---p 00000000 00:00 0 
7f6ff7f02000-7f6ff8000000 rw-p 00000000 00:00 0 
7f6ff8000000-7f6ff8021000 rw-p 00000000 00:00 0 
7f6ff8021000-7f6ffc000000 ---p 00000000 00:00 0 
7f6ffc000000-7f6ffc021000 rw-p 00000000 00:00 0 
7f6ffc021000-7f7000000000 ---p 00000000 00:00 0 
7f7000000000-7f70006a9000 rw-p 00000000 00:00 0 
7f70006a9000-7f7004000000 ---p 00000000 00:00 0 
7f7004000000-7f7004dad000 rw-p 00000000 00:00 0 
7f7004dad000-7f7008000000 ---p 00000000 00:00 0 
7f7008000000-7f7008472000 rw-p 00000000 00:00 0 
7f7008472000-7f700c000000 ---p 00000000 00:00 0 
7f700c000000-7f700c021000 rw-p 00000000 00:00 0 
7f700c021000-7f7010000000 ---p 00000000 00:00 0 
7f7010000000-7f7010021000 rw-p 00000000 00:00 0 
7f7010021000-7f7014000000 ---p 00000000 00:00 0 
7f7014000000-7f7014021000 rw-p 00000000 00:00 0 
7f7014021000-7f7018000000 ---p 00000000 00:00 0 
7f7018000000-7f7018021000 rw-p 00000000 00:00 0 
7f7018021000-7f701c000000 ---p 00000000 00:00 0 
7f701c000000-7f701c021000 rw-p 00000000 00:00 0 
7f701c021000-7f7020000000 ---p 00000000 00:00 0 
7f7020000000-7f7020251000 rw-p 00000000 00:00 0 
7f7020251000-7f7024000000 ---p 00000000 00:00 0 
7f7024000000-7f7024021000 rw-p 00000000 00:00 0 
7f7024021000-7f7028000000 ---p 00000000 00:00 0 
7f7028000000-7f7028021000 rw-p 00000000 00:00 0 
7f7028021000-7f702c000000 ---p 00000000 00:00 0 
7f702c000000-7f702d368000 rw-p 00000000 00:00 0 
7f702d368000-7f7030000000 ---p 00000000 00:00 0 
7f7030000000-7f7030021000 rw-p 00000000 00:00 0 
7f7030021000-7f7034000000 ---p 00000000 00:00 0 
7f7034000000-7f7034021000 rw-p 00000000 00:00 0 
7f7034021000-7f7038000000 ---p 00000000 00:00 0 
7f7038000000-7f7038021000 rw-p 00000000 00:00 0 
7f7038021000-7f703c000000 ---p 00000000 00:00 0 
7f703c000000-7f703c021000 rw-p 00000000 00:00 0 
7f703c021000-7f7040000000 ---p 00000000 00:00 0 
7f7040000000-7f7040021000 rw-p 00000000 00:00 0 
7f7040021000-7f7044000000 ---p 00000000 00:00 0 
7f70454e0000-7f70454e3000 ---p 00000000 00:00 0 
7f70454e3000-7f70455e1000 rw-p 00000000 00:00 0 
7f70455e1000-7f7045ce1000 rw-s 00006000 00:05 8784                       /dev/ati/card0
7f7045ce1000-7f7047c7f000 r-xp 00000000 08:06 10092955                   /usr/lib/x86_64-linux-gnu/dri/fglrx_dri.so
7f7047c7f000-7f7047d7e000 ---p 01f9e000 08:06 10092955                   /usr/lib/x86_64-linux-gnu/dri/fglrx_dri.so
7f7047d7e000-7f7047ecc000 rwxp 01f9d000 08:06 10092955                   /usr/lib/x86_64-linux-gnu/dri/fglrx_dri.so
7f7047ecc000-7f7048000000 rwxp 00000000 00:00 0 
7f7048000000-7f7048021000 rw-p 00000000 00:00 0 
7f7048021000-7f704c000000 ---p 00000000 00:00 0 
7f704c040000-7f704c043000 ---p 00000000 00:00 0 
7f704c043000-7f704c141000 rw-p 00000000 00:00 0 
7f704c141000-7f704c18d000 r-xp 00000000 08:06 9961632                    /usr/lib/libatiadlxx.so
7f704c18d000-7f704c28d000 ---p 0004c000 08:06 9961632                    /usr/lib/libatiadlxx.so
7f704c28d000-7f704c298000 rw-p 0004c000 08:06 9961632                    /usr/lib/libatiadlxx.so
7f704c298000-7f704c2a8000 rw-p 00000000 00:00 0 
7f704c2a8000-7f704c2aa000 r-xp 00000000 08:06 9965233                    /usr/lib/x86_64-linux-gnu/libXinerama.so.1.0.0
7f704c2aa000-7f704c4a9000 ---p 00002000 08:06 9965233                    /usr/lib/x86_64-linux-gnu/libXinerama.so.1.0.0
7f704c4a9000-7f704c4aa000 r--p 00001000 08:06 9965233                    /usr/lib/x86_64-linux-gnu/libXinerama.so.1.0.0
7f704c4aa000-7f704c4ab000 rw-p 00002000 08:06 9965233                    /usr/lib/x86_64-linux-gnu/libXinerama.so.1.0.0
7f704c4ab000-7f704c4ae000 ---p 00000000 00:00 0 
7f704c4ae000-7f704c5ac000 rw-p 00000000 00:00 0 
7f704c5ac000-7f704c639000 r-xp 00000000 08:06 4456535                    /tmp/jogamp_0000/file_cache/jln5302821525683627846/jln8441768039485587254/libjogl_desktop.so
7f704c639000-7f704c839000 ---p 0008d000 08:06 4456535                    /tmp/jogamp_0000/file_cache/jln5302821525683627846/jln8441768039485587254/libjogl_desktop.so
7f704c839000-7f704c83a000 r--p 0008d000 08:06 4456535                    /tmp/jogamp_0000/file_cache/jln5302821525683627846/jln8441768039485587254/libjogl_desktop.so
7f704c83a000-7f704c83b000 rw-p 0008e000 08:06 4456535                    /tmp/jogamp_0000/file_cache/jln5302821525683627846/jln8441768039485587254/libjogl_desktop.so
7f704c83b000-7f704c842000 r-xp 00000000 08:06 9961665                    /usr/lib/libatiuki.so.1.0
7f704c842000-7f704c942000 ---p 00007000 08:06 9961665                    /usr/lib/libatiuki.so.1.0
7f704c942000-7f704c943000 rw-p 00007000 08:06 9961665                    /usr/lib/libatiuki.so.1.0
7f704c943000-7f704c944000 rw-p 00000000 00:00 0 
7f704c944000-7f704ca02000 r-xp 00000000 08:06 9961708                    /usr/lib/fglrx/fglrx-libGL.so.1.2
7f704ca02000-7f704cb02000 ---p 000be000 08:06 9961708                    /usr/lib/fglrx/fglrx-libGL.so.1.2
7f704cb02000-7f704cb29000 rwxp 000be000 08:06 9961708                    /usr/lib/fglrx/fglrx-libGL.so.1.2
7f704cb29000-7f704cb48000 rwxp 00000000 00:00 0 
7f704cb48000-7f704cb4c000 r-xp 00000000 08:06 9969743                    /usr/lib/x86_64-linux-gnu/libXxf86vm.so.1.0.0
7f704cb4c000-7f704cd4b000 ---p 00004000 08:06 9969743                    /usr/lib/x86_64-linux-gnu/libXxf86vm.so.1.0.0
7f704cd4b000-7f704cd4c000 r--p 00003000 08:06 9969743                    /usr/lib/x86_64-linux-gnu/libXxf86vm.so.1.0.0
7f704cd4c000-7f704cd4d000 rw-p 00004000 08:06 9969743                    /usr/lib/x86_64-linux-gnu/libXxf86vm.so.1.0.0
7f704cd66000-7f704cd6c000 r-xp 00000000 08:06 4456559                    /tmp/jogamp_0000/file_cache/jln5302821525683627846/jln8441768039485587254/libnativewindow_x11.so
7f704cd6c000-7f704cf6b000 ---p 00006000 08:06 4456559                    /tmp/jogamp_0000/file_cache/jln5302821525683627846/jln8441768039485587254/libnativewindow_x11.so
7f704cf6b000-7f704cf6c000 r--p 00005000 08:06 4456559                    /tmp/jogamp_0000/file_cache/jln5302821525683627846/jln8441768039485587254/libnativewindow_x11.so
7f704cf6c000-7f704cf6d000 rw-p 00006000 08:06 4456559                    /tmp/jogamp_0000/file_cache/jln5302821525683627846/jln8441768039485587254/libnativewindow_x11.so
7f704cf90000-7f704cf93000 ---p 00000000 00:00 0 
7f704cf93000-7f704d091000 rw-p 00000000 00:00 0 
7f704d091000-7f704d094000 ---p 00000000 00:00 0 
7f704d094000-7f704d192000 rw-p 00000000 00:00 0 
7f704d192000-7f704d194000 r-xp 00000000 08:06 4456558                    /tmp/jogamp_0000/file_cache/jln5302821525683627846/jln8441768039485587254/libnativewindow_awt.so
7f704d194000-7f704d393000 ---p 00002000 08:06 4456558                    /tmp/jogamp_0000/file_cache/jln5302821525683627846/jln8441768039485587254/libnativewindow_awt.so
7f704d393000-7f704d394000 r--p 00001000 08:06 4456558                    /tmp/jogamp_0000/file_cache/jln5302821525683627846/jln8441768039485587254/libnativewindow_awt.so
7f704d394000-7f704d395000 rw-p 00002000 08:06 4456558                    /tmp/jogamp_0000/file_cache/jln5302821525683627846/jln8441768039485587254/libnativewindow_awt.so
7f704d395000-7f704d396000 r-xp 00000000 08:06 1967578                    /usr/lib/jvm/java-7-oracle/jre/lib/amd64/libjawt.so
7f704d396000-7f704d595000 ---p 00001000 08:06 1967578                    /usr/lib/jvm/java-7-oracle/jre/lib/amd64/libjawt.so
7f704d595000-7f704d596000 rw-p 00000000 08:06 1967578                    /usr/lib/jvm/java-7-oracle/jre/lib/amd64/libjawt.so
7f704d62e000-7f704d64e000 rw-s f0020000 00:05 8784                       /dev/ati/card0
7f704d64e000-7f704d650000 r-xp 00000000 08:06 4456531                    /tmp/jogamp_0000/file_cache/jln5302821525683627846/jln8441768039485587254/libgluegen-rt.so
7f704d650000-7f704d84f000 ---p 00002000 08:06 4456531                    /tmp/jogamp_0000/file_cache/jln5302821525683627846/jln8441768039485587254/libgluegen-rt.so
7f704d84f000-7f704d850000 r--p 00001000 08:06 4456531                    /tmp/jogamp_0000/file_cache/jln5302821525683627846/jln8441768039485587254/libgluegen-rt.so
7f704d850000-7f704d851000 rw-p 00002000 08:06 4456531                    /tmp/jogamp_0000/file_cache/jln5302821525683627846/jln8441768039485587254/libgluegen-rt.so
7f704d851000-7f704d854000 ---p 00000000 00:00 0 
7f704d854000-7f704d952000 rw-p 00000000 00:00 0 
7f704d952000-7f704d962000 r-xp 00000000 08:06 1967585                    /usr/lib/jvm/java-7-oracle/jre/lib/amd64/libnio.so
7f704d962000-7f704db62000 ---p 00010000 08:06 1967585                    /usr/lib/jvm/java-7-oracle/jre/lib/amd64/libnio.so
7f704db62000-7f704db63000 rw-p 00010000 08:06 1967585                    /usr/lib/jvm/java-7-oracle/jre/lib/amd64/libnio.so
7f704db63000-7f704db78000 r-xp 00000000 08:06 1967604                    /usr/lib/jvm/java-7-oracle/jre/lib/amd64/libnet.so
7f704db78000-7f704dd78000 ---p 00015000 08:06 1967604                    /usr/lib/jvm/java-7-oracle/jre/lib/amd64/libnet.so
7f704dd78000-7f704dd79000 rw-p 00015000 08:06 1967604                    /usr/lib/jvm/java-7-oracle/jre/lib/amd64/libnet.so
7f704dd79000-7f704dd7c000 ---p 00000000 00:00 0 
7f704dd7c000-7f704de7a000 rw-p 00000000 00:00 0 
7f704de7a000-7f704de7f000 r-xp 00000000 08:06 9962178                    /usr/lib/x86_64-linux-gnu/libXfixes.so.3.1.0
7f704de7f000-7f704e07e000 ---p 00005000 08:06 9962178                    /usr/lib/x86_64-linux-gnu/libXfixes.so.3.1.0
7f704e07e000-7f704e07f000 r--p 00004000 08:06 9962178                    /usr/lib/x86_64-linux-gnu/libXfixes.so.3.1.0
7f704e07f000-7f704e080000 rw-p 00005000 08:06 9962178                    /usr/lib/x86_64-linux-gnu/libXfixes.so.3.1.0
7f704e080000-7f704e089000 r-xp 00000000 08:06 9967225                    /usr/lib/x86_64-linux-gnu/libXcursor.so.1.0.2
7f704e089000-7f704e288000 ---p 00009000 08:06 9967225                    /usr/lib/x86_64-linux-gnu/libXcursor.so.1.0.2
7f704e288000-7f704e289000 r--p 00008000 08:06 9967225                    /usr/lib/x86_64-linux-gnu/libXcursor.so.1.0.2
7f704e289000-7f704e28a000 rw-p 00009000 08:06 9967225                    /usr/lib/x86_64-linux-gnu/libXcursor.so.1.0.2
7f704e28a000-7f704e28d000 ---p 00000000 00:00 0 
7f704e28d000-7f704e38b000 rw-p 00000000 00:00 0 
7f704e38b000-7f704e390000 r-xp 00000000 08:06 9962011                    /usr/lib/x86_64-linux-gnu/libXdmcp.so.6.0.0
7f704e390000-7f704e58f000 ---p 00005000 08:06 9962011                    /usr/lib/x86_64-linux-gnu/libXdmcp.so.6.0.0
7f704e58f000-7f704e590000 r--p 00004000 08:06 9962011                    /usr/lib/x86_64-linux-gnu/libXdmcp.so.6.0.0
7f704e590000-7f704e591000 rw-p 00005000 08:06 9962011                    /usr/lib/x86_64-linux-gnu/libXdmcp.so.6.0.0
7f704e591000-7f704e593000 r-xp 00000000 08:06 9963502                    /usr/lib/x86_64-linux-gnu/libXau.so.6.0.0
7f704e593000-7f704e792000 ---p 00002000 08:06 9963502                    /usr/lib/x86_64-linux-gnu/libXau.so.6.0.0
7f704e792000-7f704e793000 r--p 00001000 08:06 9963502                    /usr/lib/x86_64-linux-gnu/libXau.so.6.0.0
7f704e793000-7f704e794000 rw-p 00002000 08:06 9963502                    /usr/lib/x86_64-linux-gnu/libXau.so.6.0.0
7f704e794000-7f704e7b1000 r-xp 00000000 08:06 9963508                    /usr/lib/x86_64-linux-gnu/libxcb.so.1.1.0
7f704e7b1000-7f704e9b0000 ---p 0001d000 08:06 9963508                    /usr/lib/x86_64-linux-gnu/libxcb.so.1.1.0
7f704e9b0000-7f704e9b1000 r--p 0001c000 08:06 9963508                    /usr/lib/x86_64-linux-gnu/libxcb.so.1.1.0
7f704e9b1000-7f704e9b2000 rw-p 0001d000 08:06 9963508                    /usr/lib/x86_64-linux-gnu/libxcb.so.1.1.0
7f704e9b2000-7f704e9c0000 r-xp 00000000 08:06 9961805                    /usr/lib/x86_64-linux-gnu/libXi.so.6.1.0
7f704e9c0000-7f704ebbf000 ---p 0000e000 08:06 9961805                    /usr/lib/x86_64-linux-gnu/libXi.so.6.1.0
7f704ebbf000-7f704ebc0000 r--p 0000d000 08:06 9961805                    /usr/lib/x86_64-linux-gnu/libXi.so.6.1.0
7f704ebc0000-7f704ebc1000 rw-p 0000e000 08:06 9961805                    /usr/lib/x86_64-linux-gnu/libXi.so.6.1.0
7f704ebc1000-7f704ebc6000 r-xp 00000000 08:06 9962629                    /usr/lib/x86_64-linux-gnu/libXtst.so.6.1.0
7f704ebc6000-7f704edc5000 ---p 00005000 08:06 9962629                    /usr/lib/x86_64-linux-gnu/libXtst.so.6.1.0
7f704edc5000-7f704edc6000 r--p 00004000 08:06 9962629                    /usr/lib/x86_64-linux-gnu/libXtst.so.6.1.0
7f704edc6000-7f704edc7000 rw-p 00005000 08:06 9962629                    /usr/lib/x86_64-linux-gnu/libXtst.so.6.1.0
7f704edc7000-7f704edd0000 r-xp 00000000 08:06 9963780                    /usr/lib/x86_64-linux-gnu/libXrender.so.1.3.0
7f704edd0000-7f704efcf000 ---p 00009000 08:06 9963780                    /usr/lib/x86_64-linux-gnu/libXrender.so.1.3.0
7f704efcf000-7f704efd0000 r--p 00008000 08:06 9963780                    /usr/lib/x86_64-linux-gnu/libXrender.so.1.3.0
7f704efd0000-7f704efd1000 rw-p 00009000 08:06 9963780                    /usr/lib/x86_64-linux-gnu/libXrender.so.1.3.0
7f704efd1000-7f704f100000 r-xp 00000000 08:06 9963828                    /usr/lib/x86_64-linux-gnu/libX11.so.6.3.0
7f704f100000-7f704f300000 ---p 0012f000 08:06 9963828                    /usr/lib/x86_64-linux-gnu/libX11.so.6.3.0
7f704f300000-7f704f301000 r--p 0012f000 08:06 9963828                    /usr/lib/x86_64-linux-gnu/libX11.so.6.3.0
7f704f301000-7f704f305000 rw-p 00130000 08:06 9963828                    /usr/lib/x86_64-linux-gnu/libX11.so.6.3.0
7f704f305000-7f704f315000 r-xp 00000000 08:06 9961497                    /usr/lib/x86_64-linux-gnu/libXext.so.6.4.0
7f704f315000-7f704f514000 ---p 00010000 08:06 9961497                    /usr/lib/x86_64-linux-gnu/libXext.so.6.4.0
7f704f514000-7f704f515000 r--p 0000f000 08:06 9961497                    /usr/lib/x86_64-linux-gnu/libXext.so.6.4.0
7f704f515000-7f704f516000 rw-p 00010000 08:06 9961497                    /usr/lib/x86_64-linux-gnu/libXext.so.6.4.0
7f704f516000-7f704f566000 r-xp 00000000 08:06 1967618                    /usr/lib/jvm/java-7-oracle/jre/lib/amd64/xawt/libmawt.so
7f704f566000-7f704f766000 ---p 00050000 08:06 1967618                    /usr/lib/jvm/java-7-oracle/jre/lib/amd64/xawt/libmawt.so
7f704f766000-7f704f76a000 rw-p 00050000 08:06 1967618                    /usr/lib/jvm/java-7-oracle/jre/lib/amd64/xawt/libmawt.so
7f704f76a000-7f704f76b000 rw-p 00000000 00:00 0 
7f704f76b000-7f704f80d000 r-xp 00000000 08:06 1967615                    /usr/lib/jvm/java-7-oracle/jre/lib/amd64/libawt.so
7f704f80d000-7f704fa0d000 ---p 000a2000 08:06 1967615                    /usr/lib/jvm/java-7-oracle/jre/lib/amd64/libawt.so
7f704fa0d000-7f704fa19000 rw-p 000a2000 08:06 1967615                    /usr/lib/jvm/java-7-oracle/jre/lib/amd64/libawt.so
7f704fa19000-7f704fa3d000 rw-p 00000000 00:00 0 
7f704fa3d000-7f704fa3e000 ---p 00000000 00:00 0 
7f704fa3e000-7f704fb3e000 rw-p 00000000 00:00 0 
7f704fb3e000-7f704fb41000 ---p 00000000 00:00 0 
7f704fb41000-7f704fc3f000 rw-p 00000000 00:00 0 
7f704fc3f000-7f704fc42000 ---p 00000000 00:00 0 
7f704fc42000-7f704fd40000 rw-p 00000000 00:00 0 
7f704fd40000-7f7050000000 r--p 00000000 08:06 9961657                    /usr/lib/locale/locale-archive
7f7050000000-7f7050021000 rw-p 00000000 00:00 0 
7f7050021000-7f7054000000 ---p 00000000 00:00 0 
7f7054010000-7f7054041000 rw-p 00000000 00:00 0 
7f7054041000-7f7054044000 ---p 00000000 00:00 0 
7f7054044000-7f7054142000 rw-p 00000000 00:00 0 
7f7054142000-7f7054145000 ---p 00000000 00:00 0 
7f7054145000-7f7054243000 rw-p 00000000 00:00 0 
7f7054243000-7f7054246000 ---p 00000000 00:00 0 
7f7054246000-7f7054344000 rw-p 00000000 00:00 0 
7f7054344000-7f7054347000 ---p 00000000 00:00 0 
7f7054347000-7f7054445000 rw-p 00000000 00:00 0 
7f7054445000-7f7054446000 ---p 00000000 00:00 0 
7f7054446000-7f705556a000 rw-p 00000000 00:00 0 
7f705556a000-7f7055726000 r--s 039da000 08:06 1967452                    /usr/lib/jvm/java-7-oracle/jre/lib/rt.jar
7f7055726000-7f7057f9e000 rw-p 00000000 00:00 0 
7f7057f9e000-7f7057f9f000 ---p 00000000 00:00 0 
7f7057f9f000-7f705809f000 rw-p 00000000 00:00 0 
7f705809f000-7f70580a0000 ---p 00000000 00:00 0 
7f70580a0000-7f70581a0000 rw-p 00000000 00:00 0 
7f70581a0000-7f70581a1000 ---p 00000000 00:00 0 
7f70581a1000-7f70582a1000 rw-p 00000000 00:00 0 
7f70582a1000-7f70582a2000 ---p 00000000 00:00 0 
7f70582a2000-7f70583ad000 rw-p 00000000 00:00 0 
7f70583ad000-7f70583cb000 rw-p 00000000 00:00 0 
7f70583cb000-7f70583df000 rw-p 00000000 00:00 0 
7f70583df000-7f7058509000 rw-p 00000000 00:00 0 
7f7058509000-7f7058513000 rw-p 00000000 00:00 0 
7f7058513000-7f70585a8000 rw-p 00000000 00:00 0 
7f70585a8000-7f70585a9000 rw-p 00000000 00:00 0 
7f70585a9000-7f7058819000 rwxp 00000000 00:00 0 
7f7058819000-7f705b5a9000 rw-p 00000000 00:00 0 
7f705b5a9000-7f705b5c3000 r-xp 00000000 08:06 1967605                    /usr/lib/jvm/java-7-oracle/jre/lib/amd64/libzip.so
7f705b5c3000-7f705b7c3000 ---p 0001a000 08:06 1967605                    /usr/lib/jvm/java-7-oracle/jre/lib/amd64/libzip.so
7f705b7c3000-7f705b7c4000 rw-p 0001a000 08:06 1967605                    /usr/lib/jvm/java-7-oracle/jre/lib/amd64/libzip.so
7f705b7c4000-7f705b7d0000 r-xp 00000000 08:06 2233934                    /lib/x86_64-linux-gnu/libnss_files-2.15.so
7f705b7d0000-7f705b9cf000 ---p 0000c000 08:06 2233934                    /lib/x86_64-linux-gnu/libnss_files-2.15.so
7f705b9cf000-7f705b9d0000 r--p 0000b000 08:06 2233934                    /lib/x86_64-linux-gnu/libnss_files-2.15.so
7f705b9d0000-7f705b9d1000 rw-p 0000c000 08:06 2233934                    /lib/x86_64-linux-gnu/libnss_files-2.15.so
7f705b9d1000-7f705b9db000 r-xp 00000000 08:06 2233929                    /lib/x86_64-linux-gnu/libnss_nis-2.15.so
7f705b9db000-7f705bbdb000 ---p 0000a000 08:06 2233929                    /lib/x86_64-linux-gnu/libnss_nis-2.15.so
7f705bbdb000-7f705bbdc000 r--p 0000a000 08:06 2233929                    /lib/x86_64-linux-gnu/libnss_nis-2.15.so
7f705bbdc000-7f705bbdd000 rw-p 0000b000 08:06 2233929                    /lib/x86_64-linux-gnu/libnss_nis-2.15.so
7f705bbdd000-7f705bbf4000 r-xp 00000000 08:06 2233945                    /lib/x86_64-linux-gnu/libnsl-2.15.so
7f705bbf4000-7f705bdf3000 ---p 00017000 08:06 2233945                    /lib/x86_64-linux-gnu/libnsl-2.15.so
7f705bdf3000-7f705bdf4000 r--p 00016000 08:06 2233945                    /lib/x86_64-linux-gnu/libnsl-2.15.so
7f705bdf4000-7f705bdf5000 rw-p 00017000 08:06 2233945                    /lib/x86_64-linux-gnu/libnsl-2.15.so
7f705bdf5000-7f705bdf7000 rw-p 00000000 00:00 0 
7f705bdf7000-7f705bdff000 r-xp 00000000 08:06 2233935                    /lib/x86_64-linux-gnu/libnss_compat-2.15.so
7f705bdff000-7f705bffe000 ---p 00008000 08:06 2233935                    /lib/x86_64-linux-gnu/libnss_compat-2.15.so
7f705bffe000-7f705bfff000 r--p 00007000 08:06 2233935                    /lib/x86_64-linux-gnu/libnss_compat-2.15.so
7f705bfff000-7f705c000000 rw-p 00008000 08:06 2233935                    /lib/x86_64-linux-gnu/libnss_compat-2.15.so
7f705c000000-7f705c43d000 rw-p 00000000 00:00 0 
7f705c43d000-7f7060000000 ---p 00000000 00:00 0 
7f7060002000-7f706000c000 r--s 00254000 08:06 1966628                    /usr/lib/jvm/java-7-oracle/jre/lib/resources.jar
7f706000c000-7f706000f000 ---p 00000000 00:00 0 
7f706000f000-7f7060034000 rw-p 00000000 00:00 0 
7f7060034000-7f706003b000 r--s 00000000 08:06 10362198                   /usr/lib/x86_64-linux-gnu/gconv/gconv-modules.cache
7f706003b000-7f7060060000 r--p 00000000 08:06 10359730                   /usr/share/locale-langpack/fr/LC_MESSAGES/libc.mo
7f7060060000-7f7060093000 rw-p 00000000 00:00 0 
7f7060093000-7f70600b1000 rw-p 00000000 00:00 0 
7f70600b1000-7f70600c5000 rw-p 00000000 00:00 0 
7f70600c5000-7f70601ef000 rw-p 00000000 00:00 0 
7f70601ef000-7f7060218000 r-xp 00000000 08:06 1967577                    /usr/lib/jvm/java-7-oracle/jre/lib/amd64/libjava.so
7f7060218000-7f7060418000 ---p 00029000 08:06 1967577                    /usr/lib/jvm/java-7-oracle/jre/lib/amd64/libjava.so
7f7060418000-7f706041a000 rw-p 00029000 08:06 1967577                    /usr/lib/jvm/java-7-oracle/jre/lib/amd64/libjava.so
7f706041a000-7f7060427000 r-xp 00000000 08:06 1967580                    /usr/lib/jvm/java-7-oracle/jre/lib/amd64/libverify.so
7f7060427000-7f7060626000 ---p 0000d000 08:06 1967580                    /usr/lib/jvm/java-7-oracle/jre/lib/amd64/libverify.so
7f7060626000-7f7060628000 rw-p 0000c000 08:06 1967580                    /usr/lib/jvm/java-7-oracle/jre/lib/amd64/libverify.so
7f7060628000-7f706062f000 r-xp 00000000 08:06 2233808                    /lib/x86_64-linux-gnu/librt-2.15.so
7f706062f000-7f706082e000 ---p 00007000 08:06 2233808                    /lib/x86_64-linux-gnu/librt-2.15.so
7f706082e000-7f706082f000 r--p 00006000 08:06 2233808                    /lib/x86_64-linux-gnu/librt-2.15.so
7f706082f000-7f7060830000 rw-p 00007000 08:06 2233808                    /lib/x86_64-linux-gnu/librt-2.15.so
7f7060830000-7f706092b000 r-xp 00000000 08:06 2233931                    /lib/x86_64-linux-gnu/libm-2.15.so
7f706092b000-7f7060b2a000 ---p 000fb000 08:06 2233931                    /lib/x86_64-linux-gnu/libm-2.15.so
7f7060b2a000-7f7060b2b000 r--p 000fa000 08:06 2233931                    /lib/x86_64-linux-gnu/libm-2.15.so
7f7060b2b000-7f7060b2c000 rw-p 000fb000 08:06 2233931                    /lib/x86_64-linux-gnu/libm-2.15.so
7f7060b2c000-7f7061573000 r-xp 00000000 08:06 1967573                    /usr/lib/jvm/java-7-oracle/jre/lib/amd64/server/libjvm.so
7f7061573000-7f7061772000 ---p 00a47000 08:06 1967573                    /usr/lib/jvm/java-7-oracle/jre/lib/amd64/server/libjvm.so
7f7061772000-7f7061816000 rw-p 00a46000 08:06 1967573                    /usr/lib/jvm/java-7-oracle/jre/lib/amd64/server/libjvm.so
7f7061816000-7f7061851000 rw-p 00000000 00:00 0 
7f7061851000-7f7061a06000 r-xp 00000000 08:06 2233802                    /lib/x86_64-linux-gnu/libc-2.15.so
7f7061a06000-7f7061c05000 ---p 001b5000 08:06 2233802                    /lib/x86_64-linux-gnu/libc-2.15.so
7f7061c05000-7f7061c09000 r--p 001b4000 08:06 2233802                    /lib/x86_64-linux-gnu/libc-2.15.so
7f7061c09000-7f7061c0b000 rw-p 001b8000 08:06 2233802                    /lib/x86_64-linux-gnu/libc-2.15.so
7f7061c0b000-7f7061c10000 rw-p 00000000 00:00 0 
7f7061c10000-7f7061c12000 r-xp 00000000 08:06 2233800                    /lib/x86_64-linux-gnu/libdl-2.15.so
7f7061c12000-7f7061e12000 ---p 00002000 08:06 2233800                    /lib/x86_64-linux-gnu/libdl-2.15.so
7f7061e12000-7f7061e13000 r--p 00002000 08:06 2233800                    /lib/x86_64-linux-gnu/libdl-2.15.so
7f7061e13000-7f7061e14000 rw-p 00003000 08:06 2233800                    /lib/x86_64-linux-gnu/libdl-2.15.so
7f7061e14000-7f7061e2a000 r-xp 00000000 08:06 1967609                    /usr/lib/jvm/java-7-oracle/jre/lib/amd64/jli/libjli.so
7f7061e2a000-7f7062029000 ---p 00016000 08:06 1967609                    /usr/lib/jvm/java-7-oracle/jre/lib/amd64/jli/libjli.so
7f7062029000-7f706202a000 rw-p 00015000 08:06 1967609                    /usr/lib/jvm/java-7-oracle/jre/lib/amd64/jli/libjli.so
7f706202a000-7f7062042000 r-xp 00000000 08:06 2233804                    /lib/x86_64-linux-gnu/libpthread-2.15.so
7f7062042000-7f7062241000 ---p 00018000 08:06 2233804                    /lib/x86_64-linux-gnu/libpthread-2.15.so
7f7062241000-7f7062242000 r--p 00017000 08:06 2233804                    /lib/x86_64-linux-gnu/libpthread-2.15.so
7f7062242000-7f7062243000 rw-p 00018000 08:06 2233804                    /lib/x86_64-linux-gnu/libpthread-2.15.so
7f7062243000-7f7062247000 rw-p 00000000 00:00 0 
7f7062247000-7f7062269000 r-xp 00000000 08:06 2233940                    /lib/x86_64-linux-gnu/ld-2.15.so
7f706226a000-7f706226b000 rw-s 00005000 00:05 8784                       /dev/ati/card0
7f706226b000-7f706226d000 rw-s 00002000 00:05 8784                       /dev/ati/card0
7f706226d000-7f706226e000 r--s 00023000 08:11 2207                       /media/DDE-640/IMAC/Projets_Tut/PlantS/libjogl/jogamp-all-platforms/jar/jogl-all-natives-linux-amd64.jar
7f706226e000-7f706226f000 r--s 00000000 08:11 2163                       /media/DDE-640/IMAC/Projets_Tut/PlantS/libjogl/jogamp-all-platforms/jar/gluegen-rt-natives-linux-amd64.jar
7f706226f000-7f7062289000 r--s 00477000 08:11 2217                       /media/DDE-640/IMAC/Projets_Tut/PlantS/libjogl/jogamp-all-platforms/jar/jogl-all.jar
7f7062289000-7f7062293000 rw-p 00000000 00:00 0 
7f7062293000-7f7062349000 rw-p 00000000 00:00 0 
7f7062349000-7f706234c000 ---p 00000000 00:00 0 
7f706234c000-7f706244e000 rw-p 00000000 00:00 0 
7f706244e000-7f706244f000 r--p 00000000 00:00 0 
7f706244f000-7f7062453000 r--s 00089000 08:06 1967701                    /usr/lib/jvm/java-7-oracle/jre/lib/jsse.jar
7f7062453000-7f7062458000 r--s 00044000 08:11 2060                       /media/DDE-640/IMAC/Projets_Tut/PlantS/jdom-2.0.3/jdom-2.0.3.jar
7f7062458000-7f706245d000 r--s 0002c000 08:11 2172                       /media/DDE-640/IMAC/Projets_Tut/PlantS/libjogl/jogamp-all-platforms/jar/gluegen-rt.jar
7f706245d000-7f7062465000 rw-s 00000000 08:06 4456488                    /tmp/hsperfdata_guyom/6889 (deleted)
7f7062465000-7f7062466000 rw-p 00000000 00:00 0 
7f7062466000-7f7062467000 ---p 00000000 00:00 0 
7f7062467000-7f7062469000 rw-p 00000000 00:00 0 
7f7062469000-7f706246a000 r--p 00022000 08:06 2233940                    /lib/x86_64-linux-gnu/ld-2.15.so
7f706246a000-7f706246c000 rw-p 00023000 08:06 2233940                    /lib/x86_64-linux-gnu/ld-2.15.so
7fff79b86000-7fff79ba7000 rw-p 00000000 00:00 0                          [stack]
7fff79bff000-7fff79c00000 r-xp 00000000 00:00 0                          [vdso]
ffffffffff600000-ffffffffff601000 r-xp 00000000 00:00 0                  [vsyscall]

VM Arguments:
jvm_args: -Djava.library.path=/media/DDE-640/IMAC/Projets_Tut/PlantS/libjogl/jogamp-all-platforms/jar:/media/DDE-640/IMAC/Projets_Tut/PlantS/libjogl/jogamp-all-platforms/jar -Dfile.encoding=UTF-8 
java_command: JOGLApp
Launcher Type: SUN_STANDARD

Environment Variables:
PATH=/usr/lib/lightdm/lightdm:/usr/local/sbin:/usr/local/bin:/usr/sbin:/usr/bin:/sbin:/bin:/usr/games
SHELL=/bin/bash
DISPLAY=:0.0

Signal Handlers:
SIGSEGV: [libjvm.so+0x8a5c80], sa_mask[0]=0x7ffbfeff, sa_flags=0x10000004
SIGBUS: [libjvm.so+0x8a5c80], sa_mask[0]=0x7ffbfeff, sa_flags=0x10000004
SIGFPE: [libjvm.so+0x741d60], sa_mask[0]=0x7ffbfeff, sa_flags=0x10000004
SIGPIPE: [libjvm.so+0x741d60], sa_mask[0]=0x7ffbfeff, sa_flags=0x10000004
SIGXFSZ: [libjvm.so+0x741d60], sa_mask[0]=0x7ffbfeff, sa_flags=0x10000004
SIGILL: [libjvm.so+0x741d60], sa_mask[0]=0x7ffbfeff, sa_flags=0x10000004
SIGUSR1: SIG_DFL, sa_mask[0]=0x00000000, sa_flags=0x00000000
SIGUSR2: [libjvm.so+0x7416b0], sa_mask[0]=0x00000004, sa_flags=0x10000004
SIGHUP: [libjvm.so+0x743a40], sa_mask[0]=0x7ffbfeff, sa_flags=0x10000004
SIGINT: [libjvm.so+0x743a40], sa_mask[0]=0x7ffbfeff, sa_flags=0x10000004
SIGTERM: [libjvm.so+0x743a40], sa_mask[0]=0x7ffbfeff, sa_flags=0x10000004
SIGQUIT: [libjvm.so+0x743a40], sa_mask[0]=0x7ffbfeff, sa_flags=0x10000004


---------------  S Y S T E M  ---------------

OS:wheezy/sid

uname:Linux 3.2.0-32-generic #51-Ubuntu SMP Wed Sep 26 21:33:09 UTC 2012 x86_64
libc:glibc 2.15 NPTL 2.15 
rlimit: STACK 8192k, CORE 0k, NPROC 30344, NOFILE 4096, AS infinity
load average:0,39 0,28 0,25

/proc/meminfo:
MemTotal:        3901720 kB
MemFree:          996136 kB
Buffers:          230348 kB
Cached:          1175896 kB
SwapCached:            0 kB
Active:          1793116 kB
Inactive:         698352 kB
Active(anon):    1086008 kB
Inactive(anon):     1104 kB
Active(file):     707108 kB
Inactive(file):   697248 kB
Unevictable:           0 kB
Mlocked:               0 kB
SwapTotal:       4042748 kB
SwapFree:        4042748 kB
Dirty:              1000 kB
Writeback:             0 kB
AnonPages:       1085168 kB
Mapped:           236124 kB
Shmem:              1880 kB
Slab:             149896 kB
SReclaimable:     119392 kB
SUnreclaim:        30504 kB
KernelStack:        3920 kB
PageTables:        29928 kB
NFS_Unstable:          0 kB
Bounce:                0 kB
WritebackTmp:          0 kB
CommitLimit:     5993608 kB
Committed_AS:    3821120 kB
VmallocTotal:   34359738367 kB
VmallocUsed:      111804 kB
VmallocChunk:   34359624412 kB
HardwareCorrupted:     0 kB
AnonHugePages:         0 kB
HugePages_Total:       0
HugePages_Free:        0
HugePages_Rsvd:        0
HugePages_Surp:        0
Hugepagesize:       2048 kB
DirectMap4k:      137148 kB
DirectMap2M:     3907584 kB


CPU:total 4 (2 cores per cpu, 2 threads per core) family 6 model 37 stepping 5, cmov, cx8, fxsr, mmx, sse, sse2, sse3, ssse3, sse4.1, sse4.2, popcnt, ht, tsc, tscinvbit

/proc/cpuinfo:
processor	: 0
vendor_id	: GenuineIntel
cpu family	: 6
model		: 37
model name	: Intel(R) Core(TM) i5 CPU       M 480  @ 2.67GHz
stepping	: 5
microcode	: 0x2
cpu MHz		: 1999.000
cache size	: 3072 KB
physical id	: 0
siblings	: 4
core id		: 0
cpu cores	: 2
apicid		: 0
initial apicid	: 0
fpu		: yes
fpu_exception	: yes
cpuid level	: 11
wp		: yes
flags		: fpu vme de pse tsc msr pae mce cx8 apic sep mtrr pge mca cmov pat pse36 clflush dts acpi mmx fxsr sse sse2 ss ht tm pbe syscall nx rdtscp lm constant_tsc arch_perfmon pebs bts rep_good nopl xtopology nonstop_tsc aperfmperf pni dtes64 monitor ds_cpl vmx est tm2 ssse3 cx16 xtpr pdcm pcid sse4_1 sse4_2 popcnt lahf_lm ida arat dtherm tpr_shadow vnmi flexpriority ept vpid
bogomips	: 5319.85
clflush size	: 64
cache_alignment	: 64
address sizes	: 36 bits physical, 48 bits virtual
power management:

processor	: 1
vendor_id	: GenuineIntel
cpu family	: 6
model		: 37
model name	: Intel(R) Core(TM) i5 CPU       M 480  @ 2.67GHz
stepping	: 5
microcode	: 0x2
cpu MHz		: 1199.000
cache size	: 3072 KB
physical id	: 0
siblings	: 4
core id		: 2
cpu cores	: 2
apicid		: 4
initial apicid	: 4
fpu		: yes
fpu_exception	: yes
cpuid level	: 11
wp		: yes
flags		: fpu vme de pse tsc msr pae mce cx8 apic sep mtrr pge mca cmov pat pse36 clflush dts acpi mmx fxsr sse sse2 ss ht tm pbe syscall nx rdtscp lm constant_tsc arch_perfmon pebs bts rep_good nopl xtopology nonstop_tsc aperfmperf pni dtes64 monitor ds_cpl vmx est tm2 ssse3 cx16 xtpr pdcm pcid sse4_1 sse4_2 popcnt lahf_lm ida arat dtherm tpr_shadow vnmi flexpriority ept vpid
bogomips	: 5319.88
clflush size	: 64
cache_alignment	: 64
address sizes	: 36 bits physical, 48 bits virtual
power management:

processor	: 2
vendor_id	: GenuineIntel
cpu family	: 6
model		: 37
model name	: Intel(R) Core(TM) i5 CPU       M 480  @ 2.67GHz
stepping	: 5
microcode	: 0x2
cpu MHz		: 1199.000
cache size	: 3072 KB
physical id	: 0
siblings	: 4
core id		: 0
cpu cores	: 2
apicid		: 1
initial apicid	: 1
fpu		: yes
fpu_exception	: yes
cpuid level	: 11
wp		: yes
flags		: fpu vme de pse tsc msr pae mce cx8 apic sep mtrr pge mca cmov pat pse36 clflush dts acpi mmx fxsr sse sse2 ss ht tm pbe syscall nx rdtscp lm constant_tsc arch_perfmon pebs bts rep_good nopl xtopology nonstop_tsc aperfmperf pni dtes64 monitor ds_cpl vmx est tm2 ssse3 cx16 xtpr pdcm pcid sse4_1 sse4_2 popcnt lahf_lm ida arat dtherm tpr_shadow vnmi flexpriority ept vpid
bogomips	: 5319.87
clflush size	: 64
cache_alignment	: 64
address sizes	: 36 bits physical, 48 bits virtual
power management:

processor	: 3
vendor_id	: GenuineIntel
cpu family	: 6
model		: 37
model name	: Intel(R) Core(TM) i5 CPU       M 480  @ 2.67GHz
stepping	: 5
microcode	: 0x2
cpu MHz		: 1199.000
cache size	: 3072 KB
physical id	: 0
siblings	: 4
core id		: 2
cpu cores	: 2
apicid		: 5
initial apicid	: 5
fpu		: yes
fpu_exception	: yes
cpuid level	: 11
wp		: yes
flags		: fpu vme de pse tsc msr pae mce cx8 apic sep mtrr pge mca cmov pat pse36 clflush dts acpi mmx fxsr sse sse2 ss ht tm pbe syscall nx rdtscp lm constant_tsc arch_perfmon pebs bts rep_good nopl xtopology nonstop_tsc aperfmperf pni dtes64 monitor ds_cpl vmx est tm2 ssse3 cx16 xtpr pdcm pcid sse4_1 sse4_2 popcnt lahf_lm ida arat dtherm tpr_shadow vnmi flexpriority ept vpid
bogomips	: 5319.88
clflush size	: 64
cache_alignment	: 64
address sizes	: 36 bits physical, 48 bits virtual
power management:



Memory: 4k page, physical 3901720k(996136k free), swap 4042748k(4042748k free)

vm_info: Java HotSpot(TM) 64-Bit Server VM (23.5-b02) for linux-amd64 JRE (1.7.0_09-b05), built on Sep 24 2012 20:07:15 by "java_re" with gcc 4.3.0 20080428 (Red Hat 4.3.0-8)

time: Thu Nov  8 19:09:21 2012
elapsed time: 9 seconds

