#
# A fatal error has been detected by the Java Runtime Environment:
#
#  SIGSEGV (0xb) at pc=0x00007f8590ff0c58, pid=3545, tid=140211662030592
#
# JRE version: 7.0_09-b05
# Java VM: Java HotSpot(TM) 64-Bit Server VM (23.5-b02 mixed mode linux-amd64 compressed oops)
# Problematic frame:
# C  [libX11.so.6+0x33c58]  XQueryExtension+0x28
#
# Failed to write core dump. Core dumps have been disabled. To enable core dumping, try "ulimit -c unlimited" before starting Java again
#
# If you would like to submit a bug report, please visit:
#   http://bugreport.sun.com/bugreport/crash.jsp
#

---------------  T H R E A D  ---------------

Current thread (0x00007f8598092000):  VMThread [stack: 0x00007f85923f0000,0x00007f85924f1000] [id=3556]

siginfo:si_signo=SIGSEGV: si_errno=0, si_code=1 (SEGV_MAPERR), si_addr=0x000000003c001778

Registers:
RAX=0x00007f85800008c0, RBX=0x000000003c000e10, RCX=0x00007f85924ef6e8, RDX=0x00007f85924ef6e4
RSP=0x00007f85924ef680, RBP=0x00007f855e992e12, RSI=0x00007f855e992e12, RDI=0x000000003c000e10
R8 =0x00007f85924ef6ec, R9 =0x0000000000000000, R10=0x00007f859fbf0fa8, R11=0x00007f859f870c80
R12=0x0000000000000000, R13=0x00007f855e992e12, R14=0x00007f85800008c0, R15=0x0000000000000000
RIP=0x00007f8590ff0c58, EFLAGS=0x0000000000010202, CSGSFS=0x0000000000000033, ERR=0x0000000000000004
  TRAPNO=0x000000000000000e

Top of Stack: (sp=0x00007f85924ef680)
0x00007f85924ef680:   00007f859f843790 00007f85a0431548
0x00007f85924ef690:   0000000000000000 00007f859f807f50
0x00007f85924ef6a0:   00000000ffffffff 000000003c000e10
0x00007f85924ef6b0:   00007f855e992e12 0000000000000000
0x00007f85924ef6c0:   00007f855e992e12 00007f85800008c0
0x00007f85924ef6d0:   0000000000000000 00007f8590fe4c55
0x00007f85924ef6e0:   00007f85a044e048 00007f855eacac60
0x00007f85924ef6f0:   00007f855eacac60 000000003c000e10
0x00007f85924ef700:   00007f853c00ef00 00007f85912fe02b
0x00007f85924ef710:   00007f859f843790 000000110000002a
0x00007f85924ef720:   00007f85924ef7a0 0000000000000000
0x00007f85924ef730:   00007f85924ef7a0 000000003c000e10
0x00007f85924ef740:   0000000000000000 00007f85a044e048
0x00007f85924ef750:   00007f855eae4490 00007f855e93efd9
0x00007f85924ef760:   0000000000000000 000000000000002a
0x00007f85924ef770:   00007f85924ef7a0 00007f85924ef7c0
0x00007f85924ef780:   0000000000000000 00007f85a044e048
0x00007f85924ef790:   00007f854800ad80 00007f855e9336e2
0x00007f85924ef7a0:   00007f85924ef980 00007f855e992d81
0x00007f85924ef7b0:   00007f85924ef980 00007f85a023a92d
0x00007f85924ef7c0:   00007f85a044f2c8 00007f85a044f858
0x00007f85924ef7d0:   00007f85a044cb50 00007f8598007330
0x00007f85924ef7e0:   00007f8598007e40 00007f85980077e0
0x00007f85924ef7f0:   00007f8598008340 00007f859800d200
0x00007f85924ef800:   00007f859823ff70 00007f8598240410
0x00007f85924ef810:   00007f8598337a40 00007f8598336e50
0x00007f85924ef820:   00007f859834bb50 00007f8598361d20
0x00007f85924ef830:   00007f8598361850 00007f8598180ba0
0x00007f85924ef840:   00007f8598182680 00007f8598182180
0x00007f85924ef850:   00007f859817eed0 00007f85980020f0
0x00007f85924ef860:   00007f8598001a70 0000000001c804d0
0x00007f85924ef870:   00007f8598392720 00007f8598181c70 

Instructions: (pc=0x00007f8590ff0c58)
0x00007f8590ff0c38:   24 d8 48 89 fb 4c 89 64 24 e0 4c 89 6c 24 e8 48
0x00007f8590ff0c48:   89 f5 4c 89 74 24 f0 4c 89 7c 24 f8 48 83 ec 58
0x00007f8590ff0c58:   48 8b 87 68 09 00 00 49 89 d4 49 89 cd 4d 89 c6
0x00007f8590ff0c68:   48 85 c0 74 02 ff 10 ba 08 00 00 00 be 62 00 00 

Register to memory mapping:

RAX=0x00007f85800008c0 is an unknown value
RBX=0x000000003c000e10 is an unknown value
RCX=0x00007f85924ef6e8 is an unknown value
RDX=0x00007f85924ef6e4 is an unknown value
RSP=0x00007f85924ef680 is an unknown value
RBP=0x00007f855e992e12: <offset 0x92e12> in /usr/lib/libGL.so.1 at 0x00007f855e900000
RSI=0x00007f855e992e12: <offset 0x92e12> in /usr/lib/libGL.so.1 at 0x00007f855e900000
RDI=0x000000003c000e10 is an unknown value
R8 =0x00007f85924ef6ec is an unknown value
R9 =0x0000000000000000 is an unknown value
R10=0x00007f859fbf0fa8: <offset 0x3bbfa8> in /lib/x86_64-linux-gnu/libc.so.6 at 0x00007f859f835000
R11=0x00007f859f870c80: __cxa_finalize+0 in /lib/x86_64-linux-gnu/libc.so.6 at 0x00007f859f835000
R12=0x0000000000000000 is an unknown value
R13=0x00007f855e992e12: <offset 0x92e12> in /usr/lib/libGL.so.1 at 0x00007f855e900000
R14=0x00007f85800008c0 is an unknown value
R15=0x0000000000000000 is an unknown value


Stack: [0x00007f85923f0000,0x00007f85924f1000],  sp=0x00007f85924ef680,  free space=1021k
Native frames: (J=compiled Java code, j=interpreted, Vv=VM code, C=native code)
C  [libX11.so.6+0x33c58]  XQueryExtension+0x28

VM_Operation (0x00007f855f00de00): Exit, mode: safepoint, requested by thread 0x00007f8598390800


---------------  P R O C E S S  ---------------

Java Threads: ( => current thread )
  0x00007f8598009000 JavaThread "DestroyJavaVM" [_thread_blocked, id=3551, stack(0x00007f85a032d000,0x00007f85a042e000)]
  0x00007f85983f0800 JavaThread "Timer-0" [_thread_blocked, id=3578, stack(0x00007f855f7d1000,0x00007f855f8d2000)]
  0x00007f8598390800 JavaThread "AWT-EventQueue-0" [_thread_blocked, id=3576, stack(0x00007f855ef10000,0x00007f855f011000)]
  0x00007f859838f000 JavaThread "AWT-Shutdown" [_thread_blocked, id=3575, stack(0x00007f855f011000,0x00007f855f112000)]
  0x00007f8598317000 JavaThread "process reaper" daemon [_thread_blocked, id=3569, stack(0x00007f859c045000,0x00007f859c06d000)]
  0x00007f859824f000 JavaThread "AWT-XAWT" daemon [_thread_blocked, id=3565, stack(0x00007f855fcf9000,0x00007f855fdfa000)]
  0x00007f859820d800 JavaThread "Java2D Disposer" daemon [_thread_blocked, id=3564, stack(0x00007f8590276000,0x00007f8590377000)]
  0x00007f85980f0000 JavaThread "Service Thread" daemon [_thread_blocked, id=3562, stack(0x00007f8591b2a000,0x00007f8591c2b000)]
  0x00007f85980ee000 JavaThread "C2 CompilerThread1" daemon [_thread_blocked, id=3561, stack(0x00007f8591c2b000,0x00007f8591d2c000)]
  0x00007f85980eb000 JavaThread "C2 CompilerThread0" daemon [_thread_blocked, id=3560, stack(0x00007f8591d2c000,0x00007f8591e2d000)]
  0x00007f85980e8800 JavaThread "Signal Dispatcher" daemon [_thread_blocked, id=3559, stack(0x00007f8591e2d000,0x00007f8591f2e000)]
  0x00007f859809b800 JavaThread "Finalizer" daemon [_thread_blocked, id=3558, stack(0x00007f85921ee000,0x00007f85922ef000)]
  0x00007f8598099800 JavaThread "Reference Handler" daemon [_thread_blocked, id=3557, stack(0x00007f85922ef000,0x00007f85923f0000)]

Other Threads:
=>0x00007f8598092000 VMThread [stack: 0x00007f85923f0000,0x00007f85924f1000] [id=3556]

VM state:at safepoint (shutting down)

VM Mutex/Monitor currently owned by a thread:  ([mutex/lock_event])
[0x00007f8598005500] Threads_lock - owner thread: 0x00007f8598092000

Heap
 PSYoungGen      total 17792K, used 17002K [0x00000000ec200000, 0x00000000ed5d0000, 0x0000000100000000)
  eden space 15296K, 94% used [0x00000000ec200000,0x00000000ed02e828,0x00000000ed0f0000)
  from space 2496K, 99% used [0x00000000ed0f0000,0x00000000ed35c1e8,0x00000000ed360000)
  to   space 2496K, 0% used [0x00000000ed360000,0x00000000ed360000,0x00000000ed5d0000)
 ParOldGen       total 40704K, used 1168K [0x00000000c4600000, 0x00000000c6dc0000, 0x00000000ec200000)
  object space 40704K, 2% used [0x00000000c4600000,0x00000000c47240d0,0x00000000c6dc0000)
 PSPermGen       total 21248K, used 16180K [0x00000000bf400000, 0x00000000c08c0000, 0x00000000c4600000)
  object space 21248K, 76% used [0x00000000bf400000,0x00000000c03cd298,0x00000000c08c0000)

Card table byte_map: [0x00007f859d575000,0x00007f859d77c000] byte_map_base: 0x00007f859cf7b000

Polling page: 0x00007f85a044a000

Code Cache  [0x00007f8595000000, 0x00007f8595270000, 0x00007f8598000000)
 total_blobs=848 nmethods=122 adapters=678 free_code_cache=48225Kb largest_free_block=49356544

Compilation events (10 events):
Event: 9,204 Thread 0x00007f85980ee000  117             java.util.HashMap::get (29 bytes)
Event: 9,209 Thread 0x00007f85980ee000 nmethod 117 0x00007f85950e8e10 code [0x00007f85950e8f80, 0x00007f85950e9188]
Event: 9,729 Thread 0x00007f85980eb000  118             sun.awt.AppContext::getAppContext (80 bytes)
Event: 9,732 Thread 0x00007f85980eb000 nmethod 118 0x00007f85950cd7d0 code [0x00007f85950cd940, 0x00007f85950cda58]
Event: 9,890 Thread 0x00007f85980ee000  119   !         sun.awt.AppContext::get (121 bytes)
Event: 9,903 Thread 0x00007f85980ee000 nmethod 119 0x00007f85950e9ed0 code [0x00007f85950ea060, 0x00007f85950ea848]
Event: 10,181 Thread 0x00007f85980eb000  120             jogamp.common.util.locks.RecursiveLockImpl01Unfairish$SingleThreadSync::getHoldCount (5 bytes)
Event: 10,181 Thread 0x00007f85980eb000 nmethod 120 0x00007f85950cc5d0 code [0x00007f85950cc700, 0x00007f85950cc758]
Event: 10,183 Thread 0x00007f85980ee000  121             com.jogamp.common.nio.StructAccessor::getBuffer (5 bytes)
Event: 10,183 Thread 0x00007f85980ee000 nmethod 121 0x00007f85950d3b50 code [0x00007f85950d3c80, 0x00007f85950d3cd8]

GC Heap History (2 events):
Event: 1,106 GC heap before
{Heap before GC invocations=1 (full 0):
 PSYoungGen      total 17792K, used 15296K [0x00000000ec200000, 0x00000000ed5d0000, 0x0000000100000000)
  eden space 15296K, 100% used [0x00000000ec200000,0x00000000ed0f0000,0x00000000ed0f0000)
  from space 2496K, 0% used [0x00000000ed360000,0x00000000ed360000,0x00000000ed5d0000)
  to   space 2496K, 0% used [0x00000000ed0f0000,0x00000000ed0f0000,0x00000000ed360000)
 ParOldGen       total 40704K, used 0K [0x00000000c4600000, 0x00000000c6dc0000, 0x00000000ec200000)
  object space 40704K, 0% used [0x00000000c4600000,0x00000000c4600000,0x00000000c6dc0000)
 PSPermGen       total 21248K, used 13996K [0x00000000bf400000, 0x00000000c08c0000, 0x00000000c4600000)
  object space 21248K, 65% used [0x00000000bf400000,0x00000000c01ab298,0x00000000c08c0000)
Event: 1,114 GC heap after
Heap after GC invocations=1 (full 0):
 PSYoungGen      total 17792K, used 2480K [0x00000000ec200000, 0x00000000ed5d0000, 0x0000000100000000)
  eden space 15296K, 0% used [0x00000000ec200000,0x00000000ec200000,0x00000000ed0f0000)
  from space 2496K, 99% used [0x00000000ed0f0000,0x00000000ed35c1e8,0x00000000ed360000)
  to   space 2496K, 0% used [0x00000000ed360000,0x00000000ed360000,0x00000000ed5d0000)
 ParOldGen       total 40704K, used 1168K [0x00000000c4600000, 0x00000000c6dc0000, 0x00000000ec200000)
  object space 40704K, 2% used [0x00000000c4600000,0x00000000c47240d0,0x00000000c6dc0000)
 PSPermGen       total 21248K, used 13996K [0x00000000bf400000, 0x00000000c08c0000, 0x00000000c4600000)
  object space 21248K, 65% used [0x00000000bf400000,0x00000000c01ab298,0x00000000c08c0000)
}

Deoptimization events (10 events):
Event: 0,954 Thread 0x00007f8598009000 Uncommon trap -58 fr.pc 0x00007f85950b48d0
Event: 0,954 Thread 0x00007f8598009000 Uncommon trap -58 fr.pc 0x00007f85950b48d0
Event: 1,105 Thread 0x00007f8598390800 Uncommon trap -83 fr.pc 0x00007f85950b4064
Event: 4,173 Thread 0x00007f8598390800 Uncommon trap -42 fr.pc 0x00007f85950c70f4
Event: 4,173 Thread 0x00007f8598390800 Uncommon trap -42 fr.pc 0x00007f85950c70f4
Event: 4,173 Thread 0x00007f8598390800 Uncommon trap -42 fr.pc 0x00007f85950c70f4
Event: 4,174 Thread 0x00007f8598390800 Uncommon trap -42 fr.pc 0x00007f85950c70f4
Event: 10,467 Thread 0x00007f8598390800 Uncommon trap -83 fr.pc 0x00007f85950e9134
Event: 10,469 Thread 0x00007f8548487000 Uncommon trap -83 fr.pc 0x00007f85950cc3f4
Event: 10,469 Thread 0x00007f8548487000 Uncommon trap -83 fr.pc 0x00007f85950c8c1c

Internal exceptions (10 events):
Event: 1,171 Thread 0x00007f8598390800 Threw 0x00000000ec35c240 at /HUDSON/workspace/jdk7u9-2-build-linux-amd64-product/jdk7u9/hotspot/src/share/vm/prims/jvm.cpp:1166
Event: 1,172 Thread 0x00007f8598390800 Threw 0x00000000ec365d70 at /HUDSON/workspace/jdk7u9-2-build-linux-amd64-product/jdk7u9/hotspot/src/share/vm/prims/jvm.cpp:1166
Event: 1,181 Thread 0x00007f8598390800 Threw 0x00000000ec36e9a8 at /HUDSON/workspace/jdk7u9-2-build-linux-amd64-product/jdk7u9/hotspot/src/share/vm/runtime/reflection.cpp
Event: 1,181 Thread 0x00007f8598390800 Threw 0x00000000ec36ec88 at /HUDSON/workspace/jdk7u9-2-build-linux-amd64-product/jdk7u9/hotspot/src/share/vm/runtime/reflection.cpp
Event: 1,185 Thread 0x00007f8598390800 Threw 0x00000000ec373f18 at /HUDSON/workspace/jdk7u9-2-build-linux-amd64-product/jdk7u9/hotspot/src/share/vm/runtime/reflection.cpp
Event: 1,287 Thread 0x00007f8598390800 Threw 0x00000000ec471068 at /HUDSON/workspace/jdk7u9-2-build-linux-amd64-product/jdk7u9/hotspot/src/share/vm/prims/jni.cpp:742
Event: 10,467 Thread 0x00007f8598390800 Implicit null exception at 0x00007f85950e8fa5 to 0x00007f85950e9125
Event: 10,469 Thread 0x00007f8548487000 Implicit null exception at 0x00007f85950cc2f8 to 0x00007f85950cc3e2
Event: 10,469 Thread 0x00007f8548487000 Implicit null exception at 0x00007f85950c8b0d to 0x00007f85950c8c0a
Event: 10,469 Thread 0x00007f8548487000 Threw 0x00000000ecfd9c18 at /HUDSON/workspace/jdk7u9-2-build-linux-amd64-product/jdk7u9/hotspot/src/share/vm/prims/jvm.cpp:1166

Events (10 events):
Event: 10,470 loading class 0x00007f85980a5bc0
Event: 10,470 loading class 0x00007f85980a5bc0 done
Event: 10,470 Thread 0x00007f8548496000 Thread added: 0x00007f8548496000
Event: 10,471 loading class 0x00007f85983349b0
Event: 10,471 loading class 0x00007f85983349b0 done
Event: 10,471 Thread 0x00007f8548496000 Thread exited: 0x00007f8548496000
Event: 10,471 Thread 0x00007f8548143800 Thread exited: 0x00007f8548143800
Event: 10,507 Thread 0x00007f85983e4800 Thread exited: 0x00007f85983e4800
Event: 10,508 Thread 0x00007f8548487000 Thread exited: 0x00007f8548487000
Event: 10,508 Executing VM operation: Exit


Dynamic libraries:
00400000-00401000 r-xp 00000000 08:06 1967722                            /usr/lib/jvm/java-7-oracle/bin/java
00600000-00601000 rw-p 00000000 08:06 1967722                            /usr/lib/jvm/java-7-oracle/bin/java
01c80000-01ca1000 rw-p 00000000 00:00 0                                  [heap]
bf400000-c08c0000 rw-p 00000000 00:00 0 
c08c0000-c4600000 rw-p 00000000 00:00 0 
c4600000-c6dc0000 rw-p 00000000 00:00 0 
c6dc0000-ec200000 rw-p 00000000 00:00 0 
ec200000-ed5d0000 rw-p 00000000 00:00 0 
ed5d0000-100000000 rw-p 00000000 00:00 0 
7f8530000000-7f8530021000 rw-p 00000000 00:00 0 
7f8530021000-7f8534000000 ---p 00000000 00:00 0 
7f8534000000-7f8534021000 rw-p 00000000 00:00 0 
7f8534021000-7f8538000000 ---p 00000000 00:00 0 
7f8538000000-7f8538021000 rw-p 00000000 00:00 0 
7f8538021000-7f853c000000 ---p 00000000 00:00 0 
7f853c000000-7f853cdad000 rw-p 00000000 00:00 0 
7f853cdad000-7f8540000000 ---p 00000000 00:00 0 
7f8541ce1000-7f8543c7f000 r-xp 00000000 08:06 10092955                   /usr/lib/x86_64-linux-gnu/dri/fglrx_dri.so
7f8543c7f000-7f8543d7e000 ---p 01f9e000 08:06 10092955                   /usr/lib/x86_64-linux-gnu/dri/fglrx_dri.so
7f8543d7e000-7f8543ecc000 rwxp 01f9d000 08:06 10092955                   /usr/lib/x86_64-linux-gnu/dri/fglrx_dri.so
7f8543ecc000-7f8544000000 rwxp 00000000 00:00 0 
7f8544000000-7f8544021000 rw-p 00000000 00:00 0 
7f8544021000-7f8548000000 ---p 00000000 00:00 0 
7f8548000000-7f85486a1000 rw-p 00000000 00:00 0 
7f85486a1000-7f854c000000 ---p 00000000 00:00 0 
7f854c000000-7f854c021000 rw-p 00000000 00:00 0 
7f854c021000-7f8550000000 ---p 00000000 00:00 0 
7f8550000000-7f855047a000 rw-p 00000000 00:00 0 
7f855047a000-7f8554000000 ---p 00000000 00:00 0 
7f8554000000-7f8554021000 rw-p 00000000 00:00 0 
7f8554021000-7f8558000000 ---p 00000000 00:00 0 
7f8558000000-7f8558021000 rw-p 00000000 00:00 0 
7f8558021000-7f855c000000 ---p 00000000 00:00 0 
7f855d6fa000-7f855d6fd000 ---p 00000000 00:00 0 
7f855d6fd000-7f855d7fb000 rw-p 00000000 00:00 0 
7f855d7fb000-7f855d7fe000 ---p 00000000 00:00 0 
7f855d7fe000-7f855d8fc000 rw-p 00000000 00:00 0 
7f855d8fc000-7f855d8ff000 ---p 00000000 00:00 0 
7f855d8ff000-7f855d9fd000 rw-p 00000000 00:00 0 
7f855d9fd000-7f855e0fd000 rw-s 00006000 00:05 7943                       /dev/ati/card0
7f855e0fd000-7f855e149000 r-xp 00000000 08:06 9961632                    /usr/lib/libatiadlxx.so
7f855e149000-7f855e249000 ---p 0004c000 08:06 9961632                    /usr/lib/libatiadlxx.so
7f855e249000-7f855e254000 rw-p 0004c000 08:06 9961632                    /usr/lib/libatiadlxx.so
7f855e254000-7f855e264000 rw-p 00000000 00:00 0 
7f855e264000-7f855e266000 r-xp 00000000 08:06 9965233                    /usr/lib/x86_64-linux-gnu/libXinerama.so.1.0.0
7f855e266000-7f855e465000 ---p 00002000 08:06 9965233                    /usr/lib/x86_64-linux-gnu/libXinerama.so.1.0.0
7f855e465000-7f855e466000 r--p 00001000 08:06 9965233                    /usr/lib/x86_64-linux-gnu/libXinerama.so.1.0.0
7f855e466000-7f855e467000 rw-p 00002000 08:06 9965233                    /usr/lib/x86_64-linux-gnu/libXinerama.so.1.0.0
7f855e467000-7f855e46a000 ---p 00000000 00:00 0 
7f855e46a000-7f855e568000 rw-p 00000000 00:00 0 
7f855e568000-7f855e5f5000 r-xp 00000000 08:06 4456561                    /tmp/jogamp_0000/file_cache/jln7838208249968189119/jln8546360248023992904/libjogl_desktop.so
7f855e5f5000-7f855e7f5000 ---p 0008d000 08:06 4456561                    /tmp/jogamp_0000/file_cache/jln7838208249968189119/jln8546360248023992904/libjogl_desktop.so
7f855e7f5000-7f855e7f6000 r--p 0008d000 08:06 4456561                    /tmp/jogamp_0000/file_cache/jln7838208249968189119/jln8546360248023992904/libjogl_desktop.so
7f855e7f6000-7f855e7f7000 rw-p 0008e000 08:06 4456561                    /tmp/jogamp_0000/file_cache/jln7838208249968189119/jln8546360248023992904/libjogl_desktop.so
7f855e7f7000-7f855e7fe000 r-xp 00000000 08:06 9961665                    /usr/lib/libatiuki.so.1.0
7f855e7fe000-7f855e8fe000 ---p 00007000 08:06 9961665                    /usr/lib/libatiuki.so.1.0
7f855e8fe000-7f855e8ff000 rw-p 00007000 08:06 9961665                    /usr/lib/libatiuki.so.1.0
7f855e8ff000-7f855e900000 rw-p 00000000 00:00 0 
7f855e900000-7f855e9be000 r-xp 00000000 08:06 9961708                    /usr/lib/fglrx/fglrx-libGL.so.1.2
7f855e9be000-7f855eabe000 ---p 000be000 08:06 9961708                    /usr/lib/fglrx/fglrx-libGL.so.1.2
7f855eabe000-7f855eae5000 rwxp 000be000 08:06 9961708                    /usr/lib/fglrx/fglrx-libGL.so.1.2
7f855eae5000-7f855eb04000 rwxp 00000000 00:00 0 
7f855eb04000-7f855eb08000 r-xp 00000000 08:06 9969743                    /usr/lib/x86_64-linux-gnu/libXxf86vm.so.1.0.0
7f855eb08000-7f855ed07000 ---p 00004000 08:06 9969743                    /usr/lib/x86_64-linux-gnu/libXxf86vm.so.1.0.0
7f855ed07000-7f855ed08000 r--p 00003000 08:06 9969743                    /usr/lib/x86_64-linux-gnu/libXxf86vm.so.1.0.0
7f855ed08000-7f855ed09000 rw-p 00004000 08:06 9969743                    /usr/lib/x86_64-linux-gnu/libXxf86vm.so.1.0.0
7f855ed09000-7f855ed0f000 r-xp 00000000 08:06 4456565                    /tmp/jogamp_0000/file_cache/jln7838208249968189119/jln8546360248023992904/libnativewindow_x11.so
7f855ed0f000-7f855ef0e000 ---p 00006000 08:06 4456565                    /tmp/jogamp_0000/file_cache/jln7838208249968189119/jln8546360248023992904/libnativewindow_x11.so
7f855ef0e000-7f855ef0f000 r--p 00005000 08:06 4456565                    /tmp/jogamp_0000/file_cache/jln7838208249968189119/jln8546360248023992904/libnativewindow_x11.so
7f855ef0f000-7f855ef10000 rw-p 00006000 08:06 4456565                    /tmp/jogamp_0000/file_cache/jln7838208249968189119/jln8546360248023992904/libnativewindow_x11.so
7f855ef10000-7f855ef13000 ---p 00000000 00:00 0 
7f855ef13000-7f855f011000 rw-p 00000000 00:00 0 
7f855f011000-7f855f014000 ---p 00000000 00:00 0 
7f855f014000-7f855f112000 rw-p 00000000 00:00 0 
7f855f112000-7f855f114000 r-xp 00000000 08:06 4456564                    /tmp/jogamp_0000/file_cache/jln7838208249968189119/jln8546360248023992904/libnativewindow_awt.so
7f855f114000-7f855f313000 ---p 00002000 08:06 4456564                    /tmp/jogamp_0000/file_cache/jln7838208249968189119/jln8546360248023992904/libnativewindow_awt.so
7f855f313000-7f855f314000 r--p 00001000 08:06 4456564                    /tmp/jogamp_0000/file_cache/jln7838208249968189119/jln8546360248023992904/libnativewindow_awt.so
7f855f314000-7f855f315000 rw-p 00002000 08:06 4456564                    /tmp/jogamp_0000/file_cache/jln7838208249968189119/jln8546360248023992904/libnativewindow_awt.so
7f855f315000-7f855f316000 r-xp 00000000 08:06 1967578                    /usr/lib/jvm/java-7-oracle/jre/lib/amd64/libjawt.so
7f855f316000-7f855f515000 ---p 00001000 08:06 1967578                    /usr/lib/jvm/java-7-oracle/jre/lib/amd64/libjawt.so
7f855f515000-7f855f516000 rw-p 00000000 08:06 1967578                    /usr/lib/jvm/java-7-oracle/jre/lib/amd64/libjawt.so
7f855f5ce000-7f855f5d0000 r-xp 00000000 08:06 4456563                    /tmp/jogamp_0000/file_cache/jln7838208249968189119/jln8546360248023992904/libgluegen-rt.so
7f855f5d0000-7f855f7cf000 ---p 00002000 08:06 4456563                    /tmp/jogamp_0000/file_cache/jln7838208249968189119/jln8546360248023992904/libgluegen-rt.so
7f855f7cf000-7f855f7d0000 r--p 00001000 08:06 4456563                    /tmp/jogamp_0000/file_cache/jln7838208249968189119/jln8546360248023992904/libgluegen-rt.so
7f855f7d0000-7f855f7d1000 rw-p 00002000 08:06 4456563                    /tmp/jogamp_0000/file_cache/jln7838208249968189119/jln8546360248023992904/libgluegen-rt.so
7f855f7d1000-7f855f7d4000 ---p 00000000 00:00 0 
7f855f7d4000-7f855f8d2000 rw-p 00000000 00:00 0 
7f855f8d2000-7f855f8e2000 r-xp 00000000 08:06 1967585                    /usr/lib/jvm/java-7-oracle/jre/lib/amd64/libnio.so
7f855f8e2000-7f855fae2000 ---p 00010000 08:06 1967585                    /usr/lib/jvm/java-7-oracle/jre/lib/amd64/libnio.so
7f855fae2000-7f855fae3000 rw-p 00010000 08:06 1967585                    /usr/lib/jvm/java-7-oracle/jre/lib/amd64/libnio.so
7f855fae3000-7f855faf8000 r-xp 00000000 08:06 1967604                    /usr/lib/jvm/java-7-oracle/jre/lib/amd64/libnet.so
7f855faf8000-7f855fcf8000 ---p 00015000 08:06 1967604                    /usr/lib/jvm/java-7-oracle/jre/lib/amd64/libnet.so
7f855fcf8000-7f855fcf9000 rw-p 00015000 08:06 1967604                    /usr/lib/jvm/java-7-oracle/jre/lib/amd64/libnet.so
7f855fcf9000-7f855fcfc000 ---p 00000000 00:00 0 
7f855fcfc000-7f855fdfa000 rw-p 00000000 00:00 0 
7f855fdfa000-7f855fdff000 r-xp 00000000 08:06 9962178                    /usr/lib/x86_64-linux-gnu/libXfixes.so.3.1.0
7f855fdff000-7f855fffe000 ---p 00005000 08:06 9962178                    /usr/lib/x86_64-linux-gnu/libXfixes.so.3.1.0
7f855fffe000-7f855ffff000 r--p 00004000 08:06 9962178                    /usr/lib/x86_64-linux-gnu/libXfixes.so.3.1.0
7f855ffff000-7f8560000000 rw-p 00005000 08:06 9962178                    /usr/lib/x86_64-linux-gnu/libXfixes.so.3.1.0
7f8560000000-7f8560021000 rw-p 00000000 00:00 0 
7f8560021000-7f8564000000 ---p 00000000 00:00 0 
7f8564000000-7f8565309000 rw-p 00000000 00:00 0 
7f8565309000-7f8568000000 ---p 00000000 00:00 0 
7f8568000000-7f8568021000 rw-p 00000000 00:00 0 
7f8568021000-7f856c000000 ---p 00000000 00:00 0 
7f856c000000-7f856c021000 rw-p 00000000 00:00 0 
7f856c021000-7f8570000000 ---p 00000000 00:00 0 
7f8570000000-7f85702ec000 rw-p 00000000 00:00 0 
7f85702ec000-7f8574000000 ---p 00000000 00:00 0 
7f8574000000-7f8574021000 rw-p 00000000 00:00 0 
7f8574021000-7f8578000000 ---p 00000000 00:00 0 
7f8578000000-7f8578021000 rw-p 00000000 00:00 0 
7f8578021000-7f857c000000 ---p 00000000 00:00 0 
7f857c000000-7f857c021000 rw-p 00000000 00:00 0 
7f857c021000-7f8580000000 ---p 00000000 00:00 0 
7f8580000000-7f8580021000 rw-p 00000000 00:00 0 
7f8580021000-7f8584000000 ---p 00000000 00:00 0 
7f8584000000-7f8584021000 rw-p 00000000 00:00 0 
7f8584021000-7f8588000000 ---p 00000000 00:00 0 
7f8588000000-7f8588021000 rw-p 00000000 00:00 0 
7f8588021000-7f858c000000 ---p 00000000 00:00 0 
7f858c000000-7f858c021000 rw-p 00000000 00:00 0 
7f858c021000-7f8590000000 ---p 00000000 00:00 0 
7f859004c000-7f859006c000 rw-s f0020000 00:05 7943                       /dev/ati/card0
7f859006c000-7f8590075000 r-xp 00000000 08:06 9967225                    /usr/lib/x86_64-linux-gnu/libXcursor.so.1.0.2
7f8590075000-7f8590274000 ---p 00009000 08:06 9967225                    /usr/lib/x86_64-linux-gnu/libXcursor.so.1.0.2
7f8590274000-7f8590275000 r--p 00008000 08:06 9967225                    /usr/lib/x86_64-linux-gnu/libXcursor.so.1.0.2
7f8590275000-7f8590276000 rw-p 00009000 08:06 9967225                    /usr/lib/x86_64-linux-gnu/libXcursor.so.1.0.2
7f8590276000-7f8590279000 ---p 00000000 00:00 0 
7f8590279000-7f8590377000 rw-p 00000000 00:00 0 
7f8590377000-7f859037c000 r-xp 00000000 08:06 9962011                    /usr/lib/x86_64-linux-gnu/libXdmcp.so.6.0.0
7f859037c000-7f859057b000 ---p 00005000 08:06 9962011                    /usr/lib/x86_64-linux-gnu/libXdmcp.so.6.0.0
7f859057b000-7f859057c000 r--p 00004000 08:06 9962011                    /usr/lib/x86_64-linux-gnu/libXdmcp.so.6.0.0
7f859057c000-7f859057d000 rw-p 00005000 08:06 9962011                    /usr/lib/x86_64-linux-gnu/libXdmcp.so.6.0.0
7f859057d000-7f859057f000 r-xp 00000000 08:06 9963502                    /usr/lib/x86_64-linux-gnu/libXau.so.6.0.0
7f859057f000-7f859077e000 ---p 00002000 08:06 9963502                    /usr/lib/x86_64-linux-gnu/libXau.so.6.0.0
7f859077e000-7f859077f000 r--p 00001000 08:06 9963502                    /usr/lib/x86_64-linux-gnu/libXau.so.6.0.0
7f859077f000-7f8590780000 rw-p 00002000 08:06 9963502                    /usr/lib/x86_64-linux-gnu/libXau.so.6.0.0
7f8590780000-7f859079d000 r-xp 00000000 08:06 9963508                    /usr/lib/x86_64-linux-gnu/libxcb.so.1.1.0
7f859079d000-7f859099c000 ---p 0001d000 08:06 9963508                    /usr/lib/x86_64-linux-gnu/libxcb.so.1.1.0
7f859099c000-7f859099d000 r--p 0001c000 08:06 9963508                    /usr/lib/x86_64-linux-gnu/libxcb.so.1.1.0
7f859099d000-7f859099e000 rw-p 0001d000 08:06 9963508                    /usr/lib/x86_64-linux-gnu/libxcb.so.1.1.0
7f859099e000-7f85909ac000 r-xp 00000000 08:06 9961805                    /usr/lib/x86_64-linux-gnu/libXi.so.6.1.0
7f85909ac000-7f8590bab000 ---p 0000e000 08:06 9961805                    /usr/lib/x86_64-linux-gnu/libXi.so.6.1.0
7f8590bab000-7f8590bac000 r--p 0000d000 08:06 9961805                    /usr/lib/x86_64-linux-gnu/libXi.so.6.1.0
7f8590bac000-7f8590bad000 rw-p 0000e000 08:06 9961805                    /usr/lib/x86_64-linux-gnu/libXi.so.6.1.0
7f8590bad000-7f8590bb2000 r-xp 00000000 08:06 9962629                    /usr/lib/x86_64-linux-gnu/libXtst.so.6.1.0
7f8590bb2000-7f8590db1000 ---p 00005000 08:06 9962629                    /usr/lib/x86_64-linux-gnu/libXtst.so.6.1.0
7f8590db1000-7f8590db2000 r--p 00004000 08:06 9962629                    /usr/lib/x86_64-linux-gnu/libXtst.so.6.1.0
7f8590db2000-7f8590db3000 rw-p 00005000 08:06 9962629                    /usr/lib/x86_64-linux-gnu/libXtst.so.6.1.0
7f8590db3000-7f8590dbc000 r-xp 00000000 08:06 9963780                    /usr/lib/x86_64-linux-gnu/libXrender.so.1.3.0
7f8590dbc000-7f8590fbb000 ---p 00009000 08:06 9963780                    /usr/lib/x86_64-linux-gnu/libXrender.so.1.3.0
7f8590fbb000-7f8590fbc000 r--p 00008000 08:06 9963780                    /usr/lib/x86_64-linux-gnu/libXrender.so.1.3.0
7f8590fbc000-7f8590fbd000 rw-p 00009000 08:06 9963780                    /usr/lib/x86_64-linux-gnu/libXrender.so.1.3.0
7f8590fbd000-7f85910ec000 r-xp 00000000 08:06 9963828                    /usr/lib/x86_64-linux-gnu/libX11.so.6.3.0
7f85910ec000-7f85912ec000 ---p 0012f000 08:06 9963828                    /usr/lib/x86_64-linux-gnu/libX11.so.6.3.0
7f85912ec000-7f85912ed000 r--p 0012f000 08:06 9963828                    /usr/lib/x86_64-linux-gnu/libX11.so.6.3.0
7f85912ed000-7f85912f1000 rw-p 00130000 08:06 9963828                    /usr/lib/x86_64-linux-gnu/libX11.so.6.3.0
7f85912f1000-7f8591301000 r-xp 00000000 08:06 9961497                    /usr/lib/x86_64-linux-gnu/libXext.so.6.4.0
7f8591301000-7f8591500000 ---p 00010000 08:06 9961497                    /usr/lib/x86_64-linux-gnu/libXext.so.6.4.0
7f8591500000-7f8591501000 r--p 0000f000 08:06 9961497                    /usr/lib/x86_64-linux-gnu/libXext.so.6.4.0
7f8591501000-7f8591502000 rw-p 00010000 08:06 9961497                    /usr/lib/x86_64-linux-gnu/libXext.so.6.4.0
7f8591502000-7f8591552000 r-xp 00000000 08:06 1967618                    /usr/lib/jvm/java-7-oracle/jre/lib/amd64/xawt/libmawt.so
7f8591552000-7f8591752000 ---p 00050000 08:06 1967618                    /usr/lib/jvm/java-7-oracle/jre/lib/amd64/xawt/libmawt.so
7f8591752000-7f8591756000 rw-p 00050000 08:06 1967618                    /usr/lib/jvm/java-7-oracle/jre/lib/amd64/xawt/libmawt.so
7f8591756000-7f8591757000 rw-p 00000000 00:00 0 
7f8591757000-7f85917f9000 r-xp 00000000 08:06 1967615                    /usr/lib/jvm/java-7-oracle/jre/lib/amd64/libawt.so
7f85917f9000-7f85919f9000 ---p 000a2000 08:06 1967615                    /usr/lib/jvm/java-7-oracle/jre/lib/amd64/libawt.so
7f85919f9000-7f8591a05000 rw-p 000a2000 08:06 1967615                    /usr/lib/jvm/java-7-oracle/jre/lib/amd64/libawt.so
7f8591a05000-7f8591a29000 rw-p 00000000 00:00 0 
7f8591a29000-7f8591a2a000 ---p 00000000 00:00 0 
7f8591a2a000-7f8591b2a000 rw-p 00000000 00:00 0 
7f8591b2a000-7f8591b2d000 ---p 00000000 00:00 0 
7f8591b2d000-7f8591c2b000 rw-p 00000000 00:00 0 
7f8591c2b000-7f8591c2e000 ---p 00000000 00:00 0 
7f8591c2e000-7f8591d2c000 rw-p 00000000 00:00 0 
7f8591d2c000-7f8591d2f000 ---p 00000000 00:00 0 
7f8591d2f000-7f8591e2d000 rw-p 00000000 00:00 0 
7f8591e2d000-7f8591e30000 ---p 00000000 00:00 0 
7f8591e30000-7f8591f2e000 rw-p 00000000 00:00 0 
7f8591f2e000-7f85921ee000 r--p 00000000 08:06 9961657                    /usr/lib/locale/locale-archive
7f85921ee000-7f85921f1000 ---p 00000000 00:00 0 
7f85921f1000-7f85922ef000 rw-p 00000000 00:00 0 
7f85922ef000-7f85922f2000 ---p 00000000 00:00 0 
7f85922f2000-7f85923f0000 rw-p 00000000 00:00 0 
7f85923f0000-7f85923f1000 ---p 00000000 00:00 0 
7f85923f1000-7f8595000000 rw-p 00000000 00:00 0 
7f8595000000-7f8595270000 rwxp 00000000 00:00 0 
7f8595270000-7f8598437000 rw-p 00000000 00:00 0 
7f8598437000-7f859c000000 ---p 00000000 00:00 0 
7f859c008000-7f859c012000 r--s 00254000 08:06 1966628                    /usr/lib/jvm/java-7-oracle/jre/lib/resources.jar
7f859c012000-7f859c014000 rw-s 00002000 00:05 7943                       /dev/ati/card0
7f859c014000-7f859c045000 rw-p 00000000 00:00 0 
7f859c045000-7f859c048000 ---p 00000000 00:00 0 
7f859c048000-7f859c06d000 rw-p 00000000 00:00 0 
7f859c06d000-7f859c074000 r--s 00000000 08:06 10362198                   /usr/lib/x86_64-linux-gnu/gconv/gconv-modules.cache
7f859c074000-7f859c099000 r--p 00000000 08:06 10359730                   /usr/share/locale-langpack/fr/LC_MESSAGES/libc.mo
7f859c099000-7f859c60e000 rw-p 00000000 00:00 0 
7f859c60e000-7f859c7ca000 r--s 039da000 08:06 1967452                    /usr/lib/jvm/java-7-oracle/jre/lib/rt.jar
7f859c7ca000-7f859d00a000 rw-p 00000000 00:00 0 
7f859d00a000-7f859d00b000 ---p 00000000 00:00 0 
7f859d00b000-7f859d10b000 rw-p 00000000 00:00 0 
7f859d10b000-7f859d10c000 ---p 00000000 00:00 0 
7f859d10c000-7f859d20c000 rw-p 00000000 00:00 0 
7f859d20c000-7f859d20d000 ---p 00000000 00:00 0 
7f859d20d000-7f859d30d000 rw-p 00000000 00:00 0 
7f859d30d000-7f859d30e000 ---p 00000000 00:00 0 
7f859d30e000-7f859d419000 rw-p 00000000 00:00 0 
7f859d419000-7f859d437000 rw-p 00000000 00:00 0 
7f859d437000-7f859d44b000 rw-p 00000000 00:00 0 
7f859d44b000-7f859d575000 rw-p 00000000 00:00 0 
7f859d575000-7f859d580000 rw-p 00000000 00:00 0 
7f859d580000-7f859d59e000 rw-p 00000000 00:00 0 
7f859d59e000-7f859d5b2000 rw-p 00000000 00:00 0 
7f859d5b2000-7f859d6dc000 rw-p 00000000 00:00 0 
7f859d6dc000-7f859d6e6000 rw-p 00000000 00:00 0 
7f859d6e6000-7f859d77b000 rw-p 00000000 00:00 0 
7f859d77b000-7f859d77c000 rw-p 00000000 00:00 0 
7f859d77c000-7f859d796000 r-xp 00000000 08:06 1967605                    /usr/lib/jvm/java-7-oracle/jre/lib/amd64/libzip.so
7f859d796000-7f859d996000 ---p 0001a000 08:06 1967605                    /usr/lib/jvm/java-7-oracle/jre/lib/amd64/libzip.so
7f859d996000-7f859d997000 rw-p 0001a000 08:06 1967605                    /usr/lib/jvm/java-7-oracle/jre/lib/amd64/libzip.so
7f859d997000-7f859d9a3000 r-xp 00000000 08:06 2233934                    /lib/x86_64-linux-gnu/libnss_files-2.15.so
7f859d9a3000-7f859dba2000 ---p 0000c000 08:06 2233934                    /lib/x86_64-linux-gnu/libnss_files-2.15.so
7f859dba2000-7f859dba3000 r--p 0000b000 08:06 2233934                    /lib/x86_64-linux-gnu/libnss_files-2.15.so
7f859dba3000-7f859dba4000 rw-p 0000c000 08:06 2233934                    /lib/x86_64-linux-gnu/libnss_files-2.15.so
7f859dba4000-7f859dbae000 r-xp 00000000 08:06 2233929                    /lib/x86_64-linux-gnu/libnss_nis-2.15.so
7f859dbae000-7f859ddae000 ---p 0000a000 08:06 2233929                    /lib/x86_64-linux-gnu/libnss_nis-2.15.so
7f859ddae000-7f859ddaf000 r--p 0000a000 08:06 2233929                    /lib/x86_64-linux-gnu/libnss_nis-2.15.so
7f859ddaf000-7f859ddb0000 rw-p 0000b000 08:06 2233929                    /lib/x86_64-linux-gnu/libnss_nis-2.15.so
7f859ddb0000-7f859ddc7000 r-xp 00000000 08:06 2233945                    /lib/x86_64-linux-gnu/libnsl-2.15.so
7f859ddc7000-7f859dfc6000 ---p 00017000 08:06 2233945                    /lib/x86_64-linux-gnu/libnsl-2.15.so
7f859dfc6000-7f859dfc7000 r--p 00016000 08:06 2233945                    /lib/x86_64-linux-gnu/libnsl-2.15.so
7f859dfc7000-7f859dfc8000 rw-p 00017000 08:06 2233945                    /lib/x86_64-linux-gnu/libnsl-2.15.so
7f859dfc8000-7f859dfca000 rw-p 00000000 00:00 0 
7f859dfca000-7f859dfd2000 r-xp 00000000 08:06 2233935                    /lib/x86_64-linux-gnu/libnss_compat-2.15.so
7f859dfd2000-7f859e1d1000 ---p 00008000 08:06 2233935                    /lib/x86_64-linux-gnu/libnss_compat-2.15.so
7f859e1d1000-7f859e1d2000 r--p 00007000 08:06 2233935                    /lib/x86_64-linux-gnu/libnss_compat-2.15.so
7f859e1d2000-7f859e1d3000 rw-p 00008000 08:06 2233935                    /lib/x86_64-linux-gnu/libnss_compat-2.15.so
7f859e1d3000-7f859e1fc000 r-xp 00000000 08:06 1967577                    /usr/lib/jvm/java-7-oracle/jre/lib/amd64/libjava.so
7f859e1fc000-7f859e3fc000 ---p 00029000 08:06 1967577                    /usr/lib/jvm/java-7-oracle/jre/lib/amd64/libjava.so
7f859e3fc000-7f859e3fe000 rw-p 00029000 08:06 1967577                    /usr/lib/jvm/java-7-oracle/jre/lib/amd64/libjava.so
7f859e3fe000-7f859e40b000 r-xp 00000000 08:06 1967580                    /usr/lib/jvm/java-7-oracle/jre/lib/amd64/libverify.so
7f859e40b000-7f859e60a000 ---p 0000d000 08:06 1967580                    /usr/lib/jvm/java-7-oracle/jre/lib/amd64/libverify.so
7f859e60a000-7f859e60c000 rw-p 0000c000 08:06 1967580                    /usr/lib/jvm/java-7-oracle/jre/lib/amd64/libverify.so
7f859e60c000-7f859e613000 r-xp 00000000 08:06 2233808                    /lib/x86_64-linux-gnu/librt-2.15.so
7f859e613000-7f859e812000 ---p 00007000 08:06 2233808                    /lib/x86_64-linux-gnu/librt-2.15.so
7f859e812000-7f859e813000 r--p 00006000 08:06 2233808                    /lib/x86_64-linux-gnu/librt-2.15.so
7f859e813000-7f859e814000 rw-p 00007000 08:06 2233808                    /lib/x86_64-linux-gnu/librt-2.15.so
7f859e814000-7f859e90f000 r-xp 00000000 08:06 2233931                    /lib/x86_64-linux-gnu/libm-2.15.so
7f859e90f000-7f859eb0e000 ---p 000fb000 08:06 2233931                    /lib/x86_64-linux-gnu/libm-2.15.so
7f859eb0e000-7f859eb0f000 r--p 000fa000 08:06 2233931                    /lib/x86_64-linux-gnu/libm-2.15.so
7f859eb0f000-7f859eb10000 rw-p 000fb000 08:06 2233931                    /lib/x86_64-linux-gnu/libm-2.15.so
7f859eb10000-7f859f557000 r-xp 00000000 08:06 1967573                    /usr/lib/jvm/java-7-oracle/jre/lib/amd64/server/libjvm.so
7f859f557000-7f859f756000 ---p 00a47000 08:06 1967573                    /usr/lib/jvm/java-7-oracle/jre/lib/amd64/server/libjvm.so
7f859f756000-7f859f7fa000 rw-p 00a46000 08:06 1967573                    /usr/lib/jvm/java-7-oracle/jre/lib/amd64/server/libjvm.so
7f859f7fa000-7f859f835000 rw-p 00000000 00:00 0 
7f859f835000-7f859f9ea000 r-xp 00000000 08:06 2233802                    /lib/x86_64-linux-gnu/libc-2.15.so
7f859f9ea000-7f859fbe9000 ---p 001b5000 08:06 2233802                    /lib/x86_64-linux-gnu/libc-2.15.so
7f859fbe9000-7f859fbed000 r--p 001b4000 08:06 2233802                    /lib/x86_64-linux-gnu/libc-2.15.so
7f859fbed000-7f859fbef000 rw-p 001b8000 08:06 2233802                    /lib/x86_64-linux-gnu/libc-2.15.so
7f859fbef000-7f859fbf4000 rw-p 00000000 00:00 0 
7f859fbf4000-7f859fbf6000 r-xp 00000000 08:06 2233800                    /lib/x86_64-linux-gnu/libdl-2.15.so
7f859fbf6000-7f859fdf6000 ---p 00002000 08:06 2233800                    /lib/x86_64-linux-gnu/libdl-2.15.so
7f859fdf6000-7f859fdf7000 r--p 00002000 08:06 2233800                    /lib/x86_64-linux-gnu/libdl-2.15.so
7f859fdf7000-7f859fdf8000 rw-p 00003000 08:06 2233800                    /lib/x86_64-linux-gnu/libdl-2.15.so
7f859fdf8000-7f859fe0e000 r-xp 00000000 08:06 1967609                    /usr/lib/jvm/java-7-oracle/jre/lib/amd64/jli/libjli.so
7f859fe0e000-7f85a000d000 ---p 00016000 08:06 1967609                    /usr/lib/jvm/java-7-oracle/jre/lib/amd64/jli/libjli.so
7f85a000d000-7f85a000e000 rw-p 00015000 08:06 1967609                    /usr/lib/jvm/java-7-oracle/jre/lib/amd64/jli/libjli.so
7f85a000e000-7f85a0026000 r-xp 00000000 08:06 2233804                    /lib/x86_64-linux-gnu/libpthread-2.15.so
7f85a0026000-7f85a0225000 ---p 00018000 08:06 2233804                    /lib/x86_64-linux-gnu/libpthread-2.15.so
7f85a0225000-7f85a0226000 r--p 00017000 08:06 2233804                    /lib/x86_64-linux-gnu/libpthread-2.15.so
7f85a0226000-7f85a0227000 rw-p 00018000 08:06 2233804                    /lib/x86_64-linux-gnu/libpthread-2.15.so
7f85a0227000-7f85a022b000 rw-p 00000000 00:00 0 
7f85a022b000-7f85a024d000 r-xp 00000000 08:06 2233940                    /lib/x86_64-linux-gnu/ld-2.15.so
7f85a0250000-7f85a0251000 rw-s 00005000 00:05 7943                       /dev/ati/card0
7f85a0251000-7f85a0252000 r--s 00023000 08:11 895                        /media/DDE-640/IMAC/Projets_Tut/PlantS/libjogl/jogamp-all-platforms/jar/jogl-all-natives-linux-amd64.jar
7f85a0252000-7f85a0253000 r--s 00000000 08:11 894                        /media/DDE-640/IMAC/Projets_Tut/PlantS/libjogl/jogamp-all-platforms/jar/gluegen-rt-natives-linux-amd64.jar
7f85a0253000-7f85a026d000 r--s 00477000 08:11 450                        /media/DDE-640/IMAC/Projets_Tut/PlantS/libjogl/jogamp-all-platforms/jar/jogl-all.jar
7f85a026d000-7f85a0277000 rw-p 00000000 00:00 0 
7f85a0277000-7f85a032d000 rw-p 00000000 00:00 0 
7f85a032d000-7f85a0330000 ---p 00000000 00:00 0 
7f85a0330000-7f85a0432000 rw-p 00000000 00:00 0 
7f85a0432000-7f85a0433000 r--p 00000000 00:00 0 
7f85a0433000-7f85a0437000 r--s 00089000 08:06 1967701                    /usr/lib/jvm/java-7-oracle/jre/lib/jsse.jar
7f85a0437000-7f85a043c000 r--s 00044000 08:11 446                        /media/DDE-640/IMAC/Projets_Tut/PlantS/jdom-2.0.3/jdom-2.0.3.jar
7f85a043c000-7f85a0441000 r--s 0002c000 08:11 451                        /media/DDE-640/IMAC/Projets_Tut/PlantS/libjogl/jogamp-all-platforms/jar/gluegen-rt.jar
7f85a0441000-7f85a0449000 rw-s 00000000 08:06 4456558                    /tmp/hsperfdata_guyom/3545 (deleted)
7f85a0449000-7f85a044a000 rw-p 00000000 00:00 0 
7f85a044a000-7f85a044b000 ---p 00000000 00:00 0 
7f85a044b000-7f85a044d000 rw-p 00000000 00:00 0 
7f85a044d000-7f85a044e000 r--p 00022000 08:06 2233940                    /lib/x86_64-linux-gnu/ld-2.15.so
7f85a044e000-7f85a0450000 rw-p 00023000 08:06 2233940                    /lib/x86_64-linux-gnu/ld-2.15.so
7ffff59fe000-7ffff5a1f000 rw-p 00000000 00:00 0                          [stack]
7ffff5af3000-7ffff5af4000 r-xp 00000000 00:00 0                          [vdso]
ffffffffff600000-ffffffffff601000 r-xp 00000000 00:00 0                  [vsyscall]

VM Arguments:
jvm_args: -Djava.library.path=/media/DDE-640/IMAC/Projets_Tut/PlantS/libjogl/jogamp-all-platforms/jar:/media/DDE-640/IMAC/Projets_Tut/PlantS/libjogl/jogamp-all-platforms/jar -Dfile.encoding=UTF-8 
java_command: JOGLApp
Launcher Type: SUN_STANDARD

Environment Variables:
PATH=/usr/lib/lightdm/lightdm:/usr/local/sbin:/usr/local/bin:/usr/sbin:/usr/bin:/sbin:/bin:/usr/games
SHELL=/bin/bash
DISPLAY=:0.0

Signal Handlers:
SIGSEGV: [libjvm.so+0x8a5c80], sa_mask[0]=0x7ffbfeff, sa_flags=0x10000004
SIGBUS: [libjvm.so+0x8a5c80], sa_mask[0]=0x7ffbfeff, sa_flags=0x10000004
SIGFPE: [libjvm.so+0x741d60], sa_mask[0]=0x7ffbfeff, sa_flags=0x10000004
SIGPIPE: [libjvm.so+0x741d60], sa_mask[0]=0x7ffbfeff, sa_flags=0x10000004
SIGXFSZ: [libjvm.so+0x741d60], sa_mask[0]=0x7ffbfeff, sa_flags=0x10000004
SIGILL: [libjvm.so+0x741d60], sa_mask[0]=0x7ffbfeff, sa_flags=0x10000004
SIGUSR1: SIG_DFL, sa_mask[0]=0x00000000, sa_flags=0x00000000
SIGUSR2: [libjvm.so+0x7416b0], sa_mask[0]=0x00000004, sa_flags=0x10000004
SIGHUP: [libjvm.so+0x743a40], sa_mask[0]=0x7ffbfeff, sa_flags=0x10000004
SIGINT: [libjvm.so+0x743a40], sa_mask[0]=0x7ffbfeff, sa_flags=0x10000004
SIGTERM: [libjvm.so+0x743a40], sa_mask[0]=0x7ffbfeff, sa_flags=0x10000004
SIGQUIT: [libjvm.so+0x743a40], sa_mask[0]=0x7ffbfeff, sa_flags=0x10000004


---------------  S Y S T E M  ---------------

OS:wheezy/sid

uname:Linux 3.2.0-32-generic #51-Ubuntu SMP Wed Sep 26 21:33:09 UTC 2012 x86_64
libc:glibc 2.15 NPTL 2.15 
rlimit: STACK 8192k, CORE 0k, NPROC 30344, NOFILE 4096, AS infinity
load average:0,53 0,68 0,54

/proc/meminfo:
MemTotal:        3901720 kB
MemFree:         1480224 kB
Buffers:          168496 kB
Cached:           976936 kB
SwapCached:            0 kB
Active:          1394120 kB
Inactive:         717868 kB
Active(anon):     967352 kB
Inactive(anon):     1084 kB
Active(file):     426768 kB
Inactive(file):   716784 kB
Unevictable:           0 kB
Mlocked:               0 kB
SwapTotal:       4042748 kB
SwapFree:        4042748 kB
Dirty:              1076 kB
Writeback:             0 kB
AnonPages:        966572 kB
Mapped:           218996 kB
Shmem:              1884 kB
Slab:              86524 kB
SReclaimable:      57212 kB
SUnreclaim:        29312 kB
KernelStack:        3896 kB
PageTables:        28072 kB
NFS_Unstable:          0 kB
Bounce:                0 kB
WritebackTmp:          0 kB
CommitLimit:     5993608 kB
Committed_AS:    3722128 kB
VmallocTotal:   34359738367 kB
VmallocUsed:      111804 kB
VmallocChunk:   34359624168 kB
HardwareCorrupted:     0 kB
AnonHugePages:         0 kB
HugePages_Total:       0
HugePages_Free:        0
HugePages_Rsvd:        0
HugePages_Surp:        0
Hugepagesize:       2048 kB
DirectMap4k:      171964 kB
DirectMap2M:     3872768 kB


CPU:total 4 (2 cores per cpu, 2 threads per core) family 6 model 37 stepping 5, cmov, cx8, fxsr, mmx, sse, sse2, sse3, ssse3, sse4.1, sse4.2, popcnt, ht, tsc, tscinvbit

/proc/cpuinfo:
processor	: 0
vendor_id	: GenuineIntel
cpu family	: 6
model		: 37
model name	: Intel(R) Core(TM) i5 CPU       M 480  @ 2.67GHz
stepping	: 5
microcode	: 0x2
cpu MHz		: 1199.000
cache size	: 3072 KB
physical id	: 0
siblings	: 4
core id		: 0
cpu cores	: 2
apicid		: 0
initial apicid	: 0
fpu		: yes
fpu_exception	: yes
cpuid level	: 11
wp		: yes
flags		: fpu vme de pse tsc msr pae mce cx8 apic sep mtrr pge mca cmov pat pse36 clflush dts acpi mmx fxsr sse sse2 ss ht tm pbe syscall nx rdtscp lm constant_tsc arch_perfmon pebs bts rep_good nopl xtopology nonstop_tsc aperfmperf pni dtes64 monitor ds_cpl vmx est tm2 ssse3 cx16 xtpr pdcm pcid sse4_1 sse4_2 popcnt lahf_lm ida arat dtherm tpr_shadow vnmi flexpriority ept vpid
bogomips	: 5319.91
clflush size	: 64
cache_alignment	: 64
address sizes	: 36 bits physical, 48 bits virtual
power management:

processor	: 1
vendor_id	: GenuineIntel
cpu family	: 6
model		: 37
model name	: Intel(R) Core(TM) i5 CPU       M 480  @ 2.67GHz
stepping	: 5
microcode	: 0x2
cpu MHz		: 1199.000
cache size	: 3072 KB
physical id	: 0
siblings	: 4
core id		: 2
cpu cores	: 2
apicid		: 4
initial apicid	: 4
fpu		: yes
fpu_exception	: yes
cpuid level	: 11
wp		: yes
flags		: fpu vme de pse tsc msr pae mce cx8 apic sep mtrr pge mca cmov pat pse36 clflush dts acpi mmx fxsr sse sse2 ss ht tm pbe syscall nx rdtscp lm constant_tsc arch_perfmon pebs bts rep_good nopl xtopology nonstop_tsc aperfmperf pni dtes64 monitor ds_cpl vmx est tm2 ssse3 cx16 xtpr pdcm pcid sse4_1 sse4_2 popcnt lahf_lm ida arat dtherm tpr_shadow vnmi flexpriority ept vpid
bogomips	: 5319.89
clflush size	: 64
cache_alignment	: 64
address sizes	: 36 bits physical, 48 bits virtual
power management:

processor	: 2
vendor_id	: GenuineIntel
cpu family	: 6
model		: 37
model name	: Intel(R) Core(TM) i5 CPU       M 480  @ 2.67GHz
stepping	: 5
microcode	: 0x2
cpu MHz		: 1199.000
cache size	: 3072 KB
physical id	: 0
siblings	: 4
core id		: 0
cpu cores	: 2
apicid		: 1
initial apicid	: 1
fpu		: yes
fpu_exception	: yes
cpuid level	: 11
wp		: yes
flags		: fpu vme de pse tsc msr pae mce cx8 apic sep mtrr pge mca cmov pat pse36 clflush dts acpi mmx fxsr sse sse2 ss ht tm pbe syscall nx rdtscp lm constant_tsc arch_perfmon pebs bts rep_good nopl xtopology nonstop_tsc aperfmperf pni dtes64 monitor ds_cpl vmx est tm2 ssse3 cx16 xtpr pdcm pcid sse4_1 sse4_2 popcnt lahf_lm ida arat dtherm tpr_shadow vnmi flexpriority ept vpid
bogomips	: 5319.89
clflush size	: 64
cache_alignment	: 64
address sizes	: 36 bits physical, 48 bits virtual
power management:

processor	: 3
vendor_id	: GenuineIntel
cpu family	: 6
model		: 37
model name	: Intel(R) Core(TM) i5 CPU       M 480  @ 2.67GHz
stepping	: 5
microcode	: 0x2
cpu MHz		: 1199.000
cache size	: 3072 KB
physical id	: 0
siblings	: 4
core id		: 2
cpu cores	: 2
apicid		: 5
initial apicid	: 5
fpu		: yes
fpu_exception	: yes
cpuid level	: 11
wp		: yes
flags		: fpu vme de pse tsc msr pae mce cx8 apic sep mtrr pge mca cmov pat pse36 clflush dts acpi mmx fxsr sse sse2 ss ht tm pbe syscall nx rdtscp lm constant_tsc arch_perfmon pebs bts rep_good nopl xtopology nonstop_tsc aperfmperf pni dtes64 monitor ds_cpl vmx est tm2 ssse3 cx16 xtpr pdcm pcid sse4_1 sse4_2 popcnt lahf_lm ida arat dtherm tpr_shadow vnmi flexpriority ept vpid
bogomips	: 5319.88
clflush size	: 64
cache_alignment	: 64
address sizes	: 36 bits physical, 48 bits virtual
power management:



Memory: 4k page, physical 3901720k(1480224k free), swap 4042748k(4042748k free)

vm_info: Java HotSpot(TM) 64-Bit Server VM (23.5-b02) for linux-amd64 JRE (1.7.0_09-b05), built on Sep 24 2012 20:07:15 by "java_re" with gcc 4.3.0 20080428 (Red Hat 4.3.0-8)

time: Sun Nov 11 17:16:02 2012
elapsed time: 10 seconds

