#
# A fatal error has been detected by the Java Runtime Environment:
#
#  SIGSEGV (0xb) at pc=0x00007f4d59a8ec58, pid=6593, tid=139970436470528
#
# JRE version: 7.0_09-b05
# Java VM: Java HotSpot(TM) 64-Bit Server VM (23.5-b02 mixed mode linux-amd64 compressed oops)
# Problematic frame:
# C  [libX11.so.6+0x33c58]  XQueryExtension+0x28
#
# Failed to write core dump. Core dumps have been disabled. To enable core dumping, try "ulimit -c unlimited" before starting Java again
#
# If you would like to submit a bug report, please visit:
#   http://bugreport.sun.com/bugreport/crash.jsp
#

---------------  T H R E A D  ---------------

Current thread (0x00007f4d64092000):  VMThread [stack: 0x00007f4d68151000,0x00007f4d68252000] [id=6605]

siginfo:si_signo=SIGSEGV: si_errno=0, si_code=1 (SEGV_MAPERR), si_addr=0x0000000004001778

Registers:
RAX=0x00007f4d3c0008c0, RBX=0x0000000004000e10, RCX=0x00007f4d682506e8, RDX=0x00007f4d682506e4
RSP=0x00007f4d68250680, RBP=0x00007f4d5357de12, RSI=0x00007f4d5357de12, RDI=0x0000000004000e10
R8 =0x00007f4d682506ec, R9 =0x0000000000000000, R10=0x00007f4d6c858fa8, R11=0x00007f4d6c4d8c80
R12=0x0000000000000000, R13=0x00007f4d5357de12, R14=0x00007f4d3c0008c0, R15=0x0000000000000000
RIP=0x00007f4d59a8ec58, EFLAGS=0x0000000000010202, CSGSFS=0x0000000000000033, ERR=0x0000000000000004
  TRAPNO=0x000000000000000e

Top of Stack: (sp=0x00007f4d68250680)
0x00007f4d68250680:   00007f4d6c4ab790 00007f4d6d099548
0x00007f4d68250690:   0000000000000000 00007f4d6c46ff50
0x00007f4d682506a0:   00000000ffffffff 0000000004000e10
0x00007f4d682506b0:   00007f4d5357de12 0000000000000000
0x00007f4d682506c0:   00007f4d5357de12 00007f4d3c0008c0
0x00007f4d682506d0:   0000000000000000 00007f4d59a82c55
0x00007f4d682506e0:   00007f4d6d0b6048 00007f4d536b5c60
0x00007f4d682506f0:   00007f4d536b5c60 0000000004000e10
0x00007f4d68250700:   00007f4d0400ef00 00007f4d59d9c02b
0x00007f4d68250710:   00007f4d6c4ab790 000000110000002a
0x00007f4d68250720:   00007f4d682507a0 0000000000000000
0x00007f4d68250730:   00007f4d682507a0 0000000004000e10
0x00007f4d68250740:   0000000000000000 00007f4d6d0b6048
0x00007f4d68250750:   00007f4d536cf490 00007f4d53529fd9
0x00007f4d68250760:   0000000000000000 000000000000002a
0x00007f4d68250770:   00007f4d682507a0 00007f4d682507c0
0x00007f4d68250780:   0000000000000000 00007f4d6d0b6048
0x00007f4d68250790:   00007f4d10002d90 00007f4d5351e6e2
0x00007f4d682507a0:   00007f4d68250980 00007f4d5357dd81
0x00007f4d682507b0:   00007f4d68250980 00007f4d6cea292d
0x00007f4d682507c0:   00007f4d6d0b72c8 00007f4d6d0b7858
0x00007f4d682507d0:   00007f4d6d0b4b50 00007f4d64007330
0x00007f4d682507e0:   00007f4d64007e40 00007f4d640077e0
0x00007f4d682507f0:   00007f4d64008340 00007f4d6400d200
0x00007f4d68250800:   00007f4d64237f70 00007f4d64238410
0x00007f4d68250810:   00007f4d64317a10 00007f4d64316e20
0x00007f4d68250820:   00007f4d6432ba90 00007f4d64341d70
0x00007f4d68250830:   00007f4d64341830 00007f4d64180bb0
0x00007f4d68250840:   00007f4d64182690 00007f4d64182190
0x00007f4d68250850:   00007f4d6417eee0 00007f4d640020f0
0x00007f4d68250860:   00007f4d64001a70 00000000006f94d0
0x00007f4d68250870:   00007f4d6438cbf0 00007f4d64181c80 

Instructions: (pc=0x00007f4d59a8ec58)
0x00007f4d59a8ec38:   24 d8 48 89 fb 4c 89 64 24 e0 4c 89 6c 24 e8 48
0x00007f4d59a8ec48:   89 f5 4c 89 74 24 f0 4c 89 7c 24 f8 48 83 ec 58
0x00007f4d59a8ec58:   48 8b 87 68 09 00 00 49 89 d4 49 89 cd 4d 89 c6
0x00007f4d59a8ec68:   48 85 c0 74 02 ff 10 ba 08 00 00 00 be 62 00 00 

Register to memory mapping:

RAX=0x00007f4d3c0008c0 is an unknown value
RBX=0x0000000004000e10 is an unknown value
RCX=0x00007f4d682506e8 is an unknown value
RDX=0x00007f4d682506e4 is an unknown value
RSP=0x00007f4d68250680 is an unknown value
RBP=0x00007f4d5357de12: <offset 0x92e12> in /usr/lib/libGL.so.1 at 0x00007f4d534eb000
RSI=0x00007f4d5357de12: <offset 0x92e12> in /usr/lib/libGL.so.1 at 0x00007f4d534eb000
RDI=0x0000000004000e10 is an unknown value
R8 =0x00007f4d682506ec is an unknown value
R9 =0x0000000000000000 is an unknown value
R10=0x00007f4d6c858fa8: <offset 0x3bbfa8> in /lib/x86_64-linux-gnu/libc.so.6 at 0x00007f4d6c49d000
R11=0x00007f4d6c4d8c80: __cxa_finalize+0 in /lib/x86_64-linux-gnu/libc.so.6 at 0x00007f4d6c49d000
R12=0x0000000000000000 is an unknown value
R13=0x00007f4d5357de12: <offset 0x92e12> in /usr/lib/libGL.so.1 at 0x00007f4d534eb000
R14=0x00007f4d3c0008c0 is an unknown value
R15=0x0000000000000000 is an unknown value


Stack: [0x00007f4d68151000,0x00007f4d68252000],  sp=0x00007f4d68250680,  free space=1021k
Native frames: (J=compiled Java code, j=interpreted, Vv=VM code, C=native code)
C  [libX11.so.6+0x33c58]  XQueryExtension+0x28

VM_Operation (0x00007f4d53bf8e00): Exit, mode: safepoint, requested by thread 0x00007f4d6438b000


---------------  P R O C E S S  ---------------

Java Threads: ( => current thread )
  0x00007f4d64009000 JavaThread "DestroyJavaVM" [_thread_blocked, id=6598, stack(0x00007f4d6cf95000,0x00007f4d6d096000)]
  0x00007f4d643cb000 JavaThread "Timer-0" [_thread_blocked, id=6628, stack(0x00007f4d583dc000,0x00007f4d584dd000)]
  0x00007f4d6438b000 JavaThread "AWT-EventQueue-0" [_thread_blocked, id=6626, stack(0x00007f4d53afb000,0x00007f4d53bfc000)]
  0x00007f4d64389800 JavaThread "AWT-Shutdown" [_thread_blocked, id=6625, stack(0x00007f4d580d8000,0x00007f4d581d9000)]
  0x00007f4d642f7000 JavaThread "process reaper" daemon [_thread_blocked, id=6619, stack(0x00007f4d68003000,0x00007f4d6802b000)]
  0x00007f4d64247000 JavaThread "AWT-XAWT" daemon [_thread_blocked, id=6615, stack(0x00007f4d58904000,0x00007f4d58a05000)]
  0x00007f4d64205800 JavaThread "Java2D Disposer" daemon [_thread_blocked, id=6614, stack(0x00007f4d600f3000,0x00007f4d601f4000)]
  0x00007f4d640f0000 JavaThread "Service Thread" daemon [_thread_blocked, id=6611, stack(0x00007f4d6083b000,0x00007f4d6093c000)]
  0x00007f4d640ee000 JavaThread "C2 CompilerThread1" daemon [_thread_blocked, id=6610, stack(0x00007f4d6093c000,0x00007f4d60a3d000)]
  0x00007f4d640eb000 JavaThread "C2 CompilerThread0" daemon [_thread_blocked, id=6609, stack(0x00007f4d60a3d000,0x00007f4d60b3e000)]
  0x00007f4d640e8800 JavaThread "Signal Dispatcher" daemon [_thread_blocked, id=6608, stack(0x00007f4d60b3e000,0x00007f4d60c3f000)]
  0x00007f4d6409b800 JavaThread "Finalizer" daemon [_thread_blocked, id=6607, stack(0x00007f4d60eff000,0x00007f4d61000000)]
  0x00007f4d64099800 JavaThread "Reference Handler" daemon [_thread_blocked, id=6606, stack(0x00007f4d68050000,0x00007f4d68151000)]

Other Threads:
=>0x00007f4d64092000 VMThread [stack: 0x00007f4d68151000,0x00007f4d68252000] [id=6605]

VM state:at safepoint (shutting down)

VM Mutex/Monitor currently owned by a thread:  ([mutex/lock_event])
[0x00007f4d64005500] Threads_lock - owner thread: 0x00007f4d64092000

Heap
 PSYoungGen      total 17792K, used 17098K [0x00000000ec200000, 0x00000000ed5d0000, 0x0000000100000000)
  eden space 15296K, 95% used [0x00000000ec200000,0x00000000ed046988,0x00000000ed0f0000)
  from space 2496K, 99% used [0x00000000ed0f0000,0x00000000ed35c1e8,0x00000000ed360000)
  to   space 2496K, 0% used [0x00000000ed360000,0x00000000ed360000,0x00000000ed5d0000)
 ParOldGen       total 40704K, used 1198K [0x00000000c4600000, 0x00000000c6dc0000, 0x00000000ec200000)
  object space 40704K, 2% used [0x00000000c4600000,0x00000000c472b860,0x00000000c6dc0000)
 PSPermGen       total 21248K, used 16180K [0x00000000bf400000, 0x00000000c08c0000, 0x00000000c4600000)
  object space 21248K, 76% used [0x00000000bf400000,0x00000000c03cd358,0x00000000c08c0000)

Card table byte_map: [0x00007f4d6a1dd000,0x00007f4d6a3e4000] byte_map_base: 0x00007f4d69be3000

Polling page: 0x00007f4d6d0b2000

Code Cache  [0x00007f4d61000000, 0x00007f4d61270000, 0x00007f4d64000000)
 total_blobs=844 nmethods=118 adapters=678 free_code_cache=48234Kb largest_free_block=49365632

Compilation events (10 events):
Event: 9,661 Thread 0x00007f4d640eb000  114             java.util.HashMap::get (29 bytes)
Event: 9,666 Thread 0x00007f4d640eb000 nmethod 114 0x00007f4d610e7f90 code [0x00007f4d610e8100, 0x00007f4d610e8308]
Event: 10,222 Thread 0x00007f4d640ee000  115             jogamp.common.util.locks.RecursiveLockImpl01Unfairish$SingleThreadSync::getHoldCount (5 bytes)
Event: 10,222 Thread 0x00007f4d640ee000 nmethod 115 0x00007f4d610d2350 code [0x00007f4d610d2480, 0x00007f4d610d24d8]
Event: 10,225 Thread 0x00007f4d640eb000  116             com.jogamp.common.nio.StructAccessor::getBuffer (5 bytes)
Event: 10,225 Thread 0x00007f4d640eb000 nmethod 116 0x00007f4d610c8d50 code [0x00007f4d610c8e80, 0x00007f4d610c8ed8]
Event: 10,269 Thread 0x00007f4d640ee000  117             sun.awt.AppContext::getAppContext (80 bytes)
Event: 10,271 Thread 0x00007f4d640ee000 nmethod 117 0x00007f4d610cb410 code [0x00007f4d610cb580, 0x00007f4d610cb698]
Event: 10,367 Thread 0x00007f4d640eb000  118   !         sun.awt.AppContext::get (121 bytes)
Event: 10,378 Thread 0x00007f4d640eb000 nmethod 118 0x00007f4d610ca5d0 code [0x00007f4d610ca760, 0x00007f4d610caf48]

GC Heap History (2 events):
Event: 1,157 GC heap before
{Heap before GC invocations=1 (full 0):
 PSYoungGen      total 17792K, used 15296K [0x00000000ec200000, 0x00000000ed5d0000, 0x0000000100000000)
  eden space 15296K, 100% used [0x00000000ec200000,0x00000000ed0f0000,0x00000000ed0f0000)
  from space 2496K, 0% used [0x00000000ed360000,0x00000000ed360000,0x00000000ed5d0000)
  to   space 2496K, 0% used [0x00000000ed0f0000,0x00000000ed0f0000,0x00000000ed360000)
 ParOldGen       total 40704K, used 0K [0x00000000c4600000, 0x00000000c6dc0000, 0x00000000ec200000)
  object space 40704K, 0% used [0x00000000c4600000,0x00000000c4600000,0x00000000c6dc0000)
 PSPermGen       total 21248K, used 14207K [0x00000000bf400000, 0x00000000c08c0000, 0x00000000c4600000)
  object space 21248K, 66% used [0x00000000bf400000,0x00000000c01dfe48,0x00000000c08c0000)
Event: 1,166 GC heap after
Heap after GC invocations=1 (full 0):
 PSYoungGen      total 17792K, used 2480K [0x00000000ec200000, 0x00000000ed5d0000, 0x0000000100000000)
  eden space 15296K, 0% used [0x00000000ec200000,0x00000000ec200000,0x00000000ed0f0000)
  from space 2496K, 99% used [0x00000000ed0f0000,0x00000000ed35c1e8,0x00000000ed360000)
  to   space 2496K, 0% used [0x00000000ed360000,0x00000000ed360000,0x00000000ed5d0000)
 ParOldGen       total 40704K, used 1198K [0x00000000c4600000, 0x00000000c6dc0000, 0x00000000ec200000)
  object space 40704K, 2% used [0x00000000c4600000,0x00000000c472b860,0x00000000c6dc0000)
 PSPermGen       total 21248K, used 14207K [0x00000000bf400000, 0x00000000c08c0000, 0x00000000c4600000)
  object space 21248K, 66% used [0x00000000bf400000,0x00000000c01dfe48,0x00000000c08c0000)
}

Deoptimization events (10 events):
Event: 0,992 Thread 0x00007f4d64009000 Uncommon trap -58 fr.pc 0x00007f4d610aea90
Event: 0,992 Thread 0x00007f4d64009000 Uncommon trap -58 fr.pc 0x00007f4d610aea90
Event: 0,992 Thread 0x00007f4d64009000 Uncommon trap -58 fr.pc 0x00007f4d610aea90
Event: 0,992 Thread 0x00007f4d64009000 Uncommon trap -58 fr.pc 0x00007f4d610aea90
Event: 1,152 Thread 0x00007f4d6438b000 Uncommon trap -83 fr.pc 0x00007f4d610b3c2c
Event: 4,209 Thread 0x00007f4d6438b000 Uncommon trap -42 fr.pc 0x00007f4d610c62b4
Event: 4,209 Thread 0x00007f4d6438b000 Uncommon trap -42 fr.pc 0x00007f4d610c62b4
Event: 4,209 Thread 0x00007f4d6438b000 Uncommon trap -42 fr.pc 0x00007f4d610c62b4
Event: 4,209 Thread 0x00007f4d6438b000 Uncommon trap -42 fr.pc 0x00007f4d610c62b4
Event: 10,539 Thread 0x00007f4d6438b000 Uncommon trap -83 fr.pc 0x00007f4d610e82b4

Internal exceptions (10 events):
Event: 1,216 Thread 0x00007f4d6438b000 Threw 0x00000000ec34e360 at /HUDSON/workspace/jdk7u9-2-build-linux-amd64-product/jdk7u9/hotspot/src/share/vm/prims/jvm.cpp:1166
Event: 1,216 Thread 0x00007f4d6438b000 Threw 0x00000000ec3527a8 at /HUDSON/workspace/jdk7u9-2-build-linux-amd64-product/jdk7u9/hotspot/src/share/vm/prims/jvm.cpp:1166
Event: 1,217 Thread 0x00007f4d6438b000 Threw 0x00000000ec3578f0 at /HUDSON/workspace/jdk7u9-2-build-linux-amd64-product/jdk7u9/hotspot/src/share/vm/prims/jvm.cpp:1166
Event: 1,218 Thread 0x00007f4d6438b000 Threw 0x00000000ec360c70 at /HUDSON/workspace/jdk7u9-2-build-linux-amd64-product/jdk7u9/hotspot/src/share/vm/prims/jvm.cpp:1166
Event: 1,227 Thread 0x00007f4d6438b000 Threw 0x00000000ec3698a8 at /HUDSON/workspace/jdk7u9-2-build-linux-amd64-product/jdk7u9/hotspot/src/share/vm/runtime/reflection.cpp
Event: 1,229 Thread 0x00007f4d6438b000 Threw 0x00000000ec369c40 at /HUDSON/workspace/jdk7u9-2-build-linux-amd64-product/jdk7u9/hotspot/src/share/vm/runtime/reflection.cpp
Event: 1,231 Thread 0x00007f4d6438b000 Threw 0x00000000ec36eeb0 at /HUDSON/workspace/jdk7u9-2-build-linux-amd64-product/jdk7u9/hotspot/src/share/vm/runtime/reflection.cpp
Event: 1,357 Thread 0x00007f4d6438b000 Threw 0x00000000ec46a640 at /HUDSON/workspace/jdk7u9-2-build-linux-amd64-product/jdk7u9/hotspot/src/share/vm/prims/jni.cpp:742
Event: 10,539 Thread 0x00007f4d6438b000 Implicit null exception at 0x00007f4d610e8125 to 0x00007f4d610e82a5
Event: 10,544 Thread 0x00007f4d1048e000 Threw 0x00000000ed005d80 at /HUDSON/workspace/jdk7u9-2-build-linux-amd64-product/jdk7u9/hotspot/src/share/vm/prims/jvm.cpp:1166

Events (10 events):
Event: 10,544 loading class 0x00007f4d642af110 done
Event: 10,545 loading class 0x00007f4d64314980
Event: 10,545 loading class 0x00007f4d64314980 done
Event: 10,545 Thread 0x00007f4d1047f000 Thread exited: 0x00007f4d1047f000
Event: 10,545 loading class 0x00007f4d640a5bc0
Event: 10,546 loading class 0x00007f4d640a5bc0 done
Event: 10,549 Thread 0x00007f4d1013a800 Thread exited: 0x00007f4d1013a800
Event: 10,573 Thread 0x00007f4d643bf000 Thread exited: 0x00007f4d643bf000
Event: 10,575 Thread 0x00007f4d1048e000 Thread exited: 0x00007f4d1048e000
Event: 10,575 Executing VM operation: Exit


Dynamic libraries:
00400000-00401000 r-xp 00000000 08:06 1967722                            /usr/lib/jvm/java-7-oracle/bin/java
00600000-00601000 rw-p 00000000 08:06 1967722                            /usr/lib/jvm/java-7-oracle/bin/java
006f9000-0071a000 rw-p 00000000 00:00 0                                  [heap]
bf400000-c08c0000 rw-p 00000000 00:00 0 
c08c0000-c4600000 rw-p 00000000 00:00 0 
c4600000-c6dc0000 rw-p 00000000 00:00 0 
c6dc0000-ec200000 rw-p 00000000 00:00 0 
ec200000-ed5d0000 rw-p 00000000 00:00 0 
ed5d0000-100000000 rw-p 00000000 00:00 0 
7f4cf4000000-7f4cf4021000 rw-p 00000000 00:00 0 
7f4cf4021000-7f4cf8000000 ---p 00000000 00:00 0 
7f4cfc000000-7f4cfc021000 rw-p 00000000 00:00 0 
7f4cfc021000-7f4d00000000 ---p 00000000 00:00 0 
7f4d04000000-7f4d04dad000 rw-p 00000000 00:00 0 
7f4d04dad000-7f4d08000000 ---p 00000000 00:00 0 
7f4d08000000-7f4d08021000 rw-p 00000000 00:00 0 
7f4d08021000-7f4d0c000000 ---p 00000000 00:00 0 
7f4d0c000000-7f4d0c021000 rw-p 00000000 00:00 0 
7f4d0c021000-7f4d10000000 ---p 00000000 00:00 0 
7f4d10000000-7f4d10699000 rw-p 00000000 00:00 0 
7f4d10699000-7f4d14000000 ---p 00000000 00:00 0 
7f4d14000000-7f4d14021000 rw-p 00000000 00:00 0 
7f4d14021000-7f4d18000000 ---p 00000000 00:00 0 
7f4d18000000-7f4d18485000 rw-p 00000000 00:00 0 
7f4d18485000-7f4d1c000000 ---p 00000000 00:00 0 
7f4d1c000000-7f4d1c021000 rw-p 00000000 00:00 0 
7f4d1c021000-7f4d20000000 ---p 00000000 00:00 0 
7f4d20000000-7f4d20021000 rw-p 00000000 00:00 0 
7f4d20021000-7f4d24000000 ---p 00000000 00:00 0 
7f4d24000000-7f4d24021000 rw-p 00000000 00:00 0 
7f4d24021000-7f4d28000000 ---p 00000000 00:00 0 
7f4d28000000-7f4d28021000 rw-p 00000000 00:00 0 
7f4d28021000-7f4d2c000000 ---p 00000000 00:00 0 
7f4d2c000000-7f4d2d26b000 rw-p 00000000 00:00 0 
7f4d2d26b000-7f4d30000000 ---p 00000000 00:00 0 
7f4d30000000-7f4d30582000 rw-p 00000000 00:00 0 
7f4d30582000-7f4d34000000 ---p 00000000 00:00 0 
7f4d34000000-7f4d34021000 rw-p 00000000 00:00 0 
7f4d34021000-7f4d38000000 ---p 00000000 00:00 0 
7f4d38000000-7f4d38021000 rw-p 00000000 00:00 0 
7f4d38021000-7f4d3c000000 ---p 00000000 00:00 0 
7f4d3c000000-7f4d3c021000 rw-p 00000000 00:00 0 
7f4d3c021000-7f4d40000000 ---p 00000000 00:00 0 
7f4d40000000-7f4d40021000 rw-p 00000000 00:00 0 
7f4d40021000-7f4d44000000 ---p 00000000 00:00 0 
7f4d44000000-7f4d44021000 rw-p 00000000 00:00 0 
7f4d44021000-7f4d48000000 ---p 00000000 00:00 0 
7f4d4beff000-7f4d4bf02000 ---p 00000000 00:00 0 
7f4d4bf02000-7f4d4c000000 rw-p 00000000 00:00 0 
7f4d4c000000-7f4d4c021000 rw-p 00000000 00:00 0 
7f4d4c021000-7f4d50000000 ---p 00000000 00:00 0 
7f4d500c7000-7f4d500ca000 ---p 00000000 00:00 0 
7f4d500ca000-7f4d501c8000 rw-p 00000000 00:00 0 
7f4d501c8000-7f4d501cb000 ---p 00000000 00:00 0 
7f4d501cb000-7f4d502c9000 rw-p 00000000 00:00 0 
7f4d502c9000-7f4d509c9000 rw-s 00006000 00:05 8784                       /dev/ati/card0
7f4d509c9000-7f4d50a15000 r-xp 00000000 08:06 9961632                    /usr/lib/libatiadlxx.so
7f4d50a15000-7f4d50b15000 ---p 0004c000 08:06 9961632                    /usr/lib/libatiadlxx.so
7f4d50b15000-7f4d50b20000 rw-p 0004c000 08:06 9961632                    /usr/lib/libatiadlxx.so
7f4d50b20000-7f4d50b30000 rw-p 00000000 00:00 0 
7f4d50b30000-7f4d52ace000 r-xp 00000000 08:06 10092955                   /usr/lib/x86_64-linux-gnu/dri/fglrx_dri.so
7f4d52ace000-7f4d52bcd000 ---p 01f9e000 08:06 10092955                   /usr/lib/x86_64-linux-gnu/dri/fglrx_dri.so
7f4d52bcd000-7f4d52d1b000 rwxp 01f9d000 08:06 10092955                   /usr/lib/x86_64-linux-gnu/dri/fglrx_dri.so
7f4d52d1b000-7f4d52e4f000 rwxp 00000000 00:00 0 
7f4d52e4f000-7f4d52e51000 r-xp 00000000 08:06 9965233                    /usr/lib/x86_64-linux-gnu/libXinerama.so.1.0.0
7f4d52e51000-7f4d53050000 ---p 00002000 08:06 9965233                    /usr/lib/x86_64-linux-gnu/libXinerama.so.1.0.0
7f4d53050000-7f4d53051000 r--p 00001000 08:06 9965233                    /usr/lib/x86_64-linux-gnu/libXinerama.so.1.0.0
7f4d53051000-7f4d53052000 rw-p 00002000 08:06 9965233                    /usr/lib/x86_64-linux-gnu/libXinerama.so.1.0.0
7f4d53052000-7f4d53055000 ---p 00000000 00:00 0 
7f4d53055000-7f4d53153000 rw-p 00000000 00:00 0 
7f4d53153000-7f4d531e0000 r-xp 00000000 08:06 4456559                    /tmp/jogamp_0000/file_cache/jln351642276081870658/jln6322340828714366356/libjogl_desktop.so
7f4d531e0000-7f4d533e0000 ---p 0008d000 08:06 4456559                    /tmp/jogamp_0000/file_cache/jln351642276081870658/jln6322340828714366356/libjogl_desktop.so
7f4d533e0000-7f4d533e1000 r--p 0008d000 08:06 4456559                    /tmp/jogamp_0000/file_cache/jln351642276081870658/jln6322340828714366356/libjogl_desktop.so
7f4d533e1000-7f4d533e2000 rw-p 0008e000 08:06 4456559                    /tmp/jogamp_0000/file_cache/jln351642276081870658/jln6322340828714366356/libjogl_desktop.so
7f4d533e2000-7f4d533e9000 r-xp 00000000 08:06 9961665                    /usr/lib/libatiuki.so.1.0
7f4d533e9000-7f4d534e9000 ---p 00007000 08:06 9961665                    /usr/lib/libatiuki.so.1.0
7f4d534e9000-7f4d534ea000 rw-p 00007000 08:06 9961665                    /usr/lib/libatiuki.so.1.0
7f4d534ea000-7f4d534eb000 rw-p 00000000 00:00 0 
7f4d534eb000-7f4d535a9000 r-xp 00000000 08:06 9961708                    /usr/lib/fglrx/fglrx-libGL.so.1.2
7f4d535a9000-7f4d536a9000 ---p 000be000 08:06 9961708                    /usr/lib/fglrx/fglrx-libGL.so.1.2
7f4d536a9000-7f4d536d0000 rwxp 000be000 08:06 9961708                    /usr/lib/fglrx/fglrx-libGL.so.1.2
7f4d536d0000-7f4d536ef000 rwxp 00000000 00:00 0 
7f4d536ef000-7f4d536f3000 r-xp 00000000 08:06 9969743                    /usr/lib/x86_64-linux-gnu/libXxf86vm.so.1.0.0
7f4d536f3000-7f4d538f2000 ---p 00004000 08:06 9969743                    /usr/lib/x86_64-linux-gnu/libXxf86vm.so.1.0.0
7f4d538f2000-7f4d538f3000 r--p 00003000 08:06 9969743                    /usr/lib/x86_64-linux-gnu/libXxf86vm.so.1.0.0
7f4d538f3000-7f4d538f4000 rw-p 00004000 08:06 9969743                    /usr/lib/x86_64-linux-gnu/libXxf86vm.so.1.0.0
7f4d538f4000-7f4d538fa000 r-xp 00000000 08:06 4456562                    /tmp/jogamp_0000/file_cache/jln351642276081870658/jln6322340828714366356/libnativewindow_x11.so
7f4d538fa000-7f4d53af9000 ---p 00006000 08:06 4456562                    /tmp/jogamp_0000/file_cache/jln351642276081870658/jln6322340828714366356/libnativewindow_x11.so
7f4d53af9000-7f4d53afa000 r--p 00005000 08:06 4456562                    /tmp/jogamp_0000/file_cache/jln351642276081870658/jln6322340828714366356/libnativewindow_x11.so
7f4d53afa000-7f4d53afb000 rw-p 00006000 08:06 4456562                    /tmp/jogamp_0000/file_cache/jln351642276081870658/jln6322340828714366356/libnativewindow_x11.so
7f4d53afb000-7f4d53afe000 ---p 00000000 00:00 0 
7f4d53afe000-7f4d53bfc000 rw-p 00000000 00:00 0 
7f4d53bfc000-7f4d53bfe000 r-xp 00000000 08:06 4456561                    /tmp/jogamp_0000/file_cache/jln351642276081870658/jln6322340828714366356/libnativewindow_awt.so
7f4d53bfe000-7f4d53dfd000 ---p 00002000 08:06 4456561                    /tmp/jogamp_0000/file_cache/jln351642276081870658/jln6322340828714366356/libnativewindow_awt.so
7f4d53dfd000-7f4d53dfe000 r--p 00001000 08:06 4456561                    /tmp/jogamp_0000/file_cache/jln351642276081870658/jln6322340828714366356/libnativewindow_awt.so
7f4d53dfe000-7f4d53dff000 rw-p 00002000 08:06 4456561                    /tmp/jogamp_0000/file_cache/jln351642276081870658/jln6322340828714366356/libnativewindow_awt.so
7f4d53dff000-7f4d53e00000 r-xp 00000000 08:06 1967578                    /usr/lib/jvm/java-7-oracle/jre/lib/amd64/libjawt.so
7f4d53e00000-7f4d53fff000 ---p 00001000 08:06 1967578                    /usr/lib/jvm/java-7-oracle/jre/lib/amd64/libjawt.so
7f4d53fff000-7f4d54000000 rw-p 00000000 08:06 1967578                    /usr/lib/jvm/java-7-oracle/jre/lib/amd64/libjawt.so
7f4d54000000-7f4d54021000 rw-p 00000000 00:00 0 
7f4d54021000-7f4d58000000 ---p 00000000 00:00 0 
7f4d580d8000-7f4d580db000 ---p 00000000 00:00 0 
7f4d580db000-7f4d581d9000 rw-p 00000000 00:00 0 
7f4d581d9000-7f4d581db000 r-xp 00000000 08:06 4456558                    /tmp/jogamp_0000/file_cache/jln351642276081870658/jln6322340828714366356/libgluegen-rt.so
7f4d581db000-7f4d583da000 ---p 00002000 08:06 4456558                    /tmp/jogamp_0000/file_cache/jln351642276081870658/jln6322340828714366356/libgluegen-rt.so
7f4d583da000-7f4d583db000 r--p 00001000 08:06 4456558                    /tmp/jogamp_0000/file_cache/jln351642276081870658/jln6322340828714366356/libgluegen-rt.so
7f4d583db000-7f4d583dc000 rw-p 00002000 08:06 4456558                    /tmp/jogamp_0000/file_cache/jln351642276081870658/jln6322340828714366356/libgluegen-rt.so
7f4d583dc000-7f4d583df000 ---p 00000000 00:00 0 
7f4d583df000-7f4d584dd000 rw-p 00000000 00:00 0 
7f4d584dd000-7f4d584ed000 r-xp 00000000 08:06 1967585                    /usr/lib/jvm/java-7-oracle/jre/lib/amd64/libnio.so
7f4d584ed000-7f4d586ed000 ---p 00010000 08:06 1967585                    /usr/lib/jvm/java-7-oracle/jre/lib/amd64/libnio.so
7f4d586ed000-7f4d586ee000 rw-p 00010000 08:06 1967585                    /usr/lib/jvm/java-7-oracle/jre/lib/amd64/libnio.so
7f4d586ee000-7f4d58703000 r-xp 00000000 08:06 1967604                    /usr/lib/jvm/java-7-oracle/jre/lib/amd64/libnet.so
7f4d58703000-7f4d58903000 ---p 00015000 08:06 1967604                    /usr/lib/jvm/java-7-oracle/jre/lib/amd64/libnet.so
7f4d58903000-7f4d58904000 rw-p 00015000 08:06 1967604                    /usr/lib/jvm/java-7-oracle/jre/lib/amd64/libnet.so
7f4d58904000-7f4d58907000 ---p 00000000 00:00 0 
7f4d58907000-7f4d58a05000 rw-p 00000000 00:00 0 
7f4d58a05000-7f4d58a0a000 r-xp 00000000 08:06 9962178                    /usr/lib/x86_64-linux-gnu/libXfixes.so.3.1.0
7f4d58a0a000-7f4d58c09000 ---p 00005000 08:06 9962178                    /usr/lib/x86_64-linux-gnu/libXfixes.so.3.1.0
7f4d58c09000-7f4d58c0a000 r--p 00004000 08:06 9962178                    /usr/lib/x86_64-linux-gnu/libXfixes.so.3.1.0
7f4d58c0a000-7f4d58c0b000 rw-p 00005000 08:06 9962178                    /usr/lib/x86_64-linux-gnu/libXfixes.so.3.1.0
7f4d58c0b000-7f4d58c14000 r-xp 00000000 08:06 9967225                    /usr/lib/x86_64-linux-gnu/libXcursor.so.1.0.2
7f4d58c14000-7f4d58e13000 ---p 00009000 08:06 9967225                    /usr/lib/x86_64-linux-gnu/libXcursor.so.1.0.2
7f4d58e13000-7f4d58e14000 r--p 00008000 08:06 9967225                    /usr/lib/x86_64-linux-gnu/libXcursor.so.1.0.2
7f4d58e14000-7f4d58e15000 rw-p 00009000 08:06 9967225                    /usr/lib/x86_64-linux-gnu/libXcursor.so.1.0.2
7f4d58e15000-7f4d58e1a000 r-xp 00000000 08:06 9962011                    /usr/lib/x86_64-linux-gnu/libXdmcp.so.6.0.0
7f4d58e1a000-7f4d59019000 ---p 00005000 08:06 9962011                    /usr/lib/x86_64-linux-gnu/libXdmcp.so.6.0.0
7f4d59019000-7f4d5901a000 r--p 00004000 08:06 9962011                    /usr/lib/x86_64-linux-gnu/libXdmcp.so.6.0.0
7f4d5901a000-7f4d5901b000 rw-p 00005000 08:06 9962011                    /usr/lib/x86_64-linux-gnu/libXdmcp.so.6.0.0
7f4d5901b000-7f4d5901d000 r-xp 00000000 08:06 9963502                    /usr/lib/x86_64-linux-gnu/libXau.so.6.0.0
7f4d5901d000-7f4d5921c000 ---p 00002000 08:06 9963502                    /usr/lib/x86_64-linux-gnu/libXau.so.6.0.0
7f4d5921c000-7f4d5921d000 r--p 00001000 08:06 9963502                    /usr/lib/x86_64-linux-gnu/libXau.so.6.0.0
7f4d5921d000-7f4d5921e000 rw-p 00002000 08:06 9963502                    /usr/lib/x86_64-linux-gnu/libXau.so.6.0.0
7f4d5921e000-7f4d5923b000 r-xp 00000000 08:06 9963508                    /usr/lib/x86_64-linux-gnu/libxcb.so.1.1.0
7f4d5923b000-7f4d5943a000 ---p 0001d000 08:06 9963508                    /usr/lib/x86_64-linux-gnu/libxcb.so.1.1.0
7f4d5943a000-7f4d5943b000 r--p 0001c000 08:06 9963508                    /usr/lib/x86_64-linux-gnu/libxcb.so.1.1.0
7f4d5943b000-7f4d5943c000 rw-p 0001d000 08:06 9963508                    /usr/lib/x86_64-linux-gnu/libxcb.so.1.1.0
7f4d5943c000-7f4d5944a000 r-xp 00000000 08:06 9961805                    /usr/lib/x86_64-linux-gnu/libXi.so.6.1.0
7f4d5944a000-7f4d59649000 ---p 0000e000 08:06 9961805                    /usr/lib/x86_64-linux-gnu/libXi.so.6.1.0
7f4d59649000-7f4d5964a000 r--p 0000d000 08:06 9961805                    /usr/lib/x86_64-linux-gnu/libXi.so.6.1.0
7f4d5964a000-7f4d5964b000 rw-p 0000e000 08:06 9961805                    /usr/lib/x86_64-linux-gnu/libXi.so.6.1.0
7f4d5964b000-7f4d59650000 r-xp 00000000 08:06 9962629                    /usr/lib/x86_64-linux-gnu/libXtst.so.6.1.0
7f4d59650000-7f4d5984f000 ---p 00005000 08:06 9962629                    /usr/lib/x86_64-linux-gnu/libXtst.so.6.1.0
7f4d5984f000-7f4d59850000 r--p 00004000 08:06 9962629                    /usr/lib/x86_64-linux-gnu/libXtst.so.6.1.0
7f4d59850000-7f4d59851000 rw-p 00005000 08:06 9962629                    /usr/lib/x86_64-linux-gnu/libXtst.so.6.1.0
7f4d59851000-7f4d5985a000 r-xp 00000000 08:06 9963780                    /usr/lib/x86_64-linux-gnu/libXrender.so.1.3.0
7f4d5985a000-7f4d59a59000 ---p 00009000 08:06 9963780                    /usr/lib/x86_64-linux-gnu/libXrender.so.1.3.0
7f4d59a59000-7f4d59a5a000 r--p 00008000 08:06 9963780                    /usr/lib/x86_64-linux-gnu/libXrender.so.1.3.0
7f4d59a5a000-7f4d59a5b000 rw-p 00009000 08:06 9963780                    /usr/lib/x86_64-linux-gnu/libXrender.so.1.3.0
7f4d59a5b000-7f4d59b8a000 r-xp 00000000 08:06 9963828                    /usr/lib/x86_64-linux-gnu/libX11.so.6.3.0
7f4d59b8a000-7f4d59d8a000 ---p 0012f000 08:06 9963828                    /usr/lib/x86_64-linux-gnu/libX11.so.6.3.0
7f4d59d8a000-7f4d59d8b000 r--p 0012f000 08:06 9963828                    /usr/lib/x86_64-linux-gnu/libX11.so.6.3.0
7f4d59d8b000-7f4d59d8f000 rw-p 00130000 08:06 9963828                    /usr/lib/x86_64-linux-gnu/libX11.so.6.3.0
7f4d59d8f000-7f4d59d9f000 r-xp 00000000 08:06 9961497                    /usr/lib/x86_64-linux-gnu/libXext.so.6.4.0
7f4d59d9f000-7f4d59f9e000 ---p 00010000 08:06 9961497                    /usr/lib/x86_64-linux-gnu/libXext.so.6.4.0
7f4d59f9e000-7f4d59f9f000 r--p 0000f000 08:06 9961497                    /usr/lib/x86_64-linux-gnu/libXext.so.6.4.0
7f4d59f9f000-7f4d59fa0000 rw-p 00010000 08:06 9961497                    /usr/lib/x86_64-linux-gnu/libXext.so.6.4.0
7f4d59fa0000-7f4d5c000000 rw-p 00000000 00:00 0 
7f4d5c000000-7f4d5c021000 rw-p 00000000 00:00 0 
7f4d5c021000-7f4d60000000 ---p 00000000 00:00 0 
7f4d60058000-7f4d60062000 r--s 00254000 08:06 1966628                    /usr/lib/jvm/java-7-oracle/jre/lib/resources.jar
7f4d600a2000-7f4d600c2000 rw-s f0020000 00:05 8784                       /dev/ati/card0
7f4d600c2000-7f4d600f3000 rw-p 00000000 00:00 0 
7f4d600f3000-7f4d600f6000 ---p 00000000 00:00 0 
7f4d600f6000-7f4d601f4000 rw-p 00000000 00:00 0 
7f4d601f4000-7f4d60244000 r-xp 00000000 08:06 1967618                    /usr/lib/jvm/java-7-oracle/jre/lib/amd64/xawt/libmawt.so
7f4d60244000-7f4d60444000 ---p 00050000 08:06 1967618                    /usr/lib/jvm/java-7-oracle/jre/lib/amd64/xawt/libmawt.so
7f4d60444000-7f4d60448000 rw-p 00050000 08:06 1967618                    /usr/lib/jvm/java-7-oracle/jre/lib/amd64/xawt/libmawt.so
7f4d60448000-7f4d60449000 rw-p 00000000 00:00 0 
7f4d60449000-7f4d604eb000 r-xp 00000000 08:06 1967615                    /usr/lib/jvm/java-7-oracle/jre/lib/amd64/libawt.so
7f4d604eb000-7f4d606eb000 ---p 000a2000 08:06 1967615                    /usr/lib/jvm/java-7-oracle/jre/lib/amd64/libawt.so
7f4d606eb000-7f4d606f7000 rw-p 000a2000 08:06 1967615                    /usr/lib/jvm/java-7-oracle/jre/lib/amd64/libawt.so
7f4d606f7000-7f4d6071b000 rw-p 00000000 00:00 0 
7f4d6071b000-7f4d60735000 r--s 00477000 08:11 2217                       /media/DDE-640/IMAC/Projets_Tut/PlantS/libjogl/jogamp-all-platforms/jar/jogl-all.jar
7f4d60735000-7f4d6073a000 r--s 0002c000 08:11 2172                       /media/DDE-640/IMAC/Projets_Tut/PlantS/libjogl/jogamp-all-platforms/jar/gluegen-rt.jar
7f4d6073a000-7f4d6073b000 ---p 00000000 00:00 0 
7f4d6073b000-7f4d6083b000 rw-p 00000000 00:00 0 
7f4d6083b000-7f4d6083e000 ---p 00000000 00:00 0 
7f4d6083e000-7f4d6093c000 rw-p 00000000 00:00 0 
7f4d6093c000-7f4d6093f000 ---p 00000000 00:00 0 
7f4d6093f000-7f4d60a3d000 rw-p 00000000 00:00 0 
7f4d60a3d000-7f4d60a40000 ---p 00000000 00:00 0 
7f4d60a40000-7f4d60b3e000 rw-p 00000000 00:00 0 
7f4d60b3e000-7f4d60b41000 ---p 00000000 00:00 0 
7f4d60b41000-7f4d60c3f000 rw-p 00000000 00:00 0 
7f4d60c3f000-7f4d60eff000 r--p 00000000 08:06 9961657                    /usr/lib/locale/locale-archive
7f4d60eff000-7f4d60f02000 ---p 00000000 00:00 0 
7f4d60f02000-7f4d61000000 rw-p 00000000 00:00 0 
7f4d61000000-7f4d61270000 rwxp 00000000 00:00 0 
7f4d61270000-7f4d6440f000 rw-p 00000000 00:00 0 
7f4d6440f000-7f4d68000000 ---p 00000000 00:00 0 
7f4d68003000-7f4d68006000 ---p 00000000 00:00 0 
7f4d68006000-7f4d6802b000 rw-p 00000000 00:00 0 
7f4d6802b000-7f4d68050000 r--p 00000000 08:06 10359730                   /usr/share/locale-langpack/fr/LC_MESSAGES/libc.mo
7f4d68050000-7f4d68053000 ---p 00000000 00:00 0 
7f4d68053000-7f4d68151000 rw-p 00000000 00:00 0 
7f4d68151000-7f4d68152000 ---p 00000000 00:00 0 
7f4d68152000-7f4d69276000 rw-p 00000000 00:00 0 
7f4d69276000-7f4d69432000 r--s 039da000 08:06 1967452                    /usr/lib/jvm/java-7-oracle/jre/lib/rt.jar
7f4d69432000-7f4d69c72000 rw-p 00000000 00:00 0 
7f4d69c72000-7f4d69c73000 ---p 00000000 00:00 0 
7f4d69c73000-7f4d69d73000 rw-p 00000000 00:00 0 
7f4d69d73000-7f4d69d74000 ---p 00000000 00:00 0 
7f4d69d74000-7f4d69e74000 rw-p 00000000 00:00 0 
7f4d69e74000-7f4d69e75000 ---p 00000000 00:00 0 
7f4d69e75000-7f4d69f75000 rw-p 00000000 00:00 0 
7f4d69f75000-7f4d69f76000 ---p 00000000 00:00 0 
7f4d69f76000-7f4d6a081000 rw-p 00000000 00:00 0 
7f4d6a081000-7f4d6a09f000 rw-p 00000000 00:00 0 
7f4d6a09f000-7f4d6a0b3000 rw-p 00000000 00:00 0 
7f4d6a0b3000-7f4d6a1dd000 rw-p 00000000 00:00 0 
7f4d6a1dd000-7f4d6a1e8000 rw-p 00000000 00:00 0 
7f4d6a1e8000-7f4d6a206000 rw-p 00000000 00:00 0 
7f4d6a206000-7f4d6a21a000 rw-p 00000000 00:00 0 
7f4d6a21a000-7f4d6a344000 rw-p 00000000 00:00 0 
7f4d6a344000-7f4d6a34e000 rw-p 00000000 00:00 0 
7f4d6a34e000-7f4d6a3e3000 rw-p 00000000 00:00 0 
7f4d6a3e3000-7f4d6a3e4000 rw-p 00000000 00:00 0 
7f4d6a3e4000-7f4d6a3fe000 r-xp 00000000 08:06 1967605                    /usr/lib/jvm/java-7-oracle/jre/lib/amd64/libzip.so
7f4d6a3fe000-7f4d6a5fe000 ---p 0001a000 08:06 1967605                    /usr/lib/jvm/java-7-oracle/jre/lib/amd64/libzip.so
7f4d6a5fe000-7f4d6a5ff000 rw-p 0001a000 08:06 1967605                    /usr/lib/jvm/java-7-oracle/jre/lib/amd64/libzip.so
7f4d6a5ff000-7f4d6a60b000 r-xp 00000000 08:06 2233934                    /lib/x86_64-linux-gnu/libnss_files-2.15.so
7f4d6a60b000-7f4d6a80a000 ---p 0000c000 08:06 2233934                    /lib/x86_64-linux-gnu/libnss_files-2.15.so
7f4d6a80a000-7f4d6a80b000 r--p 0000b000 08:06 2233934                    /lib/x86_64-linux-gnu/libnss_files-2.15.so
7f4d6a80b000-7f4d6a80c000 rw-p 0000c000 08:06 2233934                    /lib/x86_64-linux-gnu/libnss_files-2.15.so
7f4d6a80c000-7f4d6a816000 r-xp 00000000 08:06 2233929                    /lib/x86_64-linux-gnu/libnss_nis-2.15.so
7f4d6a816000-7f4d6aa16000 ---p 0000a000 08:06 2233929                    /lib/x86_64-linux-gnu/libnss_nis-2.15.so
7f4d6aa16000-7f4d6aa17000 r--p 0000a000 08:06 2233929                    /lib/x86_64-linux-gnu/libnss_nis-2.15.so
7f4d6aa17000-7f4d6aa18000 rw-p 0000b000 08:06 2233929                    /lib/x86_64-linux-gnu/libnss_nis-2.15.so
7f4d6aa18000-7f4d6aa2f000 r-xp 00000000 08:06 2233945                    /lib/x86_64-linux-gnu/libnsl-2.15.so
7f4d6aa2f000-7f4d6ac2e000 ---p 00017000 08:06 2233945                    /lib/x86_64-linux-gnu/libnsl-2.15.so
7f4d6ac2e000-7f4d6ac2f000 r--p 00016000 08:06 2233945                    /lib/x86_64-linux-gnu/libnsl-2.15.so
7f4d6ac2f000-7f4d6ac30000 rw-p 00017000 08:06 2233945                    /lib/x86_64-linux-gnu/libnsl-2.15.so
7f4d6ac30000-7f4d6ac32000 rw-p 00000000 00:00 0 
7f4d6ac32000-7f4d6ac3a000 r-xp 00000000 08:06 2233935                    /lib/x86_64-linux-gnu/libnss_compat-2.15.so
7f4d6ac3a000-7f4d6ae39000 ---p 00008000 08:06 2233935                    /lib/x86_64-linux-gnu/libnss_compat-2.15.so
7f4d6ae39000-7f4d6ae3a000 r--p 00007000 08:06 2233935                    /lib/x86_64-linux-gnu/libnss_compat-2.15.so
7f4d6ae3a000-7f4d6ae3b000 rw-p 00008000 08:06 2233935                    /lib/x86_64-linux-gnu/libnss_compat-2.15.so
7f4d6ae3b000-7f4d6ae64000 r-xp 00000000 08:06 1967577                    /usr/lib/jvm/java-7-oracle/jre/lib/amd64/libjava.so
7f4d6ae64000-7f4d6b064000 ---p 00029000 08:06 1967577                    /usr/lib/jvm/java-7-oracle/jre/lib/amd64/libjava.so
7f4d6b064000-7f4d6b066000 rw-p 00029000 08:06 1967577                    /usr/lib/jvm/java-7-oracle/jre/lib/amd64/libjava.so
7f4d6b066000-7f4d6b073000 r-xp 00000000 08:06 1967580                    /usr/lib/jvm/java-7-oracle/jre/lib/amd64/libverify.so
7f4d6b073000-7f4d6b272000 ---p 0000d000 08:06 1967580                    /usr/lib/jvm/java-7-oracle/jre/lib/amd64/libverify.so
7f4d6b272000-7f4d6b274000 rw-p 0000c000 08:06 1967580                    /usr/lib/jvm/java-7-oracle/jre/lib/amd64/libverify.so
7f4d6b274000-7f4d6b27b000 r-xp 00000000 08:06 2233808                    /lib/x86_64-linux-gnu/librt-2.15.so
7f4d6b27b000-7f4d6b47a000 ---p 00007000 08:06 2233808                    /lib/x86_64-linux-gnu/librt-2.15.so
7f4d6b47a000-7f4d6b47b000 r--p 00006000 08:06 2233808                    /lib/x86_64-linux-gnu/librt-2.15.so
7f4d6b47b000-7f4d6b47c000 rw-p 00007000 08:06 2233808                    /lib/x86_64-linux-gnu/librt-2.15.so
7f4d6b47c000-7f4d6b577000 r-xp 00000000 08:06 2233931                    /lib/x86_64-linux-gnu/libm-2.15.so
7f4d6b577000-7f4d6b776000 ---p 000fb000 08:06 2233931                    /lib/x86_64-linux-gnu/libm-2.15.so
7f4d6b776000-7f4d6b777000 r--p 000fa000 08:06 2233931                    /lib/x86_64-linux-gnu/libm-2.15.so
7f4d6b777000-7f4d6b778000 rw-p 000fb000 08:06 2233931                    /lib/x86_64-linux-gnu/libm-2.15.so
7f4d6b778000-7f4d6c1bf000 r-xp 00000000 08:06 1967573                    /usr/lib/jvm/java-7-oracle/jre/lib/amd64/server/libjvm.so
7f4d6c1bf000-7f4d6c3be000 ---p 00a47000 08:06 1967573                    /usr/lib/jvm/java-7-oracle/jre/lib/amd64/server/libjvm.so
7f4d6c3be000-7f4d6c462000 rw-p 00a46000 08:06 1967573                    /usr/lib/jvm/java-7-oracle/jre/lib/amd64/server/libjvm.so
7f4d6c462000-7f4d6c49d000 rw-p 00000000 00:00 0 
7f4d6c49d000-7f4d6c652000 r-xp 00000000 08:06 2233802                    /lib/x86_64-linux-gnu/libc-2.15.so
7f4d6c652000-7f4d6c851000 ---p 001b5000 08:06 2233802                    /lib/x86_64-linux-gnu/libc-2.15.so
7f4d6c851000-7f4d6c855000 r--p 001b4000 08:06 2233802                    /lib/x86_64-linux-gnu/libc-2.15.so
7f4d6c855000-7f4d6c857000 rw-p 001b8000 08:06 2233802                    /lib/x86_64-linux-gnu/libc-2.15.so
7f4d6c857000-7f4d6c85c000 rw-p 00000000 00:00 0 
7f4d6c85c000-7f4d6c85e000 r-xp 00000000 08:06 2233800                    /lib/x86_64-linux-gnu/libdl-2.15.so
7f4d6c85e000-7f4d6ca5e000 ---p 00002000 08:06 2233800                    /lib/x86_64-linux-gnu/libdl-2.15.so
7f4d6ca5e000-7f4d6ca5f000 r--p 00002000 08:06 2233800                    /lib/x86_64-linux-gnu/libdl-2.15.so
7f4d6ca5f000-7f4d6ca60000 rw-p 00003000 08:06 2233800                    /lib/x86_64-linux-gnu/libdl-2.15.so
7f4d6ca60000-7f4d6ca76000 r-xp 00000000 08:06 1967609                    /usr/lib/jvm/java-7-oracle/jre/lib/amd64/jli/libjli.so
7f4d6ca76000-7f4d6cc75000 ---p 00016000 08:06 1967609                    /usr/lib/jvm/java-7-oracle/jre/lib/amd64/jli/libjli.so
7f4d6cc75000-7f4d6cc76000 rw-p 00015000 08:06 1967609                    /usr/lib/jvm/java-7-oracle/jre/lib/amd64/jli/libjli.so
7f4d6cc76000-7f4d6cc8e000 r-xp 00000000 08:06 2233804                    /lib/x86_64-linux-gnu/libpthread-2.15.so
7f4d6cc8e000-7f4d6ce8d000 ---p 00018000 08:06 2233804                    /lib/x86_64-linux-gnu/libpthread-2.15.so
7f4d6ce8d000-7f4d6ce8e000 r--p 00017000 08:06 2233804                    /lib/x86_64-linux-gnu/libpthread-2.15.so
7f4d6ce8e000-7f4d6ce8f000 rw-p 00018000 08:06 2233804                    /lib/x86_64-linux-gnu/libpthread-2.15.so
7f4d6ce8f000-7f4d6ce93000 rw-p 00000000 00:00 0 
7f4d6ce93000-7f4d6ceb5000 r-xp 00000000 08:06 2233940                    /lib/x86_64-linux-gnu/ld-2.15.so
7f4d6cece000-7f4d6ced0000 rw-s 00002000 00:05 8784                       /dev/ati/card0
7f4d6ced0000-7f4d6ced1000 r--p 00000000 00:00 0 
7f4d6ced1000-7f4d6ced5000 r--s 00089000 08:06 1967701                    /usr/lib/jvm/java-7-oracle/jre/lib/jsse.jar
7f4d6ced5000-7f4d6cedf000 rw-p 00000000 00:00 0 
7f4d6cedf000-7f4d6cf95000 rw-p 00000000 00:00 0 
7f4d6cf95000-7f4d6cf98000 ---p 00000000 00:00 0 
7f4d6cf98000-7f4d6d09a000 rw-p 00000000 00:00 0 
7f4d6d09a000-7f4d6d09b000 rw-s 00005000 00:05 8784                       /dev/ati/card0
7f4d6d09b000-7f4d6d09c000 r--s 00023000 08:11 2207                       /media/DDE-640/IMAC/Projets_Tut/PlantS/libjogl/jogamp-all-platforms/jar/jogl-all-natives-linux-amd64.jar
7f4d6d09c000-7f4d6d09d000 r--s 00000000 08:11 2163                       /media/DDE-640/IMAC/Projets_Tut/PlantS/libjogl/jogamp-all-platforms/jar/gluegen-rt-natives-linux-amd64.jar
7f4d6d09d000-7f4d6d0a2000 r--s 00044000 08:11 2060                       /media/DDE-640/IMAC/Projets_Tut/PlantS/jdom-2.0.3/jdom-2.0.3.jar
7f4d6d0a2000-7f4d6d0a9000 r--s 00000000 08:06 10362198                   /usr/lib/x86_64-linux-gnu/gconv/gconv-modules.cache
7f4d6d0a9000-7f4d6d0b1000 rw-s 00000000 08:06 4456488                    /tmp/hsperfdata_guyom/6593 (deleted)
7f4d6d0b1000-7f4d6d0b2000 rw-p 00000000 00:00 0 
7f4d6d0b2000-7f4d6d0b3000 ---p 00000000 00:00 0 
7f4d6d0b3000-7f4d6d0b5000 rw-p 00000000 00:00 0 
7f4d6d0b5000-7f4d6d0b6000 r--p 00022000 08:06 2233940                    /lib/x86_64-linux-gnu/ld-2.15.so
7f4d6d0b6000-7f4d6d0b8000 rw-p 00023000 08:06 2233940                    /lib/x86_64-linux-gnu/ld-2.15.so
7fff29851000-7fff29872000 rw-p 00000000 00:00 0                          [stack]
7fff299ff000-7fff29a00000 r-xp 00000000 00:00 0                          [vdso]
ffffffffff600000-ffffffffff601000 r-xp 00000000 00:00 0                  [vsyscall]

VM Arguments:
jvm_args: -Djava.library.path=/media/DDE-640/IMAC/Projets_Tut/PlantS/libjogl/jogamp-all-platforms/jar:/media/DDE-640/IMAC/Projets_Tut/PlantS/libjogl/jogamp-all-platforms/jar -Dfile.encoding=UTF-8 
java_command: JOGLApp
Launcher Type: SUN_STANDARD

Environment Variables:
PATH=/usr/lib/lightdm/lightdm:/usr/local/sbin:/usr/local/bin:/usr/sbin:/usr/bin:/sbin:/bin:/usr/games
SHELL=/bin/bash
DISPLAY=:0.0

Signal Handlers:
SIGSEGV: [libjvm.so+0x8a5c80], sa_mask[0]=0x7ffbfeff, sa_flags=0x10000004
SIGBUS: [libjvm.so+0x8a5c80], sa_mask[0]=0x7ffbfeff, sa_flags=0x10000004
SIGFPE: [libjvm.so+0x741d60], sa_mask[0]=0x7ffbfeff, sa_flags=0x10000004
SIGPIPE: [libjvm.so+0x741d60], sa_mask[0]=0x7ffbfeff, sa_flags=0x10000004
SIGXFSZ: [libjvm.so+0x741d60], sa_mask[0]=0x7ffbfeff, sa_flags=0x10000004
SIGILL: [libjvm.so+0x741d60], sa_mask[0]=0x7ffbfeff, sa_flags=0x10000004
SIGUSR1: SIG_DFL, sa_mask[0]=0x00000000, sa_flags=0x00000000
SIGUSR2: [libjvm.so+0x7416b0], sa_mask[0]=0x00000004, sa_flags=0x10000004
SIGHUP: [libjvm.so+0x743a40], sa_mask[0]=0x7ffbfeff, sa_flags=0x10000004
SIGINT: [libjvm.so+0x743a40], sa_mask[0]=0x7ffbfeff, sa_flags=0x10000004
SIGTERM: [libjvm.so+0x743a40], sa_mask[0]=0x7ffbfeff, sa_flags=0x10000004
SIGQUIT: [libjvm.so+0x743a40], sa_mask[0]=0x7ffbfeff, sa_flags=0x10000004


---------------  S Y S T E M  ---------------

OS:wheezy/sid

uname:Linux 3.2.0-32-generic #51-Ubuntu SMP Wed Sep 26 21:33:09 UTC 2012 x86_64
libc:glibc 2.15 NPTL 2.15 
rlimit: STACK 8192k, CORE 0k, NPROC 30344, NOFILE 4096, AS infinity
load average:0,46 0,30 0,29

/proc/meminfo:
MemTotal:        3901720 kB
MemFree:          996908 kB
Buffers:          229360 kB
Cached:          1175504 kB
SwapCached:            0 kB
Active:          1782276 kB
Inactive:         697052 kB
Active(anon):    1075240 kB
Inactive(anon):     1104 kB
Active(file):     707036 kB
Inactive(file):   695948 kB
Unevictable:           0 kB
Mlocked:               0 kB
SwapTotal:       4042748 kB
SwapFree:        4042748 kB
Dirty:              1360 kB
Writeback:             0 kB
AnonPages:       1074508 kB
Mapped:           238016 kB
Shmem:              1880 kB
Slab:             149632 kB
SReclaimable:     119164 kB
SUnreclaim:        30468 kB
KernelStack:        3888 kB
PageTables:        29928 kB
NFS_Unstable:          0 kB
Bounce:                0 kB
WritebackTmp:          0 kB
CommitLimit:     5993608 kB
Committed_AS:    3813160 kB
VmallocTotal:   34359738367 kB
VmallocUsed:      111804 kB
VmallocChunk:   34359624412 kB
HardwareCorrupted:     0 kB
AnonHugePages:         0 kB
HugePages_Total:       0
HugePages_Free:        0
HugePages_Rsvd:        0
HugePages_Surp:        0
Hugepagesize:       2048 kB
DirectMap4k:      137148 kB
DirectMap2M:     3907584 kB


CPU:total 4 (2 cores per cpu, 2 threads per core) family 6 model 37 stepping 5, cmov, cx8, fxsr, mmx, sse, sse2, sse3, ssse3, sse4.1, sse4.2, popcnt, ht, tsc, tscinvbit

/proc/cpuinfo:
processor	: 0
vendor_id	: GenuineIntel
cpu family	: 6
model		: 37
model name	: Intel(R) Core(TM) i5 CPU       M 480  @ 2.67GHz
stepping	: 5
microcode	: 0x2
cpu MHz		: 1199.000
cache size	: 3072 KB
physical id	: 0
siblings	: 4
core id		: 0
cpu cores	: 2
apicid		: 0
initial apicid	: 0
fpu		: yes
fpu_exception	: yes
cpuid level	: 11
wp		: yes
flags		: fpu vme de pse tsc msr pae mce cx8 apic sep mtrr pge mca cmov pat pse36 clflush dts acpi mmx fxsr sse sse2 ss ht tm pbe syscall nx rdtscp lm constant_tsc arch_perfmon pebs bts rep_good nopl xtopology nonstop_tsc aperfmperf pni dtes64 monitor ds_cpl vmx est tm2 ssse3 cx16 xtpr pdcm pcid sse4_1 sse4_2 popcnt lahf_lm ida arat dtherm tpr_shadow vnmi flexpriority ept vpid
bogomips	: 5319.85
clflush size	: 64
cache_alignment	: 64
address sizes	: 36 bits physical, 48 bits virtual
power management:

processor	: 1
vendor_id	: GenuineIntel
cpu family	: 6
model		: 37
model name	: Intel(R) Core(TM) i5 CPU       M 480  @ 2.67GHz
stepping	: 5
microcode	: 0x2
cpu MHz		: 1199.000
cache size	: 3072 KB
physical id	: 0
siblings	: 4
core id		: 2
cpu cores	: 2
apicid		: 4
initial apicid	: 4
fpu		: yes
fpu_exception	: yes
cpuid level	: 11
wp		: yes
flags		: fpu vme de pse tsc msr pae mce cx8 apic sep mtrr pge mca cmov pat pse36 clflush dts acpi mmx fxsr sse sse2 ss ht tm pbe syscall nx rdtscp lm constant_tsc arch_perfmon pebs bts rep_good nopl xtopology nonstop_tsc aperfmperf pni dtes64 monitor ds_cpl vmx est tm2 ssse3 cx16 xtpr pdcm pcid sse4_1 sse4_2 popcnt lahf_lm ida arat dtherm tpr_shadow vnmi flexpriority ept vpid
bogomips	: 5319.88
clflush size	: 64
cache_alignment	: 64
address sizes	: 36 bits physical, 48 bits virtual
power management:

processor	: 2
vendor_id	: GenuineIntel
cpu family	: 6
model		: 37
model name	: Intel(R) Core(TM) i5 CPU       M 480  @ 2.67GHz
stepping	: 5
microcode	: 0x2
cpu MHz		: 1199.000
cache size	: 3072 KB
physical id	: 0
siblings	: 4
core id		: 0
cpu cores	: 2
apicid		: 1
initial apicid	: 1
fpu		: yes
fpu_exception	: yes
cpuid level	: 11
wp		: yes
flags		: fpu vme de pse tsc msr pae mce cx8 apic sep mtrr pge mca cmov pat pse36 clflush dts acpi mmx fxsr sse sse2 ss ht tm pbe syscall nx rdtscp lm constant_tsc arch_perfmon pebs bts rep_good nopl xtopology nonstop_tsc aperfmperf pni dtes64 monitor ds_cpl vmx est tm2 ssse3 cx16 xtpr pdcm pcid sse4_1 sse4_2 popcnt lahf_lm ida arat dtherm tpr_shadow vnmi flexpriority ept vpid
bogomips	: 5319.87
clflush size	: 64
cache_alignment	: 64
address sizes	: 36 bits physical, 48 bits virtual
power management:

processor	: 3
vendor_id	: GenuineIntel
cpu family	: 6
model		: 37
model name	: Intel(R) Core(TM) i5 CPU       M 480  @ 2.67GHz
stepping	: 5
microcode	: 0x2
cpu MHz		: 1199.000
cache size	: 3072 KB
physical id	: 0
siblings	: 4
core id		: 2
cpu cores	: 2
apicid		: 5
initial apicid	: 5
fpu		: yes
fpu_exception	: yes
cpuid level	: 11
wp		: yes
flags		: fpu vme de pse tsc msr pae mce cx8 apic sep mtrr pge mca cmov pat pse36 clflush dts acpi mmx fxsr sse sse2 ss ht tm pbe syscall nx rdtscp lm constant_tsc arch_perfmon pebs bts rep_good nopl xtopology nonstop_tsc aperfmperf pni dtes64 monitor ds_cpl vmx est tm2 ssse3 cx16 xtpr pdcm pcid sse4_1 sse4_2 popcnt lahf_lm ida arat dtherm tpr_shadow vnmi flexpriority ept vpid
bogomips	: 5319.88
clflush size	: 64
cache_alignment	: 64
address sizes	: 36 bits physical, 48 bits virtual
power management:



Memory: 4k page, physical 3901720k(996908k free), swap 4042748k(4042748k free)

vm_info: Java HotSpot(TM) 64-Bit Server VM (23.5-b02) for linux-amd64 JRE (1.7.0_09-b05), built on Sep 24 2012 20:07:15 by "java_re" with gcc 4.3.0 20080428 (Red Hat 4.3.0-8)

time: Thu Nov  8 18:55:16 2012
elapsed time: 10 seconds

