#
# A fatal error has been detected by the Java Runtime Environment:
#
#  SIGSEGV (0xb) at pc=0x00007fded0b81c58, pid=6964, tid=140595084707584
#
# JRE version: 7.0_09-b05
# Java VM: Java HotSpot(TM) 64-Bit Server VM (23.5-b02 mixed mode linux-amd64 compressed oops)
# Problematic frame:
# C  [libX11.so.6+0x33c58]  XQueryExtension+0x28
#
# Failed to write core dump. Core dumps have been disabled. To enable core dumping, try "ulimit -c unlimited" before starting Java again
#
# If you would like to submit a bug report, please visit:
#   http://bugreport.sun.com/bugreport/crash.jsp
#

---------------  T H R E A D  ---------------

Current thread (0x00007fdedc092000):  VMThread [stack: 0x00007fded804c000,0x00007fded814d000] [id=6975]

siginfo:si_signo=SIGSEGV: si_errno=0, si_code=1 (SEGV_MAPERR), si_addr=0x000000007c001778

Registers:
RAX=0x00007fdeb40008c0, RBX=0x000000007c000e10, RCX=0x00007fded814b968, RDX=0x00007fded814b964
RSP=0x00007fded814b900, RBP=0x00007fdeca582e12, RSI=0x00007fdeca582e12, RDI=0x000000007c000e10
R8 =0x00007fded814b96c, R9 =0x0000000000000000, R10=0x00007fdee383dfa8, R11=0x00007fdee34bdc80
R12=0x0000000000000000, R13=0x00007fdeca582e12, R14=0x00007fdeb40008c0, R15=0x0000000000000000
RIP=0x00007fded0b81c58, EFLAGS=0x0000000000010206, CSGSFS=0x0000000000000033, ERR=0x0000000000000004
  TRAPNO=0x000000000000000e

Top of Stack: (sp=0x00007fded814b900)
0x00007fded814b900:   00007fdee3490790 00007fdee407e548
0x00007fded814b910:   0000000000000000 00007fdee3454f50
0x00007fded814b920:   00000000ffffffff 000000007c000e10
0x00007fded814b930:   00007fdeca582e12 0000000000000000
0x00007fded814b940:   00007fdeca582e12 00007fdeb40008c0
0x00007fded814b950:   0000000000000000 00007fded0b75c55
0x00007fded814b960:   00007fdee409b048 00007fdeca6bac60
0x00007fded814b970:   00007fdeca6bac60 000000007c000e10
0x00007fded814b980:   00007fde7c00ef00 00007fded0e8f02b
0x00007fded814b990:   00007fdee3490790 000000110000002a
0x00007fded814b9a0:   00007fded814ba20 0000000000000000
0x00007fded814b9b0:   00007fded814ba20 000000007c000e10
0x00007fded814b9c0:   0000000000000000 00007fdee409b048
0x00007fded814b9d0:   00007fdeca6d4490 00007fdeca52efd9
0x00007fded814b9e0:   0000000000000000 000000000000002a
0x00007fded814b9f0:   00007fded814ba20 00007fded814ba40
0x00007fded814ba00:   0000000000000000 00007fdee409b048
0x00007fded814ba10:   00007fde88002d90 00007fdeca5236e2
0x00007fded814ba20:   00007fded814bc00 00007fdeca582d81
0x00007fded814ba30:   00007fded814bc00 00007fdee3e8792d
0x00007fded814ba40:   00007fdee409c2c8 00007fdee409c858
0x00007fded814ba50:   00007fdee4099b50 00007fdedc007330
0x00007fded814ba60:   00007fdedc007e40 00007fdedc0077e0
0x00007fded814ba70:   00007fdedc008340 00007fdedc00d200
0x00007fded814ba80:   00007fdedc237f70 00007fdedc238410
0x00007fded814ba90:   00007fdedc327a00 00007fdedc326e10
0x00007fded814baa0:   00007fdedc33b890 00007fdedc35f3f0
0x00007fded814bab0:   00007fdedc35ef20 00007fdedc180ba0
0x00007fded814bac0:   00007fdedc182680 00007fdedc182180
0x00007fded814bad0:   00007fdedc17eed0 00007fdedc0020f0
0x00007fded814bae0:   00007fdedc001a70 0000000001fbf4d0
0x00007fded814baf0:   00007fdedc3a4840 00007fdedc181c70 

Instructions: (pc=0x00007fded0b81c58)
0x00007fded0b81c38:   24 d8 48 89 fb 4c 89 64 24 e0 4c 89 6c 24 e8 48
0x00007fded0b81c48:   89 f5 4c 89 74 24 f0 4c 89 7c 24 f8 48 83 ec 58
0x00007fded0b81c58:   48 8b 87 68 09 00 00 49 89 d4 49 89 cd 4d 89 c6
0x00007fded0b81c68:   48 85 c0 74 02 ff 10 ba 08 00 00 00 be 62 00 00 

Register to memory mapping:

RAX=0x00007fdeb40008c0 is an unknown value
RBX=0x000000007c000e10 is an unknown value
RCX=0x00007fded814b968 is an unknown value
RDX=0x00007fded814b964 is an unknown value
RSP=0x00007fded814b900 is an unknown value
RBP=0x00007fdeca582e12: <offset 0x92e12> in /usr/lib/libGL.so.1 at 0x00007fdeca4f0000
RSI=0x00007fdeca582e12: <offset 0x92e12> in /usr/lib/libGL.so.1 at 0x00007fdeca4f0000
RDI=0x000000007c000e10 is an unknown value
R8 =0x00007fded814b96c is an unknown value
R9 =0x0000000000000000 is an unknown value
R10=0x00007fdee383dfa8: <offset 0x3bbfa8> in /lib/x86_64-linux-gnu/libc.so.6 at 0x00007fdee3482000
R11=0x00007fdee34bdc80: __cxa_finalize+0 in /lib/x86_64-linux-gnu/libc.so.6 at 0x00007fdee3482000
R12=0x0000000000000000 is an unknown value
R13=0x00007fdeca582e12: <offset 0x92e12> in /usr/lib/libGL.so.1 at 0x00007fdeca4f0000
R14=0x00007fdeb40008c0 is an unknown value
R15=0x0000000000000000 is an unknown value


Stack: [0x00007fded804c000,0x00007fded814d000],  sp=0x00007fded814b900,  free space=1022k
Native frames: (J=compiled Java code, j=interpreted, Vv=VM code, C=native code)
C  [libX11.so.6+0x33c58]  XQueryExtension+0x28

VM_Operation (0x00007fdecabfdc80): Exit, mode: safepoint, requested by thread 0x00007fdedc3a2800


---------------  P R O C E S S  ---------------

Java Threads: ( => current thread )
  0x00007fdedc009000 JavaThread "DestroyJavaVM" [_thread_blocked, id=6970, stack(0x00007fdee3f7a000,0x00007fdee407b000)]
  0x00007fdedc3e2800 JavaThread "Timer-0" [_thread_blocked, id=6997, stack(0x00007fdecb3c1000,0x00007fdecb4c2000)]
  0x00007fdedc3a2800 JavaThread "AWT-EventQueue-0" [_thread_blocked, id=6995, stack(0x00007fdecab00000,0x00007fdecac01000)]
  0x00007fdedc3a1000 JavaThread "AWT-Shutdown" [_thread_blocked, id=6994, stack(0x00007fdecac01000,0x00007fdecad02000)]
  0x00007fdedc307000 JavaThread "process reaper" daemon [_thread_blocked, id=6988, stack(0x00007fdee009d000,0x00007fdee00c5000)]
  0x00007fdedc247000 JavaThread "AWT-XAWT" daemon [_thread_blocked, id=6984, stack(0x00007fdecb8e9000,0x00007fdecb9ea000)]
  0x00007fdedc205800 JavaThread "Java2D Disposer" daemon [_thread_blocked, id=6983, stack(0x00007fded000d000,0x00007fded010e000)]
  0x00007fdedc0f0000 JavaThread "Service Thread" daemon [_thread_blocked, id=6981, stack(0x00007fded16da000,0x00007fded17db000)]
  0x00007fdedc0ee000 JavaThread "C2 CompilerThread1" daemon [_thread_blocked, id=6980, stack(0x00007fded17db000,0x00007fded18dc000)]
  0x00007fdedc0eb000 JavaThread "C2 CompilerThread0" daemon [_thread_blocked, id=6979, stack(0x00007fded18dc000,0x00007fded19dd000)]
  0x00007fdedc0e8800 JavaThread "Signal Dispatcher" daemon [_thread_blocked, id=6978, stack(0x00007fded19dd000,0x00007fded1ade000)]
  0x00007fdedc09b800 JavaThread "Finalizer" daemon [_thread_blocked, id=6977, stack(0x00007fded1d9e000,0x00007fded1e9f000)]
  0x00007fdedc099800 JavaThread "Reference Handler" daemon [_thread_blocked, id=6976, stack(0x00007fded1e9f000,0x00007fded1fa0000)]

Other Threads:
=>0x00007fdedc092000 VMThread [stack: 0x00007fded804c000,0x00007fded814d000] [id=6975]

VM state:at safepoint (shutting down)

VM Mutex/Monitor currently owned by a thread:  ([mutex/lock_event])
[0x00007fdedc005500] Threads_lock - owner thread: 0x00007fdedc092000

Heap
 PSYoungGen      total 17792K, used 8509K [0x00000000ec200000, 0x00000000ed5d0000, 0x0000000100000000)
  eden space 15296K, 39% used [0x00000000ec200000,0x00000000ec7e28f8,0x00000000ed0f0000)
  from space 2496K, 99% used [0x00000000ed0f0000,0x00000000ed35cdc0,0x00000000ed360000)
  to   space 2496K, 0% used [0x00000000ed360000,0x00000000ed360000,0x00000000ed5d0000)
 ParOldGen       total 40704K, used 1153K [0x00000000c4600000, 0x00000000c6dc0000, 0x00000000ec200000)
  object space 40704K, 2% used [0x00000000c4600000,0x00000000c47206d8,0x00000000c6dc0000)
 PSPermGen       total 21248K, used 16148K [0x00000000bf400000, 0x00000000c08c0000, 0x00000000c4600000)
  object space 21248K, 75% used [0x00000000bf400000,0x00000000c03c5178,0x00000000c08c0000)

Card table byte_map: [0x00007fdee11c2000,0x00007fdee13c9000] byte_map_base: 0x00007fdee0bc8000

Polling page: 0x00007fdee4097000

Code Cache  [0x00007fded9000000, 0x00007fded9270000, 0x00007fdedc000000)
 total_blobs=799 nmethods=73 adapters=678 free_code_cache=48369Kb largest_free_block=49504192

Compilation events (10 events):
Event: 3,576 Thread 0x00007fdedc0ee000   68             java.util.AbstractCollection::<init> (5 bytes)
Event: 3,576 Thread 0x00007fdedc0ee000 nmethod 68 0x00007fded90c2190 code [0x00007fded90c22c0, 0x00007fded90c2318]
Event: 3,608 Thread 0x00007fdedc0eb000   69             java.util.concurrent.locks.AbstractQueuedSynchronizer::compareAndSetState (13 bytes)
Event: 3,608 Thread 0x00007fdedc0eb000 nmethod 69 0x00007fded90c1f90 code [0x00007fded90c20c0, 0x00007fded90c2118]
Event: 3,623 Thread 0x00007fdedc0ee000   70             java.util.AbstractList::<init> (10 bytes)
Event: 3,624 Thread 0x00007fdedc0ee000 nmethod 70 0x00007fded90c1cd0 code [0x00007fded90c1e00, 0x00007fded90c1e58]
Event: 3,717 Thread 0x00007fdedc0eb000   71             java.util.concurrent.locks.AbstractQueuedSynchronizer::release (33 bytes)
Event: 3,717 Thread 0x00007fdedc0ee000   72             java.util.concurrent.locks.ReentrantLock$Sync::tryRelease (45 bytes)
Event: 3,719 Thread 0x00007fdedc0ee000 nmethod 72 0x00007fded90c3a50 code [0x00007fded90c3b80, 0x00007fded90c3c38]
Event: 3,721 Thread 0x00007fdedc0eb000 nmethod 71 0x00007fded90c3610 code [0x00007fded90c3760, 0x00007fded90c3908]

GC Heap History (2 events):
Event: 1,137 GC heap before
{Heap before GC invocations=1 (full 0):
 PSYoungGen      total 17792K, used 15296K [0x00000000ec200000, 0x00000000ed5d0000, 0x0000000100000000)
  eden space 15296K, 100% used [0x00000000ec200000,0x00000000ed0f0000,0x00000000ed0f0000)
  from space 2496K, 0% used [0x00000000ed360000,0x00000000ed360000,0x00000000ed5d0000)
  to   space 2496K, 0% used [0x00000000ed0f0000,0x00000000ed0f0000,0x00000000ed360000)
 ParOldGen       total 40704K, used 0K [0x00000000c4600000, 0x00000000c6dc0000, 0x00000000ec200000)
  object space 40704K, 0% used [0x00000000c4600000,0x00000000c4600000,0x00000000c6dc0000)
 PSPermGen       total 21248K, used 14220K [0x00000000bf400000, 0x00000000c08c0000, 0x00000000c4600000)
  object space 21248K, 66% used [0x00000000bf400000,0x00000000c01e33a8,0x00000000c08c0000)
Event: 1,145 GC heap after
Heap after GC invocations=1 (full 0):
 PSYoungGen      total 17792K, used 2483K [0x00000000ec200000, 0x00000000ed5d0000, 0x0000000100000000)
  eden space 15296K, 0% used [0x00000000ec200000,0x00000000ec200000,0x00000000ed0f0000)
  from space 2496K, 99% used [0x00000000ed0f0000,0x00000000ed35cdc0,0x00000000ed360000)
  to   space 2496K, 0% used [0x00000000ed360000,0x00000000ed360000,0x00000000ed5d0000)
 ParOldGen       total 40704K, used 1153K [0x00000000c4600000, 0x00000000c6dc0000, 0x00000000ec200000)
  object space 40704K, 2% used [0x00000000c4600000,0x00000000c47206d8,0x00000000c6dc0000)
 PSPermGen       total 21248K, used 14220K [0x00000000bf400000, 0x00000000c08c0000, 0x00000000c4600000)
  object space 21248K, 66% used [0x00000000bf400000,0x00000000c01e33a8,0x00000000c08c0000)
}

Deoptimization events (6 events):
Event: 0,901 Thread 0x00007fdedc3d6800 Uncommon trap -83 fr.pc 0x00007fded90abf98
Event: 0,975 Thread 0x00007fdedc009000 Uncommon trap -58 fr.pc 0x00007fded90b45d0
Event: 0,975 Thread 0x00007fdedc009000 Uncommon trap -58 fr.pc 0x00007fded90b45d0
Event: 0,975 Thread 0x00007fdedc009000 Uncommon trap -58 fr.pc 0x00007fded90b45d0
Event: 0,975 Thread 0x00007fdedc009000 Uncommon trap -58 fr.pc 0x00007fded90b45d0
Event: 1,131 Thread 0x00007fdedc3a2800 Uncommon trap -83 fr.pc 0x00007fded90b3d64

Internal exceptions (10 events):
Event: 1,195 Thread 0x00007fdedc3a2800 Threw 0x00000000ec349170 at /HUDSON/workspace/jdk7u9-2-build-linux-amd64-product/jdk7u9/hotspot/src/share/vm/prims/jvm.cpp:1166
Event: 1,197 Thread 0x00007fdedc3a2800 Threw 0x00000000ec34e360 at /HUDSON/workspace/jdk7u9-2-build-linux-amd64-product/jdk7u9/hotspot/src/share/vm/prims/jvm.cpp:1166
Event: 1,197 Thread 0x00007fdedc3a2800 Threw 0x00000000ec3527a8 at /HUDSON/workspace/jdk7u9-2-build-linux-amd64-product/jdk7u9/hotspot/src/share/vm/prims/jvm.cpp:1166
Event: 1,198 Thread 0x00007fdedc3a2800 Threw 0x00000000ec3578f0 at /HUDSON/workspace/jdk7u9-2-build-linux-amd64-product/jdk7u9/hotspot/src/share/vm/prims/jvm.cpp:1166
Event: 1,199 Thread 0x00007fdedc3a2800 Threw 0x00000000ec360c70 at /HUDSON/workspace/jdk7u9-2-build-linux-amd64-product/jdk7u9/hotspot/src/share/vm/prims/jvm.cpp:1166
Event: 1,209 Thread 0x00007fdedc3a2800 Threw 0x00000000ec3698a8 at /HUDSON/workspace/jdk7u9-2-build-linux-amd64-product/jdk7u9/hotspot/src/share/vm/runtime/reflection.cpp
Event: 1,210 Thread 0x00007fdedc3a2800 Threw 0x00000000ec369eb8 at /HUDSON/workspace/jdk7u9-2-build-linux-amd64-product/jdk7u9/hotspot/src/share/vm/runtime/reflection.cpp
Event: 1,212 Thread 0x00007fdedc3a2800 Threw 0x00000000ec36f128 at /HUDSON/workspace/jdk7u9-2-build-linux-amd64-product/jdk7u9/hotspot/src/share/vm/runtime/reflection.cpp
Event: 1,359 Thread 0x00007fdedc3a2800 Threw 0x00000000ec46dbf8 at /HUDSON/workspace/jdk7u9-2-build-linux-amd64-product/jdk7u9/hotspot/src/share/vm/prims/jni.cpp:742
Event: 3,716 Thread 0x00007fde8813a800 Threw 0x00000000ec77b830 at /HUDSON/workspace/jdk7u9-2-build-linux-amd64-product/jdk7u9/hotspot/src/share/vm/prims/jvm.cpp:1166

Events (10 events):
Event: 3,717 Thread 0x00007fde88475800 Thread added: 0x00007fde88475800
Event: 3,717 loading class 0x00007fdedc0a5bc0
Event: 3,717 loading class 0x00007fdedc0a5bc0 done
Event: 3,717 loading class 0x00007fdedc324970
Event: 3,717 loading class 0x00007fdedc324970 done
Event: 3,717 Thread 0x00007fde88475800 Thread exited: 0x00007fde88475800
Event: 3,723 Thread 0x00007fde8848e000 Thread exited: 0x00007fde8848e000
Event: 3,728 Thread 0x00007fdedc3d6800 Thread exited: 0x00007fdedc3d6800
Event: 3,728 Thread 0x00007fde8813a800 Thread exited: 0x00007fde8813a800
Event: 3,728 Executing VM operation: Exit


Dynamic libraries:
00400000-00401000 r-xp 00000000 08:06 1967722                            /usr/lib/jvm/java-7-oracle/bin/java
00600000-00601000 rw-p 00000000 08:06 1967722                            /usr/lib/jvm/java-7-oracle/bin/java
01fbf000-01fe0000 rw-p 00000000 00:00 0                                  [heap]
bf400000-c08c0000 rw-p 00000000 00:00 0 
c08c0000-c4600000 rw-p 00000000 00:00 0 
c4600000-c6dc0000 rw-p 00000000 00:00 0 
c6dc0000-ec200000 rw-p 00000000 00:00 0 
ec200000-ed5d0000 rw-p 00000000 00:00 0 
ed5d0000-100000000 rw-p 00000000 00:00 0 
7fde74000000-7fde74021000 rw-p 00000000 00:00 0 
7fde74021000-7fde78000000 ---p 00000000 00:00 0 
7fde78000000-7fde78021000 rw-p 00000000 00:00 0 
7fde78021000-7fde7c000000 ---p 00000000 00:00 0 
7fde7c000000-7fde7cdad000 rw-p 00000000 00:00 0 
7fde7cdad000-7fde80000000 ---p 00000000 00:00 0 
7fde80000000-7fde80021000 rw-p 00000000 00:00 0 
7fde80021000-7fde84000000 ---p 00000000 00:00 0 
7fde84000000-7fde84021000 rw-p 00000000 00:00 0 
7fde84021000-7fde88000000 ---p 00000000 00:00 0 
7fde88000000-7fde88699000 rw-p 00000000 00:00 0 
7fde88699000-7fde8c000000 ---p 00000000 00:00 0 
7fde8c000000-7fde8c021000 rw-p 00000000 00:00 0 
7fde8c021000-7fde90000000 ---p 00000000 00:00 0 
7fde90000000-7fde9046f000 rw-p 00000000 00:00 0 
7fde9046f000-7fde94000000 ---p 00000000 00:00 0 
7fde94000000-7fde94021000 rw-p 00000000 00:00 0 
7fde94021000-7fde98000000 ---p 00000000 00:00 0 
7fde98000000-7fde98021000 rw-p 00000000 00:00 0 
7fde98021000-7fde9c000000 ---p 00000000 00:00 0 
7fde9c000000-7fde9c021000 rw-p 00000000 00:00 0 
7fde9c021000-7fdea0000000 ---p 00000000 00:00 0 
7fdea0000000-7fdea0021000 rw-p 00000000 00:00 0 
7fdea0021000-7fdea4000000 ---p 00000000 00:00 0 
7fdea4000000-7fdea4197000 rw-p 00000000 00:00 0 
7fdea4197000-7fdea8000000 ---p 00000000 00:00 0 
7fdea8000000-7fdea81dc000 rw-p 00000000 00:00 0 
7fdea81dc000-7fdeac000000 ---p 00000000 00:00 0 
7fdeac000000-7fdeac021000 rw-p 00000000 00:00 0 
7fdeac021000-7fdeb0000000 ---p 00000000 00:00 0 
7fdeb0000000-7fdeb0021000 rw-p 00000000 00:00 0 
7fdeb0021000-7fdeb4000000 ---p 00000000 00:00 0 
7fdeb4000000-7fdeb4021000 rw-p 00000000 00:00 0 
7fdeb4021000-7fdeb8000000 ---p 00000000 00:00 0 
7fdeb8000000-7fdeb8021000 rw-p 00000000 00:00 0 
7fdeb8021000-7fdebc000000 ---p 00000000 00:00 0 
7fdebc000000-7fdebc021000 rw-p 00000000 00:00 0 
7fdebc021000-7fdec0000000 ---p 00000000 00:00 0 
7fdec1ce1000-7fdec3c7f000 r-xp 00000000 08:06 10092955                   /usr/lib/x86_64-linux-gnu/dri/fglrx_dri.so
7fdec3c7f000-7fdec3d7e000 ---p 01f9e000 08:06 10092955                   /usr/lib/x86_64-linux-gnu/dri/fglrx_dri.so
7fdec3d7e000-7fdec3ecc000 rwxp 01f9d000 08:06 10092955                   /usr/lib/x86_64-linux-gnu/dri/fglrx_dri.so
7fdec3ecc000-7fdec4000000 rwxp 00000000 00:00 0 
7fdec4000000-7fdec4021000 rw-p 00000000 00:00 0 
7fdec4021000-7fdec8000000 ---p 00000000 00:00 0 
7fdec92ea000-7fdec92ed000 ---p 00000000 00:00 0 
7fdec92ed000-7fdec93eb000 rw-p 00000000 00:00 0 
7fdec93eb000-7fdec93ee000 ---p 00000000 00:00 0 
7fdec93ee000-7fdec94ec000 rw-p 00000000 00:00 0 
7fdec94ec000-7fdec94ef000 ---p 00000000 00:00 0 
7fdec94ef000-7fdec95ed000 rw-p 00000000 00:00 0 
7fdec95ed000-7fdec9ced000 rw-s 00006000 00:05 8784                       /dev/ati/card0
7fdec9ced000-7fdec9d39000 r-xp 00000000 08:06 9961632                    /usr/lib/libatiadlxx.so
7fdec9d39000-7fdec9e39000 ---p 0004c000 08:06 9961632                    /usr/lib/libatiadlxx.so
7fdec9e39000-7fdec9e44000 rw-p 0004c000 08:06 9961632                    /usr/lib/libatiadlxx.so
7fdec9e44000-7fdec9e54000 rw-p 00000000 00:00 0 
7fdec9e54000-7fdec9e56000 r-xp 00000000 08:06 9965233                    /usr/lib/x86_64-linux-gnu/libXinerama.so.1.0.0
7fdec9e56000-7fdeca055000 ---p 00002000 08:06 9965233                    /usr/lib/x86_64-linux-gnu/libXinerama.so.1.0.0
7fdeca055000-7fdeca056000 r--p 00001000 08:06 9965233                    /usr/lib/x86_64-linux-gnu/libXinerama.so.1.0.0
7fdeca056000-7fdeca057000 rw-p 00002000 08:06 9965233                    /usr/lib/x86_64-linux-gnu/libXinerama.so.1.0.0
7fdeca057000-7fdeca05a000 ---p 00000000 00:00 0 
7fdeca05a000-7fdeca158000 rw-p 00000000 00:00 0 
7fdeca158000-7fdeca1e5000 r-xp 00000000 08:06 4456535                    /tmp/jogamp_0000/file_cache/jln7307709330915091310/jln3298158100210286867/libjogl_desktop.so
7fdeca1e5000-7fdeca3e5000 ---p 0008d000 08:06 4456535                    /tmp/jogamp_0000/file_cache/jln7307709330915091310/jln3298158100210286867/libjogl_desktop.so
7fdeca3e5000-7fdeca3e6000 r--p 0008d000 08:06 4456535                    /tmp/jogamp_0000/file_cache/jln7307709330915091310/jln3298158100210286867/libjogl_desktop.so
7fdeca3e6000-7fdeca3e7000 rw-p 0008e000 08:06 4456535                    /tmp/jogamp_0000/file_cache/jln7307709330915091310/jln3298158100210286867/libjogl_desktop.so
7fdeca3e7000-7fdeca3ee000 r-xp 00000000 08:06 9961665                    /usr/lib/libatiuki.so.1.0
7fdeca3ee000-7fdeca4ee000 ---p 00007000 08:06 9961665                    /usr/lib/libatiuki.so.1.0
7fdeca4ee000-7fdeca4ef000 rw-p 00007000 08:06 9961665                    /usr/lib/libatiuki.so.1.0
7fdeca4ef000-7fdeca4f0000 rw-p 00000000 00:00 0 
7fdeca4f0000-7fdeca5ae000 r-xp 00000000 08:06 9961708                    /usr/lib/fglrx/fglrx-libGL.so.1.2
7fdeca5ae000-7fdeca6ae000 ---p 000be000 08:06 9961708                    /usr/lib/fglrx/fglrx-libGL.so.1.2
7fdeca6ae000-7fdeca6d5000 rwxp 000be000 08:06 9961708                    /usr/lib/fglrx/fglrx-libGL.so.1.2
7fdeca6d5000-7fdeca6f4000 rwxp 00000000 00:00 0 
7fdeca6f4000-7fdeca6f8000 r-xp 00000000 08:06 9969743                    /usr/lib/x86_64-linux-gnu/libXxf86vm.so.1.0.0
7fdeca6f8000-7fdeca8f7000 ---p 00004000 08:06 9969743                    /usr/lib/x86_64-linux-gnu/libXxf86vm.so.1.0.0
7fdeca8f7000-7fdeca8f8000 r--p 00003000 08:06 9969743                    /usr/lib/x86_64-linux-gnu/libXxf86vm.so.1.0.0
7fdeca8f8000-7fdeca8f9000 rw-p 00004000 08:06 9969743                    /usr/lib/x86_64-linux-gnu/libXxf86vm.so.1.0.0
7fdeca8f9000-7fdeca8ff000 r-xp 00000000 08:06 4456559                    /tmp/jogamp_0000/file_cache/jln7307709330915091310/jln3298158100210286867/libnativewindow_x11.so
7fdeca8ff000-7fdecaafe000 ---p 00006000 08:06 4456559                    /tmp/jogamp_0000/file_cache/jln7307709330915091310/jln3298158100210286867/libnativewindow_x11.so
7fdecaafe000-7fdecaaff000 r--p 00005000 08:06 4456559                    /tmp/jogamp_0000/file_cache/jln7307709330915091310/jln3298158100210286867/libnativewindow_x11.so
7fdecaaff000-7fdecab00000 rw-p 00006000 08:06 4456559                    /tmp/jogamp_0000/file_cache/jln7307709330915091310/jln3298158100210286867/libnativewindow_x11.so
7fdecab00000-7fdecab03000 ---p 00000000 00:00 0 
7fdecab03000-7fdecac01000 rw-p 00000000 00:00 0 
7fdecac01000-7fdecac04000 ---p 00000000 00:00 0 
7fdecac04000-7fdecad02000 rw-p 00000000 00:00 0 
7fdecad02000-7fdecad04000 r-xp 00000000 08:06 4456558                    /tmp/jogamp_0000/file_cache/jln7307709330915091310/jln3298158100210286867/libnativewindow_awt.so
7fdecad04000-7fdecaf03000 ---p 00002000 08:06 4456558                    /tmp/jogamp_0000/file_cache/jln7307709330915091310/jln3298158100210286867/libnativewindow_awt.so
7fdecaf03000-7fdecaf04000 r--p 00001000 08:06 4456558                    /tmp/jogamp_0000/file_cache/jln7307709330915091310/jln3298158100210286867/libnativewindow_awt.so
7fdecaf04000-7fdecaf05000 rw-p 00002000 08:06 4456558                    /tmp/jogamp_0000/file_cache/jln7307709330915091310/jln3298158100210286867/libnativewindow_awt.so
7fdecaf05000-7fdecaf06000 r-xp 00000000 08:06 1967578                    /usr/lib/jvm/java-7-oracle/jre/lib/amd64/libjawt.so
7fdecaf06000-7fdecb105000 ---p 00001000 08:06 1967578                    /usr/lib/jvm/java-7-oracle/jre/lib/amd64/libjawt.so
7fdecb105000-7fdecb106000 rw-p 00000000 08:06 1967578                    /usr/lib/jvm/java-7-oracle/jre/lib/amd64/libjawt.so
7fdecb1be000-7fdecb1c0000 r-xp 00000000 08:06 4456531                    /tmp/jogamp_0000/file_cache/jln7307709330915091310/jln3298158100210286867/libgluegen-rt.so
7fdecb1c0000-7fdecb3bf000 ---p 00002000 08:06 4456531                    /tmp/jogamp_0000/file_cache/jln7307709330915091310/jln3298158100210286867/libgluegen-rt.so
7fdecb3bf000-7fdecb3c0000 r--p 00001000 08:06 4456531                    /tmp/jogamp_0000/file_cache/jln7307709330915091310/jln3298158100210286867/libgluegen-rt.so
7fdecb3c0000-7fdecb3c1000 rw-p 00002000 08:06 4456531                    /tmp/jogamp_0000/file_cache/jln7307709330915091310/jln3298158100210286867/libgluegen-rt.so
7fdecb3c1000-7fdecb3c4000 ---p 00000000 00:00 0 
7fdecb3c4000-7fdecb4c2000 rw-p 00000000 00:00 0 
7fdecb4c2000-7fdecb4d2000 r-xp 00000000 08:06 1967585                    /usr/lib/jvm/java-7-oracle/jre/lib/amd64/libnio.so
7fdecb4d2000-7fdecb6d2000 ---p 00010000 08:06 1967585                    /usr/lib/jvm/java-7-oracle/jre/lib/amd64/libnio.so
7fdecb6d2000-7fdecb6d3000 rw-p 00010000 08:06 1967585                    /usr/lib/jvm/java-7-oracle/jre/lib/amd64/libnio.so
7fdecb6d3000-7fdecb6e8000 r-xp 00000000 08:06 1967604                    /usr/lib/jvm/java-7-oracle/jre/lib/amd64/libnet.so
7fdecb6e8000-7fdecb8e8000 ---p 00015000 08:06 1967604                    /usr/lib/jvm/java-7-oracle/jre/lib/amd64/libnet.so
7fdecb8e8000-7fdecb8e9000 rw-p 00015000 08:06 1967604                    /usr/lib/jvm/java-7-oracle/jre/lib/amd64/libnet.so
7fdecb8e9000-7fdecb8ec000 ---p 00000000 00:00 0 
7fdecb8ec000-7fdecb9ea000 rw-p 00000000 00:00 0 
7fdecb9ea000-7fdecb9ef000 r-xp 00000000 08:06 9962178                    /usr/lib/x86_64-linux-gnu/libXfixes.so.3.1.0
7fdecb9ef000-7fdecbbee000 ---p 00005000 08:06 9962178                    /usr/lib/x86_64-linux-gnu/libXfixes.so.3.1.0
7fdecbbee000-7fdecbbef000 r--p 00004000 08:06 9962178                    /usr/lib/x86_64-linux-gnu/libXfixes.so.3.1.0
7fdecbbef000-7fdecbbf0000 rw-p 00005000 08:06 9962178                    /usr/lib/x86_64-linux-gnu/libXfixes.so.3.1.0
7fdecbbf0000-7fdecbbf9000 r-xp 00000000 08:06 9967225                    /usr/lib/x86_64-linux-gnu/libXcursor.so.1.0.2
7fdecbbf9000-7fdecbdf8000 ---p 00009000 08:06 9967225                    /usr/lib/x86_64-linux-gnu/libXcursor.so.1.0.2
7fdecbdf8000-7fdecbdf9000 r--p 00008000 08:06 9967225                    /usr/lib/x86_64-linux-gnu/libXcursor.so.1.0.2
7fdecbdf9000-7fdecbdfa000 rw-p 00009000 08:06 9967225                    /usr/lib/x86_64-linux-gnu/libXcursor.so.1.0.2
7fdecbdfa000-7fdecbdff000 r-xp 00000000 08:06 9962011                    /usr/lib/x86_64-linux-gnu/libXdmcp.so.6.0.0
7fdecbdff000-7fdecbffe000 ---p 00005000 08:06 9962011                    /usr/lib/x86_64-linux-gnu/libXdmcp.so.6.0.0
7fdecbffe000-7fdecbfff000 r--p 00004000 08:06 9962011                    /usr/lib/x86_64-linux-gnu/libXdmcp.so.6.0.0
7fdecbfff000-7fdecc000000 rw-p 00005000 08:06 9962011                    /usr/lib/x86_64-linux-gnu/libXdmcp.so.6.0.0
7fdecc000000-7fdecc021000 rw-p 00000000 00:00 0 
7fdecc021000-7fded0000000 ---p 00000000 00:00 0 
7fded000d000-7fded0010000 ---p 00000000 00:00 0 
7fded0010000-7fded010e000 rw-p 00000000 00:00 0 
7fded010e000-7fded0110000 r-xp 00000000 08:06 9963502                    /usr/lib/x86_64-linux-gnu/libXau.so.6.0.0
7fded0110000-7fded030f000 ---p 00002000 08:06 9963502                    /usr/lib/x86_64-linux-gnu/libXau.so.6.0.0
7fded030f000-7fded0310000 r--p 00001000 08:06 9963502                    /usr/lib/x86_64-linux-gnu/libXau.so.6.0.0
7fded0310000-7fded0311000 rw-p 00002000 08:06 9963502                    /usr/lib/x86_64-linux-gnu/libXau.so.6.0.0
7fded0311000-7fded032e000 r-xp 00000000 08:06 9963508                    /usr/lib/x86_64-linux-gnu/libxcb.so.1.1.0
7fded032e000-7fded052d000 ---p 0001d000 08:06 9963508                    /usr/lib/x86_64-linux-gnu/libxcb.so.1.1.0
7fded052d000-7fded052e000 r--p 0001c000 08:06 9963508                    /usr/lib/x86_64-linux-gnu/libxcb.so.1.1.0
7fded052e000-7fded052f000 rw-p 0001d000 08:06 9963508                    /usr/lib/x86_64-linux-gnu/libxcb.so.1.1.0
7fded052f000-7fded053d000 r-xp 00000000 08:06 9961805                    /usr/lib/x86_64-linux-gnu/libXi.so.6.1.0
7fded053d000-7fded073c000 ---p 0000e000 08:06 9961805                    /usr/lib/x86_64-linux-gnu/libXi.so.6.1.0
7fded073c000-7fded073d000 r--p 0000d000 08:06 9961805                    /usr/lib/x86_64-linux-gnu/libXi.so.6.1.0
7fded073d000-7fded073e000 rw-p 0000e000 08:06 9961805                    /usr/lib/x86_64-linux-gnu/libXi.so.6.1.0
7fded073e000-7fded0743000 r-xp 00000000 08:06 9962629                    /usr/lib/x86_64-linux-gnu/libXtst.so.6.1.0
7fded0743000-7fded0942000 ---p 00005000 08:06 9962629                    /usr/lib/x86_64-linux-gnu/libXtst.so.6.1.0
7fded0942000-7fded0943000 r--p 00004000 08:06 9962629                    /usr/lib/x86_64-linux-gnu/libXtst.so.6.1.0
7fded0943000-7fded0944000 rw-p 00005000 08:06 9962629                    /usr/lib/x86_64-linux-gnu/libXtst.so.6.1.0
7fded0944000-7fded094d000 r-xp 00000000 08:06 9963780                    /usr/lib/x86_64-linux-gnu/libXrender.so.1.3.0
7fded094d000-7fded0b4c000 ---p 00009000 08:06 9963780                    /usr/lib/x86_64-linux-gnu/libXrender.so.1.3.0
7fded0b4c000-7fded0b4d000 r--p 00008000 08:06 9963780                    /usr/lib/x86_64-linux-gnu/libXrender.so.1.3.0
7fded0b4d000-7fded0b4e000 rw-p 00009000 08:06 9963780                    /usr/lib/x86_64-linux-gnu/libXrender.so.1.3.0
7fded0b4e000-7fded0c7d000 r-xp 00000000 08:06 9963828                    /usr/lib/x86_64-linux-gnu/libX11.so.6.3.0
7fded0c7d000-7fded0e7d000 ---p 0012f000 08:06 9963828                    /usr/lib/x86_64-linux-gnu/libX11.so.6.3.0
7fded0e7d000-7fded0e7e000 r--p 0012f000 08:06 9963828                    /usr/lib/x86_64-linux-gnu/libX11.so.6.3.0
7fded0e7e000-7fded0e82000 rw-p 00130000 08:06 9963828                    /usr/lib/x86_64-linux-gnu/libX11.so.6.3.0
7fded0e82000-7fded0e92000 r-xp 00000000 08:06 9961497                    /usr/lib/x86_64-linux-gnu/libXext.so.6.4.0
7fded0e92000-7fded1091000 ---p 00010000 08:06 9961497                    /usr/lib/x86_64-linux-gnu/libXext.so.6.4.0
7fded1091000-7fded1092000 r--p 0000f000 08:06 9961497                    /usr/lib/x86_64-linux-gnu/libXext.so.6.4.0
7fded1092000-7fded1093000 rw-p 00010000 08:06 9961497                    /usr/lib/x86_64-linux-gnu/libXext.so.6.4.0
7fded1093000-7fded10e3000 r-xp 00000000 08:06 1967618                    /usr/lib/jvm/java-7-oracle/jre/lib/amd64/xawt/libmawt.so
7fded10e3000-7fded12e3000 ---p 00050000 08:06 1967618                    /usr/lib/jvm/java-7-oracle/jre/lib/amd64/xawt/libmawt.so
7fded12e3000-7fded12e7000 rw-p 00050000 08:06 1967618                    /usr/lib/jvm/java-7-oracle/jre/lib/amd64/xawt/libmawt.so
7fded12e7000-7fded12e8000 rw-p 00000000 00:00 0 
7fded12e8000-7fded138a000 r-xp 00000000 08:06 1967615                    /usr/lib/jvm/java-7-oracle/jre/lib/amd64/libawt.so
7fded138a000-7fded158a000 ---p 000a2000 08:06 1967615                    /usr/lib/jvm/java-7-oracle/jre/lib/amd64/libawt.so
7fded158a000-7fded1596000 rw-p 000a2000 08:06 1967615                    /usr/lib/jvm/java-7-oracle/jre/lib/amd64/libawt.so
7fded1596000-7fded15ba000 rw-p 00000000 00:00 0 
7fded15ba000-7fded15d4000 r--s 00477000 08:11 2217                       /media/DDE-640/IMAC/Projets_Tut/PlantS/libjogl/jogamp-all-platforms/jar/jogl-all.jar
7fded15d4000-7fded15d9000 r--s 0002c000 08:11 2172                       /media/DDE-640/IMAC/Projets_Tut/PlantS/libjogl/jogamp-all-platforms/jar/gluegen-rt.jar
7fded15d9000-7fded15da000 ---p 00000000 00:00 0 
7fded15da000-7fded16da000 rw-p 00000000 00:00 0 
7fded16da000-7fded16dd000 ---p 00000000 00:00 0 
7fded16dd000-7fded17db000 rw-p 00000000 00:00 0 
7fded17db000-7fded17de000 ---p 00000000 00:00 0 
7fded17de000-7fded18dc000 rw-p 00000000 00:00 0 
7fded18dc000-7fded18df000 ---p 00000000 00:00 0 
7fded18df000-7fded19dd000 rw-p 00000000 00:00 0 
7fded19dd000-7fded19e0000 ---p 00000000 00:00 0 
7fded19e0000-7fded1ade000 rw-p 00000000 00:00 0 
7fded1ade000-7fded1d9e000 r--p 00000000 08:06 9961657                    /usr/lib/locale/locale-archive
7fded1d9e000-7fded1da1000 ---p 00000000 00:00 0 
7fded1da1000-7fded1e9f000 rw-p 00000000 00:00 0 
7fded1e9f000-7fded1ea2000 ---p 00000000 00:00 0 
7fded1ea2000-7fded4000000 rw-p 00000000 00:00 0 
7fded4000000-7fded4021000 rw-p 00000000 00:00 0 
7fded4021000-7fded8000000 ---p 00000000 00:00 0 
7fded804c000-7fded804d000 ---p 00000000 00:00 0 
7fded804d000-7fded9000000 rw-p 00000000 00:00 0 
7fded9000000-7fded9270000 rwxp 00000000 00:00 0 
7fded9270000-7fdedc429000 rw-p 00000000 00:00 0 
7fdedc429000-7fdee0000000 ---p 00000000 00:00 0 
7fdee0002000-7fdee000c000 r--s 00254000 08:06 1966628                    /usr/lib/jvm/java-7-oracle/jre/lib/resources.jar
7fdee004c000-7fdee006c000 rw-s f0020000 00:05 8784                       /dev/ati/card0
7fdee006c000-7fdee009d000 rw-p 00000000 00:00 0 
7fdee009d000-7fdee00a0000 ---p 00000000 00:00 0 
7fdee00a0000-7fdee00c5000 rw-p 00000000 00:00 0 
7fdee00c5000-7fdee00ea000 r--p 00000000 08:06 10359730                   /usr/share/locale-langpack/fr/LC_MESSAGES/libc.mo
7fdee00ea000-7fdee025b000 rw-p 00000000 00:00 0 
7fdee025b000-7fdee0417000 r--s 039da000 08:06 1967452                    /usr/lib/jvm/java-7-oracle/jre/lib/rt.jar
7fdee0417000-7fdee0c57000 rw-p 00000000 00:00 0 
7fdee0c57000-7fdee0c58000 ---p 00000000 00:00 0 
7fdee0c58000-7fdee0d58000 rw-p 00000000 00:00 0 
7fdee0d58000-7fdee0d59000 ---p 00000000 00:00 0 
7fdee0d59000-7fdee0e59000 rw-p 00000000 00:00 0 
7fdee0e59000-7fdee0e5a000 ---p 00000000 00:00 0 
7fdee0e5a000-7fdee0f5a000 rw-p 00000000 00:00 0 
7fdee0f5a000-7fdee0f5b000 ---p 00000000 00:00 0 
7fdee0f5b000-7fdee1066000 rw-p 00000000 00:00 0 
7fdee1066000-7fdee1084000 rw-p 00000000 00:00 0 
7fdee1084000-7fdee1098000 rw-p 00000000 00:00 0 
7fdee1098000-7fdee11c2000 rw-p 00000000 00:00 0 
7fdee11c2000-7fdee11cd000 rw-p 00000000 00:00 0 
7fdee11cd000-7fdee11eb000 rw-p 00000000 00:00 0 
7fdee11eb000-7fdee11ff000 rw-p 00000000 00:00 0 
7fdee11ff000-7fdee1329000 rw-p 00000000 00:00 0 
7fdee1329000-7fdee1333000 rw-p 00000000 00:00 0 
7fdee1333000-7fdee13c8000 rw-p 00000000 00:00 0 
7fdee13c8000-7fdee13c9000 rw-p 00000000 00:00 0 
7fdee13c9000-7fdee13e3000 r-xp 00000000 08:06 1967605                    /usr/lib/jvm/java-7-oracle/jre/lib/amd64/libzip.so
7fdee13e3000-7fdee15e3000 ---p 0001a000 08:06 1967605                    /usr/lib/jvm/java-7-oracle/jre/lib/amd64/libzip.so
7fdee15e3000-7fdee15e4000 rw-p 0001a000 08:06 1967605                    /usr/lib/jvm/java-7-oracle/jre/lib/amd64/libzip.so
7fdee15e4000-7fdee15f0000 r-xp 00000000 08:06 2233934                    /lib/x86_64-linux-gnu/libnss_files-2.15.so
7fdee15f0000-7fdee17ef000 ---p 0000c000 08:06 2233934                    /lib/x86_64-linux-gnu/libnss_files-2.15.so
7fdee17ef000-7fdee17f0000 r--p 0000b000 08:06 2233934                    /lib/x86_64-linux-gnu/libnss_files-2.15.so
7fdee17f0000-7fdee17f1000 rw-p 0000c000 08:06 2233934                    /lib/x86_64-linux-gnu/libnss_files-2.15.so
7fdee17f1000-7fdee17fb000 r-xp 00000000 08:06 2233929                    /lib/x86_64-linux-gnu/libnss_nis-2.15.so
7fdee17fb000-7fdee19fb000 ---p 0000a000 08:06 2233929                    /lib/x86_64-linux-gnu/libnss_nis-2.15.so
7fdee19fb000-7fdee19fc000 r--p 0000a000 08:06 2233929                    /lib/x86_64-linux-gnu/libnss_nis-2.15.so
7fdee19fc000-7fdee19fd000 rw-p 0000b000 08:06 2233929                    /lib/x86_64-linux-gnu/libnss_nis-2.15.so
7fdee19fd000-7fdee1a14000 r-xp 00000000 08:06 2233945                    /lib/x86_64-linux-gnu/libnsl-2.15.so
7fdee1a14000-7fdee1c13000 ---p 00017000 08:06 2233945                    /lib/x86_64-linux-gnu/libnsl-2.15.so
7fdee1c13000-7fdee1c14000 r--p 00016000 08:06 2233945                    /lib/x86_64-linux-gnu/libnsl-2.15.so
7fdee1c14000-7fdee1c15000 rw-p 00017000 08:06 2233945                    /lib/x86_64-linux-gnu/libnsl-2.15.so
7fdee1c15000-7fdee1c17000 rw-p 00000000 00:00 0 
7fdee1c17000-7fdee1c1f000 r-xp 00000000 08:06 2233935                    /lib/x86_64-linux-gnu/libnss_compat-2.15.so
7fdee1c1f000-7fdee1e1e000 ---p 00008000 08:06 2233935                    /lib/x86_64-linux-gnu/libnss_compat-2.15.so
7fdee1e1e000-7fdee1e1f000 r--p 00007000 08:06 2233935                    /lib/x86_64-linux-gnu/libnss_compat-2.15.so
7fdee1e1f000-7fdee1e20000 rw-p 00008000 08:06 2233935                    /lib/x86_64-linux-gnu/libnss_compat-2.15.so
7fdee1e20000-7fdee1e49000 r-xp 00000000 08:06 1967577                    /usr/lib/jvm/java-7-oracle/jre/lib/amd64/libjava.so
7fdee1e49000-7fdee2049000 ---p 00029000 08:06 1967577                    /usr/lib/jvm/java-7-oracle/jre/lib/amd64/libjava.so
7fdee2049000-7fdee204b000 rw-p 00029000 08:06 1967577                    /usr/lib/jvm/java-7-oracle/jre/lib/amd64/libjava.so
7fdee204b000-7fdee2058000 r-xp 00000000 08:06 1967580                    /usr/lib/jvm/java-7-oracle/jre/lib/amd64/libverify.so
7fdee2058000-7fdee2257000 ---p 0000d000 08:06 1967580                    /usr/lib/jvm/java-7-oracle/jre/lib/amd64/libverify.so
7fdee2257000-7fdee2259000 rw-p 0000c000 08:06 1967580                    /usr/lib/jvm/java-7-oracle/jre/lib/amd64/libverify.so
7fdee2259000-7fdee2260000 r-xp 00000000 08:06 2233808                    /lib/x86_64-linux-gnu/librt-2.15.so
7fdee2260000-7fdee245f000 ---p 00007000 08:06 2233808                    /lib/x86_64-linux-gnu/librt-2.15.so
7fdee245f000-7fdee2460000 r--p 00006000 08:06 2233808                    /lib/x86_64-linux-gnu/librt-2.15.so
7fdee2460000-7fdee2461000 rw-p 00007000 08:06 2233808                    /lib/x86_64-linux-gnu/librt-2.15.so
7fdee2461000-7fdee255c000 r-xp 00000000 08:06 2233931                    /lib/x86_64-linux-gnu/libm-2.15.so
7fdee255c000-7fdee275b000 ---p 000fb000 08:06 2233931                    /lib/x86_64-linux-gnu/libm-2.15.so
7fdee275b000-7fdee275c000 r--p 000fa000 08:06 2233931                    /lib/x86_64-linux-gnu/libm-2.15.so
7fdee275c000-7fdee275d000 rw-p 000fb000 08:06 2233931                    /lib/x86_64-linux-gnu/libm-2.15.so
7fdee275d000-7fdee31a4000 r-xp 00000000 08:06 1967573                    /usr/lib/jvm/java-7-oracle/jre/lib/amd64/server/libjvm.so
7fdee31a4000-7fdee33a3000 ---p 00a47000 08:06 1967573                    /usr/lib/jvm/java-7-oracle/jre/lib/amd64/server/libjvm.so
7fdee33a3000-7fdee3447000 rw-p 00a46000 08:06 1967573                    /usr/lib/jvm/java-7-oracle/jre/lib/amd64/server/libjvm.so
7fdee3447000-7fdee3482000 rw-p 00000000 00:00 0 
7fdee3482000-7fdee3637000 r-xp 00000000 08:06 2233802                    /lib/x86_64-linux-gnu/libc-2.15.so
7fdee3637000-7fdee3836000 ---p 001b5000 08:06 2233802                    /lib/x86_64-linux-gnu/libc-2.15.so
7fdee3836000-7fdee383a000 r--p 001b4000 08:06 2233802                    /lib/x86_64-linux-gnu/libc-2.15.so
7fdee383a000-7fdee383c000 rw-p 001b8000 08:06 2233802                    /lib/x86_64-linux-gnu/libc-2.15.so
7fdee383c000-7fdee3841000 rw-p 00000000 00:00 0 
7fdee3841000-7fdee3843000 r-xp 00000000 08:06 2233800                    /lib/x86_64-linux-gnu/libdl-2.15.so
7fdee3843000-7fdee3a43000 ---p 00002000 08:06 2233800                    /lib/x86_64-linux-gnu/libdl-2.15.so
7fdee3a43000-7fdee3a44000 r--p 00002000 08:06 2233800                    /lib/x86_64-linux-gnu/libdl-2.15.so
7fdee3a44000-7fdee3a45000 rw-p 00003000 08:06 2233800                    /lib/x86_64-linux-gnu/libdl-2.15.so
7fdee3a45000-7fdee3a5b000 r-xp 00000000 08:06 1967609                    /usr/lib/jvm/java-7-oracle/jre/lib/amd64/jli/libjli.so
7fdee3a5b000-7fdee3c5a000 ---p 00016000 08:06 1967609                    /usr/lib/jvm/java-7-oracle/jre/lib/amd64/jli/libjli.so
7fdee3c5a000-7fdee3c5b000 rw-p 00015000 08:06 1967609                    /usr/lib/jvm/java-7-oracle/jre/lib/amd64/jli/libjli.so
7fdee3c5b000-7fdee3c73000 r-xp 00000000 08:06 2233804                    /lib/x86_64-linux-gnu/libpthread-2.15.so
7fdee3c73000-7fdee3e72000 ---p 00018000 08:06 2233804                    /lib/x86_64-linux-gnu/libpthread-2.15.so
7fdee3e72000-7fdee3e73000 r--p 00017000 08:06 2233804                    /lib/x86_64-linux-gnu/libpthread-2.15.so
7fdee3e73000-7fdee3e74000 rw-p 00018000 08:06 2233804                    /lib/x86_64-linux-gnu/libpthread-2.15.so
7fdee3e74000-7fdee3e78000 rw-p 00000000 00:00 0 
7fdee3e78000-7fdee3e9a000 r-xp 00000000 08:06 2233940                    /lib/x86_64-linux-gnu/ld-2.15.so
7fdee3eb3000-7fdee3eb5000 rw-s 00002000 00:05 8784                       /dev/ati/card0
7fdee3eb5000-7fdee3eb6000 r--p 00000000 00:00 0 
7fdee3eb6000-7fdee3eba000 r--s 00089000 08:06 1967701                    /usr/lib/jvm/java-7-oracle/jre/lib/jsse.jar
7fdee3eba000-7fdee3ec4000 rw-p 00000000 00:00 0 
7fdee3ec4000-7fdee3f7a000 rw-p 00000000 00:00 0 
7fdee3f7a000-7fdee3f7d000 ---p 00000000 00:00 0 
7fdee3f7d000-7fdee407f000 rw-p 00000000 00:00 0 
7fdee407f000-7fdee4080000 rw-s 00005000 00:05 8784                       /dev/ati/card0
7fdee4080000-7fdee4081000 r--s 00023000 08:11 2207                       /media/DDE-640/IMAC/Projets_Tut/PlantS/libjogl/jogamp-all-platforms/jar/jogl-all-natives-linux-amd64.jar
7fdee4081000-7fdee4082000 r--s 00000000 08:11 2163                       /media/DDE-640/IMAC/Projets_Tut/PlantS/libjogl/jogamp-all-platforms/jar/gluegen-rt-natives-linux-amd64.jar
7fdee4082000-7fdee4087000 r--s 00044000 08:11 2060                       /media/DDE-640/IMAC/Projets_Tut/PlantS/jdom-2.0.3/jdom-2.0.3.jar
7fdee4087000-7fdee408e000 r--s 00000000 08:06 10362198                   /usr/lib/x86_64-linux-gnu/gconv/gconv-modules.cache
7fdee408e000-7fdee4096000 rw-s 00000000 08:06 4456488                    /tmp/hsperfdata_guyom/6964 (deleted)
7fdee4096000-7fdee4097000 rw-p 00000000 00:00 0 
7fdee4097000-7fdee4098000 ---p 00000000 00:00 0 
7fdee4098000-7fdee409a000 rw-p 00000000 00:00 0 
7fdee409a000-7fdee409b000 r--p 00022000 08:06 2233940                    /lib/x86_64-linux-gnu/ld-2.15.so
7fdee409b000-7fdee409d000 rw-p 00023000 08:06 2233940                    /lib/x86_64-linux-gnu/ld-2.15.so
7fff0a234000-7fff0a255000 rw-p 00000000 00:00 0                          [stack]
7fff0a34d000-7fff0a34e000 r-xp 00000000 00:00 0                          [vdso]
ffffffffff600000-ffffffffff601000 r-xp 00000000 00:00 0                  [vsyscall]

VM Arguments:
jvm_args: -Djava.library.path=/media/DDE-640/IMAC/Projets_Tut/PlantS/libjogl/jogamp-all-platforms/jar:/media/DDE-640/IMAC/Projets_Tut/PlantS/libjogl/jogamp-all-platforms/jar -Dfile.encoding=UTF-8 
java_command: JOGLApp
Launcher Type: SUN_STANDARD

Environment Variables:
PATH=/usr/lib/lightdm/lightdm:/usr/local/sbin:/usr/local/bin:/usr/sbin:/usr/bin:/sbin:/bin:/usr/games
SHELL=/bin/bash
DISPLAY=:0.0

Signal Handlers:
SIGSEGV: [libjvm.so+0x8a5c80], sa_mask[0]=0x7ffbfeff, sa_flags=0x10000004
SIGBUS: [libjvm.so+0x8a5c80], sa_mask[0]=0x7ffbfeff, sa_flags=0x10000004
SIGFPE: [libjvm.so+0x741d60], sa_mask[0]=0x7ffbfeff, sa_flags=0x10000004
SIGPIPE: [libjvm.so+0x741d60], sa_mask[0]=0x7ffbfeff, sa_flags=0x10000004
SIGXFSZ: [libjvm.so+0x741d60], sa_mask[0]=0x7ffbfeff, sa_flags=0x10000004
SIGILL: [libjvm.so+0x741d60], sa_mask[0]=0x7ffbfeff, sa_flags=0x10000004
SIGUSR1: SIG_DFL, sa_mask[0]=0x00000000, sa_flags=0x00000000
SIGUSR2: [libjvm.so+0x7416b0], sa_mask[0]=0x00000004, sa_flags=0x10000004
SIGHUP: [libjvm.so+0x743a40], sa_mask[0]=0x7ffbfeff, sa_flags=0x10000004
SIGINT: [libjvm.so+0x743a40], sa_mask[0]=0x7ffbfeff, sa_flags=0x10000004
SIGTERM: [libjvm.so+0x743a40], sa_mask[0]=0x7ffbfeff, sa_flags=0x10000004
SIGQUIT: [libjvm.so+0x743a40], sa_mask[0]=0x7ffbfeff, sa_flags=0x10000004


---------------  S Y S T E M  ---------------

OS:wheezy/sid

uname:Linux 3.2.0-32-generic #51-Ubuntu SMP Wed Sep 26 21:33:09 UTC 2012 x86_64
libc:glibc 2.15 NPTL 2.15 
rlimit: STACK 8192k, CORE 0k, NPROC 30344, NOFILE 4096, AS infinity
load average:0,57 0,35 0,28

/proc/meminfo:
MemTotal:        3901720 kB
MemFree:         1010840 kB
Buffers:          230440 kB
Cached:          1176964 kB
SwapCached:            0 kB
Active:          1778536 kB
Inactive:         699380 kB
Active(anon):    1071284 kB
Inactive(anon):     1104 kB
Active(file):     707252 kB
Inactive(file):   698276 kB
Unevictable:           0 kB
Mlocked:               0 kB
SwapTotal:       4042748 kB
SwapFree:        4042748 kB
Dirty:               936 kB
Writeback:             0 kB
AnonPages:       1070460 kB
Mapped:           236360 kB
Shmem:              1880 kB
Slab:             149812 kB
SReclaimable:     119388 kB
SUnreclaim:        30424 kB
KernelStack:        3912 kB
PageTables:        29904 kB
NFS_Unstable:          0 kB
Bounce:                0 kB
WritebackTmp:          0 kB
CommitLimit:     5993608 kB
Committed_AS:    3822128 kB
VmallocTotal:   34359738367 kB
VmallocUsed:      111804 kB
VmallocChunk:   34359624412 kB
HardwareCorrupted:     0 kB
AnonHugePages:         0 kB
HugePages_Total:       0
HugePages_Free:        0
HugePages_Rsvd:        0
HugePages_Surp:        0
Hugepagesize:       2048 kB
DirectMap4k:      137148 kB
DirectMap2M:     3907584 kB


CPU:total 4 (2 cores per cpu, 2 threads per core) family 6 model 37 stepping 5, cmov, cx8, fxsr, mmx, sse, sse2, sse3, ssse3, sse4.1, sse4.2, popcnt, ht, tsc, tscinvbit

/proc/cpuinfo:
processor	: 0
vendor_id	: GenuineIntel
cpu family	: 6
model		: 37
model name	: Intel(R) Core(TM) i5 CPU       M 480  @ 2.67GHz
stepping	: 5
microcode	: 0x2
cpu MHz		: 1199.000
cache size	: 3072 KB
physical id	: 0
siblings	: 4
core id		: 0
cpu cores	: 2
apicid		: 0
initial apicid	: 0
fpu		: yes
fpu_exception	: yes
cpuid level	: 11
wp		: yes
flags		: fpu vme de pse tsc msr pae mce cx8 apic sep mtrr pge mca cmov pat pse36 clflush dts acpi mmx fxsr sse sse2 ss ht tm pbe syscall nx rdtscp lm constant_tsc arch_perfmon pebs bts rep_good nopl xtopology nonstop_tsc aperfmperf pni dtes64 monitor ds_cpl vmx est tm2 ssse3 cx16 xtpr pdcm pcid sse4_1 sse4_2 popcnt lahf_lm ida arat dtherm tpr_shadow vnmi flexpriority ept vpid
bogomips	: 5319.85
clflush size	: 64
cache_alignment	: 64
address sizes	: 36 bits physical, 48 bits virtual
power management:

processor	: 1
vendor_id	: GenuineIntel
cpu family	: 6
model		: 37
model name	: Intel(R) Core(TM) i5 CPU       M 480  @ 2.67GHz
stepping	: 5
microcode	: 0x2
cpu MHz		: 2667.000
cache size	: 3072 KB
physical id	: 0
siblings	: 4
core id		: 2
cpu cores	: 2
apicid		: 4
initial apicid	: 4
fpu		: yes
fpu_exception	: yes
cpuid level	: 11
wp		: yes
flags		: fpu vme de pse tsc msr pae mce cx8 apic sep mtrr pge mca cmov pat pse36 clflush dts acpi mmx fxsr sse sse2 ss ht tm pbe syscall nx rdtscp lm constant_tsc arch_perfmon pebs bts rep_good nopl xtopology nonstop_tsc aperfmperf pni dtes64 monitor ds_cpl vmx est tm2 ssse3 cx16 xtpr pdcm pcid sse4_1 sse4_2 popcnt lahf_lm ida arat dtherm tpr_shadow vnmi flexpriority ept vpid
bogomips	: 5319.88
clflush size	: 64
cache_alignment	: 64
address sizes	: 36 bits physical, 48 bits virtual
power management:

processor	: 2
vendor_id	: GenuineIntel
cpu family	: 6
model		: 37
model name	: Intel(R) Core(TM) i5 CPU       M 480  @ 2.67GHz
stepping	: 5
microcode	: 0x2
cpu MHz		: 1199.000
cache size	: 3072 KB
physical id	: 0
siblings	: 4
core id		: 0
cpu cores	: 2
apicid		: 1
initial apicid	: 1
fpu		: yes
fpu_exception	: yes
cpuid level	: 11
wp		: yes
flags		: fpu vme de pse tsc msr pae mce cx8 apic sep mtrr pge mca cmov pat pse36 clflush dts acpi mmx fxsr sse sse2 ss ht tm pbe syscall nx rdtscp lm constant_tsc arch_perfmon pebs bts rep_good nopl xtopology nonstop_tsc aperfmperf pni dtes64 monitor ds_cpl vmx est tm2 ssse3 cx16 xtpr pdcm pcid sse4_1 sse4_2 popcnt lahf_lm ida arat dtherm tpr_shadow vnmi flexpriority ept vpid
bogomips	: 5319.87
clflush size	: 64
cache_alignment	: 64
address sizes	: 36 bits physical, 48 bits virtual
power management:

processor	: 3
vendor_id	: GenuineIntel
cpu family	: 6
model		: 37
model name	: Intel(R) Core(TM) i5 CPU       M 480  @ 2.67GHz
stepping	: 5
microcode	: 0x2
cpu MHz		: 1333.000
cache size	: 3072 KB
physical id	: 0
siblings	: 4
core id		: 2
cpu cores	: 2
apicid		: 5
initial apicid	: 5
fpu		: yes
fpu_exception	: yes
cpuid level	: 11
wp		: yes
flags		: fpu vme de pse tsc msr pae mce cx8 apic sep mtrr pge mca cmov pat pse36 clflush dts acpi mmx fxsr sse sse2 ss ht tm pbe syscall nx rdtscp lm constant_tsc arch_perfmon pebs bts rep_good nopl xtopology nonstop_tsc aperfmperf pni dtes64 monitor ds_cpl vmx est tm2 ssse3 cx16 xtpr pdcm pcid sse4_1 sse4_2 popcnt lahf_lm ida arat dtherm tpr_shadow vnmi flexpriority ept vpid
bogomips	: 5319.88
clflush size	: 64
cache_alignment	: 64
address sizes	: 36 bits physical, 48 bits virtual
power management:



Memory: 4k page, physical 3901720k(1010840k free), swap 4042748k(4042748k free)

vm_info: Java HotSpot(TM) 64-Bit Server VM (23.5-b02) for linux-amd64 JRE (1.7.0_09-b05), built on Sep 24 2012 20:07:15 by "java_re" with gcc 4.3.0 20080428 (Red Hat 4.3.0-8)

time: Thu Nov  8 19:11:09 2012
elapsed time: 3 seconds

