#
# A fatal error has been detected by the Java Runtime Environment:
#
#  SIGSEGV (0xb) at pc=0x00007f39a8154c58, pid=7056, tid=139885631850240
#
# JRE version: 7.0_09-b05
# Java VM: Java HotSpot(TM) 64-Bit Server VM (23.5-b02 mixed mode linux-amd64 compressed oops)
# Problematic frame:
# C  [libX11.so.6+0x33c58]  XQueryExtension+0x28
#
# Failed to write core dump. Core dumps have been disabled. To enable core dumping, try "ulimit -c unlimited" before starting Java again
#
# If you would like to submit a bug report, please visit:
#   http://bugreport.sun.com/bugreport/crash.jsp
#

---------------  T H R E A D  ---------------

Current thread (0x00007f39b4092000):  VMThread [stack: 0x00007f39a9554000,0x00007f39a9655000] [id=7067]

siginfo:si_signo=SIGSEGV: si_errno=0, si_code=1 (SEGV_MAPERR), si_addr=0x0000000060001778

Registers:
RAX=0x00007f39980008c0, RBX=0x0000000060000e10, RCX=0x00007f39a9653768, RDX=0x00007f39a9653764
RSP=0x00007f39a9653700, RBP=0x00007f39a1b11e12, RSI=0x00007f39a1b11e12, RDI=0x0000000060000e10
R8 =0x00007f39a965376c, R9 =0x0000000000000000, R10=0x00007f39bad41fa8, R11=0x00007f39ba9c1c80
R12=0x0000000000000000, R13=0x00007f39a1b11e12, R14=0x00007f39980008c0, R15=0x0000000000000000
RIP=0x00007f39a8154c58, EFLAGS=0x0000000000010206, CSGSFS=0x0000000000000033, ERR=0x0000000000000004
  TRAPNO=0x000000000000000e

Top of Stack: (sp=0x00007f39a9653700)
0x00007f39a9653700:   00007f39ba994790 00007f39bb582548
0x00007f39a9653710:   0000000000000000 00007f39ba958f50
0x00007f39a9653720:   00000000ffffffff 0000000060000e10
0x00007f39a9653730:   00007f39a1b11e12 0000000000000000
0x00007f39a9653740:   00007f39a1b11e12 00007f39980008c0
0x00007f39a9653750:   0000000000000000 00007f39a8148c55
0x00007f39a9653760:   00007f39bb59f048 00007f39a1c49c60
0x00007f39a9653770:   00007f39a1c49c60 0000000060000e10
0x00007f39a9653780:   00007f396000ef00 00007f39a846202b
0x00007f39a9653790:   00007f39ba994790 000000110000002a
0x00007f39a96537a0:   00007f39a9653820 0000000000000000
0x00007f39a96537b0:   00007f39a9653820 0000000060000e10
0x00007f39a96537c0:   0000000000000000 00007f39bb59f048
0x00007f39a96537d0:   00007f39a1c63490 00007f39a1abdfd9
0x00007f39a96537e0:   0000000000000000 000000000000002a
0x00007f39a96537f0:   00007f39a9653820 00007f39a9653840
0x00007f39a9653800:   0000000000000000 00007f39bb59f048
0x00007f39a9653810:   00007f395c002d90 00007f39a1ab26e2
0x00007f39a9653820:   00007f39a9653a00 00007f39a1b11d81
0x00007f39a9653830:   00007f39a9653a00 00007f39bb38b92d
0x00007f39a9653840:   00007f39bb5a02c8 00007f39bb5a0858
0x00007f39a9653850:   00007f39bb59db50 00007f39b4007330
0x00007f39a9653860:   00007f39b4007e40 00007f39b40077e0
0x00007f39a9653870:   00007f39b4008340 00007f39b400d200
0x00007f39a9653880:   00007f39b423ff70 00007f39b4240410
0x00007f39a9653890:   00007f39b432fa10 00007f39b432ee20
0x00007f39a96538a0:   00007f39b4343ab0 00007f39b43642c0
0x00007f39a96538b0:   00007f39b4363df0 00007f39b4180bb0
0x00007f39a96538c0:   00007f39b4182690 00007f39b4182190
0x00007f39a96538d0:   00007f39b417eee0 00007f39b40020f0
0x00007f39a96538e0:   00007f39b4001a70 0000000001c294d0
0x00007f39a96538f0:   00007f39b4396b50 00007f39b4181c80 

Instructions: (pc=0x00007f39a8154c58)
0x00007f39a8154c38:   24 d8 48 89 fb 4c 89 64 24 e0 4c 89 6c 24 e8 48
0x00007f39a8154c48:   89 f5 4c 89 74 24 f0 4c 89 7c 24 f8 48 83 ec 58
0x00007f39a8154c58:   48 8b 87 68 09 00 00 49 89 d4 49 89 cd 4d 89 c6
0x00007f39a8154c68:   48 85 c0 74 02 ff 10 ba 08 00 00 00 be 62 00 00 

Register to memory mapping:

RAX=0x00007f39980008c0 is an unknown value
RBX=0x0000000060000e10 is an unknown value
RCX=0x00007f39a9653768 is an unknown value
RDX=0x00007f39a9653764 is an unknown value
RSP=0x00007f39a9653700 is an unknown value
RBP=0x00007f39a1b11e12: <offset 0x92e12> in /usr/lib/libGL.so.1 at 0x00007f39a1a7f000
RSI=0x00007f39a1b11e12: <offset 0x92e12> in /usr/lib/libGL.so.1 at 0x00007f39a1a7f000
RDI=0x0000000060000e10 is an unknown value
R8 =0x00007f39a965376c is an unknown value
R9 =0x0000000000000000 is an unknown value
R10=0x00007f39bad41fa8: <offset 0x3bbfa8> in /lib/x86_64-linux-gnu/libc.so.6 at 0x00007f39ba986000
R11=0x00007f39ba9c1c80: __cxa_finalize+0 in /lib/x86_64-linux-gnu/libc.so.6 at 0x00007f39ba986000
R12=0x0000000000000000 is an unknown value
R13=0x00007f39a1b11e12: <offset 0x92e12> in /usr/lib/libGL.so.1 at 0x00007f39a1a7f000
R14=0x00007f39980008c0 is an unknown value
R15=0x0000000000000000 is an unknown value


Stack: [0x00007f39a9554000,0x00007f39a9655000],  sp=0x00007f39a9653700,  free space=1021k
Native frames: (J=compiled Java code, j=interpreted, Vv=VM code, C=native code)
C  [libX11.so.6+0x33c58]  XQueryExtension+0x28

VM_Operation (0x00007f39a218ce80): Exit, mode: safepoint, requested by thread 0x00007f39b438d000


---------------  P R O C E S S  ---------------

Java Threads: ( => current thread )
  0x00007f39b4009000 JavaThread "DestroyJavaVM" [_thread_blocked, id=7061, stack(0x00007f39bb47e000,0x00007f39bb57f000)]
  0x00007f39b4405000 JavaThread "Timer-0" [_thread_blocked, id=7089, stack(0x00007f39a2950000,0x00007f39a2a51000)]
  0x00007f39b438d000 JavaThread "AWT-EventQueue-0" [_thread_blocked, id=7087, stack(0x00007f39a208f000,0x00007f39a2190000)]
  0x00007f39b438b800 JavaThread "AWT-Shutdown" [_thread_blocked, id=7086, stack(0x00007f39a2190000,0x00007f39a2291000)]
  0x00007f39b430f000 JavaThread "process reaper" daemon [_thread_blocked, id=7080, stack(0x00007f39b800c000,0x00007f39b8034000)]
  0x00007f39b424f000 JavaThread "AWT-XAWT" daemon [_thread_blocked, id=7076, stack(0x00007f39a2ea9000,0x00007f39a2faa000)]
  0x00007f39b420d800 JavaThread "Java2D Disposer" daemon [_thread_blocked, id=7075, stack(0x00007f39a8020000,0x00007f39a8121000)]
  0x00007f39b40f0000 JavaThread "Service Thread" daemon [_thread_blocked, id=7073, stack(0x00007f39a8c8e000,0x00007f39a8d8f000)]
  0x00007f39b40ee000 JavaThread "C2 CompilerThread1" daemon [_thread_blocked, id=7072, stack(0x00007f39a8d8f000,0x00007f39a8e90000)]
  0x00007f39b40eb000 JavaThread "C2 CompilerThread0" daemon [_thread_blocked, id=7071, stack(0x00007f39a8e90000,0x00007f39a8f91000)]
  0x00007f39b40e8800 JavaThread "Signal Dispatcher" daemon [_thread_blocked, id=7070, stack(0x00007f39a8f91000,0x00007f39a9092000)]
  0x00007f39b409b800 JavaThread "Finalizer" daemon [_thread_blocked, id=7069, stack(0x00007f39a9352000,0x00007f39a9453000)]
  0x00007f39b4099800 JavaThread "Reference Handler" daemon [_thread_blocked, id=7068, stack(0x00007f39a9453000,0x00007f39a9554000)]

Other Threads:
=>0x00007f39b4092000 VMThread [stack: 0x00007f39a9554000,0x00007f39a9655000] [id=7067]

VM state:at safepoint (shutting down)

VM Mutex/Monitor currently owned by a thread:  ([mutex/lock_event])
[0x00007f39b4005500] Threads_lock - owner thread: 0x00007f39b4092000

Heap
 PSYoungGen      total 17792K, used 11438K [0x00000000ec200000, 0x00000000ed5d0000, 0x0000000100000000)
  eden space 15296K, 58% used [0x00000000ec200000,0x00000000ecabeb60,0x00000000ed0f0000)
  from space 2496K, 99% used [0x00000000ed0f0000,0x00000000ed35cdc0,0x00000000ed360000)
  to   space 2496K, 0% used [0x00000000ed360000,0x00000000ed360000,0x00000000ed5d0000)
 ParOldGen       total 40704K, used 1124K [0x00000000c4600000, 0x00000000c6dc0000, 0x00000000ec200000)
  object space 40704K, 2% used [0x00000000c4600000,0x00000000c4719300,0x00000000c6dc0000)
 PSPermGen       total 21248K, used 16163K [0x00000000bf400000, 0x00000000c08c0000, 0x00000000c4600000)
  object space 21248K, 76% used [0x00000000bf400000,0x00000000c03c8e78,0x00000000c08c0000)

Card table byte_map: [0x00007f39b86c6000,0x00007f39b88cd000] byte_map_base: 0x00007f39b80cc000

Polling page: 0x00007f39bb59b000

Code Cache  [0x00007f39b1000000, 0x00007f39b1270000, 0x00007f39b4000000)
 total_blobs=823 nmethods=97 adapters=678 free_code_cache=48257Kb largest_free_block=49380608

Compilation events (10 events):
Event: 5,534 Thread 0x00007f39b40eb000   90             java.nio.Bits::byteOrder (20 bytes)
Event: 5,535 Thread 0x00007f39b40eb000 nmethod 90 0x00007f39b10c7610 code [0x00007f39b10c7740, 0x00007f39b10c7798]
Event: 5,742 Thread 0x00007f39b40ee000   93             jogamp.opengl.gl4.GL4bcImpl::glPopMatrix (37 bytes)
Event: 5,744 Thread 0x00007f39b40ee000 nmethod 93 0x00007f39b10c7bd0 code [0x00007f39b10c7d20, 0x00007f39b10c7e08]
Event: 5,790 Thread 0x00007f39b40eb000   94             org.jdom2.ContentList::access$100 (5 bytes)
Event: 5,790 Thread 0x00007f39b40ee000   95             org.jdom2.ContentList::getModCount (5 bytes)
Event: 5,791 Thread 0x00007f39b40ee000 nmethod 95 0x00007f39b10c9490 code [0x00007f39b10c95c0, 0x00007f39b10c9618]
Event: 5,791 Thread 0x00007f39b40eb000 nmethod 94 0x00007f39b10cac10 code [0x00007f39b10cad40, 0x00007f39b10cad98]
Event: 5,791 Thread 0x00007f39b40ee000   96             jogamp.opengl.gl4.GL4bcImpl::glPushMatrix (37 bytes)
Event: 5,792 Thread 0x00007f39b40ee000 nmethod 96 0x00007f39b10d3610 code [0x00007f39b10d3760, 0x00007f39b10d3848]

GC Heap History (2 events):
Event: 1,192 GC heap before
{Heap before GC invocations=1 (full 0):
 PSYoungGen      total 17792K, used 15296K [0x00000000ec200000, 0x00000000ed5d0000, 0x0000000100000000)
  eden space 15296K, 100% used [0x00000000ec200000,0x00000000ed0f0000,0x00000000ed0f0000)
  from space 2496K, 0% used [0x00000000ed360000,0x00000000ed360000,0x00000000ed5d0000)
  to   space 2496K, 0% used [0x00000000ed0f0000,0x00000000ed0f0000,0x00000000ed360000)
 ParOldGen       total 40704K, used 0K [0x00000000c4600000, 0x00000000c6dc0000, 0x00000000ec200000)
  object space 40704K, 0% used [0x00000000c4600000,0x00000000c4600000,0x00000000c6dc0000)
 PSPermGen       total 21248K, used 14021K [0x00000000bf400000, 0x00000000c08c0000, 0x00000000c4600000)
  object space 21248K, 65% used [0x00000000bf400000,0x00000000c01b1618,0x00000000c08c0000)
Event: 1,204 GC heap after
Heap after GC invocations=1 (full 0):
 PSYoungGen      total 17792K, used 2483K [0x00000000ec200000, 0x00000000ed5d0000, 0x0000000100000000)
  eden space 15296K, 0% used [0x00000000ec200000,0x00000000ec200000,0x00000000ed0f0000)
  from space 2496K, 99% used [0x00000000ed0f0000,0x00000000ed35cdc0,0x00000000ed360000)
  to   space 2496K, 0% used [0x00000000ed360000,0x00000000ed360000,0x00000000ed5d0000)
 ParOldGen       total 40704K, used 1124K [0x00000000c4600000, 0x00000000c6dc0000, 0x00000000ec200000)
  object space 40704K, 2% used [0x00000000c4600000,0x00000000c4719300,0x00000000c6dc0000)
 PSPermGen       total 21248K, used 14021K [0x00000000bf400000, 0x00000000c08c0000, 0x00000000c4600000)
  object space 21248K, 65% used [0x00000000bf400000,0x00000000c01b1618,0x00000000c08c0000)
}

Deoptimization events (10 events):
Event: 0,756 Thread 0x00007f39b43f8800 Uncommon trap -83 fr.pc 0x00007f39b10a6318
Event: 0,972 Thread 0x00007f39b4009000 Uncommon trap -58 fr.pc 0x00007f39b10af0d0
Event: 0,972 Thread 0x00007f39b4009000 Uncommon trap -58 fr.pc 0x00007f39b10af0d0
Event: 0,972 Thread 0x00007f39b4009000 Uncommon trap -58 fr.pc 0x00007f39b10af0d0
Event: 0,972 Thread 0x00007f39b4009000 Uncommon trap -58 fr.pc 0x00007f39b10af0d0
Event: 1,212 Thread 0x00007f39b438d000 Uncommon trap -83 fr.pc 0x00007f39b10b4280
Event: 4,228 Thread 0x00007f39b438d000 Uncommon trap -42 fr.pc 0x00007f39b10c63f4
Event: 4,228 Thread 0x00007f39b438d000 Uncommon trap -42 fr.pc 0x00007f39b10c63f4
Event: 4,228 Thread 0x00007f39b438d000 Uncommon trap -42 fr.pc 0x00007f39b10c63f4
Event: 4,228 Thread 0x00007f39b438d000 Uncommon trap -42 fr.pc 0x00007f39b10c63f4

Internal exceptions (10 events):
Event: 1,270 Thread 0x00007f39b438d000 Threw 0x00000000ec389570 at /HUDSON/workspace/jdk7u9-2-build-linux-amd64-product/jdk7u9/hotspot/src/share/vm/prims/jvm.cpp:1166
Event: 1,272 Thread 0x00007f39b438d000 Threw 0x00000000ec38e760 at /HUDSON/workspace/jdk7u9-2-build-linux-amd64-product/jdk7u9/hotspot/src/share/vm/prims/jvm.cpp:1166
Event: 1,272 Thread 0x00007f39b438d000 Threw 0x00000000ec3924d8 at /HUDSON/workspace/jdk7u9-2-build-linux-amd64-product/jdk7u9/hotspot/src/share/vm/prims/jvm.cpp:1166
Event: 1,273 Thread 0x00007f39b438d000 Threw 0x00000000ec397620 at /HUDSON/workspace/jdk7u9-2-build-linux-amd64-product/jdk7u9/hotspot/src/share/vm/prims/jvm.cpp:1166
Event: 1,274 Thread 0x00007f39b438d000 Threw 0x00000000ec3a09a0 at /HUDSON/workspace/jdk7u9-2-build-linux-amd64-product/jdk7u9/hotspot/src/share/vm/prims/jvm.cpp:1166
Event: 1,284 Thread 0x00007f39b438d000 Threw 0x00000000ec3a9608 at /HUDSON/workspace/jdk7u9-2-build-linux-amd64-product/jdk7u9/hotspot/src/share/vm/runtime/reflection.cpp
Event: 1,340 Thread 0x00007f39b438d000 Threw 0x00000000ec3b6f88 at /HUDSON/workspace/jdk7u9-2-build-linux-amd64-product/jdk7u9/hotspot/src/share/vm/prims/jni.cpp:742
Event: 1,342 Thread 0x00007f39b438d000 Threw 0x00000000ec3ba128 at /HUDSON/workspace/jdk7u9-2-build-linux-amd64-product/jdk7u9/hotspot/src/share/vm/runtime/reflection.cpp
Event: 1,349 Thread 0x00007f39b438d000 Threw 0x00000000ec3bf398 at /HUDSON/workspace/jdk7u9-2-build-linux-amd64-product/jdk7u9/hotspot/src/share/vm/runtime/reflection.cpp
Event: 6,044 Thread 0x00007f395c146800 Threw 0x00000000eca57a98 at /HUDSON/workspace/jdk7u9-2-build-linux-amd64-product/jdk7u9/hotspot/src/share/vm/prims/jvm.cpp:1166

Events (10 events):
Event: 6,044 loading class 0x00007f39b4228cf0 done
Event: 6,044 loading class 0x00007f39b432c980
Event: 6,044 loading class 0x00007f39b432c980 done
Event: 6,044 Thread 0x00007f395c482000 Thread exited: 0x00007f395c482000
Event: 6,048 loading class 0x00007f39b40a5bc0
Event: 6,049 loading class 0x00007f39b40a5bc0 done
Event: 6,052 Thread 0x00007f395c493800 Thread exited: 0x00007f395c493800
Event: 6,082 Thread 0x00007f39b43f8800 Thread exited: 0x00007f39b43f8800
Event: 6,083 Thread 0x00007f395c146800 Thread exited: 0x00007f395c146800
Event: 6,083 Executing VM operation: Exit


Dynamic libraries:
00400000-00401000 r-xp 00000000 08:06 1967722                            /usr/lib/jvm/java-7-oracle/bin/java
00600000-00601000 rw-p 00000000 08:06 1967722                            /usr/lib/jvm/java-7-oracle/bin/java
01c29000-01c4a000 rw-p 00000000 00:00 0                                  [heap]
bf400000-c08c0000 rw-p 00000000 00:00 0 
c08c0000-c4600000 rw-p 00000000 00:00 0 
c4600000-c6dc0000 rw-p 00000000 00:00 0 
c6dc0000-ec200000 rw-p 00000000 00:00 0 
ec200000-ed5d0000 rw-p 00000000 00:00 0 
ed5d0000-100000000 rw-p 00000000 00:00 0 
7f3944000000-7f3944021000 rw-p 00000000 00:00 0 
7f3944021000-7f3948000000 ---p 00000000 00:00 0 
7f394c000000-7f394c021000 rw-p 00000000 00:00 0 
7f394c021000-7f3950000000 ---p 00000000 00:00 0 
7f3954000000-7f3954021000 rw-p 00000000 00:00 0 
7f3954021000-7f3958000000 ---p 00000000 00:00 0 
7f3959ce1000-7f395bc7f000 r-xp 00000000 08:06 10092955                   /usr/lib/x86_64-linux-gnu/dri/fglrx_dri.so
7f395bc7f000-7f395bd7e000 ---p 01f9e000 08:06 10092955                   /usr/lib/x86_64-linux-gnu/dri/fglrx_dri.so
7f395bd7e000-7f395becc000 rwxp 01f9d000 08:06 10092955                   /usr/lib/x86_64-linux-gnu/dri/fglrx_dri.so
7f395becc000-7f395c000000 rwxp 00000000 00:00 0 
7f395c000000-7f395c69e000 rw-p 00000000 00:00 0 
7f395c69e000-7f3960000000 ---p 00000000 00:00 0 
7f3960000000-7f3960dad000 rw-p 00000000 00:00 0 
7f3960dad000-7f3964000000 ---p 00000000 00:00 0 
7f3964000000-7f396446c000 rw-p 00000000 00:00 0 
7f396446c000-7f3968000000 ---p 00000000 00:00 0 
7f3968000000-7f3968021000 rw-p 00000000 00:00 0 
7f3968021000-7f396c000000 ---p 00000000 00:00 0 
7f396c000000-7f396c021000 rw-p 00000000 00:00 0 
7f396c021000-7f3970000000 ---p 00000000 00:00 0 
7f3970000000-7f3970021000 rw-p 00000000 00:00 0 
7f3970021000-7f3974000000 ---p 00000000 00:00 0 
7f3974000000-7f3974021000 rw-p 00000000 00:00 0 
7f3974021000-7f3978000000 ---p 00000000 00:00 0 
7f3978000000-7f3978021000 rw-p 00000000 00:00 0 
7f3978021000-7f397c000000 ---p 00000000 00:00 0 
7f397c000000-7f397d2f9000 rw-p 00000000 00:00 0 
7f397d2f9000-7f3980000000 ---p 00000000 00:00 0 
7f3980000000-7f3980021000 rw-p 00000000 00:00 0 
7f3980021000-7f3984000000 ---p 00000000 00:00 0 
7f3984000000-7f3984021000 rw-p 00000000 00:00 0 
7f3984021000-7f3988000000 ---p 00000000 00:00 0 
7f3988000000-7f398829e000 rw-p 00000000 00:00 0 
7f398829e000-7f398c000000 ---p 00000000 00:00 0 
7f398c000000-7f398c021000 rw-p 00000000 00:00 0 
7f398c021000-7f3990000000 ---p 00000000 00:00 0 
7f3990000000-7f3990021000 rw-p 00000000 00:00 0 
7f3990021000-7f3994000000 ---p 00000000 00:00 0 
7f3994000000-7f3994021000 rw-p 00000000 00:00 0 
7f3994021000-7f3998000000 ---p 00000000 00:00 0 
7f3998000000-7f3998021000 rw-p 00000000 00:00 0 
7f3998021000-7f399c000000 ---p 00000000 00:00 0 
7f399c000000-7f399c021000 rw-p 00000000 00:00 0 
7f399c021000-7f39a0000000 ---p 00000000 00:00 0 
7f39a0879000-7f39a087c000 ---p 00000000 00:00 0 
7f39a087c000-7f39a097a000 rw-p 00000000 00:00 0 
7f39a097a000-7f39a097d000 ---p 00000000 00:00 0 
7f39a097d000-7f39a0a7b000 rw-p 00000000 00:00 0 
7f39a0a7b000-7f39a0a7e000 ---p 00000000 00:00 0 
7f39a0a7e000-7f39a0b7c000 rw-p 00000000 00:00 0 
7f39a0b7c000-7f39a127c000 rw-s 00006000 00:05 8784                       /dev/ati/card0
7f39a127c000-7f39a12c8000 r-xp 00000000 08:06 9961632                    /usr/lib/libatiadlxx.so
7f39a12c8000-7f39a13c8000 ---p 0004c000 08:06 9961632                    /usr/lib/libatiadlxx.so
7f39a13c8000-7f39a13d3000 rw-p 0004c000 08:06 9961632                    /usr/lib/libatiadlxx.so
7f39a13d3000-7f39a13e3000 rw-p 00000000 00:00 0 
7f39a13e3000-7f39a13e5000 r-xp 00000000 08:06 9965233                    /usr/lib/x86_64-linux-gnu/libXinerama.so.1.0.0
7f39a13e5000-7f39a15e4000 ---p 00002000 08:06 9965233                    /usr/lib/x86_64-linux-gnu/libXinerama.so.1.0.0
7f39a15e4000-7f39a15e5000 r--p 00001000 08:06 9965233                    /usr/lib/x86_64-linux-gnu/libXinerama.so.1.0.0
7f39a15e5000-7f39a15e6000 rw-p 00002000 08:06 9965233                    /usr/lib/x86_64-linux-gnu/libXinerama.so.1.0.0
7f39a15e6000-7f39a15e9000 ---p 00000000 00:00 0 
7f39a15e9000-7f39a16e7000 rw-p 00000000 00:00 0 
7f39a16e7000-7f39a1774000 r-xp 00000000 08:06 4456535                    /tmp/jogamp_0000/file_cache/jln1388266644475932311/jln1959719273359252666/libjogl_desktop.so
7f39a1774000-7f39a1974000 ---p 0008d000 08:06 4456535                    /tmp/jogamp_0000/file_cache/jln1388266644475932311/jln1959719273359252666/libjogl_desktop.so
7f39a1974000-7f39a1975000 r--p 0008d000 08:06 4456535                    /tmp/jogamp_0000/file_cache/jln1388266644475932311/jln1959719273359252666/libjogl_desktop.so
7f39a1975000-7f39a1976000 rw-p 0008e000 08:06 4456535                    /tmp/jogamp_0000/file_cache/jln1388266644475932311/jln1959719273359252666/libjogl_desktop.so
7f39a1976000-7f39a197d000 r-xp 00000000 08:06 9961665                    /usr/lib/libatiuki.so.1.0
7f39a197d000-7f39a1a7d000 ---p 00007000 08:06 9961665                    /usr/lib/libatiuki.so.1.0
7f39a1a7d000-7f39a1a7e000 rw-p 00007000 08:06 9961665                    /usr/lib/libatiuki.so.1.0
7f39a1a7e000-7f39a1a7f000 rw-p 00000000 00:00 0 
7f39a1a7f000-7f39a1b3d000 r-xp 00000000 08:06 9961708                    /usr/lib/fglrx/fglrx-libGL.so.1.2
7f39a1b3d000-7f39a1c3d000 ---p 000be000 08:06 9961708                    /usr/lib/fglrx/fglrx-libGL.so.1.2
7f39a1c3d000-7f39a1c64000 rwxp 000be000 08:06 9961708                    /usr/lib/fglrx/fglrx-libGL.so.1.2
7f39a1c64000-7f39a1c83000 rwxp 00000000 00:00 0 
7f39a1c83000-7f39a1c87000 r-xp 00000000 08:06 9969743                    /usr/lib/x86_64-linux-gnu/libXxf86vm.so.1.0.0
7f39a1c87000-7f39a1e86000 ---p 00004000 08:06 9969743                    /usr/lib/x86_64-linux-gnu/libXxf86vm.so.1.0.0
7f39a1e86000-7f39a1e87000 r--p 00003000 08:06 9969743                    /usr/lib/x86_64-linux-gnu/libXxf86vm.so.1.0.0
7f39a1e87000-7f39a1e88000 rw-p 00004000 08:06 9969743                    /usr/lib/x86_64-linux-gnu/libXxf86vm.so.1.0.0
7f39a1e88000-7f39a1e8e000 r-xp 00000000 08:06 4456559                    /tmp/jogamp_0000/file_cache/jln1388266644475932311/jln1959719273359252666/libnativewindow_x11.so
7f39a1e8e000-7f39a208d000 ---p 00006000 08:06 4456559                    /tmp/jogamp_0000/file_cache/jln1388266644475932311/jln1959719273359252666/libnativewindow_x11.so
7f39a208d000-7f39a208e000 r--p 00005000 08:06 4456559                    /tmp/jogamp_0000/file_cache/jln1388266644475932311/jln1959719273359252666/libnativewindow_x11.so
7f39a208e000-7f39a208f000 rw-p 00006000 08:06 4456559                    /tmp/jogamp_0000/file_cache/jln1388266644475932311/jln1959719273359252666/libnativewindow_x11.so
7f39a208f000-7f39a2092000 ---p 00000000 00:00 0 
7f39a2092000-7f39a2190000 rw-p 00000000 00:00 0 
7f39a2190000-7f39a2193000 ---p 00000000 00:00 0 
7f39a2193000-7f39a2291000 rw-p 00000000 00:00 0 
7f39a2291000-7f39a2293000 r-xp 00000000 08:06 4456558                    /tmp/jogamp_0000/file_cache/jln1388266644475932311/jln1959719273359252666/libnativewindow_awt.so
7f39a2293000-7f39a2492000 ---p 00002000 08:06 4456558                    /tmp/jogamp_0000/file_cache/jln1388266644475932311/jln1959719273359252666/libnativewindow_awt.so
7f39a2492000-7f39a2493000 r--p 00001000 08:06 4456558                    /tmp/jogamp_0000/file_cache/jln1388266644475932311/jln1959719273359252666/libnativewindow_awt.so
7f39a2493000-7f39a2494000 rw-p 00002000 08:06 4456558                    /tmp/jogamp_0000/file_cache/jln1388266644475932311/jln1959719273359252666/libnativewindow_awt.so
7f39a2494000-7f39a2495000 r-xp 00000000 08:06 1967578                    /usr/lib/jvm/java-7-oracle/jre/lib/amd64/libjawt.so
7f39a2495000-7f39a2694000 ---p 00001000 08:06 1967578                    /usr/lib/jvm/java-7-oracle/jre/lib/amd64/libjawt.so
7f39a2694000-7f39a2695000 rw-p 00000000 08:06 1967578                    /usr/lib/jvm/java-7-oracle/jre/lib/amd64/libjawt.so
7f39a274d000-7f39a274f000 r-xp 00000000 08:06 4456531                    /tmp/jogamp_0000/file_cache/jln1388266644475932311/jln1959719273359252666/libgluegen-rt.so
7f39a274f000-7f39a294e000 ---p 00002000 08:06 4456531                    /tmp/jogamp_0000/file_cache/jln1388266644475932311/jln1959719273359252666/libgluegen-rt.so
7f39a294e000-7f39a294f000 r--p 00001000 08:06 4456531                    /tmp/jogamp_0000/file_cache/jln1388266644475932311/jln1959719273359252666/libgluegen-rt.so
7f39a294f000-7f39a2950000 rw-p 00002000 08:06 4456531                    /tmp/jogamp_0000/file_cache/jln1388266644475932311/jln1959719273359252666/libgluegen-rt.so
7f39a2950000-7f39a2953000 ---p 00000000 00:00 0 
7f39a2953000-7f39a2a51000 rw-p 00000000 00:00 0 
7f39a2a51000-7f39a2a61000 r-xp 00000000 08:06 1967585                    /usr/lib/jvm/java-7-oracle/jre/lib/amd64/libnio.so
7f39a2a61000-7f39a2c61000 ---p 00010000 08:06 1967585                    /usr/lib/jvm/java-7-oracle/jre/lib/amd64/libnio.so
7f39a2c61000-7f39a2c62000 rw-p 00010000 08:06 1967585                    /usr/lib/jvm/java-7-oracle/jre/lib/amd64/libnio.so
7f39a2c62000-7f39a2c93000 rw-p 00000000 00:00 0 
7f39a2c93000-7f39a2ca8000 r-xp 00000000 08:06 1967604                    /usr/lib/jvm/java-7-oracle/jre/lib/amd64/libnet.so
7f39a2ca8000-7f39a2ea8000 ---p 00015000 08:06 1967604                    /usr/lib/jvm/java-7-oracle/jre/lib/amd64/libnet.so
7f39a2ea8000-7f39a2ea9000 rw-p 00015000 08:06 1967604                    /usr/lib/jvm/java-7-oracle/jre/lib/amd64/libnet.so
7f39a2ea9000-7f39a2eac000 ---p 00000000 00:00 0 
7f39a2eac000-7f39a2faa000 rw-p 00000000 00:00 0 
7f39a2faa000-7f39a2faf000 r-xp 00000000 08:06 9962178                    /usr/lib/x86_64-linux-gnu/libXfixes.so.3.1.0
7f39a2faf000-7f39a31ae000 ---p 00005000 08:06 9962178                    /usr/lib/x86_64-linux-gnu/libXfixes.so.3.1.0
7f39a31ae000-7f39a31af000 r--p 00004000 08:06 9962178                    /usr/lib/x86_64-linux-gnu/libXfixes.so.3.1.0
7f39a31af000-7f39a31b0000 rw-p 00005000 08:06 9962178                    /usr/lib/x86_64-linux-gnu/libXfixes.so.3.1.0
7f39a31b0000-7f39a31b9000 r-xp 00000000 08:06 9967225                    /usr/lib/x86_64-linux-gnu/libXcursor.so.1.0.2
7f39a31b9000-7f39a33b8000 ---p 00009000 08:06 9967225                    /usr/lib/x86_64-linux-gnu/libXcursor.so.1.0.2
7f39a33b8000-7f39a33b9000 r--p 00008000 08:06 9967225                    /usr/lib/x86_64-linux-gnu/libXcursor.so.1.0.2
7f39a33b9000-7f39a33ba000 rw-p 00009000 08:06 9967225                    /usr/lib/x86_64-linux-gnu/libXcursor.so.1.0.2
7f39a33ba000-7f39a33bf000 r-xp 00000000 08:06 9962011                    /usr/lib/x86_64-linux-gnu/libXdmcp.so.6.0.0
7f39a33bf000-7f39a35be000 ---p 00005000 08:06 9962011                    /usr/lib/x86_64-linux-gnu/libXdmcp.so.6.0.0
7f39a35be000-7f39a35bf000 r--p 00004000 08:06 9962011                    /usr/lib/x86_64-linux-gnu/libXdmcp.so.6.0.0
7f39a35bf000-7f39a35c0000 rw-p 00005000 08:06 9962011                    /usr/lib/x86_64-linux-gnu/libXdmcp.so.6.0.0
7f39a35c0000-7f39a35c2000 r-xp 00000000 08:06 9963502                    /usr/lib/x86_64-linux-gnu/libXau.so.6.0.0
7f39a35c2000-7f39a37c1000 ---p 00002000 08:06 9963502                    /usr/lib/x86_64-linux-gnu/libXau.so.6.0.0
7f39a37c1000-7f39a37c2000 r--p 00001000 08:06 9963502                    /usr/lib/x86_64-linux-gnu/libXau.so.6.0.0
7f39a37c2000-7f39a37c3000 rw-p 00002000 08:06 9963502                    /usr/lib/x86_64-linux-gnu/libXau.so.6.0.0
7f39a37c3000-7f39a37e0000 r-xp 00000000 08:06 9963508                    /usr/lib/x86_64-linux-gnu/libxcb.so.1.1.0
7f39a37e0000-7f39a39df000 ---p 0001d000 08:06 9963508                    /usr/lib/x86_64-linux-gnu/libxcb.so.1.1.0
7f39a39df000-7f39a39e0000 r--p 0001c000 08:06 9963508                    /usr/lib/x86_64-linux-gnu/libxcb.so.1.1.0
7f39a39e0000-7f39a39e1000 rw-p 0001d000 08:06 9963508                    /usr/lib/x86_64-linux-gnu/libxcb.so.1.1.0
7f39a39e1000-7f39a39ef000 r-xp 00000000 08:06 9961805                    /usr/lib/x86_64-linux-gnu/libXi.so.6.1.0
7f39a39ef000-7f39a3bee000 ---p 0000e000 08:06 9961805                    /usr/lib/x86_64-linux-gnu/libXi.so.6.1.0
7f39a3bee000-7f39a3bef000 r--p 0000d000 08:06 9961805                    /usr/lib/x86_64-linux-gnu/libXi.so.6.1.0
7f39a3bef000-7f39a3bf0000 rw-p 0000e000 08:06 9961805                    /usr/lib/x86_64-linux-gnu/libXi.so.6.1.0
7f39a3bf0000-7f39a3bf5000 r-xp 00000000 08:06 9962629                    /usr/lib/x86_64-linux-gnu/libXtst.so.6.1.0
7f39a3bf5000-7f39a3df4000 ---p 00005000 08:06 9962629                    /usr/lib/x86_64-linux-gnu/libXtst.so.6.1.0
7f39a3df4000-7f39a3df5000 r--p 00004000 08:06 9962629                    /usr/lib/x86_64-linux-gnu/libXtst.so.6.1.0
7f39a3df5000-7f39a3df6000 rw-p 00005000 08:06 9962629                    /usr/lib/x86_64-linux-gnu/libXtst.so.6.1.0
7f39a3df6000-7f39a3dff000 r-xp 00000000 08:06 9963780                    /usr/lib/x86_64-linux-gnu/libXrender.so.1.3.0
7f39a3dff000-7f39a3ffe000 ---p 00009000 08:06 9963780                    /usr/lib/x86_64-linux-gnu/libXrender.so.1.3.0
7f39a3ffe000-7f39a3fff000 r--p 00008000 08:06 9963780                    /usr/lib/x86_64-linux-gnu/libXrender.so.1.3.0
7f39a3fff000-7f39a4000000 rw-p 00009000 08:06 9963780                    /usr/lib/x86_64-linux-gnu/libXrender.so.1.3.0
7f39a4000000-7f39a4021000 rw-p 00000000 00:00 0 
7f39a4021000-7f39a8000000 ---p 00000000 00:00 0 
7f39a8020000-7f39a8023000 ---p 00000000 00:00 0 
7f39a8023000-7f39a8121000 rw-p 00000000 00:00 0 
7f39a8121000-7f39a8250000 r-xp 00000000 08:06 9963828                    /usr/lib/x86_64-linux-gnu/libX11.so.6.3.0
7f39a8250000-7f39a8450000 ---p 0012f000 08:06 9963828                    /usr/lib/x86_64-linux-gnu/libX11.so.6.3.0
7f39a8450000-7f39a8451000 r--p 0012f000 08:06 9963828                    /usr/lib/x86_64-linux-gnu/libX11.so.6.3.0
7f39a8451000-7f39a8455000 rw-p 00130000 08:06 9963828                    /usr/lib/x86_64-linux-gnu/libX11.so.6.3.0
7f39a8455000-7f39a8465000 r-xp 00000000 08:06 9961497                    /usr/lib/x86_64-linux-gnu/libXext.so.6.4.0
7f39a8465000-7f39a8664000 ---p 00010000 08:06 9961497                    /usr/lib/x86_64-linux-gnu/libXext.so.6.4.0
7f39a8664000-7f39a8665000 r--p 0000f000 08:06 9961497                    /usr/lib/x86_64-linux-gnu/libXext.so.6.4.0
7f39a8665000-7f39a8666000 rw-p 00010000 08:06 9961497                    /usr/lib/x86_64-linux-gnu/libXext.so.6.4.0
7f39a8666000-7f39a86b6000 r-xp 00000000 08:06 1967618                    /usr/lib/jvm/java-7-oracle/jre/lib/amd64/xawt/libmawt.so
7f39a86b6000-7f39a88b6000 ---p 00050000 08:06 1967618                    /usr/lib/jvm/java-7-oracle/jre/lib/amd64/xawt/libmawt.so
7f39a88b6000-7f39a88ba000 rw-p 00050000 08:06 1967618                    /usr/lib/jvm/java-7-oracle/jre/lib/amd64/xawt/libmawt.so
7f39a88ba000-7f39a88bb000 rw-p 00000000 00:00 0 
7f39a88bb000-7f39a895d000 r-xp 00000000 08:06 1967615                    /usr/lib/jvm/java-7-oracle/jre/lib/amd64/libawt.so
7f39a895d000-7f39a8b5d000 ---p 000a2000 08:06 1967615                    /usr/lib/jvm/java-7-oracle/jre/lib/amd64/libawt.so
7f39a8b5d000-7f39a8b69000 rw-p 000a2000 08:06 1967615                    /usr/lib/jvm/java-7-oracle/jre/lib/amd64/libawt.so
7f39a8b69000-7f39a8b8d000 rw-p 00000000 00:00 0 
7f39a8b8d000-7f39a8b8e000 ---p 00000000 00:00 0 
7f39a8b8e000-7f39a8c8e000 rw-p 00000000 00:00 0 
7f39a8c8e000-7f39a8c91000 ---p 00000000 00:00 0 
7f39a8c91000-7f39a8d8f000 rw-p 00000000 00:00 0 
7f39a8d8f000-7f39a8d92000 ---p 00000000 00:00 0 
7f39a8d92000-7f39a8e90000 rw-p 00000000 00:00 0 
7f39a8e90000-7f39a8e93000 ---p 00000000 00:00 0 
7f39a8e93000-7f39a8f91000 rw-p 00000000 00:00 0 
7f39a8f91000-7f39a8f94000 ---p 00000000 00:00 0 
7f39a8f94000-7f39a9092000 rw-p 00000000 00:00 0 
7f39a9092000-7f39a9352000 r--p 00000000 08:06 9961657                    /usr/lib/locale/locale-archive
7f39a9352000-7f39a9355000 ---p 00000000 00:00 0 
7f39a9355000-7f39a9453000 rw-p 00000000 00:00 0 
7f39a9453000-7f39a9456000 ---p 00000000 00:00 0 
7f39a9456000-7f39a9554000 rw-p 00000000 00:00 0 
7f39a9554000-7f39a9555000 ---p 00000000 00:00 0 
7f39a9555000-7f39ac000000 rw-p 00000000 00:00 0 
7f39ac000000-7f39ac021000 rw-p 00000000 00:00 0 
7f39ac021000-7f39b0000000 ---p 00000000 00:00 0 
7f39b0006000-7f39b0026000 rw-s f0020000 00:05 8784                       /dev/ati/card0
7f39b0026000-7f39b062c000 rw-p 00000000 00:00 0 
7f39b062c000-7f39b07e8000 r--s 039da000 08:06 1967452                    /usr/lib/jvm/java-7-oracle/jre/lib/rt.jar
7f39b07e8000-7f39b1000000 rw-p 00000000 00:00 0 
7f39b1000000-7f39b1270000 rwxp 00000000 00:00 0 
7f39b1270000-7f39b4449000 rw-p 00000000 00:00 0 
7f39b4449000-7f39b8000000 ---p 00000000 00:00 0 
7f39b8002000-7f39b800c000 r--s 00254000 08:06 1966628                    /usr/lib/jvm/java-7-oracle/jre/lib/resources.jar
7f39b800c000-7f39b800f000 ---p 00000000 00:00 0 
7f39b800f000-7f39b8034000 rw-p 00000000 00:00 0 
7f39b8034000-7f39b803b000 r--s 00000000 08:06 10362198                   /usr/lib/x86_64-linux-gnu/gconv/gconv-modules.cache
7f39b803b000-7f39b8060000 r--p 00000000 08:06 10359730                   /usr/share/locale-langpack/fr/LC_MESSAGES/libc.mo
7f39b8060000-7f39b815b000 rw-p 00000000 00:00 0 
7f39b815b000-7f39b815c000 ---p 00000000 00:00 0 
7f39b815c000-7f39b825c000 rw-p 00000000 00:00 0 
7f39b825c000-7f39b825d000 ---p 00000000 00:00 0 
7f39b825d000-7f39b835d000 rw-p 00000000 00:00 0 
7f39b835d000-7f39b835e000 ---p 00000000 00:00 0 
7f39b835e000-7f39b845e000 rw-p 00000000 00:00 0 
7f39b845e000-7f39b845f000 ---p 00000000 00:00 0 
7f39b845f000-7f39b856a000 rw-p 00000000 00:00 0 
7f39b856a000-7f39b8588000 rw-p 00000000 00:00 0 
7f39b8588000-7f39b859c000 rw-p 00000000 00:00 0 
7f39b859c000-7f39b86c6000 rw-p 00000000 00:00 0 
7f39b86c6000-7f39b86d1000 rw-p 00000000 00:00 0 
7f39b86d1000-7f39b86ef000 rw-p 00000000 00:00 0 
7f39b86ef000-7f39b8703000 rw-p 00000000 00:00 0 
7f39b8703000-7f39b882d000 rw-p 00000000 00:00 0 
7f39b882d000-7f39b8837000 rw-p 00000000 00:00 0 
7f39b8837000-7f39b88cc000 rw-p 00000000 00:00 0 
7f39b88cc000-7f39b88cd000 rw-p 00000000 00:00 0 
7f39b88cd000-7f39b88e7000 r-xp 00000000 08:06 1967605                    /usr/lib/jvm/java-7-oracle/jre/lib/amd64/libzip.so
7f39b88e7000-7f39b8ae7000 ---p 0001a000 08:06 1967605                    /usr/lib/jvm/java-7-oracle/jre/lib/amd64/libzip.so
7f39b8ae7000-7f39b8ae8000 rw-p 0001a000 08:06 1967605                    /usr/lib/jvm/java-7-oracle/jre/lib/amd64/libzip.so
7f39b8ae8000-7f39b8af4000 r-xp 00000000 08:06 2233934                    /lib/x86_64-linux-gnu/libnss_files-2.15.so
7f39b8af4000-7f39b8cf3000 ---p 0000c000 08:06 2233934                    /lib/x86_64-linux-gnu/libnss_files-2.15.so
7f39b8cf3000-7f39b8cf4000 r--p 0000b000 08:06 2233934                    /lib/x86_64-linux-gnu/libnss_files-2.15.so
7f39b8cf4000-7f39b8cf5000 rw-p 0000c000 08:06 2233934                    /lib/x86_64-linux-gnu/libnss_files-2.15.so
7f39b8cf5000-7f39b8cff000 r-xp 00000000 08:06 2233929                    /lib/x86_64-linux-gnu/libnss_nis-2.15.so
7f39b8cff000-7f39b8eff000 ---p 0000a000 08:06 2233929                    /lib/x86_64-linux-gnu/libnss_nis-2.15.so
7f39b8eff000-7f39b8f00000 r--p 0000a000 08:06 2233929                    /lib/x86_64-linux-gnu/libnss_nis-2.15.so
7f39b8f00000-7f39b8f01000 rw-p 0000b000 08:06 2233929                    /lib/x86_64-linux-gnu/libnss_nis-2.15.so
7f39b8f01000-7f39b8f18000 r-xp 00000000 08:06 2233945                    /lib/x86_64-linux-gnu/libnsl-2.15.so
7f39b8f18000-7f39b9117000 ---p 00017000 08:06 2233945                    /lib/x86_64-linux-gnu/libnsl-2.15.so
7f39b9117000-7f39b9118000 r--p 00016000 08:06 2233945                    /lib/x86_64-linux-gnu/libnsl-2.15.so
7f39b9118000-7f39b9119000 rw-p 00017000 08:06 2233945                    /lib/x86_64-linux-gnu/libnsl-2.15.so
7f39b9119000-7f39b911b000 rw-p 00000000 00:00 0 
7f39b911b000-7f39b9123000 r-xp 00000000 08:06 2233935                    /lib/x86_64-linux-gnu/libnss_compat-2.15.so
7f39b9123000-7f39b9322000 ---p 00008000 08:06 2233935                    /lib/x86_64-linux-gnu/libnss_compat-2.15.so
7f39b9322000-7f39b9323000 r--p 00007000 08:06 2233935                    /lib/x86_64-linux-gnu/libnss_compat-2.15.so
7f39b9323000-7f39b9324000 rw-p 00008000 08:06 2233935                    /lib/x86_64-linux-gnu/libnss_compat-2.15.so
7f39b9324000-7f39b934d000 r-xp 00000000 08:06 1967577                    /usr/lib/jvm/java-7-oracle/jre/lib/amd64/libjava.so
7f39b934d000-7f39b954d000 ---p 00029000 08:06 1967577                    /usr/lib/jvm/java-7-oracle/jre/lib/amd64/libjava.so
7f39b954d000-7f39b954f000 rw-p 00029000 08:06 1967577                    /usr/lib/jvm/java-7-oracle/jre/lib/amd64/libjava.so
7f39b954f000-7f39b955c000 r-xp 00000000 08:06 1967580                    /usr/lib/jvm/java-7-oracle/jre/lib/amd64/libverify.so
7f39b955c000-7f39b975b000 ---p 0000d000 08:06 1967580                    /usr/lib/jvm/java-7-oracle/jre/lib/amd64/libverify.so
7f39b975b000-7f39b975d000 rw-p 0000c000 08:06 1967580                    /usr/lib/jvm/java-7-oracle/jre/lib/amd64/libverify.so
7f39b975d000-7f39b9764000 r-xp 00000000 08:06 2233808                    /lib/x86_64-linux-gnu/librt-2.15.so
7f39b9764000-7f39b9963000 ---p 00007000 08:06 2233808                    /lib/x86_64-linux-gnu/librt-2.15.so
7f39b9963000-7f39b9964000 r--p 00006000 08:06 2233808                    /lib/x86_64-linux-gnu/librt-2.15.so
7f39b9964000-7f39b9965000 rw-p 00007000 08:06 2233808                    /lib/x86_64-linux-gnu/librt-2.15.so
7f39b9965000-7f39b9a60000 r-xp 00000000 08:06 2233931                    /lib/x86_64-linux-gnu/libm-2.15.so
7f39b9a60000-7f39b9c5f000 ---p 000fb000 08:06 2233931                    /lib/x86_64-linux-gnu/libm-2.15.so
7f39b9c5f000-7f39b9c60000 r--p 000fa000 08:06 2233931                    /lib/x86_64-linux-gnu/libm-2.15.so
7f39b9c60000-7f39b9c61000 rw-p 000fb000 08:06 2233931                    /lib/x86_64-linux-gnu/libm-2.15.so
7f39b9c61000-7f39ba6a8000 r-xp 00000000 08:06 1967573                    /usr/lib/jvm/java-7-oracle/jre/lib/amd64/server/libjvm.so
7f39ba6a8000-7f39ba8a7000 ---p 00a47000 08:06 1967573                    /usr/lib/jvm/java-7-oracle/jre/lib/amd64/server/libjvm.so
7f39ba8a7000-7f39ba94b000 rw-p 00a46000 08:06 1967573                    /usr/lib/jvm/java-7-oracle/jre/lib/amd64/server/libjvm.so
7f39ba94b000-7f39ba986000 rw-p 00000000 00:00 0 
7f39ba986000-7f39bab3b000 r-xp 00000000 08:06 2233802                    /lib/x86_64-linux-gnu/libc-2.15.so
7f39bab3b000-7f39bad3a000 ---p 001b5000 08:06 2233802                    /lib/x86_64-linux-gnu/libc-2.15.so
7f39bad3a000-7f39bad3e000 r--p 001b4000 08:06 2233802                    /lib/x86_64-linux-gnu/libc-2.15.so
7f39bad3e000-7f39bad40000 rw-p 001b8000 08:06 2233802                    /lib/x86_64-linux-gnu/libc-2.15.so
7f39bad40000-7f39bad45000 rw-p 00000000 00:00 0 
7f39bad45000-7f39bad47000 r-xp 00000000 08:06 2233800                    /lib/x86_64-linux-gnu/libdl-2.15.so
7f39bad47000-7f39baf47000 ---p 00002000 08:06 2233800                    /lib/x86_64-linux-gnu/libdl-2.15.so
7f39baf47000-7f39baf48000 r--p 00002000 08:06 2233800                    /lib/x86_64-linux-gnu/libdl-2.15.so
7f39baf48000-7f39baf49000 rw-p 00003000 08:06 2233800                    /lib/x86_64-linux-gnu/libdl-2.15.so
7f39baf49000-7f39baf5f000 r-xp 00000000 08:06 1967609                    /usr/lib/jvm/java-7-oracle/jre/lib/amd64/jli/libjli.so
7f39baf5f000-7f39bb15e000 ---p 00016000 08:06 1967609                    /usr/lib/jvm/java-7-oracle/jre/lib/amd64/jli/libjli.so
7f39bb15e000-7f39bb15f000 rw-p 00015000 08:06 1967609                    /usr/lib/jvm/java-7-oracle/jre/lib/amd64/jli/libjli.so
7f39bb15f000-7f39bb177000 r-xp 00000000 08:06 2233804                    /lib/x86_64-linux-gnu/libpthread-2.15.so
7f39bb177000-7f39bb376000 ---p 00018000 08:06 2233804                    /lib/x86_64-linux-gnu/libpthread-2.15.so
7f39bb376000-7f39bb377000 r--p 00017000 08:06 2233804                    /lib/x86_64-linux-gnu/libpthread-2.15.so
7f39bb377000-7f39bb378000 rw-p 00018000 08:06 2233804                    /lib/x86_64-linux-gnu/libpthread-2.15.so
7f39bb378000-7f39bb37c000 rw-p 00000000 00:00 0 
7f39bb37c000-7f39bb39e000 r-xp 00000000 08:06 2233940                    /lib/x86_64-linux-gnu/ld-2.15.so
7f39bb39f000-7f39bb3a0000 rw-s 00005000 00:05 8784                       /dev/ati/card0
7f39bb3a0000-7f39bb3a2000 rw-s 00002000 00:05 8784                       /dev/ati/card0
7f39bb3a2000-7f39bb3a3000 r--s 00023000 08:11 2207                       /media/DDE-640/IMAC/Projets_Tut/PlantS/libjogl/jogamp-all-platforms/jar/jogl-all-natives-linux-amd64.jar
7f39bb3a3000-7f39bb3a4000 r--s 00000000 08:11 2163                       /media/DDE-640/IMAC/Projets_Tut/PlantS/libjogl/jogamp-all-platforms/jar/gluegen-rt-natives-linux-amd64.jar
7f39bb3a4000-7f39bb3be000 r--s 00477000 08:11 2217                       /media/DDE-640/IMAC/Projets_Tut/PlantS/libjogl/jogamp-all-platforms/jar/jogl-all.jar
7f39bb3be000-7f39bb3c8000 rw-p 00000000 00:00 0 
7f39bb3c8000-7f39bb47e000 rw-p 00000000 00:00 0 
7f39bb47e000-7f39bb481000 ---p 00000000 00:00 0 
7f39bb481000-7f39bb583000 rw-p 00000000 00:00 0 
7f39bb583000-7f39bb584000 r--p 00000000 00:00 0 
7f39bb584000-7f39bb588000 r--s 00089000 08:06 1967701                    /usr/lib/jvm/java-7-oracle/jre/lib/jsse.jar
7f39bb588000-7f39bb58d000 r--s 00044000 08:11 2060                       /media/DDE-640/IMAC/Projets_Tut/PlantS/jdom-2.0.3/jdom-2.0.3.jar
7f39bb58d000-7f39bb592000 r--s 0002c000 08:11 2172                       /media/DDE-640/IMAC/Projets_Tut/PlantS/libjogl/jogamp-all-platforms/jar/gluegen-rt.jar
7f39bb592000-7f39bb59a000 rw-s 00000000 08:06 4456488                    /tmp/hsperfdata_guyom/7056 (deleted)
7f39bb59a000-7f39bb59b000 rw-p 00000000 00:00 0 
7f39bb59b000-7f39bb59c000 ---p 00000000 00:00 0 
7f39bb59c000-7f39bb59e000 rw-p 00000000 00:00 0 
7f39bb59e000-7f39bb59f000 r--p 00022000 08:06 2233940                    /lib/x86_64-linux-gnu/ld-2.15.so
7f39bb59f000-7f39bb5a1000 rw-p 00023000 08:06 2233940                    /lib/x86_64-linux-gnu/ld-2.15.so
7fffab843000-7fffab864000 rw-p 00000000 00:00 0                          [stack]
7fffab942000-7fffab943000 r-xp 00000000 00:00 0                          [vdso]
ffffffffff600000-ffffffffff601000 r-xp 00000000 00:00 0                  [vsyscall]

VM Arguments:
jvm_args: -Djava.library.path=/media/DDE-640/IMAC/Projets_Tut/PlantS/libjogl/jogamp-all-platforms/jar:/media/DDE-640/IMAC/Projets_Tut/PlantS/libjogl/jogamp-all-platforms/jar -Dfile.encoding=UTF-8 
java_command: JOGLApp
Launcher Type: SUN_STANDARD

Environment Variables:
PATH=/usr/lib/lightdm/lightdm:/usr/local/sbin:/usr/local/bin:/usr/sbin:/usr/bin:/sbin:/bin:/usr/games
SHELL=/bin/bash
DISPLAY=:0.0

Signal Handlers:
SIGSEGV: [libjvm.so+0x8a5c80], sa_mask[0]=0x7ffbfeff, sa_flags=0x10000004
SIGBUS: [libjvm.so+0x8a5c80], sa_mask[0]=0x7ffbfeff, sa_flags=0x10000004
SIGFPE: [libjvm.so+0x741d60], sa_mask[0]=0x7ffbfeff, sa_flags=0x10000004
SIGPIPE: [libjvm.so+0x741d60], sa_mask[0]=0x7ffbfeff, sa_flags=0x10000004
SIGXFSZ: [libjvm.so+0x741d60], sa_mask[0]=0x7ffbfeff, sa_flags=0x10000004
SIGILL: [libjvm.so+0x741d60], sa_mask[0]=0x7ffbfeff, sa_flags=0x10000004
SIGUSR1: SIG_DFL, sa_mask[0]=0x00000000, sa_flags=0x00000000
SIGUSR2: [libjvm.so+0x7416b0], sa_mask[0]=0x00000004, sa_flags=0x10000004
SIGHUP: [libjvm.so+0x743a40], sa_mask[0]=0x7ffbfeff, sa_flags=0x10000004
SIGINT: [libjvm.so+0x743a40], sa_mask[0]=0x7ffbfeff, sa_flags=0x10000004
SIGTERM: [libjvm.so+0x743a40], sa_mask[0]=0x7ffbfeff, sa_flags=0x10000004
SIGQUIT: [libjvm.so+0x743a40], sa_mask[0]=0x7ffbfeff, sa_flags=0x10000004


---------------  S Y S T E M  ---------------

OS:wheezy/sid

uname:Linux 3.2.0-32-generic #51-Ubuntu SMP Wed Sep 26 21:33:09 UTC 2012 x86_64
libc:glibc 2.15 NPTL 2.15 
rlimit: STACK 8192k, CORE 0k, NPROC 30344, NOFILE 4096, AS infinity
load average:0,63 0,39 0,29

/proc/meminfo:
MemTotal:        3901720 kB
MemFree:          991256 kB
Buffers:          230520 kB
Cached:          1177028 kB
SwapCached:            0 kB
Active:          1796652 kB
Inactive:         699528 kB
Active(anon):    1089404 kB
Inactive(anon):     1104 kB
Active(file):     707248 kB
Inactive(file):   698424 kB
Unevictable:           0 kB
Mlocked:               0 kB
SwapTotal:       4042748 kB
SwapFree:        4042748 kB
Dirty:               980 kB
Writeback:             0 kB
AnonPages:       1088712 kB
Mapped:           236472 kB
Shmem:              1880 kB
Slab:             149956 kB
SReclaimable:     119468 kB
SUnreclaim:        30488 kB
KernelStack:        3912 kB
PageTables:        29892 kB
NFS_Unstable:          0 kB
Bounce:                0 kB
WritebackTmp:          0 kB
CommitLimit:     5993608 kB
Committed_AS:    3843208 kB
VmallocTotal:   34359738367 kB
VmallocUsed:      111804 kB
VmallocChunk:   34359624412 kB
HardwareCorrupted:     0 kB
AnonHugePages:         0 kB
HugePages_Total:       0
HugePages_Free:        0
HugePages_Rsvd:        0
HugePages_Surp:        0
Hugepagesize:       2048 kB
DirectMap4k:      137148 kB
DirectMap2M:     3907584 kB


CPU:total 4 (2 cores per cpu, 2 threads per core) family 6 model 37 stepping 5, cmov, cx8, fxsr, mmx, sse, sse2, sse3, ssse3, sse4.1, sse4.2, popcnt, ht, tsc, tscinvbit

/proc/cpuinfo:
processor	: 0
vendor_id	: GenuineIntel
cpu family	: 6
model		: 37
model name	: Intel(R) Core(TM) i5 CPU       M 480  @ 2.67GHz
stepping	: 5
microcode	: 0x2
cpu MHz		: 1199.000
cache size	: 3072 KB
physical id	: 0
siblings	: 4
core id		: 0
cpu cores	: 2
apicid		: 0
initial apicid	: 0
fpu		: yes
fpu_exception	: yes
cpuid level	: 11
wp		: yes
flags		: fpu vme de pse tsc msr pae mce cx8 apic sep mtrr pge mca cmov pat pse36 clflush dts acpi mmx fxsr sse sse2 ss ht tm pbe syscall nx rdtscp lm constant_tsc arch_perfmon pebs bts rep_good nopl xtopology nonstop_tsc aperfmperf pni dtes64 monitor ds_cpl vmx est tm2 ssse3 cx16 xtpr pdcm pcid sse4_1 sse4_2 popcnt lahf_lm ida arat dtherm tpr_shadow vnmi flexpriority ept vpid
bogomips	: 5319.85
clflush size	: 64
cache_alignment	: 64
address sizes	: 36 bits physical, 48 bits virtual
power management:

processor	: 1
vendor_id	: GenuineIntel
cpu family	: 6
model		: 37
model name	: Intel(R) Core(TM) i5 CPU       M 480  @ 2.67GHz
stepping	: 5
microcode	: 0x2
cpu MHz		: 2667.000
cache size	: 3072 KB
physical id	: 0
siblings	: 4
core id		: 2
cpu cores	: 2
apicid		: 4
initial apicid	: 4
fpu		: yes
fpu_exception	: yes
cpuid level	: 11
wp		: yes
flags		: fpu vme de pse tsc msr pae mce cx8 apic sep mtrr pge mca cmov pat pse36 clflush dts acpi mmx fxsr sse sse2 ss ht tm pbe syscall nx rdtscp lm constant_tsc arch_perfmon pebs bts rep_good nopl xtopology nonstop_tsc aperfmperf pni dtes64 monitor ds_cpl vmx est tm2 ssse3 cx16 xtpr pdcm pcid sse4_1 sse4_2 popcnt lahf_lm ida arat dtherm tpr_shadow vnmi flexpriority ept vpid
bogomips	: 5319.88
clflush size	: 64
cache_alignment	: 64
address sizes	: 36 bits physical, 48 bits virtual
power management:

processor	: 2
vendor_id	: GenuineIntel
cpu family	: 6
model		: 37
model name	: Intel(R) Core(TM) i5 CPU       M 480  @ 2.67GHz
stepping	: 5
microcode	: 0x2
cpu MHz		: 2667.000
cache size	: 3072 KB
physical id	: 0
siblings	: 4
core id		: 0
cpu cores	: 2
apicid		: 1
initial apicid	: 1
fpu		: yes
fpu_exception	: yes
cpuid level	: 11
wp		: yes
flags		: fpu vme de pse tsc msr pae mce cx8 apic sep mtrr pge mca cmov pat pse36 clflush dts acpi mmx fxsr sse sse2 ss ht tm pbe syscall nx rdtscp lm constant_tsc arch_perfmon pebs bts rep_good nopl xtopology nonstop_tsc aperfmperf pni dtes64 monitor ds_cpl vmx est tm2 ssse3 cx16 xtpr pdcm pcid sse4_1 sse4_2 popcnt lahf_lm ida arat dtherm tpr_shadow vnmi flexpriority ept vpid
bogomips	: 5319.87
clflush size	: 64
cache_alignment	: 64
address sizes	: 36 bits physical, 48 bits virtual
power management:

processor	: 3
vendor_id	: GenuineIntel
cpu family	: 6
model		: 37
model name	: Intel(R) Core(TM) i5 CPU       M 480  @ 2.67GHz
stepping	: 5
microcode	: 0x2
cpu MHz		: 1199.000
cache size	: 3072 KB
physical id	: 0
siblings	: 4
core id		: 2
cpu cores	: 2
apicid		: 5
initial apicid	: 5
fpu		: yes
fpu_exception	: yes
cpuid level	: 11
wp		: yes
flags		: fpu vme de pse tsc msr pae mce cx8 apic sep mtrr pge mca cmov pat pse36 clflush dts acpi mmx fxsr sse sse2 ss ht tm pbe syscall nx rdtscp lm constant_tsc arch_perfmon pebs bts rep_good nopl xtopology nonstop_tsc aperfmperf pni dtes64 monitor ds_cpl vmx est tm2 ssse3 cx16 xtpr pdcm pcid sse4_1 sse4_2 popcnt lahf_lm ida arat dtherm tpr_shadow vnmi flexpriority ept vpid
bogomips	: 5319.88
clflush size	: 64
cache_alignment	: 64
address sizes	: 36 bits physical, 48 bits virtual
power management:



Memory: 4k page, physical 3901720k(991256k free), swap 4042748k(4042748k free)

vm_info: Java HotSpot(TM) 64-Bit Server VM (23.5-b02) for linux-amd64 JRE (1.7.0_09-b05), built on Sep 24 2012 20:07:15 by "java_re" with gcc 4.3.0 20080428 (Red Hat 4.3.0-8)

time: Thu Nov  8 19:11:51 2012
elapsed time: 6 seconds

