#
# A fatal error has been detected by the Java Runtime Environment:
#
#  SIGSEGV (0xb) at pc=0x00007f89d75c7c58, pid=3724, tid=140230090651392
#
# JRE version: 7.0_09-b05
# Java VM: Java HotSpot(TM) 64-Bit Server VM (23.5-b02 mixed mode linux-amd64 compressed oops)
# Problematic frame:
# C  [libX11.so.6+0x33c58]  XQueryExtension+0x28
#
# Failed to write core dump. Core dumps have been disabled. To enable core dumping, try "ulimit -c unlimited" before starting Java again
#
# If you would like to submit a bug report, please visit:
#   http://bugreport.sun.com/bugreport/crash.jsp
#

---------------  T H R E A D  ---------------

Current thread (0x00007f89e8092000):  VMThread [stack: 0x00007f89dcad7000,0x00007f89dcbd8000] [id=3735]

siginfo:si_signo=SIGSEGV: si_errno=0, si_code=1 (SEGV_MAPERR), si_addr=0xffffffff88001778

Registers:
RAX=0x00007f89c00008c0, RBX=0xffffffff88000e10, RCX=0x00007f89dcbd6968, RDX=0x00007f89dcbd6964
RSP=0x00007f89dcbd6900, RBP=0x00007f89d508de12, RSI=0x00007f89d508de12, RDI=0xffffffff88000e10
R8 =0x00007f89dcbd696c, R9 =0x0000000000000000, R10=0x00007f89ee342fa8, R11=0x00007f89edfc2c80
R12=0x0000000000000000, R13=0x00007f89d508de12, R14=0x00007f89c00008c0, R15=0x0000000000000000
RIP=0x00007f89d75c7c58, EFLAGS=0x0000000000010206, CSGSFS=0x0000000000000033, ERR=0x0000000000000005
  TRAPNO=0x000000000000000e

Top of Stack: (sp=0x00007f89dcbd6900)
0x00007f89dcbd6900:   00007f89edf95790 00007f89eeb83548
0x00007f89dcbd6910:   0000000000000000 00007f89edf59f50
0x00007f89dcbd6920:   00000000ffffffff ffffffff88000e10
0x00007f89dcbd6930:   00007f89d508de12 0000000000000000
0x00007f89dcbd6940:   00007f89d508de12 00007f89c00008c0
0x00007f89dcbd6950:   0000000000000000 00007f89d75bbc55
0x00007f89dcbd6960:   00007f89eeba0048 00007f89d51c5c60
0x00007f89dcbd6970:   00007f89d51c5c60 ffffffff88000e10
0x00007f89dcbd6980:   00007f898800ef00 00007f89d78d502b
0x00007f89dcbd6990:   00007f89edf95790 000000110000002a
0x00007f89dcbd69a0:   00007f89dcbd6a20 0000000000000000
0x00007f89dcbd69b0:   00007f89dcbd6a20 ffffffff88000e10
0x00007f89dcbd69c0:   0000000000000000 00007f89eeba0048
0x00007f89dcbd69d0:   00007f89d51df490 00007f89d5039fd9
0x00007f89dcbd69e0:   0000000000000000 000000000000002a
0x00007f89dcbd69f0:   00007f89dcbd6a20 00007f89dcbd6a40
0x00007f89dcbd6a00:   0000000000000000 00007f89eeba0048
0x00007f89dcbd6a10:   00007f8994002d90 00007f89d502e6e2
0x00007f89dcbd6a20:   00007f89dcbd6c00 00007f89d508dd81
0x00007f89dcbd6a30:   00007f89dcbd6c00 00007f89ee98c92d
0x00007f89dcbd6a40:   00007f89eeba12c8 00007f89eeba1858
0x00007f89dcbd6a50:   00007f89eeb9eb50 00007f89e8007330
0x00007f89dcbd6a60:   00007f89e8007e40 00007f89e80077e0
0x00007f89dcbd6a70:   00007f89e8008340 00007f89e800d200
0x00007f89dcbd6a80:   00007f89e8247f70 00007f89e8248410
0x00007f89dcbd6a90:   00007f89e8327af0 00007f89e8326f00
0x00007f89dcbd6aa0:   00007f89e833bb00 00007f89e835c260
0x00007f89dcbd6ab0:   00007f89e835bd90 00007f89e8180ba0
0x00007f89dcbd6ac0:   00007f89e8182680 00007f89e8182180
0x00007f89dcbd6ad0:   00007f89e817eed0 00007f89e80020f0
0x00007f89dcbd6ae0:   00007f89e8001a70 000000000074e4d0
0x00007f89dcbd6af0:   00007f89e8378d80 00007f89e8181c70 

Instructions: (pc=0x00007f89d75c7c58)
0x00007f89d75c7c38:   24 d8 48 89 fb 4c 89 64 24 e0 4c 89 6c 24 e8 48
0x00007f89d75c7c48:   89 f5 4c 89 74 24 f0 4c 89 7c 24 f8 48 83 ec 58
0x00007f89d75c7c58:   48 8b 87 68 09 00 00 49 89 d4 49 89 cd 4d 89 c6
0x00007f89d75c7c68:   48 85 c0 74 02 ff 10 ba 08 00 00 00 be 62 00 00 

Register to memory mapping:

RAX=0x00007f89c00008c0 is an unknown value
RBX=0xffffffff88000e10 is an unknown value
RCX=0x00007f89dcbd6968 is an unknown value
RDX=0x00007f89dcbd6964 is an unknown value
RSP=0x00007f89dcbd6900 is an unknown value
RBP=0x00007f89d508de12: <offset 0x92e12> in /usr/lib/libGL.so.1 at 0x00007f89d4ffb000
RSI=0x00007f89d508de12: <offset 0x92e12> in /usr/lib/libGL.so.1 at 0x00007f89d4ffb000
RDI=0xffffffff88000e10 is an unknown value
R8 =0x00007f89dcbd696c is an unknown value
R9 =0x0000000000000000 is an unknown value
R10=0x00007f89ee342fa8: <offset 0x3bbfa8> in /lib/x86_64-linux-gnu/libc.so.6 at 0x00007f89edf87000
R11=0x00007f89edfc2c80: __cxa_finalize+0 in /lib/x86_64-linux-gnu/libc.so.6 at 0x00007f89edf87000
R12=0x0000000000000000 is an unknown value
R13=0x00007f89d508de12: <offset 0x92e12> in /usr/lib/libGL.so.1 at 0x00007f89d4ffb000
R14=0x00007f89c00008c0 is an unknown value
R15=0x0000000000000000 is an unknown value


Stack: [0x00007f89dcad7000,0x00007f89dcbd8000],  sp=0x00007f89dcbd6900,  free space=1022k
Native frames: (J=compiled Java code, j=interpreted, Vv=VM code, C=native code)
C  [libX11.so.6+0x33c58]  XQueryExtension+0x28

VM_Operation (0x00007f89d5708c80): Exit, mode: safepoint, requested by thread 0x00007f89e8377000


---------------  P R O C E S S  ---------------

Java Threads: ( => current thread )
  0x00007f89e8009000 JavaThread "DestroyJavaVM" [_thread_blocked, id=3730, stack(0x00007f89eea7f000,0x00007f89eeb80000)]
  0x00007f89e840f000 JavaThread "Timer-0" [_thread_blocked, id=3758, stack(0x00007f89d5e14000,0x00007f89d5f15000)]
  0x00007f89e8377000 JavaThread "AWT-EventQueue-0" [_thread_blocked, id=3756, stack(0x00007f89d560b000,0x00007f89d570c000)]
  0x00007f89e8375800 JavaThread "AWT-Shutdown" [_thread_blocked, id=3755, stack(0x00007f89d570c000,0x00007f89d580d000)]
  0x00007f89e8257000 JavaThread "AWT-XAWT" daemon [_thread_blocked, id=3745, stack(0x00007f89d633c000,0x00007f89d643d000)]
  0x00007f89e8215800 JavaThread "Java2D Disposer" daemon [_thread_blocked, id=3743, stack(0x00007f89d684d000,0x00007f89d694e000)]
  0x00007f89e80f0000 JavaThread "Service Thread" daemon [_thread_blocked, id=3741, stack(0x00007f89dc211000,0x00007f89dc312000)]
  0x00007f89e80ee000 JavaThread "C2 CompilerThread1" daemon [_thread_blocked, id=3740, stack(0x00007f89dc312000,0x00007f89dc413000)]
  0x00007f89e80eb000 JavaThread "C2 CompilerThread0" daemon [_thread_blocked, id=3739, stack(0x00007f89dc413000,0x00007f89dc514000)]
  0x00007f89e80e8800 JavaThread "Signal Dispatcher" daemon [_thread_blocked, id=3738, stack(0x00007f89dc514000,0x00007f89dc615000)]
  0x00007f89e809b800 JavaThread "Finalizer" daemon [_thread_blocked, id=3737, stack(0x00007f89dc8d5000,0x00007f89dc9d6000)]
  0x00007f89e8099800 JavaThread "Reference Handler" daemon [_thread_blocked, id=3736, stack(0x00007f89dc9d6000,0x00007f89dcad7000)]

Other Threads:
=>0x00007f89e8092000 VMThread [stack: 0x00007f89dcad7000,0x00007f89dcbd8000] [id=3735]

VM state:at safepoint (shutting down)

VM Mutex/Monitor currently owned by a thread:  ([mutex/lock_event])
[0x00007f89e8005500] Threads_lock - owner thread: 0x00007f89e8092000

Heap
 PSYoungGen      total 18112K, used 6477K [0x00000000ec200000, 0x00000000ed810000, 0x0000000100000000)
  eden space 14016K, 45% used [0x00000000ec200000,0x00000000ec83b728,0x00000000ecfb0000)
  from space 4096K, 2% used [0x00000000ed400000,0x00000000ed418000,0x00000000ed800000)
  to   space 4288K, 0% used [0x00000000ecfb0000,0x00000000ecfb0000,0x00000000ed3e0000)
 ParOldGen       total 40704K, used 3945K [0x00000000c4600000, 0x00000000c6dc0000, 0x00000000ec200000)
  object space 40704K, 9% used [0x00000000c4600000,0x00000000c49da790,0x00000000c6dc0000)
 PSPermGen       total 21248K, used 16289K [0x00000000bf400000, 0x00000000c08c0000, 0x00000000c4600000)
  object space 21248K, 76% used [0x00000000bf400000,0x00000000c03e8650,0x00000000c08c0000)

Card table byte_map: [0x00007f89e4bde000,0x00007f89e4de5000] byte_map_base: 0x00007f89e45e4000

Polling page: 0x00007f89eeb9c000

Code Cache  [0x00007f89e4de5000, 0x00007f89e5055000, 0x00007f89e7de5000)
 total_blobs=990 nmethods=264 adapters=678 free_code_cache=47968Kb largest_free_block=49097728

Compilation events (10 events):
Event: 54,799 Thread 0x00007f89e80eb000 nmethod 264 0x00007f89e4f0d450 code [0x00007f89e4f0d5e0, 0x00007f89e4f0db28]
Event: 54,801 Thread 0x00007f89e80ee000 nmethod 263 0x00007f89e4f0e150 code [0x00007f89e4f0e2e0, 0x00007f89e4f0e708]
Event: 61,834 Thread 0x00007f89e80eb000  265   !         com.jogamp.opengl.util.AWTAnimatorImpl::display (125 bytes)
Event: 61,847 Thread 0x00007f89e80eb000 nmethod 265 0x00007f89e4f078d0 code [0x00007f89e4f07b00, 0x00007f89e4f085b0]
Event: 62,272 Thread 0x00007f89e80ee000  266             java.util.concurrent.locks.AbstractQueuedSynchronizer::compareAndSetTail (13 bytes)
Event: 62,273 Thread 0x00007f89e80ee000 nmethod 266 0x00007f89e4f02e50 code [0x00007f89e4f02f80, 0x00007f89e4f02ff8]
Event: 64,070 Thread 0x00007f89e80eb000  267             java.util.concurrent.locks.AbstractQueuedSynchronizer::isOnSyncQueue (33 bytes)
Event: 64,071 Thread 0x00007f89e80ee000  268             java.util.concurrent.locks.AbstractQueuedSynchronizer$ConditionObject::await (98 bytes)
Event: 64,073 Thread 0x00007f89e80eb000 nmethod 267 0x00007f89e4f07590 code [0x00007f89e4f076e0, 0x00007f89e4f077b8]
Event: 64,091 Thread 0x00007f89e80ee000 nmethod 268 0x00007f89e4f10ed0 code [0x00007f89e4f110e0, 0x00007f89e4f11a30]

GC Heap History (10 events):
Event: 26,655 GC heap before
{Heap before GC invocations=4 (full 0):
 PSYoungGen      total 17792K, used 17778K [0x00000000ec200000, 0x00000000ed5d0000, 0x0000000100000000)
  eden space 15296K, 100% used [0x00000000ec200000,0x00000000ed0f0000,0x00000000ed0f0000)
  from space 2496K, 99% used [0x00000000ed0f0000,0x00000000ed35c850,0x00000000ed360000)
  to   space 2496K, 0% used [0x00000000ed360000,0x00000000ed360000,0x00000000ed5d0000)
 ParOldGen       total 40704K, used 1464K [0x00000000c4600000, 0x00000000c6dc0000, 0x00000000ec200000)
  object space 40704K, 3% used [0x00000000c4600000,0x00000000c476e0f0,0x00000000c6dc0000)
 PSPermGen       total 21248K, used 16169K [0x00000000bf400000, 0x00000000c08c0000, 0x00000000c4600000)
  object space 21248K, 76% used [0x00000000bf400000,0x00000000c03ca408,0x00000000c08c0000)
Event: 26,664 GC heap after
Heap after GC invocations=4 (full 0):
 PSYoungGen      total 17792K, used 2482K [0x00000000ec200000, 0x00000000ed5d0000, 0x0000000100000000)
  eden space 15296K, 0% used [0x00000000ec200000,0x00000000ec200000,0x00000000ed0f0000)
  from space 2496K, 99% used [0x00000000ed360000,0x00000000ed5cc850,0x00000000ed5d0000)
  to   space 2496K, 0% used [0x00000000ed0f0000,0x00000000ed0f0000,0x00000000ed360000)
 ParOldGen       total 40704K, used 1480K [0x00000000c4600000, 0x00000000c6dc0000, 0x00000000ec200000)
  object space 40704K, 3% used [0x00000000c4600000,0x00000000c47720f0,0x00000000c6dc0000)
 PSPermGen       total 21248K, used 16169K [0x00000000bf400000, 0x00000000c08c0000, 0x00000000c4600000)
  object space 21248K, 76% used [0x00000000bf400000,0x00000000c03ca408,0x00000000c08c0000)
}
Event: 35,556 GC heap before
{Heap before GC invocations=5 (full 0):
 PSYoungGen      total 17792K, used 17778K [0x00000000ec200000, 0x00000000ed5d0000, 0x0000000100000000)
  eden space 15296K, 100% used [0x00000000ec200000,0x00000000ed0f0000,0x00000000ed0f0000)
  from space 2496K, 99% used [0x00000000ed360000,0x00000000ed5cc850,0x00000000ed5d0000)
  to   space 2496K, 0% used [0x00000000ed0f0000,0x00000000ed0f0000,0x00000000ed360000)
 ParOldGen       total 40704K, used 1480K [0x00000000c4600000, 0x00000000c6dc0000, 0x00000000ec200000)
  object space 40704K, 3% used [0x00000000c4600000,0x00000000c47720f0,0x00000000c6dc0000)
 PSPermGen       total 21248K, used 16232K [0x00000000bf400000, 0x00000000c08c0000, 0x00000000c4600000)
  object space 21248K, 76% used [0x00000000bf400000,0x00000000c03da068,0x00000000c08c0000)
Event: 35,567 GC heap after
Heap after GC invocations=5 (full 0):
 PSYoungGen      total 17472K, used 2484K [0x00000000ec200000, 0x00000000ed7e0000, 0x0000000100000000)
  eden space 14976K, 0% used [0x00000000ec200000,0x00000000ec200000,0x00000000ed0a0000)
  from space 2496K, 99% used [0x00000000ed0f0000,0x00000000ed35d060,0x00000000ed360000)
  to   space 3712K, 0% used [0x00000000ed440000,0x00000000ed440000,0x00000000ed7e0000)
 ParOldGen       total 40704K, used 1488K [0x00000000c4600000, 0x00000000c6dc0000, 0x00000000ec200000)
  object space 40704K, 3% used [0x00000000c4600000,0x00000000c47740f0,0x00000000c6dc0000)
 PSPermGen       total 21248K, used 16232K [0x00000000bf400000, 0x00000000c08c0000, 0x00000000c4600000)
  object space 21248K, 76% used [0x00000000bf400000,0x00000000c03da068,0x00000000c08c0000)
}
Event: 44,254 GC heap before
{Heap before GC invocations=6 (full 0):
 PSYoungGen      total 17472K, used 17460K [0x00000000ec200000, 0x00000000ed7e0000, 0x0000000100000000)
  eden space 14976K, 100% used [0x00000000ec200000,0x00000000ed0a0000,0x00000000ed0a0000)
  from space 2496K, 99% used [0x00000000ed0f0000,0x00000000ed35d060,0x00000000ed360000)
  to   space 3712K, 0% used [0x00000000ed440000,0x00000000ed440000,0x00000000ed7e0000)
 ParOldGen       total 40704K, used 1488K [0x00000000c4600000, 0x00000000c6dc0000, 0x00000000ec200000)
  object space 40704K, 3% used [0x00000000c4600000,0x00000000c47740f0,0x00000000c6dc0000)
 PSPermGen       total 21248K, used 16239K [0x00000000bf400000, 0x00000000c08c0000, 0x00000000c4600000)
  object space 21248K, 76% used [0x00000000bf400000,0x00000000c03dbf78,0x00000000c08c0000)
Event: 44,262 GC heap after
Heap after GC invocations=6 (full 0):
 PSYoungGen      total 17920K, used 2528K [0x00000000ec200000, 0x00000000ed770000, 0x0000000100000000)
  eden space 14656K, 0% used [0x00000000ec200000,0x00000000ec200000,0x00000000ed050000)
  from space 3264K, 77% used [0x00000000ed440000,0x00000000ed6b8030,0x00000000ed770000)
  to   space 3648K, 0% used [0x00000000ed050000,0x00000000ed050000,0x00000000ed3e0000)
 ParOldGen       total 40704K, used 1496K [0x00000000c4600000, 0x00000000c6dc0000, 0x00000000ec200000)
  object space 40704K, 3% used [0x00000000c4600000,0x00000000c47760f0,0x00000000c6dc0000)
 PSPermGen       total 21248K, used 16239K [0x00000000bf400000, 0x00000000c08c0000, 0x00000000c4600000)
  object space 21248K, 76% used [0x00000000bf400000,0x00000000c03dbf78,0x00000000c08c0000)
}
Event: 52,836 GC heap before
{Heap before GC invocations=7 (full 0):
 PSYoungGen      total 17920K, used 17184K [0x00000000ec200000, 0x00000000ed770000, 0x0000000100000000)
  eden space 14656K, 100% used [0x00000000ec200000,0x00000000ed050000,0x00000000ed050000)
  from space 3264K, 77% used [0x00000000ed440000,0x00000000ed6b8030,0x00000000ed770000)
  to   space 3648K, 0% used [0x00000000ed050000,0x00000000ed050000,0x00000000ed3e0000)
 ParOldGen       total 40704K, used 1496K [0x00000000c4600000, 0x00000000c6dc0000, 0x00000000ec200000)
  object space 40704K, 3% used [0x00000000c4600000,0x00000000c47760f0,0x00000000c6dc0000)
 PSPermGen       total 21248K, used 16244K [0x00000000bf400000, 0x00000000c08c0000, 0x00000000c4600000)
  object space 21248K, 76% used [0x00000000bf400000,0x00000000c03dd380,0x00000000c08c0000)
Event: 52,843 GC heap after
Heap after GC invocations=7 (full 0):
 PSYoungGen      total 17984K, used 128K [0x00000000ec200000, 0x00000000ed800000, 0x0000000100000000)
  eden space 14336K, 0% used [0x00000000ec200000,0x00000000ec200000,0x00000000ed000000)
  from space 3648K, 3% used [0x00000000ed050000,0x00000000ed070000,0x00000000ed3e0000)
  to   space 4096K, 0% used [0x00000000ed400000,0x00000000ed400000,0x00000000ed800000)
 ParOldGen       total 40704K, used 3905K [0x00000000c4600000, 0x00000000c6dc0000, 0x00000000ec200000)
  object space 40704K, 9% used [0x00000000c4600000,0x00000000c49d0790,0x00000000c6dc0000)
 PSPermGen       total 21248K, used 16244K [0x00000000bf400000, 0x00000000c08c0000, 0x00000000c4600000)
  object space 21248K, 76% used [0x00000000bf400000,0x00000000c03dd380,0x00000000c08c0000)
}
Event: 61,163 GC heap before
{Heap before GC invocations=8 (full 0):
 PSYoungGen      total 17984K, used 14464K [0x00000000ec200000, 0x00000000ed800000, 0x0000000100000000)
  eden space 14336K, 100% used [0x00000000ec200000,0x00000000ed000000,0x00000000ed000000)
  from space 3648K, 3% used [0x00000000ed050000,0x00000000ed070000,0x00000000ed3e0000)
  to   space 4096K, 0% used [0x00000000ed400000,0x00000000ed400000,0x00000000ed800000)
 ParOldGen       total 40704K, used 3905K [0x00000000c4600000, 0x00000000c6dc0000, 0x00000000ec200000)
  object space 40704K, 9% used [0x00000000c4600000,0x00000000c49d0790,0x00000000c6dc0000)
 PSPermGen       total 21248K, used 16246K [0x00000000bf400000, 0x00000000c08c0000, 0x00000000c4600000)
  object space 21248K, 76% used [0x00000000bf400000,0x00000000c03dda20,0x00000000c08c0000)
Event: 61,165 GC heap after
Heap after GC invocations=8 (full 0):
 PSYoungGen      total 18112K, used 96K [0x00000000ec200000, 0x00000000ed810000, 0x0000000100000000)
  eden space 14016K, 0% used [0x00000000ec200000,0x00000000ec200000,0x00000000ecfb0000)
  from space 4096K, 2% used [0x00000000ed400000,0x00000000ed418000,0x00000000ed800000)
  to   space 4288K, 0% used [0x00000000ecfb0000,0x00000000ecfb0000,0x00000000ed3e0000)
 ParOldGen       total 40704K, used 3945K [0x00000000c4600000, 0x00000000c6dc0000, 0x00000000ec200000)
  object space 40704K, 9% used [0x00000000c4600000,0x00000000c49da790,0x00000000c6dc0000)
 PSPermGen       total 21248K, used 16246K [0x00000000bf400000, 0x00000000c08c0000, 0x00000000c4600000)
  object space 21248K, 76% used [0x00000000bf400000,0x00000000c03dda20,0x00000000c08c0000)
}

Deoptimization events (10 events):
Event: 64,510 Thread 0x00007f89e8403000 Uncommon trap -34 fr.pc 0x00007f89e4f053cc
Event: 64,510 Thread 0x00007f89e8403000 Uncommon trap -34 fr.pc 0x00007f89e4f053cc
Event: 64,510 Thread 0x00007f89e8403000 Uncommon trap -34 fr.pc 0x00007f89e4edff70
Event: 64,510 Thread 0x00007f89e8403000 Uncommon trap -34 fr.pc 0x00007f89e4edff70
Event: 64,510 Thread 0x00007f89e8403000 Uncommon trap -34 fr.pc 0x00007f89e4edff70
Event: 64,510 Thread 0x00007f89e8403000 Uncommon trap -34 fr.pc 0x00007f89e4f096a4
Event: 64,511 Thread 0x00007f89e8403000 Uncommon trap -34 fr.pc 0x00007f89e4f096a4
Event: 64,512 Thread 0x00007f89e8403000 Uncommon trap -34 fr.pc 0x00007f89e4effa54
Event: 64,526 Thread 0x00007f89e8403000 Uncommon trap -34 fr.pc 0x00007f89e4effa54
Event: 64,528 Thread 0x00007f8994492000 Uncommon trap -83 fr.pc 0x00007f89e4f019a4

Internal exceptions (10 events):
Event: 1,231 Thread 0x00007f89e8377000 Threw 0x00000000ec3e07d8 at /HUDSON/workspace/jdk7u9-2-build-linux-amd64-product/jdk7u9/hotspot/src/share/vm/prims/jvm.cpp:1166
Event: 1,231 Thread 0x00007f89e8377000 Threw 0x00000000ec3e5920 at /HUDSON/workspace/jdk7u9-2-build-linux-amd64-product/jdk7u9/hotspot/src/share/vm/prims/jvm.cpp:1166
Event: 1,233 Thread 0x00007f89e8377000 Threw 0x00000000ec3ecd30 at /HUDSON/workspace/jdk7u9-2-build-linux-amd64-product/jdk7u9/hotspot/src/share/vm/prims/jvm.cpp:1166
Event: 1,245 Thread 0x00007f89e8377000 Threw 0x00000000ec3f8778 at /HUDSON/workspace/jdk7u9-2-build-linux-amd64-product/jdk7u9/hotspot/src/share/vm/runtime/reflection.cpp
Event: 1,296 Thread 0x00007f89e8377000 Threw 0x00000000ec404350 at /HUDSON/workspace/jdk7u9-2-build-linux-amd64-product/jdk7u9/hotspot/src/share/vm/prims/jni.cpp:742
Event: 1,298 Thread 0x00007f89e8377000 Threw 0x00000000ec407510 at /HUDSON/workspace/jdk7u9-2-build-linux-amd64-product/jdk7u9/hotspot/src/share/vm/runtime/reflection.cpp
Event: 1,303 Thread 0x00007f89e8377000 Threw 0x00000000ec40d5f0 at /HUDSON/workspace/jdk7u9-2-build-linux-amd64-product/jdk7u9/hotspot/src/share/vm/runtime/reflection.cpp
Event: 64,507 Thread 0x00007f89e8377000 Implicit null exception at 0x00007f89e4eb99e5 to 0x00007f89e4eb9b65
Event: 64,509 Thread 0x00007f8994492000 Threw 0x00000000ec7a87a8 at /HUDSON/workspace/jdk7u9-2-build-linux-amd64-product/jdk7u9/hotspot/src/share/vm/prims/jvm.cpp:1166
Event: 64,509 Thread 0x00007f8994492000 Implicit null exception at 0x00007f89e4edf354 to 0x00007f89e4edf401

Events (10 events):
Event: 64,512 Thread 0x00007f89e8403000 DEOPT PACKING pc=0x00007f89e4effa54 sp=0x00007f89d4c61420
Event: 64,512 Thread 0x00007f89e8403000 DEOPT UNPACKING pc=0x00007f89e4e1e145 sp=0x00007f89d4c613f8 mode 2
Event: 64,512 Thread 0x00007f8994147800 Thread exited: 0x00007f8994147800
Event: 64,526 Thread 0x00007f89e8403000 DEOPT PACKING pc=0x00007f89e4effa54 sp=0x00007f89d4c61490
Event: 64,526 Thread 0x00007f89e8403000 DEOPT UNPACKING pc=0x00007f89e4e1e145 sp=0x00007f89d4c61468 mode 2
Event: 64,527 Thread 0x00007f89e8403000 Thread exited: 0x00007f89e8403000
Event: 64,528 Thread 0x00007f8994492000 DEOPT PACKING pc=0x00007f89e4f019a4 sp=0x00007f89cdcdf660
Event: 64,528 Thread 0x00007f8994492000 DEOPT UNPACKING pc=0x00007f89e4e1e145 sp=0x00007f89cdcdf5b8 mode 2
Event: 64,528 Thread 0x00007f8994492000 Thread exited: 0x00007f8994492000
Event: 64,528 Executing VM operation: Exit


Dynamic libraries:
00400000-00401000 r-xp 00000000 08:06 1967722                            /usr/lib/jvm/java-7-oracle/bin/java
00600000-00601000 rw-p 00000000 08:06 1967722                            /usr/lib/jvm/java-7-oracle/bin/java
0074e000-0076f000 rw-p 00000000 00:00 0                                  [heap]
bf400000-c08c0000 rw-p 00000000 00:00 0 
c08c0000-c4600000 rw-p 00000000 00:00 0 
c4600000-c6dc0000 rw-p 00000000 00:00 0 
c6dc0000-ec200000 rw-p 00000000 00:00 0 
ec200000-ed810000 rw-p 00000000 00:00 0 
ed810000-100000000 rw-p 00000000 00:00 0 
7f8980000000-7f8980021000 rw-p 00000000 00:00 0 
7f8980021000-7f8984000000 ---p 00000000 00:00 0 
7f8988000000-7f8988dad000 rw-p 00000000 00:00 0 
7f8988dad000-7f898c000000 ---p 00000000 00:00 0 
7f898c000000-7f898c021000 rw-p 00000000 00:00 0 
7f898c021000-7f8990000000 ---p 00000000 00:00 0 
7f8990000000-7f8990021000 rw-p 00000000 00:00 0 
7f8990021000-7f8994000000 ---p 00000000 00:00 0 
7f8994000000-7f899469d000 rw-p 00000000 00:00 0 
7f899469d000-7f8998000000 ---p 00000000 00:00 0 
7f8998000000-7f8998021000 rw-p 00000000 00:00 0 
7f8998021000-7f899c000000 ---p 00000000 00:00 0 
7f899c000000-7f899c452000 rw-p 00000000 00:00 0 
7f899c452000-7f89a0000000 ---p 00000000 00:00 0 
7f89a0000000-7f89a0021000 rw-p 00000000 00:00 0 
7f89a0021000-7f89a4000000 ---p 00000000 00:00 0 
7f89a4000000-7f89a4021000 rw-p 00000000 00:00 0 
7f89a4021000-7f89a8000000 ---p 00000000 00:00 0 
7f89a8000000-7f89a8021000 rw-p 00000000 00:00 0 
7f89a8021000-7f89ac000000 ---p 00000000 00:00 0 
7f89ac000000-7f89ac021000 rw-p 00000000 00:00 0 
7f89ac021000-7f89b0000000 ---p 00000000 00:00 0 
7f89b0000000-7f89b15e9000 rw-p 00000000 00:00 0 
7f89b15e9000-7f89b4000000 ---p 00000000 00:00 0 
7f89b4000000-7f89b42ea000 rw-p 00000000 00:00 0 
7f89b42ea000-7f89b8000000 ---p 00000000 00:00 0 
7f89b8000000-7f89b8021000 rw-p 00000000 00:00 0 
7f89b8021000-7f89bc000000 ---p 00000000 00:00 0 
7f89bc000000-7f89bc021000 rw-p 00000000 00:00 0 
7f89bc021000-7f89c0000000 ---p 00000000 00:00 0 
7f89c0000000-7f89c0021000 rw-p 00000000 00:00 0 
7f89c0021000-7f89c4000000 ---p 00000000 00:00 0 
7f89c4000000-7f89c4021000 rw-p 00000000 00:00 0 
7f89c4021000-7f89c8000000 ---p 00000000 00:00 0 
7f89c8000000-7f89c8021000 rw-p 00000000 00:00 0 
7f89c8021000-7f89cc000000 ---p 00000000 00:00 0 
7f89cd9de000-7f89cd9e1000 ---p 00000000 00:00 0 
7f89cd9e1000-7f89cdadf000 rw-p 00000000 00:00 0 
7f89cdadf000-7f89cdae2000 ---p 00000000 00:00 0 
7f89cdae2000-7f89cdbe0000 rw-p 00000000 00:00 0 
7f89cdbe0000-7f89cdbe3000 ---p 00000000 00:00 0 
7f89cdbe3000-7f89cdce1000 rw-p 00000000 00:00 0 
7f89cdce1000-7f89cfc7f000 r-xp 00000000 08:06 10092955                   /usr/lib/x86_64-linux-gnu/dri/fglrx_dri.so
7f89cfc7f000-7f89cfd7e000 ---p 01f9e000 08:06 10092955                   /usr/lib/x86_64-linux-gnu/dri/fglrx_dri.so
7f89cfd7e000-7f89cfecc000 rwxp 01f9d000 08:06 10092955                   /usr/lib/x86_64-linux-gnu/dri/fglrx_dri.so
7f89cfecc000-7f89d0000000 rwxp 00000000 00:00 0 
7f89d0000000-7f89d0021000 rw-p 00000000 00:00 0 
7f89d0021000-7f89d4000000 ---p 00000000 00:00 0 
7f89d40f8000-7f89d47f8000 rw-s 00006000 00:05 7943                       /dev/ati/card0
7f89d47f8000-7f89d4844000 r-xp 00000000 08:06 9961632                    /usr/lib/libatiadlxx.so
7f89d4844000-7f89d4944000 ---p 0004c000 08:06 9961632                    /usr/lib/libatiadlxx.so
7f89d4944000-7f89d494f000 rw-p 0004c000 08:06 9961632                    /usr/lib/libatiadlxx.so
7f89d494f000-7f89d495f000 rw-p 00000000 00:00 0 
7f89d495f000-7f89d4961000 r-xp 00000000 08:06 9965233                    /usr/lib/x86_64-linux-gnu/libXinerama.so.1.0.0
7f89d4961000-7f89d4b60000 ---p 00002000 08:06 9965233                    /usr/lib/x86_64-linux-gnu/libXinerama.so.1.0.0
7f89d4b60000-7f89d4b61000 r--p 00001000 08:06 9965233                    /usr/lib/x86_64-linux-gnu/libXinerama.so.1.0.0
7f89d4b61000-7f89d4b62000 rw-p 00002000 08:06 9965233                    /usr/lib/x86_64-linux-gnu/libXinerama.so.1.0.0
7f89d4b62000-7f89d4b65000 ---p 00000000 00:00 0 
7f89d4b65000-7f89d4c63000 rw-p 00000000 00:00 0 
7f89d4c63000-7f89d4cf0000 r-xp 00000000 08:06 4456562                    /tmp/jogamp_0000/file_cache/jln7991086082274993645/jln2321412187530762216/libjogl_desktop.so
7f89d4cf0000-7f89d4ef0000 ---p 0008d000 08:06 4456562                    /tmp/jogamp_0000/file_cache/jln7991086082274993645/jln2321412187530762216/libjogl_desktop.so
7f89d4ef0000-7f89d4ef1000 r--p 0008d000 08:06 4456562                    /tmp/jogamp_0000/file_cache/jln7991086082274993645/jln2321412187530762216/libjogl_desktop.so
7f89d4ef1000-7f89d4ef2000 rw-p 0008e000 08:06 4456562                    /tmp/jogamp_0000/file_cache/jln7991086082274993645/jln2321412187530762216/libjogl_desktop.so
7f89d4ef2000-7f89d4ef9000 r-xp 00000000 08:06 9961665                    /usr/lib/libatiuki.so.1.0
7f89d4ef9000-7f89d4ff9000 ---p 00007000 08:06 9961665                    /usr/lib/libatiuki.so.1.0
7f89d4ff9000-7f89d4ffa000 rw-p 00007000 08:06 9961665                    /usr/lib/libatiuki.so.1.0
7f89d4ffa000-7f89d4ffb000 rw-p 00000000 00:00 0 
7f89d4ffb000-7f89d50b9000 r-xp 00000000 08:06 9961708                    /usr/lib/fglrx/fglrx-libGL.so.1.2
7f89d50b9000-7f89d51b9000 ---p 000be000 08:06 9961708                    /usr/lib/fglrx/fglrx-libGL.so.1.2
7f89d51b9000-7f89d51e0000 rwxp 000be000 08:06 9961708                    /usr/lib/fglrx/fglrx-libGL.so.1.2
7f89d51e0000-7f89d51ff000 rwxp 00000000 00:00 0 
7f89d51ff000-7f89d5203000 r-xp 00000000 08:06 9969743                    /usr/lib/x86_64-linux-gnu/libXxf86vm.so.1.0.0
7f89d5203000-7f89d5402000 ---p 00004000 08:06 9969743                    /usr/lib/x86_64-linux-gnu/libXxf86vm.so.1.0.0
7f89d5402000-7f89d5403000 r--p 00003000 08:06 9969743                    /usr/lib/x86_64-linux-gnu/libXxf86vm.so.1.0.0
7f89d5403000-7f89d5404000 rw-p 00004000 08:06 9969743                    /usr/lib/x86_64-linux-gnu/libXxf86vm.so.1.0.0
7f89d5404000-7f89d540a000 r-xp 00000000 08:06 4456565                    /tmp/jogamp_0000/file_cache/jln7991086082274993645/jln2321412187530762216/libnativewindow_x11.so
7f89d540a000-7f89d5609000 ---p 00006000 08:06 4456565                    /tmp/jogamp_0000/file_cache/jln7991086082274993645/jln2321412187530762216/libnativewindow_x11.so
7f89d5609000-7f89d560a000 r--p 00005000 08:06 4456565                    /tmp/jogamp_0000/file_cache/jln7991086082274993645/jln2321412187530762216/libnativewindow_x11.so
7f89d560a000-7f89d560b000 rw-p 00006000 08:06 4456565                    /tmp/jogamp_0000/file_cache/jln7991086082274993645/jln2321412187530762216/libnativewindow_x11.so
7f89d560b000-7f89d560e000 ---p 00000000 00:00 0 
7f89d560e000-7f89d570c000 rw-p 00000000 00:00 0 
7f89d570c000-7f89d570f000 ---p 00000000 00:00 0 
7f89d570f000-7f89d580d000 rw-p 00000000 00:00 0 
7f89d580d000-7f89d580f000 r-xp 00000000 08:06 4456564                    /tmp/jogamp_0000/file_cache/jln7991086082274993645/jln2321412187530762216/libnativewindow_awt.so
7f89d580f000-7f89d5a0e000 ---p 00002000 08:06 4456564                    /tmp/jogamp_0000/file_cache/jln7991086082274993645/jln2321412187530762216/libnativewindow_awt.so
7f89d5a0e000-7f89d5a0f000 r--p 00001000 08:06 4456564                    /tmp/jogamp_0000/file_cache/jln7991086082274993645/jln2321412187530762216/libnativewindow_awt.so
7f89d5a0f000-7f89d5a10000 rw-p 00002000 08:06 4456564                    /tmp/jogamp_0000/file_cache/jln7991086082274993645/jln2321412187530762216/libnativewindow_awt.so
7f89d5a10000-7f89d5a11000 r-xp 00000000 08:06 1967578                    /usr/lib/jvm/java-7-oracle/jre/lib/amd64/libjawt.so
7f89d5a11000-7f89d5c10000 ---p 00001000 08:06 1967578                    /usr/lib/jvm/java-7-oracle/jre/lib/amd64/libjawt.so
7f89d5c10000-7f89d5c11000 rw-p 00000000 08:06 1967578                    /usr/lib/jvm/java-7-oracle/jre/lib/amd64/libjawt.so
7f89d5c11000-7f89d5c13000 r-xp 00000000 08:06 4456561                    /tmp/jogamp_0000/file_cache/jln7991086082274993645/jln2321412187530762216/libgluegen-rt.so
7f89d5c13000-7f89d5e12000 ---p 00002000 08:06 4456561                    /tmp/jogamp_0000/file_cache/jln7991086082274993645/jln2321412187530762216/libgluegen-rt.so
7f89d5e12000-7f89d5e13000 r--p 00001000 08:06 4456561                    /tmp/jogamp_0000/file_cache/jln7991086082274993645/jln2321412187530762216/libgluegen-rt.so
7f89d5e13000-7f89d5e14000 rw-p 00002000 08:06 4456561                    /tmp/jogamp_0000/file_cache/jln7991086082274993645/jln2321412187530762216/libgluegen-rt.so
7f89d5e14000-7f89d5e17000 ---p 00000000 00:00 0 
7f89d5e17000-7f89d5f15000 rw-p 00000000 00:00 0 
7f89d5f15000-7f89d5f25000 r-xp 00000000 08:06 1967585                    /usr/lib/jvm/java-7-oracle/jre/lib/amd64/libnio.so
7f89d5f25000-7f89d6125000 ---p 00010000 08:06 1967585                    /usr/lib/jvm/java-7-oracle/jre/lib/amd64/libnio.so
7f89d6125000-7f89d6126000 rw-p 00010000 08:06 1967585                    /usr/lib/jvm/java-7-oracle/jre/lib/amd64/libnio.so
7f89d6126000-7f89d613b000 r-xp 00000000 08:06 1967604                    /usr/lib/jvm/java-7-oracle/jre/lib/amd64/libnet.so
7f89d613b000-7f89d633b000 ---p 00015000 08:06 1967604                    /usr/lib/jvm/java-7-oracle/jre/lib/amd64/libnet.so
7f89d633b000-7f89d633c000 rw-p 00015000 08:06 1967604                    /usr/lib/jvm/java-7-oracle/jre/lib/amd64/libnet.so
7f89d633c000-7f89d633f000 ---p 00000000 00:00 0 
7f89d633f000-7f89d643d000 rw-p 00000000 00:00 0 
7f89d643d000-7f89d6442000 r-xp 00000000 08:06 9962178                    /usr/lib/x86_64-linux-gnu/libXfixes.so.3.1.0
7f89d6442000-7f89d6641000 ---p 00005000 08:06 9962178                    /usr/lib/x86_64-linux-gnu/libXfixes.so.3.1.0
7f89d6641000-7f89d6642000 r--p 00004000 08:06 9962178                    /usr/lib/x86_64-linux-gnu/libXfixes.so.3.1.0
7f89d6642000-7f89d6643000 rw-p 00005000 08:06 9962178                    /usr/lib/x86_64-linux-gnu/libXfixes.so.3.1.0
7f89d6643000-7f89d664c000 r-xp 00000000 08:06 9967225                    /usr/lib/x86_64-linux-gnu/libXcursor.so.1.0.2
7f89d664c000-7f89d684b000 ---p 00009000 08:06 9967225                    /usr/lib/x86_64-linux-gnu/libXcursor.so.1.0.2
7f89d684b000-7f89d684c000 r--p 00008000 08:06 9967225                    /usr/lib/x86_64-linux-gnu/libXcursor.so.1.0.2
7f89d684c000-7f89d684d000 rw-p 00009000 08:06 9967225                    /usr/lib/x86_64-linux-gnu/libXcursor.so.1.0.2
7f89d684d000-7f89d6850000 ---p 00000000 00:00 0 
7f89d6850000-7f89d694e000 rw-p 00000000 00:00 0 
7f89d694e000-7f89d6953000 r-xp 00000000 08:06 9962011                    /usr/lib/x86_64-linux-gnu/libXdmcp.so.6.0.0
7f89d6953000-7f89d6b52000 ---p 00005000 08:06 9962011                    /usr/lib/x86_64-linux-gnu/libXdmcp.so.6.0.0
7f89d6b52000-7f89d6b53000 r--p 00004000 08:06 9962011                    /usr/lib/x86_64-linux-gnu/libXdmcp.so.6.0.0
7f89d6b53000-7f89d6b54000 rw-p 00005000 08:06 9962011                    /usr/lib/x86_64-linux-gnu/libXdmcp.so.6.0.0
7f89d6b54000-7f89d6b56000 r-xp 00000000 08:06 9963502                    /usr/lib/x86_64-linux-gnu/libXau.so.6.0.0
7f89d6b56000-7f89d6d55000 ---p 00002000 08:06 9963502                    /usr/lib/x86_64-linux-gnu/libXau.so.6.0.0
7f89d6d55000-7f89d6d56000 r--p 00001000 08:06 9963502                    /usr/lib/x86_64-linux-gnu/libXau.so.6.0.0
7f89d6d56000-7f89d6d57000 rw-p 00002000 08:06 9963502                    /usr/lib/x86_64-linux-gnu/libXau.so.6.0.0
7f89d6d57000-7f89d6d74000 r-xp 00000000 08:06 9963508                    /usr/lib/x86_64-linux-gnu/libxcb.so.1.1.0
7f89d6d74000-7f89d6f73000 ---p 0001d000 08:06 9963508                    /usr/lib/x86_64-linux-gnu/libxcb.so.1.1.0
7f89d6f73000-7f89d6f74000 r--p 0001c000 08:06 9963508                    /usr/lib/x86_64-linux-gnu/libxcb.so.1.1.0
7f89d6f74000-7f89d6f75000 rw-p 0001d000 08:06 9963508                    /usr/lib/x86_64-linux-gnu/libxcb.so.1.1.0
7f89d6f75000-7f89d6f83000 r-xp 00000000 08:06 9961805                    /usr/lib/x86_64-linux-gnu/libXi.so.6.1.0
7f89d6f83000-7f89d7182000 ---p 0000e000 08:06 9961805                    /usr/lib/x86_64-linux-gnu/libXi.so.6.1.0
7f89d7182000-7f89d7183000 r--p 0000d000 08:06 9961805                    /usr/lib/x86_64-linux-gnu/libXi.so.6.1.0
7f89d7183000-7f89d7184000 rw-p 0000e000 08:06 9961805                    /usr/lib/x86_64-linux-gnu/libXi.so.6.1.0
7f89d7184000-7f89d7189000 r-xp 00000000 08:06 9962629                    /usr/lib/x86_64-linux-gnu/libXtst.so.6.1.0
7f89d7189000-7f89d7388000 ---p 00005000 08:06 9962629                    /usr/lib/x86_64-linux-gnu/libXtst.so.6.1.0
7f89d7388000-7f89d7389000 r--p 00004000 08:06 9962629                    /usr/lib/x86_64-linux-gnu/libXtst.so.6.1.0
7f89d7389000-7f89d738a000 rw-p 00005000 08:06 9962629                    /usr/lib/x86_64-linux-gnu/libXtst.so.6.1.0
7f89d738a000-7f89d7393000 r-xp 00000000 08:06 9963780                    /usr/lib/x86_64-linux-gnu/libXrender.so.1.3.0
7f89d7393000-7f89d7592000 ---p 00009000 08:06 9963780                    /usr/lib/x86_64-linux-gnu/libXrender.so.1.3.0
7f89d7592000-7f89d7593000 r--p 00008000 08:06 9963780                    /usr/lib/x86_64-linux-gnu/libXrender.so.1.3.0
7f89d7593000-7f89d7594000 rw-p 00009000 08:06 9963780                    /usr/lib/x86_64-linux-gnu/libXrender.so.1.3.0
7f89d7594000-7f89d76c3000 r-xp 00000000 08:06 9963828                    /usr/lib/x86_64-linux-gnu/libX11.so.6.3.0
7f89d76c3000-7f89d78c3000 ---p 0012f000 08:06 9963828                    /usr/lib/x86_64-linux-gnu/libX11.so.6.3.0
7f89d78c3000-7f89d78c4000 r--p 0012f000 08:06 9963828                    /usr/lib/x86_64-linux-gnu/libX11.so.6.3.0
7f89d78c4000-7f89d78c8000 rw-p 00130000 08:06 9963828                    /usr/lib/x86_64-linux-gnu/libX11.so.6.3.0
7f89d78c8000-7f89d78d8000 r-xp 00000000 08:06 9961497                    /usr/lib/x86_64-linux-gnu/libXext.so.6.4.0
7f89d78d8000-7f89d7ad7000 ---p 00010000 08:06 9961497                    /usr/lib/x86_64-linux-gnu/libXext.so.6.4.0
7f89d7ad7000-7f89d7ad8000 r--p 0000f000 08:06 9961497                    /usr/lib/x86_64-linux-gnu/libXext.so.6.4.0
7f89d7ad8000-7f89d7ad9000 rw-p 00010000 08:06 9961497                    /usr/lib/x86_64-linux-gnu/libXext.so.6.4.0
7f89d7ad9000-7f89d7b29000 r-xp 00000000 08:06 1967618                    /usr/lib/jvm/java-7-oracle/jre/lib/amd64/xawt/libmawt.so
7f89d7b29000-7f89d7d29000 ---p 00050000 08:06 1967618                    /usr/lib/jvm/java-7-oracle/jre/lib/amd64/xawt/libmawt.so
7f89d7d29000-7f89d7d2d000 rw-p 00050000 08:06 1967618                    /usr/lib/jvm/java-7-oracle/jre/lib/amd64/xawt/libmawt.so
7f89d7d2d000-7f89d7d2e000 rw-p 00000000 00:00 0 
7f89d7d2e000-7f89d7dd0000 r-xp 00000000 08:06 1967615                    /usr/lib/jvm/java-7-oracle/jre/lib/amd64/libawt.so
7f89d7dd0000-7f89d7fd0000 ---p 000a2000 08:06 1967615                    /usr/lib/jvm/java-7-oracle/jre/lib/amd64/libawt.so
7f89d7fd0000-7f89d7fdc000 rw-p 000a2000 08:06 1967615                    /usr/lib/jvm/java-7-oracle/jre/lib/amd64/libawt.so
7f89d7fdc000-7f89d8000000 rw-p 00000000 00:00 0 
7f89d8000000-7f89d8021000 rw-p 00000000 00:00 0 
7f89d8021000-7f89dc000000 ---p 00000000 00:00 0 
7f89dc0f1000-7f89dc10b000 r--s 00477000 08:11 450                        /media/DDE-640/IMAC/Projets_Tut/PlantS/libjogl/jogamp-all-platforms/jar/jogl-all.jar
7f89dc10b000-7f89dc110000 r--s 0002c000 08:11 451                        /media/DDE-640/IMAC/Projets_Tut/PlantS/libjogl/jogamp-all-platforms/jar/gluegen-rt.jar
7f89dc110000-7f89dc111000 ---p 00000000 00:00 0 
7f89dc111000-7f89dc211000 rw-p 00000000 00:00 0 
7f89dc211000-7f89dc214000 ---p 00000000 00:00 0 
7f89dc214000-7f89dc312000 rw-p 00000000 00:00 0 
7f89dc312000-7f89dc315000 ---p 00000000 00:00 0 
7f89dc315000-7f89dc413000 rw-p 00000000 00:00 0 
7f89dc413000-7f89dc416000 ---p 00000000 00:00 0 
7f89dc416000-7f89dc514000 rw-p 00000000 00:00 0 
7f89dc514000-7f89dc517000 ---p 00000000 00:00 0 
7f89dc517000-7f89dc615000 rw-p 00000000 00:00 0 
7f89dc615000-7f89dc8d5000 r--p 00000000 08:06 9961657                    /usr/lib/locale/locale-archive
7f89dc8d5000-7f89dc8d8000 ---p 00000000 00:00 0 
7f89dc8d8000-7f89dc9d6000 rw-p 00000000 00:00 0 
7f89dc9d6000-7f89dc9d9000 ---p 00000000 00:00 0 
7f89dc9d9000-7f89dcad7000 rw-p 00000000 00:00 0 
7f89dcad7000-7f89dcad8000 ---p 00000000 00:00 0 
7f89dcad8000-7f89e0000000 rw-p 00000000 00:00 0 
7f89e0000000-7f89e0021000 rw-p 00000000 00:00 0 
7f89e0021000-7f89e4000000 ---p 00000000 00:00 0 
7f89e4063000-7f89e4083000 rw-s f0020000 00:05 7943                       /dev/ati/card0
7f89e4083000-7f89e40b4000 rw-p 00000000 00:00 0 
7f89e40b4000-7f89e40b7000 ---p 00000000 00:00 0 
7f89e40b7000-7f89e44e0000 rw-p 00000000 00:00 0 
7f89e44e0000-7f89e469c000 r--s 039da000 08:06 1967452                    /usr/lib/jvm/java-7-oracle/jre/lib/rt.jar
7f89e469c000-7f89e469d000 ---p 00000000 00:00 0 
7f89e469d000-7f89e479d000 rw-p 00000000 00:00 0 
7f89e479d000-7f89e479e000 ---p 00000000 00:00 0 
7f89e479e000-7f89e489e000 rw-p 00000000 00:00 0 
7f89e489e000-7f89e489f000 ---p 00000000 00:00 0 
7f89e489f000-7f89e499f000 rw-p 00000000 00:00 0 
7f89e499f000-7f89e49a0000 ---p 00000000 00:00 0 
7f89e49a0000-7f89e4ab4000 rw-p 00000000 00:00 0 
7f89e4ab4000-7f89e4bde000 rw-p 00000000 00:00 0 
7f89e4bde000-7f89e4be9000 rw-p 00000000 00:00 0 
7f89e4be9000-7f89e4c07000 rw-p 00000000 00:00 0 
7f89e4c07000-7f89e4c1b000 rw-p 00000000 00:00 0 
7f89e4c1b000-7f89e4d45000 rw-p 00000000 00:00 0 
7f89e4d45000-7f89e4d51000 rw-p 00000000 00:00 0 
7f89e4d51000-7f89e4de4000 rw-p 00000000 00:00 0 
7f89e4de4000-7f89e4de5000 rw-p 00000000 00:00 0 
7f89e4de5000-7f89e5055000 rwxp 00000000 00:00 0 
7f89e5055000-7f89e7de5000 rw-p 00000000 00:00 0 
7f89e7de5000-7f89e7dff000 r-xp 00000000 08:06 1967605                    /usr/lib/jvm/java-7-oracle/jre/lib/amd64/libzip.so
7f89e7dff000-7f89e7fff000 ---p 0001a000 08:06 1967605                    /usr/lib/jvm/java-7-oracle/jre/lib/amd64/libzip.so
7f89e7fff000-7f89e8000000 rw-p 0001a000 08:06 1967605                    /usr/lib/jvm/java-7-oracle/jre/lib/amd64/libzip.so
7f89e8000000-7f89e8455000 rw-p 00000000 00:00 0 
7f89e8455000-7f89ec000000 ---p 00000000 00:00 0 
7f89ec003000-7f89ec028000 r--p 00000000 08:06 10359730                   /usr/share/locale-langpack/fr/LC_MESSAGES/libc.mo
7f89ec028000-7f89ec0cb000 rw-p 00000000 00:00 0 
7f89ec0cb000-7f89ec0e9000 rw-p 00000000 00:00 0 
7f89ec0e9000-7f89ec0f5000 r-xp 00000000 08:06 2233934                    /lib/x86_64-linux-gnu/libnss_files-2.15.so
7f89ec0f5000-7f89ec2f4000 ---p 0000c000 08:06 2233934                    /lib/x86_64-linux-gnu/libnss_files-2.15.so
7f89ec2f4000-7f89ec2f5000 r--p 0000b000 08:06 2233934                    /lib/x86_64-linux-gnu/libnss_files-2.15.so
7f89ec2f5000-7f89ec2f6000 rw-p 0000c000 08:06 2233934                    /lib/x86_64-linux-gnu/libnss_files-2.15.so
7f89ec2f6000-7f89ec300000 r-xp 00000000 08:06 2233929                    /lib/x86_64-linux-gnu/libnss_nis-2.15.so
7f89ec300000-7f89ec500000 ---p 0000a000 08:06 2233929                    /lib/x86_64-linux-gnu/libnss_nis-2.15.so
7f89ec500000-7f89ec501000 r--p 0000a000 08:06 2233929                    /lib/x86_64-linux-gnu/libnss_nis-2.15.so
7f89ec501000-7f89ec502000 rw-p 0000b000 08:06 2233929                    /lib/x86_64-linux-gnu/libnss_nis-2.15.so
7f89ec502000-7f89ec519000 r-xp 00000000 08:06 2233945                    /lib/x86_64-linux-gnu/libnsl-2.15.so
7f89ec519000-7f89ec718000 ---p 00017000 08:06 2233945                    /lib/x86_64-linux-gnu/libnsl-2.15.so
7f89ec718000-7f89ec719000 r--p 00016000 08:06 2233945                    /lib/x86_64-linux-gnu/libnsl-2.15.so
7f89ec719000-7f89ec71a000 rw-p 00017000 08:06 2233945                    /lib/x86_64-linux-gnu/libnsl-2.15.so
7f89ec71a000-7f89ec71c000 rw-p 00000000 00:00 0 
7f89ec71c000-7f89ec724000 r-xp 00000000 08:06 2233935                    /lib/x86_64-linux-gnu/libnss_compat-2.15.so
7f89ec724000-7f89ec923000 ---p 00008000 08:06 2233935                    /lib/x86_64-linux-gnu/libnss_compat-2.15.so
7f89ec923000-7f89ec924000 r--p 00007000 08:06 2233935                    /lib/x86_64-linux-gnu/libnss_compat-2.15.so
7f89ec924000-7f89ec925000 rw-p 00008000 08:06 2233935                    /lib/x86_64-linux-gnu/libnss_compat-2.15.so
7f89ec925000-7f89ec94e000 r-xp 00000000 08:06 1967577                    /usr/lib/jvm/java-7-oracle/jre/lib/amd64/libjava.so
7f89ec94e000-7f89ecb4e000 ---p 00029000 08:06 1967577                    /usr/lib/jvm/java-7-oracle/jre/lib/amd64/libjava.so
7f89ecb4e000-7f89ecb50000 rw-p 00029000 08:06 1967577                    /usr/lib/jvm/java-7-oracle/jre/lib/amd64/libjava.so
7f89ecb50000-7f89ecb5d000 r-xp 00000000 08:06 1967580                    /usr/lib/jvm/java-7-oracle/jre/lib/amd64/libverify.so
7f89ecb5d000-7f89ecd5c000 ---p 0000d000 08:06 1967580                    /usr/lib/jvm/java-7-oracle/jre/lib/amd64/libverify.so
7f89ecd5c000-7f89ecd5e000 rw-p 0000c000 08:06 1967580                    /usr/lib/jvm/java-7-oracle/jre/lib/amd64/libverify.so
7f89ecd5e000-7f89ecd65000 r-xp 00000000 08:06 2233808                    /lib/x86_64-linux-gnu/librt-2.15.so
7f89ecd65000-7f89ecf64000 ---p 00007000 08:06 2233808                    /lib/x86_64-linux-gnu/librt-2.15.so
7f89ecf64000-7f89ecf65000 r--p 00006000 08:06 2233808                    /lib/x86_64-linux-gnu/librt-2.15.so
7f89ecf65000-7f89ecf66000 rw-p 00007000 08:06 2233808                    /lib/x86_64-linux-gnu/librt-2.15.so
7f89ecf66000-7f89ed061000 r-xp 00000000 08:06 2233931                    /lib/x86_64-linux-gnu/libm-2.15.so
7f89ed061000-7f89ed260000 ---p 000fb000 08:06 2233931                    /lib/x86_64-linux-gnu/libm-2.15.so
7f89ed260000-7f89ed261000 r--p 000fa000 08:06 2233931                    /lib/x86_64-linux-gnu/libm-2.15.so
7f89ed261000-7f89ed262000 rw-p 000fb000 08:06 2233931                    /lib/x86_64-linux-gnu/libm-2.15.so
7f89ed262000-7f89edca9000 r-xp 00000000 08:06 1967573                    /usr/lib/jvm/java-7-oracle/jre/lib/amd64/server/libjvm.so
7f89edca9000-7f89edea8000 ---p 00a47000 08:06 1967573                    /usr/lib/jvm/java-7-oracle/jre/lib/amd64/server/libjvm.so
7f89edea8000-7f89edf4c000 rw-p 00a46000 08:06 1967573                    /usr/lib/jvm/java-7-oracle/jre/lib/amd64/server/libjvm.so
7f89edf4c000-7f89edf87000 rw-p 00000000 00:00 0 
7f89edf87000-7f89ee13c000 r-xp 00000000 08:06 2233802                    /lib/x86_64-linux-gnu/libc-2.15.so
7f89ee13c000-7f89ee33b000 ---p 001b5000 08:06 2233802                    /lib/x86_64-linux-gnu/libc-2.15.so
7f89ee33b000-7f89ee33f000 r--p 001b4000 08:06 2233802                    /lib/x86_64-linux-gnu/libc-2.15.so
7f89ee33f000-7f89ee341000 rw-p 001b8000 08:06 2233802                    /lib/x86_64-linux-gnu/libc-2.15.so
7f89ee341000-7f89ee346000 rw-p 00000000 00:00 0 
7f89ee346000-7f89ee348000 r-xp 00000000 08:06 2233800                    /lib/x86_64-linux-gnu/libdl-2.15.so
7f89ee348000-7f89ee548000 ---p 00002000 08:06 2233800                    /lib/x86_64-linux-gnu/libdl-2.15.so
7f89ee548000-7f89ee549000 r--p 00002000 08:06 2233800                    /lib/x86_64-linux-gnu/libdl-2.15.so
7f89ee549000-7f89ee54a000 rw-p 00003000 08:06 2233800                    /lib/x86_64-linux-gnu/libdl-2.15.so
7f89ee54a000-7f89ee560000 r-xp 00000000 08:06 1967609                    /usr/lib/jvm/java-7-oracle/jre/lib/amd64/jli/libjli.so
7f89ee560000-7f89ee75f000 ---p 00016000 08:06 1967609                    /usr/lib/jvm/java-7-oracle/jre/lib/amd64/jli/libjli.so
7f89ee75f000-7f89ee760000 rw-p 00015000 08:06 1967609                    /usr/lib/jvm/java-7-oracle/jre/lib/amd64/jli/libjli.so
7f89ee760000-7f89ee778000 r-xp 00000000 08:06 2233804                    /lib/x86_64-linux-gnu/libpthread-2.15.so
7f89ee778000-7f89ee977000 ---p 00018000 08:06 2233804                    /lib/x86_64-linux-gnu/libpthread-2.15.so
7f89ee977000-7f89ee978000 r--p 00017000 08:06 2233804                    /lib/x86_64-linux-gnu/libpthread-2.15.so
7f89ee978000-7f89ee979000 rw-p 00018000 08:06 2233804                    /lib/x86_64-linux-gnu/libpthread-2.15.so
7f89ee979000-7f89ee97d000 rw-p 00000000 00:00 0 
7f89ee97d000-7f89ee99f000 r-xp 00000000 08:06 2233940                    /lib/x86_64-linux-gnu/ld-2.15.so
7f89ee9ae000-7f89ee9b8000 r--s 00254000 08:06 1966628                    /usr/lib/jvm/java-7-oracle/jre/lib/resources.jar
7f89ee9b8000-7f89ee9ba000 rw-s 00002000 00:05 7943                       /dev/ati/card0
7f89ee9ba000-7f89ee9bb000 r--p 00000000 00:00 0 
7f89ee9bb000-7f89ee9bf000 r--s 00089000 08:06 1967701                    /usr/lib/jvm/java-7-oracle/jre/lib/jsse.jar
7f89ee9bf000-7f89ee9c9000 rw-p 00000000 00:00 0 
7f89ee9c9000-7f89eea7f000 rw-p 00000000 00:00 0 
7f89eea7f000-7f89eea82000 ---p 00000000 00:00 0 
7f89eea82000-7f89eeb84000 rw-p 00000000 00:00 0 
7f89eeb84000-7f89eeb85000 rw-s 00005000 00:05 7943                       /dev/ati/card0
7f89eeb85000-7f89eeb86000 r--s 00023000 08:11 895                        /media/DDE-640/IMAC/Projets_Tut/PlantS/libjogl/jogamp-all-platforms/jar/jogl-all-natives-linux-amd64.jar
7f89eeb86000-7f89eeb87000 r--s 00000000 08:11 894                        /media/DDE-640/IMAC/Projets_Tut/PlantS/libjogl/jogamp-all-platforms/jar/gluegen-rt-natives-linux-amd64.jar
7f89eeb87000-7f89eeb8c000 r--s 00044000 08:11 446                        /media/DDE-640/IMAC/Projets_Tut/PlantS/jdom-2.0.3/jdom-2.0.3.jar
7f89eeb8c000-7f89eeb93000 r--s 00000000 08:06 10362198                   /usr/lib/x86_64-linux-gnu/gconv/gconv-modules.cache
7f89eeb93000-7f89eeb9b000 rw-s 00000000 08:06 4456558                    /tmp/hsperfdata_guyom/3724 (deleted)
7f89eeb9b000-7f89eeb9c000 rw-p 00000000 00:00 0 
7f89eeb9c000-7f89eeb9d000 ---p 00000000 00:00 0 
7f89eeb9d000-7f89eeb9f000 rw-p 00000000 00:00 0 
7f89eeb9f000-7f89eeba0000 r--p 00022000 08:06 2233940                    /lib/x86_64-linux-gnu/ld-2.15.so
7f89eeba0000-7f89eeba2000 rw-p 00023000 08:06 2233940                    /lib/x86_64-linux-gnu/ld-2.15.so
7fff89f9c000-7fff89fbd000 rw-p 00000000 00:00 0                          [stack]
7fff89fff000-7fff8a000000 r-xp 00000000 00:00 0                          [vdso]
ffffffffff600000-ffffffffff601000 r-xp 00000000 00:00 0                  [vsyscall]

VM Arguments:
jvm_args: -Djava.library.path=/media/DDE-640/IMAC/Projets_Tut/PlantS/libjogl/jogamp-all-platforms/jar:/media/DDE-640/IMAC/Projets_Tut/PlantS/libjogl/jogamp-all-platforms/jar -Dfile.encoding=UTF-8 
java_command: JOGLApp
Launcher Type: SUN_STANDARD

Environment Variables:
PATH=/usr/lib/lightdm/lightdm:/usr/local/sbin:/usr/local/bin:/usr/sbin:/usr/bin:/sbin:/bin:/usr/games
SHELL=/bin/bash
DISPLAY=:0.0

Signal Handlers:
SIGSEGV: [libjvm.so+0x8a5c80], sa_mask[0]=0x7ffbfeff, sa_flags=0x10000004
SIGBUS: [libjvm.so+0x8a5c80], sa_mask[0]=0x7ffbfeff, sa_flags=0x10000004
SIGFPE: [libjvm.so+0x741d60], sa_mask[0]=0x7ffbfeff, sa_flags=0x10000004
SIGPIPE: [libjvm.so+0x741d60], sa_mask[0]=0x7ffbfeff, sa_flags=0x10000004
SIGXFSZ: [libjvm.so+0x741d60], sa_mask[0]=0x7ffbfeff, sa_flags=0x10000004
SIGILL: [libjvm.so+0x741d60], sa_mask[0]=0x7ffbfeff, sa_flags=0x10000004
SIGUSR1: SIG_DFL, sa_mask[0]=0x00000000, sa_flags=0x00000000
SIGUSR2: [libjvm.so+0x7416b0], sa_mask[0]=0x00000004, sa_flags=0x10000004
SIGHUP: [libjvm.so+0x743a40], sa_mask[0]=0x7ffbfeff, sa_flags=0x10000004
SIGINT: [libjvm.so+0x743a40], sa_mask[0]=0x7ffbfeff, sa_flags=0x10000004
SIGTERM: [libjvm.so+0x743a40], sa_mask[0]=0x7ffbfeff, sa_flags=0x10000004
SIGQUIT: [libjvm.so+0x743a40], sa_mask[0]=0x7ffbfeff, sa_flags=0x10000004


---------------  S Y S T E M  ---------------

OS:wheezy/sid

uname:Linux 3.2.0-32-generic #51-Ubuntu SMP Wed Sep 26 21:33:09 UTC 2012 x86_64
libc:glibc 2.15 NPTL 2.15 
rlimit: STACK 8192k, CORE 0k, NPROC 30344, NOFILE 4096, AS infinity
load average:0,75 0,59 0,53

/proc/meminfo:
MemTotal:        3901720 kB
MemFree:         1441840 kB
Buffers:          169024 kB
Cached:           981016 kB
SwapCached:            0 kB
Active:          1428268 kB
Inactive:         721364 kB
Active(anon):    1000396 kB
Inactive(anon):     1084 kB
Active(file):     427872 kB
Inactive(file):   720280 kB
Unevictable:           0 kB
Mlocked:               0 kB
SwapTotal:       4042748 kB
SwapFree:        4042748 kB
Dirty:                52 kB
Writeback:             0 kB
AnonPages:        999724 kB
Mapped:           219596 kB
Shmem:              1884 kB
Slab:              86844 kB
SReclaimable:      57456 kB
SUnreclaim:        29388 kB
KernelStack:        3912 kB
PageTables:        28144 kB
NFS_Unstable:          0 kB
Bounce:                0 kB
WritebackTmp:          0 kB
CommitLimit:     5993608 kB
Committed_AS:    3739436 kB
VmallocTotal:   34359738367 kB
VmallocUsed:      111804 kB
VmallocChunk:   34359624168 kB
HardwareCorrupted:     0 kB
AnonHugePages:         0 kB
HugePages_Total:       0
HugePages_Free:        0
HugePages_Rsvd:        0
HugePages_Surp:        0
Hugepagesize:       2048 kB
DirectMap4k:      171964 kB
DirectMap2M:     3872768 kB


CPU:total 4 (2 cores per cpu, 2 threads per core) family 6 model 37 stepping 5, cmov, cx8, fxsr, mmx, sse, sse2, sse3, ssse3, sse4.1, sse4.2, popcnt, ht, tsc, tscinvbit

/proc/cpuinfo:
processor	: 0
vendor_id	: GenuineIntel
cpu family	: 6
model		: 37
model name	: Intel(R) Core(TM) i5 CPU       M 480  @ 2.67GHz
stepping	: 5
microcode	: 0x2
cpu MHz		: 1866.000
cache size	: 3072 KB
physical id	: 0
siblings	: 4
core id		: 0
cpu cores	: 2
apicid		: 0
initial apicid	: 0
fpu		: yes
fpu_exception	: yes
cpuid level	: 11
wp		: yes
flags		: fpu vme de pse tsc msr pae mce cx8 apic sep mtrr pge mca cmov pat pse36 clflush dts acpi mmx fxsr sse sse2 ss ht tm pbe syscall nx rdtscp lm constant_tsc arch_perfmon pebs bts rep_good nopl xtopology nonstop_tsc aperfmperf pni dtes64 monitor ds_cpl vmx est tm2 ssse3 cx16 xtpr pdcm pcid sse4_1 sse4_2 popcnt lahf_lm ida arat dtherm tpr_shadow vnmi flexpriority ept vpid
bogomips	: 5319.91
clflush size	: 64
cache_alignment	: 64
address sizes	: 36 bits physical, 48 bits virtual
power management:

processor	: 1
vendor_id	: GenuineIntel
cpu family	: 6
model		: 37
model name	: Intel(R) Core(TM) i5 CPU       M 480  @ 2.67GHz
stepping	: 5
microcode	: 0x2
cpu MHz		: 2667.000
cache size	: 3072 KB
physical id	: 0
siblings	: 4
core id		: 2
cpu cores	: 2
apicid		: 4
initial apicid	: 4
fpu		: yes
fpu_exception	: yes
cpuid level	: 11
wp		: yes
flags		: fpu vme de pse tsc msr pae mce cx8 apic sep mtrr pge mca cmov pat pse36 clflush dts acpi mmx fxsr sse sse2 ss ht tm pbe syscall nx rdtscp lm constant_tsc arch_perfmon pebs bts rep_good nopl xtopology nonstop_tsc aperfmperf pni dtes64 monitor ds_cpl vmx est tm2 ssse3 cx16 xtpr pdcm pcid sse4_1 sse4_2 popcnt lahf_lm ida arat dtherm tpr_shadow vnmi flexpriority ept vpid
bogomips	: 5319.89
clflush size	: 64
cache_alignment	: 64
address sizes	: 36 bits physical, 48 bits virtual
power management:

processor	: 2
vendor_id	: GenuineIntel
cpu family	: 6
model		: 37
model name	: Intel(R) Core(TM) i5 CPU       M 480  @ 2.67GHz
stepping	: 5
microcode	: 0x2
cpu MHz		: 1199.000
cache size	: 3072 KB
physical id	: 0
siblings	: 4
core id		: 0
cpu cores	: 2
apicid		: 1
initial apicid	: 1
fpu		: yes
fpu_exception	: yes
cpuid level	: 11
wp		: yes
flags		: fpu vme de pse tsc msr pae mce cx8 apic sep mtrr pge mca cmov pat pse36 clflush dts acpi mmx fxsr sse sse2 ss ht tm pbe syscall nx rdtscp lm constant_tsc arch_perfmon pebs bts rep_good nopl xtopology nonstop_tsc aperfmperf pni dtes64 monitor ds_cpl vmx est tm2 ssse3 cx16 xtpr pdcm pcid sse4_1 sse4_2 popcnt lahf_lm ida arat dtherm tpr_shadow vnmi flexpriority ept vpid
bogomips	: 5319.89
clflush size	: 64
cache_alignment	: 64
address sizes	: 36 bits physical, 48 bits virtual
power management:

processor	: 3
vendor_id	: GenuineIntel
cpu family	: 6
model		: 37
model name	: Intel(R) Core(TM) i5 CPU       M 480  @ 2.67GHz
stepping	: 5
microcode	: 0x2
cpu MHz		: 1199.000
cache size	: 3072 KB
physical id	: 0
siblings	: 4
core id		: 2
cpu cores	: 2
apicid		: 5
initial apicid	: 5
fpu		: yes
fpu_exception	: yes
cpuid level	: 11
wp		: yes
flags		: fpu vme de pse tsc msr pae mce cx8 apic sep mtrr pge mca cmov pat pse36 clflush dts acpi mmx fxsr sse sse2 ss ht tm pbe syscall nx rdtscp lm constant_tsc arch_perfmon pebs bts rep_good nopl xtopology nonstop_tsc aperfmperf pni dtes64 monitor ds_cpl vmx est tm2 ssse3 cx16 xtpr pdcm pcid sse4_1 sse4_2 popcnt lahf_lm ida arat dtherm tpr_shadow vnmi flexpriority ept vpid
bogomips	: 5319.88
clflush size	: 64
cache_alignment	: 64
address sizes	: 36 bits physical, 48 bits virtual
power management:



Memory: 4k page, physical 3901720k(1441840k free), swap 4042748k(4042748k free)

vm_info: Java HotSpot(TM) 64-Bit Server VM (23.5-b02) for linux-amd64 JRE (1.7.0_09-b05), built on Sep 24 2012 20:07:15 by "java_re" with gcc 4.3.0 20080428 (Red Hat 4.3.0-8)

time: Sun Nov 11 17:19:49 2012
elapsed time: 64 seconds

