#
# A fatal error has been detected by the Java Runtime Environment:
#
#  SIGSEGV (0xb) at pc=0x00007fee05215c58, pid=7224, tid=140660287162112
#
# JRE version: 7.0_09-b05
# Java VM: Java HotSpot(TM) 64-Bit Server VM (23.5-b02 mixed mode linux-amd64 compressed oops)
# Problematic frame:
# C  [libX11.so.6+0x33c58]  XQueryExtension+0x28
#
# Failed to write core dump. Core dumps have been disabled. To enable core dumping, try "ulimit -c unlimited" before starting Java again
#
# If you would like to submit a bug report, please visit:
#   http://bugreport.sun.com/bugreport/crash.jsp
#

---------------  T H R E A D  ---------------

Current thread (0x00007fee0c092000):  VMThread [stack: 0x00007fee06634000,0x00007fee06735000] [id=7234]

siginfo:si_signo=SIGSEGV: si_errno=0, si_code=1 (SEGV_MAPERR), si_addr=0xffffffffa8001778

Registers:
RAX=0x00007fede00008c0, RBX=0xffffffffa8000e10, RCX=0x00007fee06733768, RDX=0x00007fee06733764
RSP=0x00007fee06733700, RBP=0x00007fedfeb74e12, RSI=0x00007fedfeb74e12, RDI=0xffffffffa8000e10
R8 =0x00007fee0673376c, R9 =0x0000000000000000, R10=0x00007fee13d9bfa8, R11=0x00007fee13a1bc80
R12=0x0000000000000000, R13=0x00007fedfeb74e12, R14=0x00007fede00008c0, R15=0x0000000000000000
RIP=0x00007fee05215c58, EFLAGS=0x0000000000010206, CSGSFS=0x0000000000000033, ERR=0x0000000000000005
  TRAPNO=0x000000000000000e

Top of Stack: (sp=0x00007fee06733700)
0x00007fee06733700:   00007fee139ee790 00007fee145dc548
0x00007fee06733710:   0000000000000000 00007fee139b2f50
0x00007fee06733720:   00000000ffffffff ffffffffa8000e10
0x00007fee06733730:   00007fedfeb74e12 0000000000000000
0x00007fee06733740:   00007fedfeb74e12 00007fede00008c0
0x00007fee06733750:   0000000000000000 00007fee05209c55
0x00007fee06733760:   00007fee145f9048 00007fedfecacc60
0x00007fee06733770:   00007fedfecacc60 ffffffffa8000e10
0x00007fee06733780:   00007feda800ef00 00007fee0552302b
0x00007fee06733790:   00007fee139ee790 000000110000002a
0x00007fee067337a0:   00007fee06733820 0000000000000000
0x00007fee067337b0:   00007fee06733820 ffffffffa8000e10
0x00007fee067337c0:   0000000000000000 00007fee145f9048
0x00007fee067337d0:   00007fedfecc6490 00007fedfeb20fd9
0x00007fee067337e0:   0000000000000000 000000000000002a
0x00007fee067337f0:   00007fee06733820 00007fee06733840
0x00007fee06733800:   0000000000000000 00007fee145f9048
0x00007fee06733810:   00007fedb4012d70 00007fedfeb156e2
0x00007fee06733820:   00007fee06733a00 00007fedfeb74d81
0x00007fee06733830:   00007fee06733a00 00007fee143e592d
0x00007fee06733840:   00007fee145fa2c8 00007fee145fa858
0x00007fee06733850:   00007fee145f7b50 00007fee0c007330
0x00007fee06733860:   00007fee0c007e40 00007fee0c0077e0
0x00007fee06733870:   00007fee0c008340 00007fee0c00d200
0x00007fee06733880:   00007fee0c24ff70 00007fee0c250410
0x00007fee06733890:   00007fee0c337a10 00007fee0c336e20
0x00007fee067338a0:   00007fee0c34b8c0 00007fee0c36bfc0
0x00007fee067338b0:   00007fee0c36baf0 00007fee0c180ba0
0x00007fee067338c0:   00007fee0c182680 00007fee0c182180
0x00007fee067338d0:   00007fee0c17eed0 00007fee0c0020f0
0x00007fee067338e0:   00007fee0c001a70 00000000014c54d0
0x00007fee067338f0:   00007fee0c3969b0 00007fee0c181c70 

Instructions: (pc=0x00007fee05215c58)
0x00007fee05215c38:   24 d8 48 89 fb 4c 89 64 24 e0 4c 89 6c 24 e8 48
0x00007fee05215c48:   89 f5 4c 89 74 24 f0 4c 89 7c 24 f8 48 83 ec 58
0x00007fee05215c58:   48 8b 87 68 09 00 00 49 89 d4 49 89 cd 4d 89 c6
0x00007fee05215c68:   48 85 c0 74 02 ff 10 ba 08 00 00 00 be 62 00 00 

Register to memory mapping:

RAX=0x00007fede00008c0 is an unknown value
RBX=0xffffffffa8000e10 is an unknown value
RCX=0x00007fee06733768 is an unknown value
RDX=0x00007fee06733764 is an unknown value
RSP=0x00007fee06733700 is an unknown value
RBP=0x00007fedfeb74e12: <offset 0x92e12> in /usr/lib/libGL.so.1 at 0x00007fedfeae2000
RSI=0x00007fedfeb74e12: <offset 0x92e12> in /usr/lib/libGL.so.1 at 0x00007fedfeae2000
RDI=0xffffffffa8000e10 is an unknown value
R8 =0x00007fee0673376c is an unknown value
R9 =0x0000000000000000 is an unknown value
R10=0x00007fee13d9bfa8: <offset 0x3bbfa8> in /lib/x86_64-linux-gnu/libc.so.6 at 0x00007fee139e0000
R11=0x00007fee13a1bc80: __cxa_finalize+0 in /lib/x86_64-linux-gnu/libc.so.6 at 0x00007fee139e0000
R12=0x0000000000000000 is an unknown value
R13=0x00007fedfeb74e12: <offset 0x92e12> in /usr/lib/libGL.so.1 at 0x00007fedfeae2000
R14=0x00007fede00008c0 is an unknown value
R15=0x0000000000000000 is an unknown value


Stack: [0x00007fee06634000,0x00007fee06735000],  sp=0x00007fee06733700,  free space=1021k
Native frames: (J=compiled Java code, j=interpreted, Vv=VM code, C=native code)
C  [libX11.so.6+0x33c58]  XQueryExtension+0x28

VM_Operation (0x00007fedff213e80): Exit, mode: safepoint, requested by thread 0x00007fee0c394800


---------------  P R O C E S S  ---------------

Java Threads: ( => current thread )
  0x00007fee0c009000 JavaThread "DestroyJavaVM" [_thread_blocked, id=7229, stack(0x00007fee144d8000,0x00007fee145d9000)]
  0x00007fee0c3fc800 JavaThread "Timer-0" [_thread_blocked, id=7257, stack(0x00007fedff9d7000,0x00007fedffad8000)]
  0x00007fee0c394800 JavaThread "AWT-EventQueue-0" [_thread_blocked, id=7255, stack(0x00007fedff116000,0x00007fedff217000)]
  0x00007fee0c393000 JavaThread "AWT-Shutdown" [_thread_blocked, id=7254, stack(0x00007fedff217000,0x00007fedff318000)]
  0x00007fee0c317000 JavaThread "process reaper" daemon [_thread_blocked, id=7248, stack(0x00007fee0403e000,0x00007fee04066000)]
  0x00007fee0c25f000 JavaThread "AWT-XAWT" daemon [_thread_blocked, id=7244, stack(0x00007fedffeff000,0x00007fee00000000)]
  0x00007fee0c21d800 JavaThread "Java2D Disposer" daemon [_thread_blocked, id=7243, stack(0x00007fee04476000,0x00007fee04577000)]
  0x00007fee0c0f0000 JavaThread "Service Thread" daemon [_thread_blocked, id=7240, stack(0x00007fee05d6e000,0x00007fee05e6f000)]
  0x00007fee0c0ee000 JavaThread "C2 CompilerThread1" daemon [_thread_blocked, id=7239, stack(0x00007fee05e6f000,0x00007fee05f70000)]
  0x00007fee0c0eb000 JavaThread "C2 CompilerThread0" daemon [_thread_blocked, id=7238, stack(0x00007fee05f70000,0x00007fee06071000)]
  0x00007fee0c09b800 JavaThread "Finalizer" daemon [_thread_blocked, id=7236, stack(0x00007fee06432000,0x00007fee06533000)]
  0x00007fee0c099800 JavaThread "Reference Handler" daemon [_thread_blocked, id=7235, stack(0x00007fee06533000,0x00007fee06634000)]

Other Threads:
=>0x00007fee0c092000 VMThread [stack: 0x00007fee06634000,0x00007fee06735000] [id=7234]

VM state:at safepoint (shutting down)

VM Mutex/Monitor currently owned by a thread:  ([mutex/lock_event])
[0x00007fee0c005500] Threads_lock - owner thread: 0x00007fee0c092000

Heap
 PSYoungGen      total 17792K, used 10045K [0x00000000ec200000, 0x00000000ed5d0000, 0x0000000100000000)
  eden space 15296K, 49% used [0x00000000ec200000,0x00000000ec95fc80,0x00000000ed0f0000)
  from space 2496K, 99% used [0x00000000ed0f0000,0x00000000ed35f9c8,0x00000000ed360000)
  to   space 2496K, 0% used [0x00000000ed360000,0x00000000ed360000,0x00000000ed5d0000)
 ParOldGen       total 40704K, used 1072K [0x00000000c4600000, 0x00000000c6dc0000, 0x00000000ec200000)
  object space 40704K, 2% used [0x00000000c4600000,0x00000000c470c058,0x00000000c6dc0000)
 PSPermGen       total 21248K, used 16173K [0x00000000bf400000, 0x00000000c08c0000, 0x00000000c4600000)
  object space 21248K, 76% used [0x00000000bf400000,0x00000000c03cb6b0,0x00000000c08c0000)

Card table byte_map: [0x00007fee11720000,0x00007fee11927000] byte_map_base: 0x00007fee11126000

Polling page: 0x00007fee145f5000

Code Cache  [0x00007fee09000000, 0x00007fee09270000, 0x00007fee0c000000)
 total_blobs=850 nmethods=124 adapters=678 free_code_cache=48265Kb largest_free_block=49393600

Compilation events (10 events):
Event: 3,825 Thread 0x00007fee0c0ee000 nmethod 120 0x00007fee090e1ad0 code [0x00007fee090e1c20, 0x00007fee090e1d78]
Event: 3,825 Thread 0x00007fee0c0ee000  122             java.lang.ThreadLocal$ThreadLocalMap::getEntry (42 bytes)
Event: 3,825 Thread 0x00007fee0c0eb000 nmethod 121 0x00007fee090e16d0 code [0x00007fee090e1820, 0x00007fee090e1938]
Event: 3,827 Thread 0x00007fee0c0ee000 nmethod 122 0x00007fee090e1310 code [0x00007fee090e1460, 0x00007fee090e1578]
Event: 3,916 Thread 0x00007fee0c0eb000  123             java.util.concurrent.locks.AbstractQueuedSynchronizer::release (33 bytes)
Event: 3,920 Thread 0x00007fee0c0ee000  124             java.util.concurrent.locks.ReentrantLock$Sync::tryRelease (45 bytes)
Event: 3,922 Thread 0x00007fee0c0eb000 nmethod 123 0x00007fee090e0ed0 code [0x00007fee090e1020, 0x00007fee090e11c8]
Event: 3,922 Thread 0x00007fee0c0ee000 nmethod 124 0x00007fee090e0c50 code [0x00007fee090e0d80, 0x00007fee090e0e38]
Event: 3,967 Thread 0x00007fee0c0eb000  125             sun.util.logging.PlatformLogger$LoggerProxy::doLog (32 bytes)
Event: 3,968 Thread 0x00007fee0c0eb000 nmethod 125 0x00007fee090e0950 code [0x00007fee090e0aa0, 0x00007fee090e0b58]

GC Heap History (2 events):
Event: 1,253 GC heap before
{Heap before GC invocations=1 (full 0):
 PSYoungGen      total 17792K, used 15296K [0x00000000ec200000, 0x00000000ed5d0000, 0x0000000100000000)
  eden space 15296K, 100% used [0x00000000ec200000,0x00000000ed0f0000,0x00000000ed0f0000)
  from space 2496K, 0% used [0x00000000ed360000,0x00000000ed360000,0x00000000ed5d0000)
  to   space 2496K, 0% used [0x00000000ed0f0000,0x00000000ed0f0000,0x00000000ed360000)
 ParOldGen       total 40704K, used 0K [0x00000000c4600000, 0x00000000c6dc0000, 0x00000000ec200000)
  object space 40704K, 0% used [0x00000000c4600000,0x00000000c4600000,0x00000000c6dc0000)
 PSPermGen       total 21248K, used 14036K [0x00000000bf400000, 0x00000000c08c0000, 0x00000000c4600000)
  object space 21248K, 66% used [0x00000000bf400000,0x00000000c01b5138,0x00000000c08c0000)
Event: 1,266 GC heap after
Heap after GC invocations=1 (full 0):
 PSYoungGen      total 17792K, used 2494K [0x00000000ec200000, 0x00000000ed5d0000, 0x0000000100000000)
  eden space 15296K, 0% used [0x00000000ec200000,0x00000000ec200000,0x00000000ed0f0000)
  from space 2496K, 99% used [0x00000000ed0f0000,0x00000000ed35f9c8,0x00000000ed360000)
  to   space 2496K, 0% used [0x00000000ed360000,0x00000000ed360000,0x00000000ed5d0000)
 ParOldGen       total 40704K, used 1072K [0x00000000c4600000, 0x00000000c6dc0000, 0x00000000ec200000)
  object space 40704K, 2% used [0x00000000c4600000,0x00000000c470c058,0x00000000c6dc0000)
 PSPermGen       total 21248K, used 14036K [0x00000000bf400000, 0x00000000c08c0000, 0x00000000c4600000)
  object space 21248K, 66% used [0x00000000bf400000,0x00000000c01b5138,0x00000000c08c0000)
}

Deoptimization events (7 events):
Event: 0,921 Thread 0x00007fee0c3f0800 Uncommon trap -83 fr.pc 0x00007fee090aa718
Event: 0,997 Thread 0x00007fee0c009000 Uncommon trap -58 fr.pc 0x00007fee090aec88
Event: 0,997 Thread 0x00007fee0c009000 Uncommon trap -58 fr.pc 0x00007fee090aec88
Event: 0,997 Thread 0x00007fee0c009000 Uncommon trap -58 fr.pc 0x00007fee090aec88
Event: 0,997 Thread 0x00007fee0c009000 Uncommon trap -58 fr.pc 0x00007fee090aec88
Event: 1,281 Thread 0x00007fee0c394800 Uncommon trap -83 fr.pc 0x00007fee090b3e44
Event: 3,963 Thread 0x00007fedb44a3800 Uncommon trap -83 fr.pc 0x00007fee090e1d20

Internal exceptions (10 events):
Event: 1,341 Thread 0x00007fee0c394800 Threw 0x00000000ec38e760 at /HUDSON/workspace/jdk7u9-2-build-linux-amd64-product/jdk7u9/hotspot/src/share/vm/prims/jvm.cpp:1166
Event: 1,342 Thread 0x00007fee0c394800 Threw 0x00000000ec3924d8 at /HUDSON/workspace/jdk7u9-2-build-linux-amd64-product/jdk7u9/hotspot/src/share/vm/prims/jvm.cpp:1166
Event: 1,342 Thread 0x00007fee0c394800 Threw 0x00000000ec397620 at /HUDSON/workspace/jdk7u9-2-build-linux-amd64-product/jdk7u9/hotspot/src/share/vm/prims/jvm.cpp:1166
Event: 1,344 Thread 0x00007fee0c394800 Threw 0x00000000ec3a09a0 at /HUDSON/workspace/jdk7u9-2-build-linux-amd64-product/jdk7u9/hotspot/src/share/vm/prims/jvm.cpp:1166
Event: 1,355 Thread 0x00007fee0c394800 Threw 0x00000000ec3aa8d0 at /HUDSON/workspace/jdk7u9-2-build-linux-amd64-product/jdk7u9/hotspot/src/share/vm/runtime/reflection.cpp
Event: 1,408 Thread 0x00007fee0c394800 Threw 0x00000000ec3b7dc0 at /HUDSON/workspace/jdk7u9-2-build-linux-amd64-product/jdk7u9/hotspot/src/share/vm/prims/jni.cpp:742
Event: 1,410 Thread 0x00007fee0c394800 Threw 0x00000000ec3bade0 at /HUDSON/workspace/jdk7u9-2-build-linux-amd64-product/jdk7u9/hotspot/src/share/vm/runtime/reflection.cpp
Event: 1,419 Thread 0x00007fee0c394800 Threw 0x00000000ec3c12b0 at /HUDSON/workspace/jdk7u9-2-build-linux-amd64-product/jdk7u9/hotspot/src/share/vm/runtime/reflection.cpp
Event: 3,963 Thread 0x00007fedb44a3800 Threw 0x00000000ec8f8bb8 at /HUDSON/workspace/jdk7u9-2-build-linux-amd64-product/jdk7u9/hotspot/src/share/vm/prims/jvm.cpp:1166
Event: 3,963 Thread 0x00007fedb44a3800 Implicit null exception at 0x00007fee090e1c54 to 0x00007fee090e1d0d

Events (10 events):
Event: 3,963 Thread 0x00007fedb4151800 Thread exited: 0x00007fedb4151800
Event: 3,963 loading class 0x00007fee0c238cf0
Event: 3,963 loading class 0x00007fee0c238cf0 done
Event: 3,963 loading class 0x00007fee0c0a5bc0
Event: 3,963 loading class 0x00007fee0c0a5bc0 done
Event: 3,964 Thread 0x00007fedb4157000 Thread exited: 0x00007fedb4157000
Event: 3,972 Thread 0x00007fee0c3f0800 Thread exited: 0x00007fee0c3f0800
Event: 3,973 Thread 0x00007fedb44a3800 Thread exited: 0x00007fedb44a3800
Event: 3,973 Thread 0x00007fee0c0e8800 Thread exited: 0x00007fee0c0e8800
Event: 3,973 Executing VM operation: Exit


Dynamic libraries:
00400000-00401000 r-xp 00000000 08:06 1967722                            /usr/lib/jvm/java-7-oracle/bin/java
00600000-00601000 rw-p 00000000 08:06 1967722                            /usr/lib/jvm/java-7-oracle/bin/java
014c5000-014e6000 rw-p 00000000 00:00 0                                  [heap]
bf400000-c08c0000 rw-p 00000000 00:00 0 
c08c0000-c4600000 rw-p 00000000 00:00 0 
c4600000-c6dc0000 rw-p 00000000 00:00 0 
c6dc0000-ec200000 rw-p 00000000 00:00 0 
ec200000-ed5d0000 rw-p 00000000 00:00 0 
ed5d0000-100000000 rw-p 00000000 00:00 0 
7feda0000000-7feda0021000 rw-p 00000000 00:00 0 
7feda0021000-7feda4000000 ---p 00000000 00:00 0 
7feda8000000-7feda8dad000 rw-p 00000000 00:00 0 
7feda8dad000-7fedac000000 ---p 00000000 00:00 0 
7fedac000000-7fedac021000 rw-p 00000000 00:00 0 
7fedac021000-7fedb0000000 ---p 00000000 00:00 0 
7fedb0000000-7fedb0021000 rw-p 00000000 00:00 0 
7fedb0021000-7fedb4000000 ---p 00000000 00:00 0 
7fedb4000000-7fedb46ae000 rw-p 00000000 00:00 0 
7fedb46ae000-7fedb8000000 ---p 00000000 00:00 0 
7fedb8000000-7fedb8021000 rw-p 00000000 00:00 0 
7fedb8021000-7fedbc000000 ---p 00000000 00:00 0 
7fedbc000000-7fedbc474000 rw-p 00000000 00:00 0 
7fedbc474000-7fedc0000000 ---p 00000000 00:00 0 
7fedc0000000-7fedc0021000 rw-p 00000000 00:00 0 
7fedc0021000-7fedc4000000 ---p 00000000 00:00 0 
7fedc4000000-7fedc4021000 rw-p 00000000 00:00 0 
7fedc4021000-7fedc8000000 ---p 00000000 00:00 0 
7fedc8000000-7fedc8021000 rw-p 00000000 00:00 0 
7fedc8021000-7fedcc000000 ---p 00000000 00:00 0 
7fedcc000000-7fedcc021000 rw-p 00000000 00:00 0 
7fedcc021000-7fedd0000000 ---p 00000000 00:00 0 
7fedd0000000-7fedd0158000 rw-p 00000000 00:00 0 
7fedd0158000-7fedd4000000 ---p 00000000 00:00 0 
7fedd4000000-7fedd41e4000 rw-p 00000000 00:00 0 
7fedd41e4000-7fedd8000000 ---p 00000000 00:00 0 
7fedd8000000-7fedd8021000 rw-p 00000000 00:00 0 
7fedd8021000-7feddc000000 ---p 00000000 00:00 0 
7feddc000000-7feddc021000 rw-p 00000000 00:00 0 
7feddc021000-7fede0000000 ---p 00000000 00:00 0 
7fede0000000-7fede0021000 rw-p 00000000 00:00 0 
7fede0021000-7fede4000000 ---p 00000000 00:00 0 
7fede4000000-7fede4021000 rw-p 00000000 00:00 0 
7fede4021000-7fede8000000 ---p 00000000 00:00 0 
7fede8000000-7fede8021000 rw-p 00000000 00:00 0 
7fede8021000-7fedec000000 ---p 00000000 00:00 0 
7fedf0000000-7fedf0021000 rw-p 00000000 00:00 0 
7fedf0021000-7fedf4000000 ---p 00000000 00:00 0 
7fedf7597000-7fedf759a000 ---p 00000000 00:00 0 
7fedf759a000-7fedf7698000 rw-p 00000000 00:00 0 
7fedf7698000-7fedf769b000 ---p 00000000 00:00 0 
7fedf769b000-7fedf7799000 rw-p 00000000 00:00 0 
7fedf7799000-7fedf7e99000 rw-s 00006000 00:05 8784                       /dev/ati/card0
7fedf7e99000-7fedf7ee5000 r-xp 00000000 08:06 9961632                    /usr/lib/libatiadlxx.so
7fedf7ee5000-7fedf7fe5000 ---p 0004c000 08:06 9961632                    /usr/lib/libatiadlxx.so
7fedf7fe5000-7fedf7ff0000 rw-p 0004c000 08:06 9961632                    /usr/lib/libatiadlxx.so
7fedf7ff0000-7fedf8000000 rw-p 00000000 00:00 0 
7fedf8000000-7fedf8021000 rw-p 00000000 00:00 0 
7fedf8021000-7fedfc000000 ---p 00000000 00:00 0 
7fedfc026000-7fedfc029000 ---p 00000000 00:00 0 
7fedfc029000-7fedfc127000 rw-p 00000000 00:00 0 
7fedfc127000-7fedfe0c5000 r-xp 00000000 08:06 10092955                   /usr/lib/x86_64-linux-gnu/dri/fglrx_dri.so
7fedfe0c5000-7fedfe1c4000 ---p 01f9e000 08:06 10092955                   /usr/lib/x86_64-linux-gnu/dri/fglrx_dri.so
7fedfe1c4000-7fedfe312000 rwxp 01f9d000 08:06 10092955                   /usr/lib/x86_64-linux-gnu/dri/fglrx_dri.so
7fedfe312000-7fedfe446000 rwxp 00000000 00:00 0 
7fedfe446000-7fedfe448000 r-xp 00000000 08:06 9965233                    /usr/lib/x86_64-linux-gnu/libXinerama.so.1.0.0
7fedfe448000-7fedfe647000 ---p 00002000 08:06 9965233                    /usr/lib/x86_64-linux-gnu/libXinerama.so.1.0.0
7fedfe647000-7fedfe648000 r--p 00001000 08:06 9965233                    /usr/lib/x86_64-linux-gnu/libXinerama.so.1.0.0
7fedfe648000-7fedfe649000 rw-p 00002000 08:06 9965233                    /usr/lib/x86_64-linux-gnu/libXinerama.so.1.0.0
7fedfe649000-7fedfe64c000 ---p 00000000 00:00 0 
7fedfe64c000-7fedfe74a000 rw-p 00000000 00:00 0 
7fedfe74a000-7fedfe7d7000 r-xp 00000000 08:06 4456531                    /tmp/jogamp_0000/file_cache/jln628158183987084609/jln2030982156482933031/libjogl_desktop.so
7fedfe7d7000-7fedfe9d7000 ---p 0008d000 08:06 4456531                    /tmp/jogamp_0000/file_cache/jln628158183987084609/jln2030982156482933031/libjogl_desktop.so
7fedfe9d7000-7fedfe9d8000 r--p 0008d000 08:06 4456531                    /tmp/jogamp_0000/file_cache/jln628158183987084609/jln2030982156482933031/libjogl_desktop.so
7fedfe9d8000-7fedfe9d9000 rw-p 0008e000 08:06 4456531                    /tmp/jogamp_0000/file_cache/jln628158183987084609/jln2030982156482933031/libjogl_desktop.so
7fedfe9d9000-7fedfe9e0000 r-xp 00000000 08:06 9961665                    /usr/lib/libatiuki.so.1.0
7fedfe9e0000-7fedfeae0000 ---p 00007000 08:06 9961665                    /usr/lib/libatiuki.so.1.0
7fedfeae0000-7fedfeae1000 rw-p 00007000 08:06 9961665                    /usr/lib/libatiuki.so.1.0
7fedfeae1000-7fedfeae2000 rw-p 00000000 00:00 0 
7fedfeae2000-7fedfeba0000 r-xp 00000000 08:06 9961708                    /usr/lib/fglrx/fglrx-libGL.so.1.2
7fedfeba0000-7fedfeca0000 ---p 000be000 08:06 9961708                    /usr/lib/fglrx/fglrx-libGL.so.1.2
7fedfeca0000-7fedfecc7000 rwxp 000be000 08:06 9961708                    /usr/lib/fglrx/fglrx-libGL.so.1.2
7fedfecc7000-7fedfece6000 rwxp 00000000 00:00 0 
7fedfece6000-7fedfecea000 r-xp 00000000 08:06 9969743                    /usr/lib/x86_64-linux-gnu/libXxf86vm.so.1.0.0
7fedfecea000-7fedfeee9000 ---p 00004000 08:06 9969743                    /usr/lib/x86_64-linux-gnu/libXxf86vm.so.1.0.0
7fedfeee9000-7fedfeeea000 r--p 00003000 08:06 9969743                    /usr/lib/x86_64-linux-gnu/libXxf86vm.so.1.0.0
7fedfeeea000-7fedfeeeb000 rw-p 00004000 08:06 9969743                    /usr/lib/x86_64-linux-gnu/libXxf86vm.so.1.0.0
7fedfeeeb000-7fedfeef1000 r-xp 00000000 08:06 4456559                    /tmp/jogamp_0000/file_cache/jln628158183987084609/jln2030982156482933031/libnativewindow_x11.so
7fedfeef1000-7fedff0f0000 ---p 00006000 08:06 4456559                    /tmp/jogamp_0000/file_cache/jln628158183987084609/jln2030982156482933031/libnativewindow_x11.so
7fedff0f0000-7fedff0f1000 r--p 00005000 08:06 4456559                    /tmp/jogamp_0000/file_cache/jln628158183987084609/jln2030982156482933031/libnativewindow_x11.so
7fedff0f1000-7fedff0f2000 rw-p 00006000 08:06 4456559                    /tmp/jogamp_0000/file_cache/jln628158183987084609/jln2030982156482933031/libnativewindow_x11.so
7fedff116000-7fedff119000 ---p 00000000 00:00 0 
7fedff119000-7fedff217000 rw-p 00000000 00:00 0 
7fedff217000-7fedff21a000 ---p 00000000 00:00 0 
7fedff21a000-7fedff318000 rw-p 00000000 00:00 0 
7fedff318000-7fedff31a000 r-xp 00000000 08:06 4456558                    /tmp/jogamp_0000/file_cache/jln628158183987084609/jln2030982156482933031/libnativewindow_awt.so
7fedff31a000-7fedff519000 ---p 00002000 08:06 4456558                    /tmp/jogamp_0000/file_cache/jln628158183987084609/jln2030982156482933031/libnativewindow_awt.so
7fedff519000-7fedff51a000 r--p 00001000 08:06 4456558                    /tmp/jogamp_0000/file_cache/jln628158183987084609/jln2030982156482933031/libnativewindow_awt.so
7fedff51a000-7fedff51b000 rw-p 00002000 08:06 4456558                    /tmp/jogamp_0000/file_cache/jln628158183987084609/jln2030982156482933031/libnativewindow_awt.so
7fedff51b000-7fedff51c000 r-xp 00000000 08:06 1967578                    /usr/lib/jvm/java-7-oracle/jre/lib/amd64/libjawt.so
7fedff51c000-7fedff71b000 ---p 00001000 08:06 1967578                    /usr/lib/jvm/java-7-oracle/jre/lib/amd64/libjawt.so
7fedff71b000-7fedff71c000 rw-p 00000000 08:06 1967578                    /usr/lib/jvm/java-7-oracle/jre/lib/amd64/libjawt.so
7fedff7b4000-7fedff7d4000 rw-s f0020000 00:05 8784                       /dev/ati/card0
7fedff7d4000-7fedff7d6000 r-xp 00000000 08:06 4456535                    /tmp/jogamp_0000/file_cache/jln628158183987084609/jln2030982156482933031/libgluegen-rt.so
7fedff7d6000-7fedff9d5000 ---p 00002000 08:06 4456535                    /tmp/jogamp_0000/file_cache/jln628158183987084609/jln2030982156482933031/libgluegen-rt.so
7fedff9d5000-7fedff9d6000 r--p 00001000 08:06 4456535                    /tmp/jogamp_0000/file_cache/jln628158183987084609/jln2030982156482933031/libgluegen-rt.so
7fedff9d6000-7fedff9d7000 rw-p 00002000 08:06 4456535                    /tmp/jogamp_0000/file_cache/jln628158183987084609/jln2030982156482933031/libgluegen-rt.so
7fedff9d7000-7fedff9da000 ---p 00000000 00:00 0 
7fedff9da000-7fedffad8000 rw-p 00000000 00:00 0 
7fedffad8000-7fedffae8000 r-xp 00000000 08:06 1967585                    /usr/lib/jvm/java-7-oracle/jre/lib/amd64/libnio.so
7fedffae8000-7fedffce8000 ---p 00010000 08:06 1967585                    /usr/lib/jvm/java-7-oracle/jre/lib/amd64/libnio.so
7fedffce8000-7fedffce9000 rw-p 00010000 08:06 1967585                    /usr/lib/jvm/java-7-oracle/jre/lib/amd64/libnio.so
7fedffce9000-7fedffcfe000 r-xp 00000000 08:06 1967604                    /usr/lib/jvm/java-7-oracle/jre/lib/amd64/libnet.so
7fedffcfe000-7fedffefe000 ---p 00015000 08:06 1967604                    /usr/lib/jvm/java-7-oracle/jre/lib/amd64/libnet.so
7fedffefe000-7fedffeff000 rw-p 00015000 08:06 1967604                    /usr/lib/jvm/java-7-oracle/jre/lib/amd64/libnet.so
7fedffeff000-7fedfff02000 ---p 00000000 00:00 0 
7fedfff02000-7fee00000000 rw-p 00000000 00:00 0 
7fee00000000-7fee00021000 rw-p 00000000 00:00 0 
7fee00021000-7fee04000000 ---p 00000000 00:00 0 
7fee0400d000-7fee0403e000 rw-p 00000000 00:00 0 
7fee0403e000-7fee04041000 ---p 00000000 00:00 0 
7fee04041000-7fee04066000 rw-p 00000000 00:00 0 
7fee04066000-7fee0406b000 r-xp 00000000 08:06 9962178                    /usr/lib/x86_64-linux-gnu/libXfixes.so.3.1.0
7fee0406b000-7fee0426a000 ---p 00005000 08:06 9962178                    /usr/lib/x86_64-linux-gnu/libXfixes.so.3.1.0
7fee0426a000-7fee0426b000 r--p 00004000 08:06 9962178                    /usr/lib/x86_64-linux-gnu/libXfixes.so.3.1.0
7fee0426b000-7fee0426c000 rw-p 00005000 08:06 9962178                    /usr/lib/x86_64-linux-gnu/libXfixes.so.3.1.0
7fee0426c000-7fee04275000 r-xp 00000000 08:06 9967225                    /usr/lib/x86_64-linux-gnu/libXcursor.so.1.0.2
7fee04275000-7fee04474000 ---p 00009000 08:06 9967225                    /usr/lib/x86_64-linux-gnu/libXcursor.so.1.0.2
7fee04474000-7fee04475000 r--p 00008000 08:06 9967225                    /usr/lib/x86_64-linux-gnu/libXcursor.so.1.0.2
7fee04475000-7fee04476000 rw-p 00009000 08:06 9967225                    /usr/lib/x86_64-linux-gnu/libXcursor.so.1.0.2
7fee04476000-7fee04479000 ---p 00000000 00:00 0 
7fee04479000-7fee04577000 rw-p 00000000 00:00 0 
7fee04577000-7fee0459c000 r--p 00000000 08:06 10359730                   /usr/share/locale-langpack/fr/LC_MESSAGES/libc.mo
7fee0459c000-7fee045a1000 r-xp 00000000 08:06 9962011                    /usr/lib/x86_64-linux-gnu/libXdmcp.so.6.0.0
7fee045a1000-7fee047a0000 ---p 00005000 08:06 9962011                    /usr/lib/x86_64-linux-gnu/libXdmcp.so.6.0.0
7fee047a0000-7fee047a1000 r--p 00004000 08:06 9962011                    /usr/lib/x86_64-linux-gnu/libXdmcp.so.6.0.0
7fee047a1000-7fee047a2000 rw-p 00005000 08:06 9962011                    /usr/lib/x86_64-linux-gnu/libXdmcp.so.6.0.0
7fee047a2000-7fee047a4000 r-xp 00000000 08:06 9963502                    /usr/lib/x86_64-linux-gnu/libXau.so.6.0.0
7fee047a4000-7fee049a3000 ---p 00002000 08:06 9963502                    /usr/lib/x86_64-linux-gnu/libXau.so.6.0.0
7fee049a3000-7fee049a4000 r--p 00001000 08:06 9963502                    /usr/lib/x86_64-linux-gnu/libXau.so.6.0.0
7fee049a4000-7fee049a5000 rw-p 00002000 08:06 9963502                    /usr/lib/x86_64-linux-gnu/libXau.so.6.0.0
7fee049a5000-7fee049c2000 r-xp 00000000 08:06 9963508                    /usr/lib/x86_64-linux-gnu/libxcb.so.1.1.0
7fee049c2000-7fee04bc1000 ---p 0001d000 08:06 9963508                    /usr/lib/x86_64-linux-gnu/libxcb.so.1.1.0
7fee04bc1000-7fee04bc2000 r--p 0001c000 08:06 9963508                    /usr/lib/x86_64-linux-gnu/libxcb.so.1.1.0
7fee04bc2000-7fee04bc3000 rw-p 0001d000 08:06 9963508                    /usr/lib/x86_64-linux-gnu/libxcb.so.1.1.0
7fee04bc3000-7fee04bd1000 r-xp 00000000 08:06 9961805                    /usr/lib/x86_64-linux-gnu/libXi.so.6.1.0
7fee04bd1000-7fee04dd0000 ---p 0000e000 08:06 9961805                    /usr/lib/x86_64-linux-gnu/libXi.so.6.1.0
7fee04dd0000-7fee04dd1000 r--p 0000d000 08:06 9961805                    /usr/lib/x86_64-linux-gnu/libXi.so.6.1.0
7fee04dd1000-7fee04dd2000 rw-p 0000e000 08:06 9961805                    /usr/lib/x86_64-linux-gnu/libXi.so.6.1.0
7fee04dd2000-7fee04dd7000 r-xp 00000000 08:06 9962629                    /usr/lib/x86_64-linux-gnu/libXtst.so.6.1.0
7fee04dd7000-7fee04fd6000 ---p 00005000 08:06 9962629                    /usr/lib/x86_64-linux-gnu/libXtst.so.6.1.0
7fee04fd6000-7fee04fd7000 r--p 00004000 08:06 9962629                    /usr/lib/x86_64-linux-gnu/libXtst.so.6.1.0
7fee04fd7000-7fee04fd8000 rw-p 00005000 08:06 9962629                    /usr/lib/x86_64-linux-gnu/libXtst.so.6.1.0
7fee04fd8000-7fee04fe1000 r-xp 00000000 08:06 9963780                    /usr/lib/x86_64-linux-gnu/libXrender.so.1.3.0
7fee04fe1000-7fee051e0000 ---p 00009000 08:06 9963780                    /usr/lib/x86_64-linux-gnu/libXrender.so.1.3.0
7fee051e0000-7fee051e1000 r--p 00008000 08:06 9963780                    /usr/lib/x86_64-linux-gnu/libXrender.so.1.3.0
7fee051e1000-7fee051e2000 rw-p 00009000 08:06 9963780                    /usr/lib/x86_64-linux-gnu/libXrender.so.1.3.0
7fee051e2000-7fee05311000 r-xp 00000000 08:06 9963828                    /usr/lib/x86_64-linux-gnu/libX11.so.6.3.0
7fee05311000-7fee05511000 ---p 0012f000 08:06 9963828                    /usr/lib/x86_64-linux-gnu/libX11.so.6.3.0
7fee05511000-7fee05512000 r--p 0012f000 08:06 9963828                    /usr/lib/x86_64-linux-gnu/libX11.so.6.3.0
7fee05512000-7fee05516000 rw-p 00130000 08:06 9963828                    /usr/lib/x86_64-linux-gnu/libX11.so.6.3.0
7fee05516000-7fee05526000 r-xp 00000000 08:06 9961497                    /usr/lib/x86_64-linux-gnu/libXext.so.6.4.0
7fee05526000-7fee05725000 ---p 00010000 08:06 9961497                    /usr/lib/x86_64-linux-gnu/libXext.so.6.4.0
7fee05725000-7fee05726000 r--p 0000f000 08:06 9961497                    /usr/lib/x86_64-linux-gnu/libXext.so.6.4.0
7fee05726000-7fee05727000 rw-p 00010000 08:06 9961497                    /usr/lib/x86_64-linux-gnu/libXext.so.6.4.0
7fee05727000-7fee05777000 r-xp 00000000 08:06 1967618                    /usr/lib/jvm/java-7-oracle/jre/lib/amd64/xawt/libmawt.so
7fee05777000-7fee05977000 ---p 00050000 08:06 1967618                    /usr/lib/jvm/java-7-oracle/jre/lib/amd64/xawt/libmawt.so
7fee05977000-7fee0597b000 rw-p 00050000 08:06 1967618                    /usr/lib/jvm/java-7-oracle/jre/lib/amd64/xawt/libmawt.so
7fee0597b000-7fee0597c000 rw-p 00000000 00:00 0 
7fee0597c000-7fee05a1e000 r-xp 00000000 08:06 1967615                    /usr/lib/jvm/java-7-oracle/jre/lib/amd64/libawt.so
7fee05a1e000-7fee05c1e000 ---p 000a2000 08:06 1967615                    /usr/lib/jvm/java-7-oracle/jre/lib/amd64/libawt.so
7fee05c1e000-7fee05c2a000 rw-p 000a2000 08:06 1967615                    /usr/lib/jvm/java-7-oracle/jre/lib/amd64/libawt.so
7fee05c2a000-7fee05c4e000 rw-p 00000000 00:00 0 
7fee05c4e000-7fee05c68000 r--s 00477000 08:11 2217                       /media/DDE-640/IMAC/Projets_Tut/PlantS/libjogl/jogamp-all-platforms/jar/jogl-all.jar
7fee05c68000-7fee05c6d000 r--s 0002c000 08:11 2172                       /media/DDE-640/IMAC/Projets_Tut/PlantS/libjogl/jogamp-all-platforms/jar/gluegen-rt.jar
7fee05c6d000-7fee05c6e000 ---p 00000000 00:00 0 
7fee05c6e000-7fee05d6e000 rw-p 00000000 00:00 0 
7fee05d6e000-7fee05d71000 ---p 00000000 00:00 0 
7fee05d71000-7fee05e6f000 rw-p 00000000 00:00 0 
7fee05e6f000-7fee05e72000 ---p 00000000 00:00 0 
7fee05e72000-7fee05f70000 rw-p 00000000 00:00 0 
7fee05f70000-7fee05f73000 ---p 00000000 00:00 0 
7fee05f73000-7fee06071000 rw-p 00000000 00:00 0 
7fee06071000-7fee06074000 ---p 00000000 00:00 0 
7fee06074000-7fee06172000 rw-p 00000000 00:00 0 
7fee06172000-7fee06432000 r--p 00000000 08:06 9961657                    /usr/lib/locale/locale-archive
7fee06432000-7fee06435000 ---p 00000000 00:00 0 
7fee06435000-7fee06533000 rw-p 00000000 00:00 0 
7fee06533000-7fee06536000 ---p 00000000 00:00 0 
7fee06536000-7fee06634000 rw-p 00000000 00:00 0 
7fee06634000-7fee06635000 ---p 00000000 00:00 0 
7fee06635000-7fee09000000 rw-p 00000000 00:00 0 
7fee09000000-7fee09270000 rwxp 00000000 00:00 0 
7fee09270000-7fee0c443000 rw-p 00000000 00:00 0 
7fee0c443000-7fee10000000 ---p 00000000 00:00 0 
7fee10000000-7fee107b9000 rw-p 00000000 00:00 0 
7fee107b9000-7fee10975000 r--s 039da000 08:06 1967452                    /usr/lib/jvm/java-7-oracle/jre/lib/rt.jar
7fee10975000-7fee111b5000 rw-p 00000000 00:00 0 
7fee111b5000-7fee111b6000 ---p 00000000 00:00 0 
7fee111b6000-7fee112b6000 rw-p 00000000 00:00 0 
7fee112b6000-7fee112b7000 ---p 00000000 00:00 0 
7fee112b7000-7fee113b7000 rw-p 00000000 00:00 0 
7fee113b7000-7fee113b8000 ---p 00000000 00:00 0 
7fee113b8000-7fee114b8000 rw-p 00000000 00:00 0 
7fee114b8000-7fee114b9000 ---p 00000000 00:00 0 
7fee114b9000-7fee115c4000 rw-p 00000000 00:00 0 
7fee115c4000-7fee115e2000 rw-p 00000000 00:00 0 
7fee115e2000-7fee115f6000 rw-p 00000000 00:00 0 
7fee115f6000-7fee11720000 rw-p 00000000 00:00 0 
7fee11720000-7fee1172b000 rw-p 00000000 00:00 0 
7fee1172b000-7fee11749000 rw-p 00000000 00:00 0 
7fee11749000-7fee1175d000 rw-p 00000000 00:00 0 
7fee1175d000-7fee11887000 rw-p 00000000 00:00 0 
7fee11887000-7fee11891000 rw-p 00000000 00:00 0 
7fee11891000-7fee11926000 rw-p 00000000 00:00 0 
7fee11926000-7fee11927000 rw-p 00000000 00:00 0 
7fee11927000-7fee11941000 r-xp 00000000 08:06 1967605                    /usr/lib/jvm/java-7-oracle/jre/lib/amd64/libzip.so
7fee11941000-7fee11b41000 ---p 0001a000 08:06 1967605                    /usr/lib/jvm/java-7-oracle/jre/lib/amd64/libzip.so
7fee11b41000-7fee11b42000 rw-p 0001a000 08:06 1967605                    /usr/lib/jvm/java-7-oracle/jre/lib/amd64/libzip.so
7fee11b42000-7fee11b4e000 r-xp 00000000 08:06 2233934                    /lib/x86_64-linux-gnu/libnss_files-2.15.so
7fee11b4e000-7fee11d4d000 ---p 0000c000 08:06 2233934                    /lib/x86_64-linux-gnu/libnss_files-2.15.so
7fee11d4d000-7fee11d4e000 r--p 0000b000 08:06 2233934                    /lib/x86_64-linux-gnu/libnss_files-2.15.so
7fee11d4e000-7fee11d4f000 rw-p 0000c000 08:06 2233934                    /lib/x86_64-linux-gnu/libnss_files-2.15.so
7fee11d4f000-7fee11d59000 r-xp 00000000 08:06 2233929                    /lib/x86_64-linux-gnu/libnss_nis-2.15.so
7fee11d59000-7fee11f59000 ---p 0000a000 08:06 2233929                    /lib/x86_64-linux-gnu/libnss_nis-2.15.so
7fee11f59000-7fee11f5a000 r--p 0000a000 08:06 2233929                    /lib/x86_64-linux-gnu/libnss_nis-2.15.so
7fee11f5a000-7fee11f5b000 rw-p 0000b000 08:06 2233929                    /lib/x86_64-linux-gnu/libnss_nis-2.15.so
7fee11f5b000-7fee11f72000 r-xp 00000000 08:06 2233945                    /lib/x86_64-linux-gnu/libnsl-2.15.so
7fee11f72000-7fee12171000 ---p 00017000 08:06 2233945                    /lib/x86_64-linux-gnu/libnsl-2.15.so
7fee12171000-7fee12172000 r--p 00016000 08:06 2233945                    /lib/x86_64-linux-gnu/libnsl-2.15.so
7fee12172000-7fee12173000 rw-p 00017000 08:06 2233945                    /lib/x86_64-linux-gnu/libnsl-2.15.so
7fee12173000-7fee12175000 rw-p 00000000 00:00 0 
7fee12175000-7fee1217d000 r-xp 00000000 08:06 2233935                    /lib/x86_64-linux-gnu/libnss_compat-2.15.so
7fee1217d000-7fee1237c000 ---p 00008000 08:06 2233935                    /lib/x86_64-linux-gnu/libnss_compat-2.15.so
7fee1237c000-7fee1237d000 r--p 00007000 08:06 2233935                    /lib/x86_64-linux-gnu/libnss_compat-2.15.so
7fee1237d000-7fee1237e000 rw-p 00008000 08:06 2233935                    /lib/x86_64-linux-gnu/libnss_compat-2.15.so
7fee1237e000-7fee123a7000 r-xp 00000000 08:06 1967577                    /usr/lib/jvm/java-7-oracle/jre/lib/amd64/libjava.so
7fee123a7000-7fee125a7000 ---p 00029000 08:06 1967577                    /usr/lib/jvm/java-7-oracle/jre/lib/amd64/libjava.so
7fee125a7000-7fee125a9000 rw-p 00029000 08:06 1967577                    /usr/lib/jvm/java-7-oracle/jre/lib/amd64/libjava.so
7fee125a9000-7fee125b6000 r-xp 00000000 08:06 1967580                    /usr/lib/jvm/java-7-oracle/jre/lib/amd64/libverify.so
7fee125b6000-7fee127b5000 ---p 0000d000 08:06 1967580                    /usr/lib/jvm/java-7-oracle/jre/lib/amd64/libverify.so
7fee127b5000-7fee127b7000 rw-p 0000c000 08:06 1967580                    /usr/lib/jvm/java-7-oracle/jre/lib/amd64/libverify.so
7fee127b7000-7fee127be000 r-xp 00000000 08:06 2233808                    /lib/x86_64-linux-gnu/librt-2.15.so
7fee127be000-7fee129bd000 ---p 00007000 08:06 2233808                    /lib/x86_64-linux-gnu/librt-2.15.so
7fee129bd000-7fee129be000 r--p 00006000 08:06 2233808                    /lib/x86_64-linux-gnu/librt-2.15.so
7fee129be000-7fee129bf000 rw-p 00007000 08:06 2233808                    /lib/x86_64-linux-gnu/librt-2.15.so
7fee129bf000-7fee12aba000 r-xp 00000000 08:06 2233931                    /lib/x86_64-linux-gnu/libm-2.15.so
7fee12aba000-7fee12cb9000 ---p 000fb000 08:06 2233931                    /lib/x86_64-linux-gnu/libm-2.15.so
7fee12cb9000-7fee12cba000 r--p 000fa000 08:06 2233931                    /lib/x86_64-linux-gnu/libm-2.15.so
7fee12cba000-7fee12cbb000 rw-p 000fb000 08:06 2233931                    /lib/x86_64-linux-gnu/libm-2.15.so
7fee12cbb000-7fee13702000 r-xp 00000000 08:06 1967573                    /usr/lib/jvm/java-7-oracle/jre/lib/amd64/server/libjvm.so
7fee13702000-7fee13901000 ---p 00a47000 08:06 1967573                    /usr/lib/jvm/java-7-oracle/jre/lib/amd64/server/libjvm.so
7fee13901000-7fee139a5000 rw-p 00a46000 08:06 1967573                    /usr/lib/jvm/java-7-oracle/jre/lib/amd64/server/libjvm.so
7fee139a5000-7fee139e0000 rw-p 00000000 00:00 0 
7fee139e0000-7fee13b95000 r-xp 00000000 08:06 2233802                    /lib/x86_64-linux-gnu/libc-2.15.so
7fee13b95000-7fee13d94000 ---p 001b5000 08:06 2233802                    /lib/x86_64-linux-gnu/libc-2.15.so
7fee13d94000-7fee13d98000 r--p 001b4000 08:06 2233802                    /lib/x86_64-linux-gnu/libc-2.15.so
7fee13d98000-7fee13d9a000 rw-p 001b8000 08:06 2233802                    /lib/x86_64-linux-gnu/libc-2.15.so
7fee13d9a000-7fee13d9f000 rw-p 00000000 00:00 0 
7fee13d9f000-7fee13da1000 r-xp 00000000 08:06 2233800                    /lib/x86_64-linux-gnu/libdl-2.15.so
7fee13da1000-7fee13fa1000 ---p 00002000 08:06 2233800                    /lib/x86_64-linux-gnu/libdl-2.15.so
7fee13fa1000-7fee13fa2000 r--p 00002000 08:06 2233800                    /lib/x86_64-linux-gnu/libdl-2.15.so
7fee13fa2000-7fee13fa3000 rw-p 00003000 08:06 2233800                    /lib/x86_64-linux-gnu/libdl-2.15.so
7fee13fa3000-7fee13fb9000 r-xp 00000000 08:06 1967609                    /usr/lib/jvm/java-7-oracle/jre/lib/amd64/jli/libjli.so
7fee13fb9000-7fee141b8000 ---p 00016000 08:06 1967609                    /usr/lib/jvm/java-7-oracle/jre/lib/amd64/jli/libjli.so
7fee141b8000-7fee141b9000 rw-p 00015000 08:06 1967609                    /usr/lib/jvm/java-7-oracle/jre/lib/amd64/jli/libjli.so
7fee141b9000-7fee141d1000 r-xp 00000000 08:06 2233804                    /lib/x86_64-linux-gnu/libpthread-2.15.so
7fee141d1000-7fee143d0000 ---p 00018000 08:06 2233804                    /lib/x86_64-linux-gnu/libpthread-2.15.so
7fee143d0000-7fee143d1000 r--p 00017000 08:06 2233804                    /lib/x86_64-linux-gnu/libpthread-2.15.so
7fee143d1000-7fee143d2000 rw-p 00018000 08:06 2233804                    /lib/x86_64-linux-gnu/libpthread-2.15.so
7fee143d2000-7fee143d6000 rw-p 00000000 00:00 0 
7fee143d6000-7fee143f8000 r-xp 00000000 08:06 2233940                    /lib/x86_64-linux-gnu/ld-2.15.so
7fee14407000-7fee14411000 r--s 00254000 08:06 1966628                    /usr/lib/jvm/java-7-oracle/jre/lib/resources.jar
7fee14411000-7fee14413000 rw-s 00002000 00:05 8784                       /dev/ati/card0
7fee14413000-7fee14414000 r--p 00000000 00:00 0 
7fee14414000-7fee14418000 r--s 00089000 08:06 1967701                    /usr/lib/jvm/java-7-oracle/jre/lib/jsse.jar
7fee14418000-7fee14422000 rw-p 00000000 00:00 0 
7fee14422000-7fee144d8000 rw-p 00000000 00:00 0 
7fee144d8000-7fee144db000 ---p 00000000 00:00 0 
7fee144db000-7fee145dd000 rw-p 00000000 00:00 0 
7fee145dd000-7fee145de000 rw-s 00005000 00:05 8784                       /dev/ati/card0
7fee145de000-7fee145df000 r--s 00023000 08:11 2207                       /media/DDE-640/IMAC/Projets_Tut/PlantS/libjogl/jogamp-all-platforms/jar/jogl-all-natives-linux-amd64.jar
7fee145df000-7fee145e0000 r--s 00000000 08:11 2163                       /media/DDE-640/IMAC/Projets_Tut/PlantS/libjogl/jogamp-all-platforms/jar/gluegen-rt-natives-linux-amd64.jar
7fee145e0000-7fee145e5000 r--s 00044000 08:11 2060                       /media/DDE-640/IMAC/Projets_Tut/PlantS/jdom-2.0.3/jdom-2.0.3.jar
7fee145e5000-7fee145ec000 r--s 00000000 08:06 10362198                   /usr/lib/x86_64-linux-gnu/gconv/gconv-modules.cache
7fee145ec000-7fee145f4000 rw-s 00000000 08:06 4456488                    /tmp/hsperfdata_guyom/7224 (deleted)
7fee145f4000-7fee145f5000 rw-p 00000000 00:00 0 
7fee145f5000-7fee145f6000 ---p 00000000 00:00 0 
7fee145f6000-7fee145f8000 rw-p 00000000 00:00 0 
7fee145f8000-7fee145f9000 r--p 00022000 08:06 2233940                    /lib/x86_64-linux-gnu/ld-2.15.so
7fee145f9000-7fee145fb000 rw-p 00023000 08:06 2233940                    /lib/x86_64-linux-gnu/ld-2.15.so
7fff75212000-7fff75233000 rw-p 00000000 00:00 0                          [stack]
7fff7525e000-7fff7525f000 r-xp 00000000 00:00 0                          [vdso]
ffffffffff600000-ffffffffff601000 r-xp 00000000 00:00 0                  [vsyscall]

VM Arguments:
jvm_args: -Djava.library.path=/media/DDE-640/IMAC/Projets_Tut/PlantS/libjogl/jogamp-all-platforms/jar:/media/DDE-640/IMAC/Projets_Tut/PlantS/libjogl/jogamp-all-platforms/jar -Dfile.encoding=UTF-8 
java_command: JOGLApp
Launcher Type: SUN_STANDARD

Environment Variables:
PATH=/usr/lib/lightdm/lightdm:/usr/local/sbin:/usr/local/bin:/usr/sbin:/usr/bin:/sbin:/bin:/usr/games
SHELL=/bin/bash
DISPLAY=:0.0

Signal Handlers:
SIGSEGV: [libjvm.so+0x8a5c80], sa_mask[0]=0x7ffbfeff, sa_flags=0x10000004
SIGBUS: [libjvm.so+0x8a5c80], sa_mask[0]=0x7ffbfeff, sa_flags=0x10000004
SIGFPE: [libjvm.so+0x741d60], sa_mask[0]=0x7ffbfeff, sa_flags=0x10000004
SIGPIPE: [libjvm.so+0x741d60], sa_mask[0]=0x7ffbfeff, sa_flags=0x10000004
SIGXFSZ: [libjvm.so+0x741d60], sa_mask[0]=0x7ffbfeff, sa_flags=0x10000004
SIGILL: [libjvm.so+0x741d60], sa_mask[0]=0x7ffbfeff, sa_flags=0x10000004
SIGUSR1: SIG_DFL, sa_mask[0]=0x00000000, sa_flags=0x00000000
SIGUSR2: [libjvm.so+0x7416b0], sa_mask[0]=0x00000004, sa_flags=0x10000004
SIGHUP: [libjvm.so+0x743a40], sa_mask[0]=0x7ffbfeff, sa_flags=0x10000004
SIGINT: [libjvm.so+0x743a40], sa_mask[0]=0x7ffbfeff, sa_flags=0x10000004
SIGTERM: [libjvm.so+0x743a40], sa_mask[0]=0x7ffbfeff, sa_flags=0x10000004
SIGQUIT: [libjvm.so+0x743a40], sa_mask[0]=0x7ffbfeff, sa_flags=0x10000004


---------------  S Y S T E M  ---------------

OS:wheezy/sid

uname:Linux 3.2.0-32-generic #51-Ubuntu SMP Wed Sep 26 21:33:09 UTC 2012 x86_64
libc:glibc 2.15 NPTL 2.15 
rlimit: STACK 8192k, CORE 0k, NPROC 30344, NOFILE 4096, AS infinity
load average:0,81 0,57 0,39

/proc/meminfo:
MemTotal:        3901720 kB
MemFree:          998296 kB
Buffers:          230732 kB
Cached:          1177252 kB
SwapCached:            0 kB
Active:          1789376 kB
Inactive:         699908 kB
Active(anon):    1082072 kB
Inactive(anon):     1104 kB
Active(file):     707304 kB
Inactive(file):   698804 kB
Unevictable:           0 kB
Mlocked:               0 kB
SwapTotal:       4042748 kB
SwapFree:        4042748 kB
Dirty:               936 kB
Writeback:             0 kB
AnonPages:       1081300 kB
Mapped:           236872 kB
Shmem:              1880 kB
Slab:             150000 kB
SReclaimable:     119608 kB
SUnreclaim:        30392 kB
KernelStack:        3920 kB
PageTables:        29876 kB
NFS_Unstable:          0 kB
Bounce:                0 kB
WritebackTmp:          0 kB
CommitLimit:     5993608 kB
Committed_AS:    3842708 kB
VmallocTotal:   34359738367 kB
VmallocUsed:      111804 kB
VmallocChunk:   34359624412 kB
HardwareCorrupted:     0 kB
AnonHugePages:         0 kB
HugePages_Total:       0
HugePages_Free:        0
HugePages_Rsvd:        0
HugePages_Surp:        0
Hugepagesize:       2048 kB
DirectMap4k:      137148 kB
DirectMap2M:     3907584 kB


CPU:total 4 (2 cores per cpu, 2 threads per core) family 6 model 37 stepping 5, cmov, cx8, fxsr, mmx, sse, sse2, sse3, ssse3, sse4.1, sse4.2, popcnt, ht, tsc, tscinvbit

/proc/cpuinfo:
processor	: 0
vendor_id	: GenuineIntel
cpu family	: 6
model		: 37
model name	: Intel(R) Core(TM) i5 CPU       M 480  @ 2.67GHz
stepping	: 5
microcode	: 0x2
cpu MHz		: 2667.000
cache size	: 3072 KB
physical id	: 0
siblings	: 4
core id		: 0
cpu cores	: 2
apicid		: 0
initial apicid	: 0
fpu		: yes
fpu_exception	: yes
cpuid level	: 11
wp		: yes
flags		: fpu vme de pse tsc msr pae mce cx8 apic sep mtrr pge mca cmov pat pse36 clflush dts acpi mmx fxsr sse sse2 ss ht tm pbe syscall nx rdtscp lm constant_tsc arch_perfmon pebs bts rep_good nopl xtopology nonstop_tsc aperfmperf pni dtes64 monitor ds_cpl vmx est tm2 ssse3 cx16 xtpr pdcm pcid sse4_1 sse4_2 popcnt lahf_lm ida arat dtherm tpr_shadow vnmi flexpriority ept vpid
bogomips	: 5319.85
clflush size	: 64
cache_alignment	: 64
address sizes	: 36 bits physical, 48 bits virtual
power management:

processor	: 1
vendor_id	: GenuineIntel
cpu family	: 6
model		: 37
model name	: Intel(R) Core(TM) i5 CPU       M 480  @ 2.67GHz
stepping	: 5
microcode	: 0x2
cpu MHz		: 2667.000
cache size	: 3072 KB
physical id	: 0
siblings	: 4
core id		: 2
cpu cores	: 2
apicid		: 4
initial apicid	: 4
fpu		: yes
fpu_exception	: yes
cpuid level	: 11
wp		: yes
flags		: fpu vme de pse tsc msr pae mce cx8 apic sep mtrr pge mca cmov pat pse36 clflush dts acpi mmx fxsr sse sse2 ss ht tm pbe syscall nx rdtscp lm constant_tsc arch_perfmon pebs bts rep_good nopl xtopology nonstop_tsc aperfmperf pni dtes64 monitor ds_cpl vmx est tm2 ssse3 cx16 xtpr pdcm pcid sse4_1 sse4_2 popcnt lahf_lm ida arat dtherm tpr_shadow vnmi flexpriority ept vpid
bogomips	: 5319.88
clflush size	: 64
cache_alignment	: 64
address sizes	: 36 bits physical, 48 bits virtual
power management:

processor	: 2
vendor_id	: GenuineIntel
cpu family	: 6
model		: 37
model name	: Intel(R) Core(TM) i5 CPU       M 480  @ 2.67GHz
stepping	: 5
microcode	: 0x2
cpu MHz		: 2666.000
cache size	: 3072 KB
physical id	: 0
siblings	: 4
core id		: 0
cpu cores	: 2
apicid		: 1
initial apicid	: 1
fpu		: yes
fpu_exception	: yes
cpuid level	: 11
wp		: yes
flags		: fpu vme de pse tsc msr pae mce cx8 apic sep mtrr pge mca cmov pat pse36 clflush dts acpi mmx fxsr sse sse2 ss ht tm pbe syscall nx rdtscp lm constant_tsc arch_perfmon pebs bts rep_good nopl xtopology nonstop_tsc aperfmperf pni dtes64 monitor ds_cpl vmx est tm2 ssse3 cx16 xtpr pdcm pcid sse4_1 sse4_2 popcnt lahf_lm ida arat dtherm tpr_shadow vnmi flexpriority ept vpid
bogomips	: 5319.87
clflush size	: 64
cache_alignment	: 64
address sizes	: 36 bits physical, 48 bits virtual
power management:

processor	: 3
vendor_id	: GenuineIntel
cpu family	: 6
model		: 37
model name	: Intel(R) Core(TM) i5 CPU       M 480  @ 2.67GHz
stepping	: 5
microcode	: 0x2
cpu MHz		: 2667.000
cache size	: 3072 KB
physical id	: 0
siblings	: 4
core id		: 2
cpu cores	: 2
apicid		: 5
initial apicid	: 5
fpu		: yes
fpu_exception	: yes
cpuid level	: 11
wp		: yes
flags		: fpu vme de pse tsc msr pae mce cx8 apic sep mtrr pge mca cmov pat pse36 clflush dts acpi mmx fxsr sse sse2 ss ht tm pbe syscall nx rdtscp lm constant_tsc arch_perfmon pebs bts rep_good nopl xtopology nonstop_tsc aperfmperf pni dtes64 monitor ds_cpl vmx est tm2 ssse3 cx16 xtpr pdcm pcid sse4_1 sse4_2 popcnt lahf_lm ida arat dtherm tpr_shadow vnmi flexpriority ept vpid
bogomips	: 5319.88
clflush size	: 64
cache_alignment	: 64
address sizes	: 36 bits physical, 48 bits virtual
power management:



Memory: 4k page, physical 3901720k(998296k free), swap 4042748k(4042748k free)

vm_info: Java HotSpot(TM) 64-Bit Server VM (23.5-b02) for linux-amd64 JRE (1.7.0_09-b05), built on Sep 24 2012 20:07:15 by "java_re" with gcc 4.3.0 20080428 (Red Hat 4.3.0-8)

time: Thu Nov  8 19:16:10 2012
elapsed time: 3 seconds

