#
# A fatal error has been detected by the Java Runtime Environment:
#
#  SIGSEGV (0xb) at pc=0x00007f33500c2c58, pid=7174, tid=139858502919936
#
# JRE version: 7.0_09-b05
# Java VM: Java HotSpot(TM) 64-Bit Server VM (23.5-b02 mixed mode linux-amd64 compressed oops)
# Problematic frame:
# C  [libX11.so.6+0x33c58]  XQueryExtension+0x28
#
# Failed to write core dump. Core dumps have been disabled. To enable core dumping, try "ulimit -c unlimited" before starting Java again
#
# If you would like to submit a bug report, please visit:
#   http://bugreport.sun.com/bugreport/crash.jsp
#

---------------  T H R E A D  ---------------

Current thread (0x00007f3354092000):  VMThread [stack: 0x00007f335852a000,0x00007f335862b000] [id=7185]

siginfo:si_signo=SIGSEGV: si_errno=0, si_code=1 (SEGV_MAPERR), si_addr=0x0000000000001778

Registers:
RAX=0x00007f33380008c0, RBX=0x0000000000000e10, RCX=0x00007f3358629868, RDX=0x00007f3358629864
RSP=0x00007f3358629800, RBP=0x00007f3343981e12, RSI=0x00007f3343981e12, RDI=0x0000000000000e10
R8 =0x00007f335862986c, R9 =0x0000000000000000, R10=0x00007f335cc31fa8, R11=0x00007f335c8b1c80
R12=0x0000000000000000, R13=0x00007f3343981e12, R14=0x00007f33380008c0, R15=0x0000000000000000
RIP=0x00007f33500c2c58, EFLAGS=0x0000000000010206, CSGSFS=0x0000000000000033, ERR=0x0000000000000004
  TRAPNO=0x000000000000000e

Top of Stack: (sp=0x00007f3358629800)
0x00007f3358629800:   00007f335c884790 00007f335d472548
0x00007f3358629810:   0000000000000000 00007f335c848f50
0x00007f3358629820:   00000000ffffffff 0000000000000e10
0x00007f3358629830:   00007f3343981e12 0000000000000000
0x00007f3358629840:   00007f3343981e12 00007f33380008c0
0x00007f3358629850:   0000000000000000 00007f33500b6c55
0x00007f3358629860:   00007f335d48f048 00007f3343ab9c60
0x00007f3358629870:   00007f3343ab9c60 0000000000000e10
0x00007f3358629880:   00007f330000ef00 00007f33503d002b
0x00007f3358629890:   00007f335c884790 000000110000002a
0x00007f33586298a0:   00007f3358629920 0000000000000000
0x00007f33586298b0:   00007f3358629920 0000000000000e10
0x00007f33586298c0:   0000000000000000 00007f335d48f048
0x00007f33586298d0:   00007f3343ad3490 00007f334392dfd9
0x00007f33586298e0:   0000000000000000 000000000000002a
0x00007f33586298f0:   00007f3358629920 00007f3358629940
0x00007f3358629900:   0000000000000000 00007f335d48f048
0x00007f3358629910:   00007f32fc002d90 00007f33439226e2
0x00007f3358629920:   00007f3358629b00 00007f3343981d81
0x00007f3358629930:   00007f3358629b00 00007f335d27b92d
0x00007f3358629940:   00007f335d4902c8 00007f335d490858
0x00007f3358629950:   00007f335d48db50 00007f3354007330
0x00007f3358629960:   00007f3354007e40 00007f33540077e0
0x00007f3358629970:   00007f3354008340 00007f335400d200
0x00007f3358629980:   00007f335423ff70 00007f3354240410
0x00007f3358629990:   00007f3354327a10 00007f3354326e20
0x00007f33586299a0:   00007f335433ba90 00007f335435c220
0x00007f33586299b0:   00007f335435bd50 00007f3354180ba0
0x00007f33586299c0:   00007f3354182680 00007f3354182180
0x00007f33586299d0:   00007f335417eed0 00007f33540020f0
0x00007f33586299e0:   00007f3354001a70 00000000009634d0
0x00007f33586299f0:   00007f33543a8b60 00007f3354181c70 

Instructions: (pc=0x00007f33500c2c58)
0x00007f33500c2c38:   24 d8 48 89 fb 4c 89 64 24 e0 4c 89 6c 24 e8 48
0x00007f33500c2c48:   89 f5 4c 89 74 24 f0 4c 89 7c 24 f8 48 83 ec 58
0x00007f33500c2c58:   48 8b 87 68 09 00 00 49 89 d4 49 89 cd 4d 89 c6
0x00007f33500c2c68:   48 85 c0 74 02 ff 10 ba 08 00 00 00 be 62 00 00 

Register to memory mapping:

RAX=0x00007f33380008c0 is an unknown value
RBX=0x0000000000000e10 is an unknown value
RCX=0x00007f3358629868 is an unknown value
RDX=0x00007f3358629864 is an unknown value
RSP=0x00007f3358629800 is an unknown value
RBP=0x00007f3343981e12: <offset 0x92e12> in /usr/lib/libGL.so.1 at 0x00007f33438ef000
RSI=0x00007f3343981e12: <offset 0x92e12> in /usr/lib/libGL.so.1 at 0x00007f33438ef000
RDI=0x0000000000000e10 is an unknown value
R8 =0x00007f335862986c is an unknown value
R9 =0x0000000000000000 is an unknown value
R10=0x00007f335cc31fa8: <offset 0x3bbfa8> in /lib/x86_64-linux-gnu/libc.so.6 at 0x00007f335c876000
R11=0x00007f335c8b1c80: __cxa_finalize+0 in /lib/x86_64-linux-gnu/libc.so.6 at 0x00007f335c876000
R12=0x0000000000000000 is an unknown value
R13=0x00007f3343981e12: <offset 0x92e12> in /usr/lib/libGL.so.1 at 0x00007f33438ef000
R14=0x00007f33380008c0 is an unknown value
R15=0x0000000000000000 is an unknown value


Stack: [0x00007f335852a000,0x00007f335862b000],  sp=0x00007f3358629800,  free space=1022k
Native frames: (J=compiled Java code, j=interpreted, Vv=VM code, C=native code)
C  [libX11.so.6+0x33c58]  XQueryExtension+0x28

VM_Operation (0x00007f3343ffcd80): Exit, mode: safepoint, requested by thread 0x00007f33543a7000


---------------  P R O C E S S  ---------------

Java Threads: ( => current thread )
  0x00007f3354009000 JavaThread "DestroyJavaVM" [_thread_blocked, id=7180, stack(0x00007f335d36e000,0x00007f335d46f000)]
  0x00007f33543e7000 JavaThread "Timer-0" [_thread_blocked, id=7207, stack(0x00007f3348820000,0x00007f3348921000)]
  0x00007f33543a7000 JavaThread "AWT-EventQueue-0" [_thread_blocked, id=7205, stack(0x00007f3343eff000,0x00007f3344000000)]
  0x00007f33543a5800 JavaThread "AWT-Shutdown" [_thread_blocked, id=7204, stack(0x00007f3348060000,0x00007f3348161000)]
  0x00007f3354307000 JavaThread "process reaper" daemon [_thread_blocked, id=7198, stack(0x00007f3358014000,0x00007f335803c000)]
  0x00007f335424f000 JavaThread "AWT-XAWT" daemon [_thread_blocked, id=7194, stack(0x00007f3348d48000,0x00007f3348e49000)]
  0x00007f335420d800 JavaThread "Java2D Disposer" daemon [_thread_blocked, id=7193, stack(0x00007f3349259000,0x00007f334935a000)]
  0x00007f33540f0000 JavaThread "Service Thread" daemon [_thread_blocked, id=7191, stack(0x00007f3350bfc000,0x00007f3350cfd000)]
  0x00007f33540ee000 JavaThread "C2 CompilerThread1" daemon [_thread_blocked, id=7190, stack(0x00007f3350cfd000,0x00007f3350dfe000)]
  0x00007f33540eb000 JavaThread "C2 CompilerThread0" daemon [_thread_blocked, id=7189, stack(0x00007f3350dfe000,0x00007f3350eff000)]
  0x00007f33540e8800 JavaThread "Signal Dispatcher" daemon [_thread_blocked, id=7188, stack(0x00007f3350eff000,0x00007f3351000000)]
  0x00007f335409b800 JavaThread "Finalizer" daemon [_thread_blocked, id=7187, stack(0x00007f3358328000,0x00007f3358429000)]
  0x00007f3354099800 JavaThread "Reference Handler" daemon [_thread_blocked, id=7186, stack(0x00007f3358429000,0x00007f335852a000)]

Other Threads:
=>0x00007f3354092000 VMThread [stack: 0x00007f335852a000,0x00007f335862b000] [id=7185]

VM state:at safepoint (shutting down)

VM Mutex/Monitor currently owned by a thread:  ([mutex/lock_event])
[0x00007f3354005500] Threads_lock - owner thread: 0x00007f3354092000

Heap
 PSYoungGen      total 17792K, used 16462K [0x00000000ec200000, 0x00000000ee4c0000, 0x0000000100000000)
  eden space 15296K, 91% used [0x00000000ec200000,0x00000000ecfa6dc8,0x00000000ed0f0000)
  from space 2496K, 99% used [0x00000000ed0f0000,0x00000000ed35cdc0,0x00000000ed360000)
  to   space 2496K, 0% used [0x00000000ee250000,0x00000000ee250000,0x00000000ee4c0000)
 ParOldGen       total 40704K, used 1139K [0x00000000c4600000, 0x00000000c6dc0000, 0x00000000ec200000)
  object space 40704K, 2% used [0x00000000c4600000,0x00000000c471cfd8,0x00000000c6dc0000)
 PSPermGen       total 21248K, used 16190K [0x00000000bf400000, 0x00000000c08c0000, 0x00000000c4600000)
  object space 21248K, 76% used [0x00000000bf400000,0x00000000c03cfad0,0x00000000c08c0000)

Card table byte_map: [0x00007f335a5b6000,0x00007f335a7bd000] byte_map_base: 0x00007f3359fbc000

Polling page: 0x00007f335d48b000

Code Cache  [0x00007f3351000000, 0x00007f3351270000, 0x00007f3354000000)
 total_blobs=890 nmethods=164 adapters=678 free_code_cache=48066Kb largest_free_block=49155392

Compilation events (10 events):
Event: 5,939 Thread 0x00007f33540ee000  159             jogamp.opengl.gl4.GL4bcImpl::glPushMatrix (37 bytes)
Event: 5,939 Thread 0x00007f33540eb000  160             org.jdom2.ContentList::access$100 (5 bytes)
Event: 5,939 Thread 0x00007f33540eb000 nmethod 160 0x00007f33510db850 code [0x00007f33510db980, 0x00007f33510db9d8]
Event: 5,940 Thread 0x00007f33540eb000  161             org.jdom2.ContentList::getModCount (5 bytes)
Event: 5,940 Thread 0x00007f33540eb000 nmethod 161 0x00007f33510ec590 code [0x00007f33510ec6c0, 0x00007f33510ec718]
Event: 5,940 Thread 0x00007f33540eb000  162             org.jdom2.ContentList$FilterListIterator::hasNext (43 bytes)
Event: 5,942 Thread 0x00007f33540ee000 nmethod 159 0x00007f33510ec210 code [0x00007f33510ec360, 0x00007f33510ec448]
Event: 5,951 Thread 0x00007f33540eb000 nmethod 162 0x00007f33510fbe10 code [0x00007f33510fbfa0, 0x00007f33510fc398]
Event: 7,488 Thread 0x00007f33540ee000  163             org.jdom2.Element::getChildren (15 bytes)
Event: 7,495 Thread 0x00007f33540ee000 nmethod 163 0x00007f33510ebd10 code [0x00007f33510ebe60, 0x00007f33510ec098]

GC Heap History (2 events):
Event: 1,187 GC heap before
{Heap before GC invocations=1 (full 0):
 PSYoungGen      total 17792K, used 15296K [0x00000000ec200000, 0x00000000ed5d0000, 0x0000000100000000)
  eden space 15296K, 100% used [0x00000000ec200000,0x00000000ed0f0000,0x00000000ed0f0000)
  from space 2496K, 0% used [0x00000000ed360000,0x00000000ed360000,0x00000000ed5d0000)
  to   space 2496K, 0% used [0x00000000ed0f0000,0x00000000ed0f0000,0x00000000ed360000)
 ParOldGen       total 40704K, used 0K [0x00000000c4600000, 0x00000000c6dc0000, 0x00000000ec200000)
  object space 40704K, 0% used [0x00000000c4600000,0x00000000c4600000,0x00000000c6dc0000)
 PSPermGen       total 21248K, used 14207K [0x00000000bf400000, 0x00000000c08c0000, 0x00000000c4600000)
  object space 21248K, 66% used [0x00000000bf400000,0x00000000c01dfea0,0x00000000c08c0000)
Event: 1,199 GC heap after
Heap after GC invocations=1 (full 0):
 PSYoungGen      total 17792K, used 2483K [0x00000000ec200000, 0x00000000ee4c0000, 0x0000000100000000)
  eden space 15296K, 0% used [0x00000000ec200000,0x00000000ec200000,0x00000000ed0f0000)
  from space 2496K, 99% used [0x00000000ed0f0000,0x00000000ed35cdc0,0x00000000ed360000)
  to   space 2496K, 0% used [0x00000000ee250000,0x00000000ee250000,0x00000000ee4c0000)
 ParOldGen       total 40704K, used 1139K [0x00000000c4600000, 0x00000000c6dc0000, 0x00000000ec200000)
  object space 40704K, 2% used [0x00000000c4600000,0x00000000c471cfd8,0x00000000c6dc0000)
 PSPermGen       total 21248K, used 14207K [0x00000000bf400000, 0x00000000c08c0000, 0x00000000c4600000)
  object space 21248K, 66% used [0x00000000bf400000,0x00000000c01dfea0,0x00000000c08c0000)
}

Deoptimization events (10 events):
Event: 1,034 Thread 0x00007f3354009000 Uncommon trap -58 fr.pc 0x00007f33510aec90
Event: 1,034 Thread 0x00007f3354009000 Uncommon trap -58 fr.pc 0x00007f33510aec90
Event: 1,034 Thread 0x00007f3354009000 Uncommon trap -58 fr.pc 0x00007f33510aec90
Event: 1,034 Thread 0x00007f3354009000 Uncommon trap -58 fr.pc 0x00007f33510aec90
Event: 1,181 Thread 0x00007f33543a7000 Uncommon trap -83 fr.pc 0x00007f33510b3e44
Event: 4,388 Thread 0x00007f33543a7000 Uncommon trap -42 fr.pc 0x00007f33510def34
Event: 4,388 Thread 0x00007f33543a7000 Uncommon trap -42 fr.pc 0x00007f33510def34
Event: 4,388 Thread 0x00007f33543a7000 Uncommon trap -42 fr.pc 0x00007f33510def34
Event: 4,388 Thread 0x00007f33543a7000 Uncommon trap -42 fr.pc 0x00007f33510def34
Event: 7,736 Thread 0x00007f32fc13a800 Uncommon trap -83 fr.pc 0x00007f33510e17a0

Internal exceptions (10 events):
Event: 1,253 Thread 0x00007f33543a7000 Threw 0x00000000ec39ab00 at /HUDSON/workspace/jdk7u9-2-build-linux-amd64-product/jdk7u9/hotspot/src/share/vm/prims/jvm.cpp:1166
Event: 1,254 Thread 0x00007f33543a7000 Threw 0x00000000ec39ef48 at /HUDSON/workspace/jdk7u9-2-build-linux-amd64-product/jdk7u9/hotspot/src/share/vm/prims/jvm.cpp:1166
Event: 1,254 Thread 0x00007f33543a7000 Threw 0x00000000ec3a4090 at /HUDSON/workspace/jdk7u9-2-build-linux-amd64-product/jdk7u9/hotspot/src/share/vm/prims/jvm.cpp:1166
Event: 1,255 Thread 0x00007f33543a7000 Threw 0x00000000ec3ad410 at /HUDSON/workspace/jdk7u9-2-build-linux-amd64-product/jdk7u9/hotspot/src/share/vm/prims/jvm.cpp:1166
Event: 1,266 Thread 0x00007f33543a7000 Threw 0x00000000ec3b7070 at /HUDSON/workspace/jdk7u9-2-build-linux-amd64-product/jdk7u9/hotspot/src/share/vm/runtime/reflection.cpp
Event: 1,267 Thread 0x00007f33543a7000 Threw 0x00000000ec3b7350 at /HUDSON/workspace/jdk7u9-2-build-linux-amd64-product/jdk7u9/hotspot/src/share/vm/runtime/reflection.cpp
Event: 1,272 Thread 0x00007f33543a7000 Threw 0x00000000ec3bd5a0 at /HUDSON/workspace/jdk7u9-2-build-linux-amd64-product/jdk7u9/hotspot/src/share/vm/runtime/reflection.cpp
Event: 1,387 Thread 0x00007f33543a7000 Threw 0x00000000ec46f9c0 at /HUDSON/workspace/jdk7u9-2-build-linux-amd64-product/jdk7u9/hotspot/src/share/vm/prims/jni.cpp:742
Event: 7,736 Thread 0x00007f32fc13a800 Threw 0x00000000ecf3fd00 at /HUDSON/workspace/jdk7u9-2-build-linux-amd64-product/jdk7u9/hotspot/src/share/vm/prims/jvm.cpp:1166
Event: 7,736 Thread 0x00007f32fc13a800 Implicit null exception at 0x00007f33510e16d4 to 0x00007f33510e178d

Events (10 events):
Event: 7,737 Thread 0x00007f32fc1e8000 Thread added: 0x00007f32fc1e8000
Event: 7,737 loading class 0x00007f3354324980
Event: 7,737 loading class 0x00007f3354324980 done
Event: 7,737 Thread 0x00007f32fc1e8000 Thread exited: 0x00007f32fc1e8000
Event: 7,738 loading class 0x00007f33540a5bc0
Event: 7,738 loading class 0x00007f33540a5bc0 done
Event: 7,741 Thread 0x00007f32fc475800 Thread exited: 0x00007f32fc475800
Event: 7,763 Thread 0x00007f33543db000 Thread exited: 0x00007f33543db000
Event: 7,765 Thread 0x00007f32fc13a800 Thread exited: 0x00007f32fc13a800
Event: 7,765 Executing VM operation: Exit


Dynamic libraries:
00400000-00401000 r-xp 00000000 08:06 1967722                            /usr/lib/jvm/java-7-oracle/bin/java
00600000-00601000 rw-p 00000000 08:06 1967722                            /usr/lib/jvm/java-7-oracle/bin/java
00963000-00984000 rw-p 00000000 00:00 0                                  [heap]
bf400000-c08c0000 rw-p 00000000 00:00 0 
c08c0000-c4600000 rw-p 00000000 00:00 0 
c4600000-c6dc0000 rw-p 00000000 00:00 0 
c6dc0000-ec200000 rw-p 00000000 00:00 0 
ec200000-ee4c0000 rw-p 00000000 00:00 0 
ee4c0000-100000000 rw-p 00000000 00:00 0 
7f32ec000000-7f32ec021000 rw-p 00000000 00:00 0 
7f32ec021000-7f32f0000000 ---p 00000000 00:00 0 
7f32f3eff000-7f32f3f02000 ---p 00000000 00:00 0 
7f32f3f02000-7f32f4000000 rw-p 00000000 00:00 0 
7f32f4000000-7f32f4021000 rw-p 00000000 00:00 0 
7f32f4021000-7f32f8000000 ---p 00000000 00:00 0 
7f32f8000000-7f32f8021000 rw-p 00000000 00:00 0 
7f32f8021000-7f32fc000000 ---p 00000000 00:00 0 
7f32fc000000-7f32fc699000 rw-p 00000000 00:00 0 
7f32fc699000-7f3300000000 ---p 00000000 00:00 0 
7f3300000000-7f3300dad000 rw-p 00000000 00:00 0 
7f3300dad000-7f3304000000 ---p 00000000 00:00 0 
7f3304000000-7f3304472000 rw-p 00000000 00:00 0 
7f3304472000-7f3308000000 ---p 00000000 00:00 0 
7f3308000000-7f3308021000 rw-p 00000000 00:00 0 
7f3308021000-7f330c000000 ---p 00000000 00:00 0 
7f330c000000-7f330c021000 rw-p 00000000 00:00 0 
7f330c021000-7f3310000000 ---p 00000000 00:00 0 
7f3310000000-7f3310021000 rw-p 00000000 00:00 0 
7f3310021000-7f3314000000 ---p 00000000 00:00 0 
7f3314000000-7f3314021000 rw-p 00000000 00:00 0 
7f3314021000-7f3318000000 ---p 00000000 00:00 0 
7f3318000000-7f3318021000 rw-p 00000000 00:00 0 
7f3318021000-7f331c000000 ---p 00000000 00:00 0 
7f331c000000-7f331df25000 rw-p 00000000 00:00 0 
7f331df25000-7f3320000000 ---p 00000000 00:00 0 
7f3320000000-7f3320021000 rw-p 00000000 00:00 0 
7f3320021000-7f3324000000 ---p 00000000 00:00 0 
7f3324000000-7f3324021000 rw-p 00000000 00:00 0 
7f3324021000-7f3328000000 ---p 00000000 00:00 0 
7f3328000000-7f3328523000 rw-p 00000000 00:00 0 
7f3328523000-7f332c000000 ---p 00000000 00:00 0 
7f332c000000-7f332c021000 rw-p 00000000 00:00 0 
7f332c021000-7f3330000000 ---p 00000000 00:00 0 
7f3330000000-7f3330021000 rw-p 00000000 00:00 0 
7f3330021000-7f3334000000 ---p 00000000 00:00 0 
7f3334000000-7f3334021000 rw-p 00000000 00:00 0 
7f3334021000-7f3338000000 ---p 00000000 00:00 0 
7f3338000000-7f3338021000 rw-p 00000000 00:00 0 
7f3338021000-7f333c000000 ---p 00000000 00:00 0 
7f333c000000-7f333c021000 rw-p 00000000 00:00 0 
7f333c021000-7f3340000000 ---p 00000000 00:00 0 
7f33404cb000-7f33404ce000 ---p 00000000 00:00 0 
7f33404ce000-7f33405cc000 rw-p 00000000 00:00 0 
7f33405cc000-7f33405cf000 ---p 00000000 00:00 0 
7f33405cf000-7f33406cd000 rw-p 00000000 00:00 0 
7f33406cd000-7f3340dcd000 rw-s 00006000 00:05 8784                       /dev/ati/card0
7f3340dcd000-7f3340e19000 r-xp 00000000 08:06 9961632                    /usr/lib/libatiadlxx.so
7f3340e19000-7f3340f19000 ---p 0004c000 08:06 9961632                    /usr/lib/libatiadlxx.so
7f3340f19000-7f3340f24000 rw-p 0004c000 08:06 9961632                    /usr/lib/libatiadlxx.so
7f3340f24000-7f3340f34000 rw-p 00000000 00:00 0 
7f3340f34000-7f3342ed2000 r-xp 00000000 08:06 10092955                   /usr/lib/x86_64-linux-gnu/dri/fglrx_dri.so
7f3342ed2000-7f3342fd1000 ---p 01f9e000 08:06 10092955                   /usr/lib/x86_64-linux-gnu/dri/fglrx_dri.so
7f3342fd1000-7f334311f000 rwxp 01f9d000 08:06 10092955                   /usr/lib/x86_64-linux-gnu/dri/fglrx_dri.so
7f334311f000-7f3343253000 rwxp 00000000 00:00 0 
7f3343253000-7f3343255000 r-xp 00000000 08:06 9965233                    /usr/lib/x86_64-linux-gnu/libXinerama.so.1.0.0
7f3343255000-7f3343454000 ---p 00002000 08:06 9965233                    /usr/lib/x86_64-linux-gnu/libXinerama.so.1.0.0
7f3343454000-7f3343455000 r--p 00001000 08:06 9965233                    /usr/lib/x86_64-linux-gnu/libXinerama.so.1.0.0
7f3343455000-7f3343456000 rw-p 00002000 08:06 9965233                    /usr/lib/x86_64-linux-gnu/libXinerama.so.1.0.0
7f3343456000-7f3343459000 ---p 00000000 00:00 0 
7f3343459000-7f3343557000 rw-p 00000000 00:00 0 
7f3343557000-7f33435e4000 r-xp 00000000 08:06 4456535                    /tmp/jogamp_0000/file_cache/jln8878524796780160729/jln2684772156706554273/libjogl_desktop.so
7f33435e4000-7f33437e4000 ---p 0008d000 08:06 4456535                    /tmp/jogamp_0000/file_cache/jln8878524796780160729/jln2684772156706554273/libjogl_desktop.so
7f33437e4000-7f33437e5000 r--p 0008d000 08:06 4456535                    /tmp/jogamp_0000/file_cache/jln8878524796780160729/jln2684772156706554273/libjogl_desktop.so
7f33437e5000-7f33437e6000 rw-p 0008e000 08:06 4456535                    /tmp/jogamp_0000/file_cache/jln8878524796780160729/jln2684772156706554273/libjogl_desktop.so
7f33437e6000-7f33437ed000 r-xp 00000000 08:06 9961665                    /usr/lib/libatiuki.so.1.0
7f33437ed000-7f33438ed000 ---p 00007000 08:06 9961665                    /usr/lib/libatiuki.so.1.0
7f33438ed000-7f33438ee000 rw-p 00007000 08:06 9961665                    /usr/lib/libatiuki.so.1.0
7f33438ee000-7f33438ef000 rw-p 00000000 00:00 0 
7f33438ef000-7f33439ad000 r-xp 00000000 08:06 9961708                    /usr/lib/fglrx/fglrx-libGL.so.1.2
7f33439ad000-7f3343aad000 ---p 000be000 08:06 9961708                    /usr/lib/fglrx/fglrx-libGL.so.1.2
7f3343aad000-7f3343ad4000 rwxp 000be000 08:06 9961708                    /usr/lib/fglrx/fglrx-libGL.so.1.2
7f3343ad4000-7f3343af3000 rwxp 00000000 00:00 0 
7f3343af3000-7f3343af7000 r-xp 00000000 08:06 9969743                    /usr/lib/x86_64-linux-gnu/libXxf86vm.so.1.0.0
7f3343af7000-7f3343cf6000 ---p 00004000 08:06 9969743                    /usr/lib/x86_64-linux-gnu/libXxf86vm.so.1.0.0
7f3343cf6000-7f3343cf7000 r--p 00003000 08:06 9969743                    /usr/lib/x86_64-linux-gnu/libXxf86vm.so.1.0.0
7f3343cf7000-7f3343cf8000 rw-p 00004000 08:06 9969743                    /usr/lib/x86_64-linux-gnu/libXxf86vm.so.1.0.0
7f3343cf8000-7f3343cfe000 r-xp 00000000 08:06 4456559                    /tmp/jogamp_0000/file_cache/jln8878524796780160729/jln2684772156706554273/libnativewindow_x11.so
7f3343cfe000-7f3343efd000 ---p 00006000 08:06 4456559                    /tmp/jogamp_0000/file_cache/jln8878524796780160729/jln2684772156706554273/libnativewindow_x11.so
7f3343efd000-7f3343efe000 r--p 00005000 08:06 4456559                    /tmp/jogamp_0000/file_cache/jln8878524796780160729/jln2684772156706554273/libnativewindow_x11.so
7f3343efe000-7f3343eff000 rw-p 00006000 08:06 4456559                    /tmp/jogamp_0000/file_cache/jln8878524796780160729/jln2684772156706554273/libnativewindow_x11.so
7f3343eff000-7f3343f02000 ---p 00000000 00:00 0 
7f3343f02000-7f3344000000 rw-p 00000000 00:00 0 
7f3344000000-7f3344021000 rw-p 00000000 00:00 0 
7f3344021000-7f3348000000 ---p 00000000 00:00 0 
7f3348060000-7f3348063000 ---p 00000000 00:00 0 
7f3348063000-7f3348161000 rw-p 00000000 00:00 0 
7f3348161000-7f3348163000 r-xp 00000000 08:06 4456558                    /tmp/jogamp_0000/file_cache/jln8878524796780160729/jln2684772156706554273/libnativewindow_awt.so
7f3348163000-7f3348362000 ---p 00002000 08:06 4456558                    /tmp/jogamp_0000/file_cache/jln8878524796780160729/jln2684772156706554273/libnativewindow_awt.so
7f3348362000-7f3348363000 r--p 00001000 08:06 4456558                    /tmp/jogamp_0000/file_cache/jln8878524796780160729/jln2684772156706554273/libnativewindow_awt.so
7f3348363000-7f3348364000 rw-p 00002000 08:06 4456558                    /tmp/jogamp_0000/file_cache/jln8878524796780160729/jln2684772156706554273/libnativewindow_awt.so
7f3348364000-7f3348365000 r-xp 00000000 08:06 1967578                    /usr/lib/jvm/java-7-oracle/jre/lib/amd64/libjawt.so
7f3348365000-7f3348564000 ---p 00001000 08:06 1967578                    /usr/lib/jvm/java-7-oracle/jre/lib/amd64/libjawt.so
7f3348564000-7f3348565000 rw-p 00000000 08:06 1967578                    /usr/lib/jvm/java-7-oracle/jre/lib/amd64/libjawt.so
7f334861d000-7f334861f000 r-xp 00000000 08:06 4456531                    /tmp/jogamp_0000/file_cache/jln8878524796780160729/jln2684772156706554273/libgluegen-rt.so
7f334861f000-7f334881e000 ---p 00002000 08:06 4456531                    /tmp/jogamp_0000/file_cache/jln8878524796780160729/jln2684772156706554273/libgluegen-rt.so
7f334881e000-7f334881f000 r--p 00001000 08:06 4456531                    /tmp/jogamp_0000/file_cache/jln8878524796780160729/jln2684772156706554273/libgluegen-rt.so
7f334881f000-7f3348820000 rw-p 00002000 08:06 4456531                    /tmp/jogamp_0000/file_cache/jln8878524796780160729/jln2684772156706554273/libgluegen-rt.so
7f3348820000-7f3348823000 ---p 00000000 00:00 0 
7f3348823000-7f3348921000 rw-p 00000000 00:00 0 
7f3348921000-7f3348931000 r-xp 00000000 08:06 1967585                    /usr/lib/jvm/java-7-oracle/jre/lib/amd64/libnio.so
7f3348931000-7f3348b31000 ---p 00010000 08:06 1967585                    /usr/lib/jvm/java-7-oracle/jre/lib/amd64/libnio.so
7f3348b31000-7f3348b32000 rw-p 00010000 08:06 1967585                    /usr/lib/jvm/java-7-oracle/jre/lib/amd64/libnio.so
7f3348b32000-7f3348b47000 r-xp 00000000 08:06 1967604                    /usr/lib/jvm/java-7-oracle/jre/lib/amd64/libnet.so
7f3348b47000-7f3348d47000 ---p 00015000 08:06 1967604                    /usr/lib/jvm/java-7-oracle/jre/lib/amd64/libnet.so
7f3348d47000-7f3348d48000 rw-p 00015000 08:06 1967604                    /usr/lib/jvm/java-7-oracle/jre/lib/amd64/libnet.so
7f3348d48000-7f3348d4b000 ---p 00000000 00:00 0 
7f3348d4b000-7f3348e49000 rw-p 00000000 00:00 0 
7f3348e49000-7f3348e4e000 r-xp 00000000 08:06 9962178                    /usr/lib/x86_64-linux-gnu/libXfixes.so.3.1.0
7f3348e4e000-7f334904d000 ---p 00005000 08:06 9962178                    /usr/lib/x86_64-linux-gnu/libXfixes.so.3.1.0
7f334904d000-7f334904e000 r--p 00004000 08:06 9962178                    /usr/lib/x86_64-linux-gnu/libXfixes.so.3.1.0
7f334904e000-7f334904f000 rw-p 00005000 08:06 9962178                    /usr/lib/x86_64-linux-gnu/libXfixes.so.3.1.0
7f334904f000-7f3349058000 r-xp 00000000 08:06 9967225                    /usr/lib/x86_64-linux-gnu/libXcursor.so.1.0.2
7f3349058000-7f3349257000 ---p 00009000 08:06 9967225                    /usr/lib/x86_64-linux-gnu/libXcursor.so.1.0.2
7f3349257000-7f3349258000 r--p 00008000 08:06 9967225                    /usr/lib/x86_64-linux-gnu/libXcursor.so.1.0.2
7f3349258000-7f3349259000 rw-p 00009000 08:06 9967225                    /usr/lib/x86_64-linux-gnu/libXcursor.so.1.0.2
7f3349259000-7f334925c000 ---p 00000000 00:00 0 
7f334925c000-7f334935a000 rw-p 00000000 00:00 0 
7f334935a000-7f334935f000 r-xp 00000000 08:06 9962011                    /usr/lib/x86_64-linux-gnu/libXdmcp.so.6.0.0
7f334935f000-7f334955e000 ---p 00005000 08:06 9962011                    /usr/lib/x86_64-linux-gnu/libXdmcp.so.6.0.0
7f334955e000-7f334955f000 r--p 00004000 08:06 9962011                    /usr/lib/x86_64-linux-gnu/libXdmcp.so.6.0.0
7f334955f000-7f3349560000 rw-p 00005000 08:06 9962011                    /usr/lib/x86_64-linux-gnu/libXdmcp.so.6.0.0
7f3349560000-7f3349562000 r-xp 00000000 08:06 9963502                    /usr/lib/x86_64-linux-gnu/libXau.so.6.0.0
7f3349562000-7f3349761000 ---p 00002000 08:06 9963502                    /usr/lib/x86_64-linux-gnu/libXau.so.6.0.0
7f3349761000-7f3349762000 r--p 00001000 08:06 9963502                    /usr/lib/x86_64-linux-gnu/libXau.so.6.0.0
7f3349762000-7f3349763000 rw-p 00002000 08:06 9963502                    /usr/lib/x86_64-linux-gnu/libXau.so.6.0.0
7f3349763000-7f3349780000 r-xp 00000000 08:06 9963508                    /usr/lib/x86_64-linux-gnu/libxcb.so.1.1.0
7f3349780000-7f334997f000 ---p 0001d000 08:06 9963508                    /usr/lib/x86_64-linux-gnu/libxcb.so.1.1.0
7f334997f000-7f3349980000 r--p 0001c000 08:06 9963508                    /usr/lib/x86_64-linux-gnu/libxcb.so.1.1.0
7f3349980000-7f3349981000 rw-p 0001d000 08:06 9963508                    /usr/lib/x86_64-linux-gnu/libxcb.so.1.1.0
7f3349981000-7f334998f000 r-xp 00000000 08:06 9961805                    /usr/lib/x86_64-linux-gnu/libXi.so.6.1.0
7f334998f000-7f3349b8e000 ---p 0000e000 08:06 9961805                    /usr/lib/x86_64-linux-gnu/libXi.so.6.1.0
7f3349b8e000-7f3349b8f000 r--p 0000d000 08:06 9961805                    /usr/lib/x86_64-linux-gnu/libXi.so.6.1.0
7f3349b8f000-7f3349b90000 rw-p 0000e000 08:06 9961805                    /usr/lib/x86_64-linux-gnu/libXi.so.6.1.0
7f3349b90000-7f3349b95000 r-xp 00000000 08:06 9962629                    /usr/lib/x86_64-linux-gnu/libXtst.so.6.1.0
7f3349b95000-7f3349d94000 ---p 00005000 08:06 9962629                    /usr/lib/x86_64-linux-gnu/libXtst.so.6.1.0
7f3349d94000-7f3349d95000 r--p 00004000 08:06 9962629                    /usr/lib/x86_64-linux-gnu/libXtst.so.6.1.0
7f3349d95000-7f3349d96000 rw-p 00005000 08:06 9962629                    /usr/lib/x86_64-linux-gnu/libXtst.so.6.1.0
7f3349d96000-7f3349d9f000 r-xp 00000000 08:06 9963780                    /usr/lib/x86_64-linux-gnu/libXrender.so.1.3.0
7f3349d9f000-7f3349f9e000 ---p 00009000 08:06 9963780                    /usr/lib/x86_64-linux-gnu/libXrender.so.1.3.0
7f3349f9e000-7f3349f9f000 r--p 00008000 08:06 9963780                    /usr/lib/x86_64-linux-gnu/libXrender.so.1.3.0
7f3349f9f000-7f3349fa0000 rw-p 00009000 08:06 9963780                    /usr/lib/x86_64-linux-gnu/libXrender.so.1.3.0
7f3349fa0000-7f334c000000 rw-p 00000000 00:00 0 
7f334c000000-7f334c021000 rw-p 00000000 00:00 0 
7f334c021000-7f3350000000 ---p 00000000 00:00 0 
7f335003e000-7f335005e000 rw-s f0020000 00:05 8784                       /dev/ati/card0
7f335005e000-7f335008f000 rw-p 00000000 00:00 0 
7f335008f000-7f33501be000 r-xp 00000000 08:06 9963828                    /usr/lib/x86_64-linux-gnu/libX11.so.6.3.0
7f33501be000-7f33503be000 ---p 0012f000 08:06 9963828                    /usr/lib/x86_64-linux-gnu/libX11.so.6.3.0
7f33503be000-7f33503bf000 r--p 0012f000 08:06 9963828                    /usr/lib/x86_64-linux-gnu/libX11.so.6.3.0
7f33503bf000-7f33503c3000 rw-p 00130000 08:06 9963828                    /usr/lib/x86_64-linux-gnu/libX11.so.6.3.0
7f33503c3000-7f33503d3000 r-xp 00000000 08:06 9961497                    /usr/lib/x86_64-linux-gnu/libXext.so.6.4.0
7f33503d3000-7f33505d2000 ---p 00010000 08:06 9961497                    /usr/lib/x86_64-linux-gnu/libXext.so.6.4.0
7f33505d2000-7f33505d3000 r--p 0000f000 08:06 9961497                    /usr/lib/x86_64-linux-gnu/libXext.so.6.4.0
7f33505d3000-7f33505d4000 rw-p 00010000 08:06 9961497                    /usr/lib/x86_64-linux-gnu/libXext.so.6.4.0
7f33505d4000-7f3350624000 r-xp 00000000 08:06 1967618                    /usr/lib/jvm/java-7-oracle/jre/lib/amd64/xawt/libmawt.so
7f3350624000-7f3350824000 ---p 00050000 08:06 1967618                    /usr/lib/jvm/java-7-oracle/jre/lib/amd64/xawt/libmawt.so
7f3350824000-7f3350828000 rw-p 00050000 08:06 1967618                    /usr/lib/jvm/java-7-oracle/jre/lib/amd64/xawt/libmawt.so
7f3350828000-7f3350829000 rw-p 00000000 00:00 0 
7f3350829000-7f33508cb000 r-xp 00000000 08:06 1967615                    /usr/lib/jvm/java-7-oracle/jre/lib/amd64/libawt.so
7f33508cb000-7f3350acb000 ---p 000a2000 08:06 1967615                    /usr/lib/jvm/java-7-oracle/jre/lib/amd64/libawt.so
7f3350acb000-7f3350ad7000 rw-p 000a2000 08:06 1967615                    /usr/lib/jvm/java-7-oracle/jre/lib/amd64/libawt.so
7f3350ad7000-7f3350afb000 rw-p 00000000 00:00 0 
7f3350afb000-7f3350afc000 ---p 00000000 00:00 0 
7f3350afc000-7f3350bfc000 rw-p 00000000 00:00 0 
7f3350bfc000-7f3350bff000 ---p 00000000 00:00 0 
7f3350bff000-7f3350cfd000 rw-p 00000000 00:00 0 
7f3350cfd000-7f3350d00000 ---p 00000000 00:00 0 
7f3350d00000-7f3350dfe000 rw-p 00000000 00:00 0 
7f3350dfe000-7f3350e01000 ---p 00000000 00:00 0 
7f3350e01000-7f3350eff000 rw-p 00000000 00:00 0 
7f3350eff000-7f3350f02000 ---p 00000000 00:00 0 
7f3350f02000-7f3351000000 rw-p 00000000 00:00 0 
7f3351000000-7f3351270000 rwxp 00000000 00:00 0 
7f3351270000-7f335442b000 rw-p 00000000 00:00 0 
7f335442b000-7f3358000000 ---p 00000000 00:00 0 
7f335800a000-7f3358014000 r--s 00254000 08:06 1966628                    /usr/lib/jvm/java-7-oracle/jre/lib/resources.jar
7f3358014000-7f3358017000 ---p 00000000 00:00 0 
7f3358017000-7f335803c000 rw-p 00000000 00:00 0 
7f335803c000-7f3358043000 r--s 00000000 08:06 10362198                   /usr/lib/x86_64-linux-gnu/gconv/gconv-modules.cache
7f3358043000-7f3358068000 r--p 00000000 08:06 10359730                   /usr/share/locale-langpack/fr/LC_MESSAGES/libc.mo
7f3358068000-7f3358328000 r--p 00000000 08:06 9961657                    /usr/lib/locale/locale-archive
7f3358328000-7f335832b000 ---p 00000000 00:00 0 
7f335832b000-7f3358429000 rw-p 00000000 00:00 0 
7f3358429000-7f335842c000 ---p 00000000 00:00 0 
7f335842c000-7f335852a000 rw-p 00000000 00:00 0 
7f335852a000-7f335852b000 ---p 00000000 00:00 0 
7f335852b000-7f335964f000 rw-p 00000000 00:00 0 
7f335964f000-7f335980b000 r--s 039da000 08:06 1967452                    /usr/lib/jvm/java-7-oracle/jre/lib/rt.jar
7f335980b000-7f335a04b000 rw-p 00000000 00:00 0 
7f335a04b000-7f335a04c000 ---p 00000000 00:00 0 
7f335a04c000-7f335a14c000 rw-p 00000000 00:00 0 
7f335a14c000-7f335a14d000 ---p 00000000 00:00 0 
7f335a14d000-7f335a24d000 rw-p 00000000 00:00 0 
7f335a24d000-7f335a24e000 ---p 00000000 00:00 0 
7f335a24e000-7f335a34e000 rw-p 00000000 00:00 0 
7f335a34e000-7f335a34f000 ---p 00000000 00:00 0 
7f335a34f000-7f335a45a000 rw-p 00000000 00:00 0 
7f335a45a000-7f335a478000 rw-p 00000000 00:00 0 
7f335a478000-7f335a48c000 rw-p 00000000 00:00 0 
7f335a48c000-7f335a5b6000 rw-p 00000000 00:00 0 
7f335a5b6000-7f335a5c1000 rw-p 00000000 00:00 0 
7f335a5c1000-7f335a5df000 rw-p 00000000 00:00 0 
7f335a5df000-7f335a5f3000 rw-p 00000000 00:00 0 
7f335a5f3000-7f335a71d000 rw-p 00000000 00:00 0 
7f335a71d000-7f335a72f000 rw-p 00000000 00:00 0 
7f335a72f000-7f335a7bc000 rw-p 00000000 00:00 0 
7f335a7bc000-7f335a7bd000 rw-p 00000000 00:00 0 
7f335a7bd000-7f335a7d7000 r-xp 00000000 08:06 1967605                    /usr/lib/jvm/java-7-oracle/jre/lib/amd64/libzip.so
7f335a7d7000-7f335a9d7000 ---p 0001a000 08:06 1967605                    /usr/lib/jvm/java-7-oracle/jre/lib/amd64/libzip.so
7f335a9d7000-7f335a9d8000 rw-p 0001a000 08:06 1967605                    /usr/lib/jvm/java-7-oracle/jre/lib/amd64/libzip.so
7f335a9d8000-7f335a9e4000 r-xp 00000000 08:06 2233934                    /lib/x86_64-linux-gnu/libnss_files-2.15.so
7f335a9e4000-7f335abe3000 ---p 0000c000 08:06 2233934                    /lib/x86_64-linux-gnu/libnss_files-2.15.so
7f335abe3000-7f335abe4000 r--p 0000b000 08:06 2233934                    /lib/x86_64-linux-gnu/libnss_files-2.15.so
7f335abe4000-7f335abe5000 rw-p 0000c000 08:06 2233934                    /lib/x86_64-linux-gnu/libnss_files-2.15.so
7f335abe5000-7f335abef000 r-xp 00000000 08:06 2233929                    /lib/x86_64-linux-gnu/libnss_nis-2.15.so
7f335abef000-7f335adef000 ---p 0000a000 08:06 2233929                    /lib/x86_64-linux-gnu/libnss_nis-2.15.so
7f335adef000-7f335adf0000 r--p 0000a000 08:06 2233929                    /lib/x86_64-linux-gnu/libnss_nis-2.15.so
7f335adf0000-7f335adf1000 rw-p 0000b000 08:06 2233929                    /lib/x86_64-linux-gnu/libnss_nis-2.15.so
7f335adf1000-7f335ae08000 r-xp 00000000 08:06 2233945                    /lib/x86_64-linux-gnu/libnsl-2.15.so
7f335ae08000-7f335b007000 ---p 00017000 08:06 2233945                    /lib/x86_64-linux-gnu/libnsl-2.15.so
7f335b007000-7f335b008000 r--p 00016000 08:06 2233945                    /lib/x86_64-linux-gnu/libnsl-2.15.so
7f335b008000-7f335b009000 rw-p 00017000 08:06 2233945                    /lib/x86_64-linux-gnu/libnsl-2.15.so
7f335b009000-7f335b00b000 rw-p 00000000 00:00 0 
7f335b00b000-7f335b013000 r-xp 00000000 08:06 2233935                    /lib/x86_64-linux-gnu/libnss_compat-2.15.so
7f335b013000-7f335b212000 ---p 00008000 08:06 2233935                    /lib/x86_64-linux-gnu/libnss_compat-2.15.so
7f335b212000-7f335b213000 r--p 00007000 08:06 2233935                    /lib/x86_64-linux-gnu/libnss_compat-2.15.so
7f335b213000-7f335b214000 rw-p 00008000 08:06 2233935                    /lib/x86_64-linux-gnu/libnss_compat-2.15.so
7f335b214000-7f335b23d000 r-xp 00000000 08:06 1967577                    /usr/lib/jvm/java-7-oracle/jre/lib/amd64/libjava.so
7f335b23d000-7f335b43d000 ---p 00029000 08:06 1967577                    /usr/lib/jvm/java-7-oracle/jre/lib/amd64/libjava.so
7f335b43d000-7f335b43f000 rw-p 00029000 08:06 1967577                    /usr/lib/jvm/java-7-oracle/jre/lib/amd64/libjava.so
7f335b43f000-7f335b44c000 r-xp 00000000 08:06 1967580                    /usr/lib/jvm/java-7-oracle/jre/lib/amd64/libverify.so
7f335b44c000-7f335b64b000 ---p 0000d000 08:06 1967580                    /usr/lib/jvm/java-7-oracle/jre/lib/amd64/libverify.so
7f335b64b000-7f335b64d000 rw-p 0000c000 08:06 1967580                    /usr/lib/jvm/java-7-oracle/jre/lib/amd64/libverify.so
7f335b64d000-7f335b654000 r-xp 00000000 08:06 2233808                    /lib/x86_64-linux-gnu/librt-2.15.so
7f335b654000-7f335b853000 ---p 00007000 08:06 2233808                    /lib/x86_64-linux-gnu/librt-2.15.so
7f335b853000-7f335b854000 r--p 00006000 08:06 2233808                    /lib/x86_64-linux-gnu/librt-2.15.so
7f335b854000-7f335b855000 rw-p 00007000 08:06 2233808                    /lib/x86_64-linux-gnu/librt-2.15.so
7f335b855000-7f335b950000 r-xp 00000000 08:06 2233931                    /lib/x86_64-linux-gnu/libm-2.15.so
7f335b950000-7f335bb4f000 ---p 000fb000 08:06 2233931                    /lib/x86_64-linux-gnu/libm-2.15.so
7f335bb4f000-7f335bb50000 r--p 000fa000 08:06 2233931                    /lib/x86_64-linux-gnu/libm-2.15.so
7f335bb50000-7f335bb51000 rw-p 000fb000 08:06 2233931                    /lib/x86_64-linux-gnu/libm-2.15.so
7f335bb51000-7f335c598000 r-xp 00000000 08:06 1967573                    /usr/lib/jvm/java-7-oracle/jre/lib/amd64/server/libjvm.so
7f335c598000-7f335c797000 ---p 00a47000 08:06 1967573                    /usr/lib/jvm/java-7-oracle/jre/lib/amd64/server/libjvm.so
7f335c797000-7f335c83b000 rw-p 00a46000 08:06 1967573                    /usr/lib/jvm/java-7-oracle/jre/lib/amd64/server/libjvm.so
7f335c83b000-7f335c876000 rw-p 00000000 00:00 0 
7f335c876000-7f335ca2b000 r-xp 00000000 08:06 2233802                    /lib/x86_64-linux-gnu/libc-2.15.so
7f335ca2b000-7f335cc2a000 ---p 001b5000 08:06 2233802                    /lib/x86_64-linux-gnu/libc-2.15.so
7f335cc2a000-7f335cc2e000 r--p 001b4000 08:06 2233802                    /lib/x86_64-linux-gnu/libc-2.15.so
7f335cc2e000-7f335cc30000 rw-p 001b8000 08:06 2233802                    /lib/x86_64-linux-gnu/libc-2.15.so
7f335cc30000-7f335cc35000 rw-p 00000000 00:00 0 
7f335cc35000-7f335cc37000 r-xp 00000000 08:06 2233800                    /lib/x86_64-linux-gnu/libdl-2.15.so
7f335cc37000-7f335ce37000 ---p 00002000 08:06 2233800                    /lib/x86_64-linux-gnu/libdl-2.15.so
7f335ce37000-7f335ce38000 r--p 00002000 08:06 2233800                    /lib/x86_64-linux-gnu/libdl-2.15.so
7f335ce38000-7f335ce39000 rw-p 00003000 08:06 2233800                    /lib/x86_64-linux-gnu/libdl-2.15.so
7f335ce39000-7f335ce4f000 r-xp 00000000 08:06 1967609                    /usr/lib/jvm/java-7-oracle/jre/lib/amd64/jli/libjli.so
7f335ce4f000-7f335d04e000 ---p 00016000 08:06 1967609                    /usr/lib/jvm/java-7-oracle/jre/lib/amd64/jli/libjli.so
7f335d04e000-7f335d04f000 rw-p 00015000 08:06 1967609                    /usr/lib/jvm/java-7-oracle/jre/lib/amd64/jli/libjli.so
7f335d04f000-7f335d067000 r-xp 00000000 08:06 2233804                    /lib/x86_64-linux-gnu/libpthread-2.15.so
7f335d067000-7f335d266000 ---p 00018000 08:06 2233804                    /lib/x86_64-linux-gnu/libpthread-2.15.so
7f335d266000-7f335d267000 r--p 00017000 08:06 2233804                    /lib/x86_64-linux-gnu/libpthread-2.15.so
7f335d267000-7f335d268000 rw-p 00018000 08:06 2233804                    /lib/x86_64-linux-gnu/libpthread-2.15.so
7f335d268000-7f335d26c000 rw-p 00000000 00:00 0 
7f335d26c000-7f335d28e000 r-xp 00000000 08:06 2233940                    /lib/x86_64-linux-gnu/ld-2.15.so
7f335d28f000-7f335d290000 rw-s 00005000 00:05 8784                       /dev/ati/card0
7f335d290000-7f335d292000 rw-s 00002000 00:05 8784                       /dev/ati/card0
7f335d292000-7f335d293000 r--s 00023000 08:11 2207                       /media/DDE-640/IMAC/Projets_Tut/PlantS/libjogl/jogamp-all-platforms/jar/jogl-all-natives-linux-amd64.jar
7f335d293000-7f335d294000 r--s 00000000 08:11 2163                       /media/DDE-640/IMAC/Projets_Tut/PlantS/libjogl/jogamp-all-platforms/jar/gluegen-rt-natives-linux-amd64.jar
7f335d294000-7f335d2ae000 r--s 00477000 08:11 2217                       /media/DDE-640/IMAC/Projets_Tut/PlantS/libjogl/jogamp-all-platforms/jar/jogl-all.jar
7f335d2ae000-7f335d2b8000 rw-p 00000000 00:00 0 
7f335d2b8000-7f335d36e000 rw-p 00000000 00:00 0 
7f335d36e000-7f335d371000 ---p 00000000 00:00 0 
7f335d371000-7f335d473000 rw-p 00000000 00:00 0 
7f335d473000-7f335d474000 r--p 00000000 00:00 0 
7f335d474000-7f335d478000 r--s 00089000 08:06 1967701                    /usr/lib/jvm/java-7-oracle/jre/lib/jsse.jar
7f335d478000-7f335d47d000 r--s 00044000 08:11 2060                       /media/DDE-640/IMAC/Projets_Tut/PlantS/jdom-2.0.3/jdom-2.0.3.jar
7f335d47d000-7f335d482000 r--s 0002c000 08:11 2172                       /media/DDE-640/IMAC/Projets_Tut/PlantS/libjogl/jogamp-all-platforms/jar/gluegen-rt.jar
7f335d482000-7f335d48a000 rw-s 00000000 08:06 4456488                    /tmp/hsperfdata_guyom/7174 (deleted)
7f335d48a000-7f335d48b000 rw-p 00000000 00:00 0 
7f335d48b000-7f335d48c000 ---p 00000000 00:00 0 
7f335d48c000-7f335d48e000 rw-p 00000000 00:00 0 
7f335d48e000-7f335d48f000 r--p 00022000 08:06 2233940                    /lib/x86_64-linux-gnu/ld-2.15.so
7f335d48f000-7f335d491000 rw-p 00023000 08:06 2233940                    /lib/x86_64-linux-gnu/ld-2.15.so
7fff1ba3d000-7fff1ba5e000 rw-p 00000000 00:00 0                          [stack]
7fff1bbd7000-7fff1bbd8000 r-xp 00000000 00:00 0                          [vdso]
ffffffffff600000-ffffffffff601000 r-xp 00000000 00:00 0                  [vsyscall]

VM Arguments:
jvm_args: -Djava.library.path=/media/DDE-640/IMAC/Projets_Tut/PlantS/libjogl/jogamp-all-platforms/jar:/media/DDE-640/IMAC/Projets_Tut/PlantS/libjogl/jogamp-all-platforms/jar -Dfile.encoding=UTF-8 
java_command: JOGLApp
Launcher Type: SUN_STANDARD

Environment Variables:
PATH=/usr/lib/lightdm/lightdm:/usr/local/sbin:/usr/local/bin:/usr/sbin:/usr/bin:/sbin:/bin:/usr/games
SHELL=/bin/bash
DISPLAY=:0.0

Signal Handlers:
SIGSEGV: [libjvm.so+0x8a5c80], sa_mask[0]=0x7ffbfeff, sa_flags=0x10000004
SIGBUS: [libjvm.so+0x8a5c80], sa_mask[0]=0x7ffbfeff, sa_flags=0x10000004
SIGFPE: [libjvm.so+0x741d60], sa_mask[0]=0x7ffbfeff, sa_flags=0x10000004
SIGPIPE: [libjvm.so+0x741d60], sa_mask[0]=0x7ffbfeff, sa_flags=0x10000004
SIGXFSZ: [libjvm.so+0x741d60], sa_mask[0]=0x7ffbfeff, sa_flags=0x10000004
SIGILL: [libjvm.so+0x741d60], sa_mask[0]=0x7ffbfeff, sa_flags=0x10000004
SIGUSR1: SIG_DFL, sa_mask[0]=0x00000000, sa_flags=0x00000000
SIGUSR2: [libjvm.so+0x7416b0], sa_mask[0]=0x00000004, sa_flags=0x10000004
SIGHUP: [libjvm.so+0x743a40], sa_mask[0]=0x7ffbfeff, sa_flags=0x10000004
SIGINT: [libjvm.so+0x743a40], sa_mask[0]=0x7ffbfeff, sa_flags=0x10000004
SIGTERM: [libjvm.so+0x743a40], sa_mask[0]=0x7ffbfeff, sa_flags=0x10000004
SIGQUIT: [libjvm.so+0x743a40], sa_mask[0]=0x7ffbfeff, sa_flags=0x10000004


---------------  S Y S T E M  ---------------

OS:wheezy/sid

uname:Linux 3.2.0-32-generic #51-Ubuntu SMP Wed Sep 26 21:33:09 UTC 2012 x86_64
libc:glibc 2.15 NPTL 2.15 
rlimit: STACK 8192k, CORE 0k, NPROC 30344, NOFILE 4096, AS infinity
load average:1,33 0,59 0,38

/proc/meminfo:
MemTotal:        3901720 kB
MemFree:          973332 kB
Buffers:          230700 kB
Cached:          1177240 kB
SwapCached:            0 kB
Active:          1813424 kB
Inactive:         699852 kB
Active(anon):    1106108 kB
Inactive(anon):     1104 kB
Active(file):     707316 kB
Inactive(file):   698748 kB
Unevictable:           0 kB
Mlocked:               0 kB
SwapTotal:       4042748 kB
SwapFree:        4042748 kB
Dirty:               988 kB
Writeback:             0 kB
AnonPages:       1105332 kB
Mapped:           236908 kB
Shmem:              1880 kB
Slab:             149932 kB
SReclaimable:     119508 kB
SUnreclaim:        30424 kB
KernelStack:        3920 kB
PageTables:        29944 kB
NFS_Unstable:          0 kB
Bounce:                0 kB
WritebackTmp:          0 kB
CommitLimit:     5993608 kB
Committed_AS:    3857520 kB
VmallocTotal:   34359738367 kB
VmallocUsed:      111804 kB
VmallocChunk:   34359624412 kB
HardwareCorrupted:     0 kB
AnonHugePages:         0 kB
HugePages_Total:       0
HugePages_Free:        0
HugePages_Rsvd:        0
HugePages_Surp:        0
Hugepagesize:       2048 kB
DirectMap4k:      137148 kB
DirectMap2M:     3907584 kB


CPU:total 4 (2 cores per cpu, 2 threads per core) family 6 model 37 stepping 5, cmov, cx8, fxsr, mmx, sse, sse2, sse3, ssse3, sse4.1, sse4.2, popcnt, ht, tsc, tscinvbit

/proc/cpuinfo:
processor	: 0
vendor_id	: GenuineIntel
cpu family	: 6
model		: 37
model name	: Intel(R) Core(TM) i5 CPU       M 480  @ 2.67GHz
stepping	: 5
microcode	: 0x2
cpu MHz		: 1199.000
cache size	: 3072 KB
physical id	: 0
siblings	: 4
core id		: 0
cpu cores	: 2
apicid		: 0
initial apicid	: 0
fpu		: yes
fpu_exception	: yes
cpuid level	: 11
wp		: yes
flags		: fpu vme de pse tsc msr pae mce cx8 apic sep mtrr pge mca cmov pat pse36 clflush dts acpi mmx fxsr sse sse2 ss ht tm pbe syscall nx rdtscp lm constant_tsc arch_perfmon pebs bts rep_good nopl xtopology nonstop_tsc aperfmperf pni dtes64 monitor ds_cpl vmx est tm2 ssse3 cx16 xtpr pdcm pcid sse4_1 sse4_2 popcnt lahf_lm ida arat dtherm tpr_shadow vnmi flexpriority ept vpid
bogomips	: 5319.85
clflush size	: 64
cache_alignment	: 64
address sizes	: 36 bits physical, 48 bits virtual
power management:

processor	: 1
vendor_id	: GenuineIntel
cpu family	: 6
model		: 37
model name	: Intel(R) Core(TM) i5 CPU       M 480  @ 2.67GHz
stepping	: 5
microcode	: 0x2
cpu MHz		: 1199.000
cache size	: 3072 KB
physical id	: 0
siblings	: 4
core id		: 2
cpu cores	: 2
apicid		: 4
initial apicid	: 4
fpu		: yes
fpu_exception	: yes
cpuid level	: 11
wp		: yes
flags		: fpu vme de pse tsc msr pae mce cx8 apic sep mtrr pge mca cmov pat pse36 clflush dts acpi mmx fxsr sse sse2 ss ht tm pbe syscall nx rdtscp lm constant_tsc arch_perfmon pebs bts rep_good nopl xtopology nonstop_tsc aperfmperf pni dtes64 monitor ds_cpl vmx est tm2 ssse3 cx16 xtpr pdcm pcid sse4_1 sse4_2 popcnt lahf_lm ida arat dtherm tpr_shadow vnmi flexpriority ept vpid
bogomips	: 5319.88
clflush size	: 64
cache_alignment	: 64
address sizes	: 36 bits physical, 48 bits virtual
power management:

processor	: 2
vendor_id	: GenuineIntel
cpu family	: 6
model		: 37
model name	: Intel(R) Core(TM) i5 CPU       M 480  @ 2.67GHz
stepping	: 5
microcode	: 0x2
cpu MHz		: 1199.000
cache size	: 3072 KB
physical id	: 0
siblings	: 4
core id		: 0
cpu cores	: 2
apicid		: 1
initial apicid	: 1
fpu		: yes
fpu_exception	: yes
cpuid level	: 11
wp		: yes
flags		: fpu vme de pse tsc msr pae mce cx8 apic sep mtrr pge mca cmov pat pse36 clflush dts acpi mmx fxsr sse sse2 ss ht tm pbe syscall nx rdtscp lm constant_tsc arch_perfmon pebs bts rep_good nopl xtopology nonstop_tsc aperfmperf pni dtes64 monitor ds_cpl vmx est tm2 ssse3 cx16 xtpr pdcm pcid sse4_1 sse4_2 popcnt lahf_lm ida arat dtherm tpr_shadow vnmi flexpriority ept vpid
bogomips	: 5319.87
clflush size	: 64
cache_alignment	: 64
address sizes	: 36 bits physical, 48 bits virtual
power management:

processor	: 3
vendor_id	: GenuineIntel
cpu family	: 6
model		: 37
model name	: Intel(R) Core(TM) i5 CPU       M 480  @ 2.67GHz
stepping	: 5
microcode	: 0x2
cpu MHz		: 1199.000
cache size	: 3072 KB
physical id	: 0
siblings	: 4
core id		: 2
cpu cores	: 2
apicid		: 5
initial apicid	: 5
fpu		: yes
fpu_exception	: yes
cpuid level	: 11
wp		: yes
flags		: fpu vme de pse tsc msr pae mce cx8 apic sep mtrr pge mca cmov pat pse36 clflush dts acpi mmx fxsr sse sse2 ss ht tm pbe syscall nx rdtscp lm constant_tsc arch_perfmon pebs bts rep_good nopl xtopology nonstop_tsc aperfmperf pni dtes64 monitor ds_cpl vmx est tm2 ssse3 cx16 xtpr pdcm pcid sse4_1 sse4_2 popcnt lahf_lm ida arat dtherm tpr_shadow vnmi flexpriority ept vpid
bogomips	: 5319.88
clflush size	: 64
cache_alignment	: 64
address sizes	: 36 bits physical, 48 bits virtual
power management:



Memory: 4k page, physical 3901720k(973332k free), swap 4042748k(4042748k free)

vm_info: Java HotSpot(TM) 64-Bit Server VM (23.5-b02) for linux-amd64 JRE (1.7.0_09-b05), built on Sep 24 2012 20:07:15 by "java_re" with gcc 4.3.0 20080428 (Red Hat 4.3.0-8)

time: Thu Nov  8 19:15:17 2012
elapsed time: 7 seconds

