#
# A fatal error has been detected by the Java Runtime Environment:
#
#  SIGSEGV (0xb) at pc=0x00007fc186174c58, pid=4006, tid=140469177235200
#
# JRE version: 7.0_09-b05
# Java VM: Java HotSpot(TM) 64-Bit Server VM (23.5-b02 mixed mode linux-amd64 compressed oops)
# Problematic frame:
# C  [libX11.so.6+0x33c58]  XQueryExtension+0x28
#
# Failed to write core dump. Core dumps have been disabled. To enable core dumping, try "ulimit -c unlimited" before starting Java again
#
# If you would like to submit a bug report, please visit:
#   http://bugreport.sun.com/bugreport/crash.jsp
#

---------------  T H R E A D  ---------------

Current thread (0x00007fc190092000):  VMThread [stack: 0x00007fc187593000,0x00007fc187694000] [id=4016]

siginfo:si_signo=SIGSEGV: si_errno=0, si_code=1 (SEGV_MAPERR), si_addr=0x0000000030001778

Registers:
RAX=0x00007fc1680008c0, RBX=0x0000000030000e10, RCX=0x00007fc187692868, RDX=0x00007fc187692864
RSP=0x00007fc187692800, RBP=0x00007fc17fa82e12, RSI=0x00007fc17fa82e12, RDI=0x0000000030000e10
R8 =0x00007fc18769286c, R9 =0x0000000000000000, R10=0x00007fc198d7afa8, R11=0x00007fc1989fac80
R12=0x0000000000000000, R13=0x00007fc17fa82e12, R14=0x00007fc1680008c0, R15=0x0000000000000000
RIP=0x00007fc186174c58, EFLAGS=0x0000000000010206, CSGSFS=0x0000000000000033, ERR=0x0000000000000004
  TRAPNO=0x000000000000000e

Top of Stack: (sp=0x00007fc187692800)
0x00007fc187692800:   00007fc1989cd790 00007fc1995bb548
0x00007fc187692810:   0000000000000000 00007fc198991f50
0x00007fc187692820:   00000000ffffffff 0000000030000e10
0x00007fc187692830:   00007fc17fa82e12 0000000000000000
0x00007fc187692840:   00007fc17fa82e12 00007fc1680008c0
0x00007fc187692850:   0000000000000000 00007fc186168c55
0x00007fc187692860:   00007fc1995d8048 00007fc17fbbac60
0x00007fc187692870:   00007fc17fbbac60 0000000030000e10
0x00007fc187692880:   00007fc13000ef00 00007fc18648202b
0x00007fc187692890:   00007fc1989cd790 000000110000002a
0x00007fc1876928a0:   00007fc187692920 0000000000000000
0x00007fc1876928b0:   00007fc187692920 0000000030000e10
0x00007fc1876928c0:   0000000000000000 00007fc1995d8048
0x00007fc1876928d0:   00007fc17fbd4490 00007fc17fa2efd9
0x00007fc1876928e0:   0000000000000000 000000000000002a
0x00007fc1876928f0:   00007fc187692920 00007fc187692940
0x00007fc187692900:   0000000000000000 00007fc1995d8048
0x00007fc187692910:   00007fc13c002d90 00007fc17fa236e2
0x00007fc187692920:   00007fc187692b00 00007fc17fa82d81
0x00007fc187692930:   00007fc187692b00 00007fc1993c492d
0x00007fc187692940:   00007fc1995d92c8 00007fc1995d9858
0x00007fc187692950:   00007fc1995d6b50 00007fc190007330
0x00007fc187692960:   00007fc190007e40 00007fc1900077e0
0x00007fc187692970:   00007fc190008340 00007fc19000d200
0x00007fc187692980:   00007fc190247f70 00007fc190248410
0x00007fc187692990:   00007fc190337a90 00007fc190336ea0
0x00007fc1876929a0:   00007fc19034bb30 00007fc19036c410
0x00007fc1876929b0:   00007fc19036be80 00007fc190180ba0
0x00007fc1876929c0:   00007fc190182680 00007fc190182180
0x00007fc1876929d0:   00007fc19017eed0 00007fc1900020f0
0x00007fc1876929e0:   00007fc190001a70 000000000122f4d0
0x00007fc1876929f0:   00007fc1903bcbb0 00007fc190181c70 

Instructions: (pc=0x00007fc186174c58)
0x00007fc186174c38:   24 d8 48 89 fb 4c 89 64 24 e0 4c 89 6c 24 e8 48
0x00007fc186174c48:   89 f5 4c 89 74 24 f0 4c 89 7c 24 f8 48 83 ec 58
0x00007fc186174c58:   48 8b 87 68 09 00 00 49 89 d4 49 89 cd 4d 89 c6
0x00007fc186174c68:   48 85 c0 74 02 ff 10 ba 08 00 00 00 be 62 00 00 

Register to memory mapping:

RAX=0x00007fc1680008c0 is an unknown value
RBX=0x0000000030000e10 is an unknown value
RCX=0x00007fc187692868 is an unknown value
RDX=0x00007fc187692864 is an unknown value
RSP=0x00007fc187692800 is an unknown value
RBP=0x00007fc17fa82e12: <offset 0x92e12> in /usr/lib/libGL.so.1 at 0x00007fc17f9f0000
RSI=0x00007fc17fa82e12: <offset 0x92e12> in /usr/lib/libGL.so.1 at 0x00007fc17f9f0000
RDI=0x0000000030000e10 is an unknown value
R8 =0x00007fc18769286c is an unknown value
R9 =0x0000000000000000 is an unknown value
R10=0x00007fc198d7afa8: <offset 0x3bbfa8> in /lib/x86_64-linux-gnu/libc.so.6 at 0x00007fc1989bf000
R11=0x00007fc1989fac80: __cxa_finalize+0 in /lib/x86_64-linux-gnu/libc.so.6 at 0x00007fc1989bf000
R12=0x0000000000000000 is an unknown value
R13=0x00007fc17fa82e12: <offset 0x92e12> in /usr/lib/libGL.so.1 at 0x00007fc17f9f0000
R14=0x00007fc1680008c0 is an unknown value
R15=0x0000000000000000 is an unknown value


Stack: [0x00007fc187593000,0x00007fc187694000],  sp=0x00007fc187692800,  free space=1022k
Native frames: (J=compiled Java code, j=interpreted, Vv=VM code, C=native code)
C  [libX11.so.6+0x33c58]  XQueryExtension+0x28

VM_Operation (0x00007fc1841cce80): Exit, mode: safepoint, requested by thread 0x00007fc1903bb000


---------------  P R O C E S S  ---------------

Java Threads: ( => current thread )
  0x00007fc190009000 JavaThread "DestroyJavaVM" [_thread_blocked, id=4011, stack(0x00007fc1994b7000,0x00007fc1995b8000)]
  0x00007fc1903fb000 JavaThread "Timer-0" [_thread_blocked, id=4038, stack(0x00007fc184990000,0x00007fc184a91000)]
  0x00007fc1903bb000 JavaThread "AWT-EventQueue-0" [_thread_blocked, id=4036, stack(0x00007fc1840cf000,0x00007fc1841d0000)]
  0x00007fc1903b9800 JavaThread "AWT-Shutdown" [_thread_blocked, id=4035, stack(0x00007fc1841d0000,0x00007fc1842d1000)]
  0x00007fc190257000 JavaThread "AWT-XAWT" daemon [_thread_blocked, id=4025, stack(0x00007fc184ee9000,0x00007fc184fea000)]
  0x00007fc190215800 JavaThread "Java2D Disposer" daemon [_thread_blocked, id=4024, stack(0x00007fc1853fa000,0x00007fc1854fb000)]
  0x00007fc1900f0000 JavaThread "Service Thread" daemon [_thread_blocked, id=4022, stack(0x00007fc186ccd000,0x00007fc186dce000)]
  0x00007fc1900ee000 JavaThread "C2 CompilerThread1" daemon [_thread_blocked, id=4021, stack(0x00007fc186dce000,0x00007fc186ecf000)]
  0x00007fc1900eb000 JavaThread "C2 CompilerThread0" daemon [_thread_blocked, id=4020, stack(0x00007fc186ecf000,0x00007fc186fd0000)]
  0x00007fc1900e8800 JavaThread "Signal Dispatcher" daemon [_thread_blocked, id=4019, stack(0x00007fc186fd0000,0x00007fc1870d1000)]
  0x00007fc19009b800 JavaThread "Finalizer" daemon [_thread_blocked, id=4018, stack(0x00007fc187391000,0x00007fc187492000)]
  0x00007fc190099800 JavaThread "Reference Handler" daemon [_thread_blocked, id=4017, stack(0x00007fc187492000,0x00007fc187593000)]

Other Threads:
=>0x00007fc190092000 VMThread [stack: 0x00007fc187593000,0x00007fc187694000] [id=4016]

VM state:at safepoint (shutting down)

VM Mutex/Monitor currently owned by a thread:  ([mutex/lock_event])
[0x00007fc190005500] Threads_lock - owner thread: 0x00007fc190092000

Heap
 PSYoungGen      total 13824K, used 10292K [0x00000000ec200000, 0x00000000ed820000, 0x0000000100000000)
  eden space 13696K, 74% used [0x00000000ec200000,0x00000000ecbf5048,0x00000000ecf60000)
  from space 128K, 75% used [0x00000000ecfb0000,0x00000000ecfc8000,0x00000000ecfd0000)
  to   space 4480K, 0% used [0x00000000ed3c0000,0x00000000ed3c0000,0x00000000ed820000)
 ParOldGen       total 40704K, used 4121K [0x00000000c4600000, 0x00000000c6dc0000, 0x00000000ec200000)
  object space 40704K, 10% used [0x00000000c4600000,0x00000000c4a06788,0x00000000c6dc0000)
 PSPermGen       total 21248K, used 16403K [0x00000000bf400000, 0x00000000c08c0000, 0x00000000c4600000)
  object space 21248K, 77% used [0x00000000bf400000,0x00000000c0404f78,0x00000000c08c0000)

Card table byte_map: [0x00007fc1966ff000,0x00007fc196906000] byte_map_base: 0x00007fc196105000

Polling page: 0x00007fc1995d4000

Code Cache  [0x00007fc18d000000, 0x00007fc18d270000, 0x00007fc190000000)
 total_blobs=1000 nmethods=274 adapters=678 free_code_cache=47968Kb largest_free_block=49086336

Compilation events (10 events):
Event: 73,009 Thread 0x00007fc1900ee000  273             java.util.WeakHashMap::getTable (9 bytes)
Event: 73,010 Thread 0x00007fc1900eb000  274   !         java.util.WeakHashMap::expungeStaleEntries (139 bytes)
Event: 73,011 Thread 0x00007fc1900eb000 nmethod 274 0x00007fc18d122d90 code [0x00007fc18d122ee0, 0x00007fc18d122f78]
Event: 73,011 Thread 0x00007fc1900ee000 nmethod 273 0x00007fc18d12aed0 code [0x00007fc18d12b020, 0x00007fc18d12b0b8]
Event: 73,027 Thread 0x00007fc1900ee000  275             java.util.WeakHashMap::maskNull (12 bytes)
Event: 73,028 Thread 0x00007fc1900ee000 nmethod 275 0x00007fc18d129590 code [0x00007fc18d1296c0, 0x00007fc18d129718]
Event: 73,028 Thread 0x00007fc1900ee000  276             java.util.WeakHashMap::hash (65 bytes)
Event: 73,030 Thread 0x00007fc1900ee000 nmethod 276 0x00007fc18d12aa90 code [0x00007fc18d12ac00, 0x00007fc18d12ad88]
Event: 74,301 Thread 0x00007fc1900eb000  277             JDOMHierarchy::draw (178 bytes)
Event: 74,341 Thread 0x00007fc1900eb000 nmethod 277 0x00007fc18d12b190 code [0x00007fc18d12b660, 0x00007fc18d12d058]

GC Heap History (10 events):
Event: 35,613 GC heap before
{Heap before GC invocations=5 (full 0):
 PSYoungGen      total 17792K, used 17762K [0x00000000ec200000, 0x00000000ed5d0000, 0x0000000100000000)
  eden space 15296K, 100% used [0x00000000ec200000,0x00000000ed0f0000,0x00000000ed0f0000)
  from space 2496K, 98% used [0x00000000ed360000,0x00000000ed5c8840,0x00000000ed5d0000)
  to   space 2496K, 0% used [0x00000000ed0f0000,0x00000000ed0f0000,0x00000000ed360000)
 ParOldGen       total 40704K, used 1475K [0x00000000c4600000, 0x00000000c6dc0000, 0x00000000ec200000)
  object space 40704K, 3% used [0x00000000c4600000,0x00000000c4770dc8,0x00000000c6dc0000)
 PSPermGen       total 21248K, used 16351K [0x00000000bf400000, 0x00000000c08c0000, 0x00000000c4600000)
  object space 21248K, 76% used [0x00000000bf400000,0x00000000c03f7ee0,0x00000000c08c0000)
Event: 35,621 GC heap after
Heap after GC invocations=5 (full 0):
 PSYoungGen      total 17472K, used 2482K [0x00000000ec200000, 0x00000000ed7e0000, 0x0000000100000000)
  eden space 14976K, 0% used [0x00000000ec200000,0x00000000ec200000,0x00000000ed0a0000)
  from space 2496K, 99% used [0x00000000ed0f0000,0x00000000ed35c850,0x00000000ed360000)
  to   space 3712K, 0% used [0x00000000ed440000,0x00000000ed440000,0x00000000ed7e0000)
 ParOldGen       total 40704K, used 1577K [0x00000000c4600000, 0x00000000c6dc0000, 0x00000000ec200000)
  object space 40704K, 3% used [0x00000000c4600000,0x00000000c478a5d8,0x00000000c6dc0000)
 PSPermGen       total 21248K, used 16351K [0x00000000bf400000, 0x00000000c08c0000, 0x00000000c4600000)
  object space 21248K, 76% used [0x00000000bf400000,0x00000000c03f7ee0,0x00000000c08c0000)
}
Event: 44,351 GC heap before
{Heap before GC invocations=6 (full 0):
 PSYoungGen      total 17472K, used 17458K [0x00000000ec200000, 0x00000000ed7e0000, 0x0000000100000000)
  eden space 14976K, 100% used [0x00000000ec200000,0x00000000ed0a0000,0x00000000ed0a0000)
  from space 2496K, 99% used [0x00000000ed0f0000,0x00000000ed35c850,0x00000000ed360000)
  to   space 3712K, 0% used [0x00000000ed440000,0x00000000ed440000,0x00000000ed7e0000)
 ParOldGen       total 40704K, used 1577K [0x00000000c4600000, 0x00000000c6dc0000, 0x00000000ec200000)
  object space 40704K, 3% used [0x00000000c4600000,0x00000000c478a5d8,0x00000000c6dc0000)
 PSPermGen       total 21248K, used 16357K [0x00000000bf400000, 0x00000000c08c0000, 0x00000000c4600000)
  object space 21248K, 76% used [0x00000000bf400000,0x00000000c03f9730,0x00000000c08c0000)
Event: 44,358 GC heap after
Heap after GC invocations=6 (full 0):
 PSYoungGen      total 17920K, used 2592K [0x00000000ec200000, 0x00000000ed770000, 0x0000000100000000)
  eden space 14656K, 0% used [0x00000000ec200000,0x00000000ec200000,0x00000000ed050000)
  from space 3264K, 79% used [0x00000000ed440000,0x00000000ed6c8010,0x00000000ed770000)
  to   space 3648K, 0% used [0x00000000ed050000,0x00000000ed050000,0x00000000ed3e0000)
 ParOldGen       total 40704K, used 1585K [0x00000000c4600000, 0x00000000c6dc0000, 0x00000000ec200000)
  object space 40704K, 3% used [0x00000000c4600000,0x00000000c478c5d8,0x00000000c6dc0000)
 PSPermGen       total 21248K, used 16357K [0x00000000bf400000, 0x00000000c08c0000, 0x00000000c4600000)
  object space 21248K, 76% used [0x00000000bf400000,0x00000000c03f9730,0x00000000c08c0000)
}
Event: 53,286 GC heap before
{Heap before GC invocations=7 (full 0):
 PSYoungGen      total 17920K, used 17248K [0x00000000ec200000, 0x00000000ed770000, 0x0000000100000000)
  eden space 14656K, 100% used [0x00000000ec200000,0x00000000ed050000,0x00000000ed050000)
  from space 3264K, 79% used [0x00000000ed440000,0x00000000ed6c8010,0x00000000ed770000)
  to   space 3648K, 0% used [0x00000000ed050000,0x00000000ed050000,0x00000000ed3e0000)
 ParOldGen       total 40704K, used 1585K [0x00000000c4600000, 0x00000000c6dc0000, 0x00000000ec200000)
  object space 40704K, 3% used [0x00000000c4600000,0x00000000c478c5d8,0x00000000c6dc0000)
 PSPermGen       total 21248K, used 16358K [0x00000000bf400000, 0x00000000c08c0000, 0x00000000c4600000)
  object space 21248K, 76% used [0x00000000bf400000,0x00000000c03f9918,0x00000000c08c0000)
Event: 53,293 GC heap after
Heap after GC invocations=7 (full 0):
 PSYoungGen      total 17984K, used 192K [0x00000000ec200000, 0x00000000ed800000, 0x0000000100000000)
  eden space 14336K, 0% used [0x00000000ec200000,0x00000000ec200000,0x00000000ed000000)
  from space 3648K, 5% used [0x00000000ed050000,0x00000000ed080000,0x00000000ed3e0000)
  to   space 4096K, 0% used [0x00000000ed400000,0x00000000ed400000,0x00000000ed800000)
 ParOldGen       total 40704K, used 3993K [0x00000000c4600000, 0x00000000c6dc0000, 0x00000000ec200000)
  object space 40704K, 9% used [0x00000000c4600000,0x00000000c49e6788,0x00000000c6dc0000)
 PSPermGen       total 21248K, used 16358K [0x00000000bf400000, 0x00000000c08c0000, 0x00000000c4600000)
  object space 21248K, 76% used [0x00000000bf400000,0x00000000c03f9918,0x00000000c08c0000)
}
Event: 61,647 GC heap before
{Heap before GC invocations=8 (full 0):
 PSYoungGen      total 17984K, used 14528K [0x00000000ec200000, 0x00000000ed800000, 0x0000000100000000)
  eden space 14336K, 100% used [0x00000000ec200000,0x00000000ed000000,0x00000000ed000000)
  from space 3648K, 5% used [0x00000000ed050000,0x00000000ed080000,0x00000000ed3e0000)
  to   space 4096K, 0% used [0x00000000ed400000,0x00000000ed400000,0x00000000ed800000)
 ParOldGen       total 40704K, used 3993K [0x00000000c4600000, 0x00000000c6dc0000, 0x00000000ec200000)
  object space 40704K, 9% used [0x00000000c4600000,0x00000000c49e6788,0x00000000c6dc0000)
 PSPermGen       total 21248K, used 16359K [0x00000000bf400000, 0x00000000c08c0000, 0x00000000c4600000)
  object space 21248K, 76% used [0x00000000bf400000,0x00000000c03f9d28,0x00000000c08c0000)
Event: 61,648 GC heap after
Heap after GC invocations=8 (full 0):
 PSYoungGen      total 18112K, used 160K [0x00000000ec200000, 0x00000000ed810000, 0x0000000100000000)
  eden space 14016K, 0% used [0x00000000ec200000,0x00000000ec200000,0x00000000ecfb0000)
  from space 4096K, 3% used [0x00000000ed400000,0x00000000ed428000,0x00000000ed800000)
  to   space 4288K, 0% used [0x00000000ecfb0000,0x00000000ecfb0000,0x00000000ed3e0000)
 ParOldGen       total 40704K, used 4041K [0x00000000c4600000, 0x00000000c6dc0000, 0x00000000ec200000)
  object space 40704K, 9% used [0x00000000c4600000,0x00000000c49f2788,0x00000000c6dc0000)
 PSPermGen       total 21248K, used 16359K [0x00000000bf400000, 0x00000000c08c0000, 0x00000000c4600000)
  object space 21248K, 76% used [0x00000000bf400000,0x00000000c03f9d28,0x00000000c08c0000)
}
Event: 69,775 GC heap before
{Heap before GC invocations=9 (full 0):
 PSYoungGen      total 18112K, used 14176K [0x00000000ec200000, 0x00000000ed810000, 0x0000000100000000)
  eden space 14016K, 100% used [0x00000000ec200000,0x00000000ecfb0000,0x00000000ecfb0000)
  from space 4096K, 3% used [0x00000000ed400000,0x00000000ed428000,0x00000000ed800000)
  to   space 4288K, 0% used [0x00000000ecfb0000,0x00000000ecfb0000,0x00000000ed3e0000)
 ParOldGen       total 40704K, used 4041K [0x00000000c4600000, 0x00000000c6dc0000, 0x00000000ec200000)
  object space 40704K, 9% used [0x00000000c4600000,0x00000000c49f2788,0x00000000c6dc0000)
 PSPermGen       total 21248K, used 16360K [0x00000000bf400000, 0x00000000c08c0000, 0x00000000c4600000)
  object space 21248K, 76% used [0x00000000bf400000,0x00000000c03fa028,0x00000000c08c0000)
Event: 69,777 GC heap after
Heap after GC invocations=9 (full 0):
 PSYoungGen      total 13824K, used 96K [0x00000000ec200000, 0x00000000ed820000, 0x0000000100000000)
  eden space 13696K, 0% used [0x00000000ec200000,0x00000000ec200000,0x00000000ecf60000)
  from space 128K, 75% used [0x00000000ecfb0000,0x00000000ecfc8000,0x00000000ecfd0000)
  to   space 4480K, 0% used [0x00000000ed3c0000,0x00000000ed3c0000,0x00000000ed820000)
 ParOldGen       total 40704K, used 4121K [0x00000000c4600000, 0x00000000c6dc0000, 0x00000000ec200000)
  object space 40704K, 10% used [0x00000000c4600000,0x00000000c4a06788,0x00000000c6dc0000)
 PSPermGen       total 21248K, used 16360K [0x00000000bf400000, 0x00000000c08c0000, 0x00000000c4600000)
  object space 21248K, 76% used [0x00000000bf400000,0x00000000c03fa028,0x00000000c08c0000)
}

Deoptimization events (10 events):
Event: 75,443 Thread 0x00007fc13c482000 Uncommon trap -34 fr.pc 0x00007fc18d10aadc
Event: 75,444 Thread 0x00007fc1903ef000 Uncommon trap -34 fr.pc 0x00007fc18d11e274
Event: 75,444 Thread 0x00007fc1903ef000 Uncommon trap -34 fr.pc 0x00007fc18d11e274
Event: 75,444 Thread 0x00007fc1903ef000 Uncommon trap -34 fr.pc 0x00007fc18d0c0cb0
Event: 75,444 Thread 0x00007fc1903ef000 Uncommon trap -34 fr.pc 0x00007fc18d0c0cb0
Event: 75,444 Thread 0x00007fc1903ef000 Uncommon trap -34 fr.pc 0x00007fc18d0c0cb0
Event: 75,444 Thread 0x00007fc1903ef000 Uncommon trap -34 fr.pc 0x00007fc18d117364
Event: 75,444 Thread 0x00007fc1903ef000 Uncommon trap -34 fr.pc 0x00007fc18d117364
Event: 75,444 Thread 0x00007fc1903ef000 Uncommon trap -34 fr.pc 0x00007fc18d11b0f4
Event: 75,474 Thread 0x00007fc1903ef000 Uncommon trap -34 fr.pc 0x00007fc18d11b0f4

Internal exceptions (10 events):
Event: 1,281 Thread 0x00007fc1903bb000 Threw 0x00000000ec397620 at /HUDSON/workspace/jdk7u9-2-build-linux-amd64-product/jdk7u9/hotspot/src/share/vm/prims/jvm.cpp:1166
Event: 1,282 Thread 0x00007fc1903bb000 Threw 0x00000000ec3a09a0 at /HUDSON/workspace/jdk7u9-2-build-linux-amd64-product/jdk7u9/hotspot/src/share/vm/prims/jvm.cpp:1166
Event: 1,292 Thread 0x00007fc1903bb000 Threw 0x00000000ec3aa478 at /HUDSON/workspace/jdk7u9-2-build-linux-amd64-product/jdk7u9/hotspot/src/share/vm/runtime/reflection.cpp
Event: 1,336 Thread 0x00007fc1903bb000 Threw 0x00000000ec3b4c50 at /HUDSON/workspace/jdk7u9-2-build-linux-amd64-product/jdk7u9/hotspot/src/share/vm/prims/jni.cpp:742
Event: 1,339 Thread 0x00007fc1903bb000 Threw 0x00000000ec3b9160 at /HUDSON/workspace/jdk7u9-2-build-linux-amd64-product/jdk7u9/hotspot/src/share/vm/runtime/reflection.cpp
Event: 1,345 Thread 0x00007fc1903bb000 Threw 0x00000000ec3bf240 at /HUDSON/workspace/jdk7u9-2-build-linux-amd64-product/jdk7u9/hotspot/src/share/vm/runtime/reflection.cpp
Event: 60,238 Thread 0x00007fc190317000 Implicit null exception at 0x00007fc18d0cbdb8 to 0x00007fc18d0cbea2
Event: 75,436 Thread 0x00007fc1903bb000 Implicit null exception at 0x00007fc18d0d0465 to 0x00007fc18d0d05e5
Event: 75,442 Thread 0x00007fc13c482000 Implicit null exception at 0x00007fc18d0c7e09 to 0x00007fc18d0c7f0e
Event: 75,443 Thread 0x00007fc13c482000 Threw 0x00000000ecb9d0d8 at /HUDSON/workspace/jdk7u9-2-build-linux-amd64-product/jdk7u9/hotspot/src/share/vm/prims/jvm.cpp:1166

Events (10 events):
Event: 75,444 Thread 0x00007fc1903ef000 DEOPT PACKING pc=0x00007fc18d117364 sp=0x00007fc17f656460
Event: 75,444 Thread 0x00007fc1903ef000 DEOPT UNPACKING pc=0x00007fc18d039145 sp=0x00007fc17f6563d8 mode 2
Event: 75,444 Thread 0x00007fc1903ef000 DEOPT PACKING pc=0x00007fc18d11b0f4 sp=0x00007fc17f656540
Event: 75,444 Thread 0x00007fc1903ef000 DEOPT UNPACKING pc=0x00007fc18d039145 sp=0x00007fc17f6564f8 mode 2
Event: 75,448 Thread 0x00007fc13c493000 Thread exited: 0x00007fc13c493000
Event: 75,474 Thread 0x00007fc1903ef000 DEOPT PACKING pc=0x00007fc18d11b0f4 sp=0x00007fc17f6565b0
Event: 75,474 Thread 0x00007fc1903ef000 DEOPT UNPACKING pc=0x00007fc18d039145 sp=0x00007fc17f656568 mode 2
Event: 75,475 Thread 0x00007fc1903ef000 Thread exited: 0x00007fc1903ef000
Event: 75,475 Thread 0x00007fc13c482000 Thread exited: 0x00007fc13c482000
Event: 75,475 Executing VM operation: Exit


Dynamic libraries:
00400000-00401000 r-xp 00000000 08:06 1967722                            /usr/lib/jvm/java-7-oracle/bin/java
00600000-00601000 rw-p 00000000 08:06 1967722                            /usr/lib/jvm/java-7-oracle/bin/java
0122f000-01250000 rw-p 00000000 00:00 0                                  [heap]
bf400000-c08c0000 rw-p 00000000 00:00 0 
c08c0000-c4600000 rw-p 00000000 00:00 0 
c4600000-c6dc0000 rw-p 00000000 00:00 0 
c6dc0000-ec200000 rw-p 00000000 00:00 0 
ec200000-ed820000 rw-p 00000000 00:00 0 
ed820000-100000000 rw-p 00000000 00:00 0 
7fc128000000-7fc128021000 rw-p 00000000 00:00 0 
7fc128021000-7fc12c000000 ---p 00000000 00:00 0 
7fc130000000-7fc130dac000 rw-p 00000000 00:00 0 
7fc130dac000-7fc134000000 ---p 00000000 00:00 0 
7fc134000000-7fc134021000 rw-p 00000000 00:00 0 
7fc134021000-7fc138000000 ---p 00000000 00:00 0 
7fc138000000-7fc138021000 rw-p 00000000 00:00 0 
7fc138021000-7fc13c000000 ---p 00000000 00:00 0 
7fc13c000000-7fc13c69e000 rw-p 00000000 00:00 0 
7fc13c69e000-7fc140000000 ---p 00000000 00:00 0 
7fc140000000-7fc140021000 rw-p 00000000 00:00 0 
7fc140021000-7fc144000000 ---p 00000000 00:00 0 
7fc144000000-7fc14446b000 rw-p 00000000 00:00 0 
7fc14446b000-7fc148000000 ---p 00000000 00:00 0 
7fc148000000-7fc148021000 rw-p 00000000 00:00 0 
7fc148021000-7fc14c000000 ---p 00000000 00:00 0 
7fc14c000000-7fc14c021000 rw-p 00000000 00:00 0 
7fc14c021000-7fc150000000 ---p 00000000 00:00 0 
7fc150000000-7fc150021000 rw-p 00000000 00:00 0 
7fc150021000-7fc154000000 ---p 00000000 00:00 0 
7fc154000000-7fc154021000 rw-p 00000000 00:00 0 
7fc154021000-7fc158000000 ---p 00000000 00:00 0 
7fc158000000-7fc1595e4000 rw-p 00000000 00:00 0 
7fc1595e4000-7fc15c000000 ---p 00000000 00:00 0 
7fc15c000000-7fc15c1eb000 rw-p 00000000 00:00 0 
7fc15c1eb000-7fc160000000 ---p 00000000 00:00 0 
7fc160000000-7fc160021000 rw-p 00000000 00:00 0 
7fc160021000-7fc164000000 ---p 00000000 00:00 0 
7fc164000000-7fc164021000 rw-p 00000000 00:00 0 
7fc164021000-7fc168000000 ---p 00000000 00:00 0 
7fc168000000-7fc168021000 rw-p 00000000 00:00 0 
7fc168021000-7fc16c000000 ---p 00000000 00:00 0 
7fc16c000000-7fc16c021000 rw-p 00000000 00:00 0 
7fc16c021000-7fc170000000 ---p 00000000 00:00 0 
7fc170000000-7fc170021000 rw-p 00000000 00:00 0 
7fc170021000-7fc174000000 ---p 00000000 00:00 0 
7fc178000000-7fc178021000 rw-p 00000000 00:00 0 
7fc178021000-7fc17c000000 ---p 00000000 00:00 0 
7fc17c4cb000-7fc17c4ce000 ---p 00000000 00:00 0 
7fc17c4ce000-7fc17c5cc000 rw-p 00000000 00:00 0 
7fc17c5cc000-7fc17c5cf000 ---p 00000000 00:00 0 
7fc17c5cf000-7fc17c6cd000 rw-p 00000000 00:00 0 
7fc17c6cd000-7fc17c6d0000 ---p 00000000 00:00 0 
7fc17c6d0000-7fc17c7ce000 rw-p 00000000 00:00 0 
7fc17c7ce000-7fc17cece000 rw-s 00006000 00:05 7943                       /dev/ati/card0
7fc17cece000-7fc17cf1a000 r-xp 00000000 08:06 9961632                    /usr/lib/libatiadlxx.so
7fc17cf1a000-7fc17d01a000 ---p 0004c000 08:06 9961632                    /usr/lib/libatiadlxx.so
7fc17d01a000-7fc17d025000 rw-p 0004c000 08:06 9961632                    /usr/lib/libatiadlxx.so
7fc17d025000-7fc17d035000 rw-p 00000000 00:00 0 
7fc17d035000-7fc17efd3000 r-xp 00000000 08:06 10092955                   /usr/lib/x86_64-linux-gnu/dri/fglrx_dri.so
7fc17efd3000-7fc17f0d2000 ---p 01f9e000 08:06 10092955                   /usr/lib/x86_64-linux-gnu/dri/fglrx_dri.so
7fc17f0d2000-7fc17f220000 rwxp 01f9d000 08:06 10092955                   /usr/lib/x86_64-linux-gnu/dri/fglrx_dri.so
7fc17f220000-7fc17f354000 rwxp 00000000 00:00 0 
7fc17f354000-7fc17f356000 r-xp 00000000 08:06 9965233                    /usr/lib/x86_64-linux-gnu/libXinerama.so.1.0.0
7fc17f356000-7fc17f555000 ---p 00002000 08:06 9965233                    /usr/lib/x86_64-linux-gnu/libXinerama.so.1.0.0
7fc17f555000-7fc17f556000 r--p 00001000 08:06 9965233                    /usr/lib/x86_64-linux-gnu/libXinerama.so.1.0.0
7fc17f556000-7fc17f557000 rw-p 00002000 08:06 9965233                    /usr/lib/x86_64-linux-gnu/libXinerama.so.1.0.0
7fc17f557000-7fc17f55a000 ---p 00000000 00:00 0 
7fc17f55a000-7fc17f658000 rw-p 00000000 00:00 0 
7fc17f658000-7fc17f6e5000 r-xp 00000000 08:06 4456562                    /tmp/jogamp_0000/file_cache/jln8480826391169831423/jln7946698401117932454/libjogl_desktop.so
7fc17f6e5000-7fc17f8e5000 ---p 0008d000 08:06 4456562                    /tmp/jogamp_0000/file_cache/jln8480826391169831423/jln7946698401117932454/libjogl_desktop.so
7fc17f8e5000-7fc17f8e6000 r--p 0008d000 08:06 4456562                    /tmp/jogamp_0000/file_cache/jln8480826391169831423/jln7946698401117932454/libjogl_desktop.so
7fc17f8e6000-7fc17f8e7000 rw-p 0008e000 08:06 4456562                    /tmp/jogamp_0000/file_cache/jln8480826391169831423/jln7946698401117932454/libjogl_desktop.so
7fc17f8e7000-7fc17f8ee000 r-xp 00000000 08:06 9961665                    /usr/lib/libatiuki.so.1.0
7fc17f8ee000-7fc17f9ee000 ---p 00007000 08:06 9961665                    /usr/lib/libatiuki.so.1.0
7fc17f9ee000-7fc17f9ef000 rw-p 00007000 08:06 9961665                    /usr/lib/libatiuki.so.1.0
7fc17f9ef000-7fc17f9f0000 rw-p 00000000 00:00 0 
7fc17f9f0000-7fc17faae000 r-xp 00000000 08:06 9961708                    /usr/lib/fglrx/fglrx-libGL.so.1.2
7fc17faae000-7fc17fbae000 ---p 000be000 08:06 9961708                    /usr/lib/fglrx/fglrx-libGL.so.1.2
7fc17fbae000-7fc17fbd5000 rwxp 000be000 08:06 9961708                    /usr/lib/fglrx/fglrx-libGL.so.1.2
7fc17fbd5000-7fc17fbf4000 rwxp 00000000 00:00 0 
7fc17fbf4000-7fc17fbf8000 r-xp 00000000 08:06 9969743                    /usr/lib/x86_64-linux-gnu/libXxf86vm.so.1.0.0
7fc17fbf8000-7fc17fdf7000 ---p 00004000 08:06 9969743                    /usr/lib/x86_64-linux-gnu/libXxf86vm.so.1.0.0
7fc17fdf7000-7fc17fdf8000 r--p 00003000 08:06 9969743                    /usr/lib/x86_64-linux-gnu/libXxf86vm.so.1.0.0
7fc17fdf8000-7fc17fdf9000 rw-p 00004000 08:06 9969743                    /usr/lib/x86_64-linux-gnu/libXxf86vm.so.1.0.0
7fc17fdf9000-7fc17fdff000 r-xp 00000000 08:06 4456565                    /tmp/jogamp_0000/file_cache/jln8480826391169831423/jln7946698401117932454/libnativewindow_x11.so
7fc17fdff000-7fc17fffe000 ---p 00006000 08:06 4456565                    /tmp/jogamp_0000/file_cache/jln8480826391169831423/jln7946698401117932454/libnativewindow_x11.so
7fc17fffe000-7fc17ffff000 r--p 00005000 08:06 4456565                    /tmp/jogamp_0000/file_cache/jln8480826391169831423/jln7946698401117932454/libnativewindow_x11.so
7fc17ffff000-7fc180000000 rw-p 00006000 08:06 4456565                    /tmp/jogamp_0000/file_cache/jln8480826391169831423/jln7946698401117932454/libnativewindow_x11.so
7fc180000000-7fc180021000 rw-p 00000000 00:00 0 
7fc180021000-7fc184000000 ---p 00000000 00:00 0 
7fc1840cf000-7fc1840d2000 ---p 00000000 00:00 0 
7fc1840d2000-7fc1841d0000 rw-p 00000000 00:00 0 
7fc1841d0000-7fc1841d3000 ---p 00000000 00:00 0 
7fc1841d3000-7fc1842d1000 rw-p 00000000 00:00 0 
7fc1842d1000-7fc1842d3000 r-xp 00000000 08:06 4456564                    /tmp/jogamp_0000/file_cache/jln8480826391169831423/jln7946698401117932454/libnativewindow_awt.so
7fc1842d3000-7fc1844d2000 ---p 00002000 08:06 4456564                    /tmp/jogamp_0000/file_cache/jln8480826391169831423/jln7946698401117932454/libnativewindow_awt.so
7fc1844d2000-7fc1844d3000 r--p 00001000 08:06 4456564                    /tmp/jogamp_0000/file_cache/jln8480826391169831423/jln7946698401117932454/libnativewindow_awt.so
7fc1844d3000-7fc1844d4000 rw-p 00002000 08:06 4456564                    /tmp/jogamp_0000/file_cache/jln8480826391169831423/jln7946698401117932454/libnativewindow_awt.so
7fc1844d4000-7fc1844d5000 r-xp 00000000 08:06 1967578                    /usr/lib/jvm/java-7-oracle/jre/lib/amd64/libjawt.so
7fc1844d5000-7fc1846d4000 ---p 00001000 08:06 1967578                    /usr/lib/jvm/java-7-oracle/jre/lib/amd64/libjawt.so
7fc1846d4000-7fc1846d5000 rw-p 00000000 08:06 1967578                    /usr/lib/jvm/java-7-oracle/jre/lib/amd64/libjawt.so
7fc18478d000-7fc18478f000 r-xp 00000000 08:06 4456561                    /tmp/jogamp_0000/file_cache/jln8480826391169831423/jln7946698401117932454/libgluegen-rt.so
7fc18478f000-7fc18498e000 ---p 00002000 08:06 4456561                    /tmp/jogamp_0000/file_cache/jln8480826391169831423/jln7946698401117932454/libgluegen-rt.so
7fc18498e000-7fc18498f000 r--p 00001000 08:06 4456561                    /tmp/jogamp_0000/file_cache/jln8480826391169831423/jln7946698401117932454/libgluegen-rt.so
7fc18498f000-7fc184990000 rw-p 00002000 08:06 4456561                    /tmp/jogamp_0000/file_cache/jln8480826391169831423/jln7946698401117932454/libgluegen-rt.so
7fc184990000-7fc184993000 ---p 00000000 00:00 0 
7fc184993000-7fc184a91000 rw-p 00000000 00:00 0 
7fc184a91000-7fc184aa1000 r-xp 00000000 08:06 1967585                    /usr/lib/jvm/java-7-oracle/jre/lib/amd64/libnio.so
7fc184aa1000-7fc184ca1000 ---p 00010000 08:06 1967585                    /usr/lib/jvm/java-7-oracle/jre/lib/amd64/libnio.so
7fc184ca1000-7fc184ca2000 rw-p 00010000 08:06 1967585                    /usr/lib/jvm/java-7-oracle/jre/lib/amd64/libnio.so
7fc184ca2000-7fc184cd3000 rw-p 00000000 00:00 0 
7fc184cd3000-7fc184ce8000 r-xp 00000000 08:06 1967604                    /usr/lib/jvm/java-7-oracle/jre/lib/amd64/libnet.so
7fc184ce8000-7fc184ee8000 ---p 00015000 08:06 1967604                    /usr/lib/jvm/java-7-oracle/jre/lib/amd64/libnet.so
7fc184ee8000-7fc184ee9000 rw-p 00015000 08:06 1967604                    /usr/lib/jvm/java-7-oracle/jre/lib/amd64/libnet.so
7fc184ee9000-7fc184eec000 ---p 00000000 00:00 0 
7fc184eec000-7fc184fea000 rw-p 00000000 00:00 0 
7fc184fea000-7fc184fef000 r-xp 00000000 08:06 9962178                    /usr/lib/x86_64-linux-gnu/libXfixes.so.3.1.0
7fc184fef000-7fc1851ee000 ---p 00005000 08:06 9962178                    /usr/lib/x86_64-linux-gnu/libXfixes.so.3.1.0
7fc1851ee000-7fc1851ef000 r--p 00004000 08:06 9962178                    /usr/lib/x86_64-linux-gnu/libXfixes.so.3.1.0
7fc1851ef000-7fc1851f0000 rw-p 00005000 08:06 9962178                    /usr/lib/x86_64-linux-gnu/libXfixes.so.3.1.0
7fc1851f0000-7fc1851f9000 r-xp 00000000 08:06 9967225                    /usr/lib/x86_64-linux-gnu/libXcursor.so.1.0.2
7fc1851f9000-7fc1853f8000 ---p 00009000 08:06 9967225                    /usr/lib/x86_64-linux-gnu/libXcursor.so.1.0.2
7fc1853f8000-7fc1853f9000 r--p 00008000 08:06 9967225                    /usr/lib/x86_64-linux-gnu/libXcursor.so.1.0.2
7fc1853f9000-7fc1853fa000 rw-p 00009000 08:06 9967225                    /usr/lib/x86_64-linux-gnu/libXcursor.so.1.0.2
7fc1853fa000-7fc1853fd000 ---p 00000000 00:00 0 
7fc1853fd000-7fc1854fb000 rw-p 00000000 00:00 0 
7fc1854fb000-7fc185500000 r-xp 00000000 08:06 9962011                    /usr/lib/x86_64-linux-gnu/libXdmcp.so.6.0.0
7fc185500000-7fc1856ff000 ---p 00005000 08:06 9962011                    /usr/lib/x86_64-linux-gnu/libXdmcp.so.6.0.0
7fc1856ff000-7fc185700000 r--p 00004000 08:06 9962011                    /usr/lib/x86_64-linux-gnu/libXdmcp.so.6.0.0
7fc185700000-7fc185701000 rw-p 00005000 08:06 9962011                    /usr/lib/x86_64-linux-gnu/libXdmcp.so.6.0.0
7fc185701000-7fc185703000 r-xp 00000000 08:06 9963502                    /usr/lib/x86_64-linux-gnu/libXau.so.6.0.0
7fc185703000-7fc185902000 ---p 00002000 08:06 9963502                    /usr/lib/x86_64-linux-gnu/libXau.so.6.0.0
7fc185902000-7fc185903000 r--p 00001000 08:06 9963502                    /usr/lib/x86_64-linux-gnu/libXau.so.6.0.0
7fc185903000-7fc185904000 rw-p 00002000 08:06 9963502                    /usr/lib/x86_64-linux-gnu/libXau.so.6.0.0
7fc185904000-7fc185921000 r-xp 00000000 08:06 9963508                    /usr/lib/x86_64-linux-gnu/libxcb.so.1.1.0
7fc185921000-7fc185b20000 ---p 0001d000 08:06 9963508                    /usr/lib/x86_64-linux-gnu/libxcb.so.1.1.0
7fc185b20000-7fc185b21000 r--p 0001c000 08:06 9963508                    /usr/lib/x86_64-linux-gnu/libxcb.so.1.1.0
7fc185b21000-7fc185b22000 rw-p 0001d000 08:06 9963508                    /usr/lib/x86_64-linux-gnu/libxcb.so.1.1.0
7fc185b22000-7fc185b30000 r-xp 00000000 08:06 9961805                    /usr/lib/x86_64-linux-gnu/libXi.so.6.1.0
7fc185b30000-7fc185d2f000 ---p 0000e000 08:06 9961805                    /usr/lib/x86_64-linux-gnu/libXi.so.6.1.0
7fc185d2f000-7fc185d30000 r--p 0000d000 08:06 9961805                    /usr/lib/x86_64-linux-gnu/libXi.so.6.1.0
7fc185d30000-7fc185d31000 rw-p 0000e000 08:06 9961805                    /usr/lib/x86_64-linux-gnu/libXi.so.6.1.0
7fc185d31000-7fc185d36000 r-xp 00000000 08:06 9962629                    /usr/lib/x86_64-linux-gnu/libXtst.so.6.1.0
7fc185d36000-7fc185f35000 ---p 00005000 08:06 9962629                    /usr/lib/x86_64-linux-gnu/libXtst.so.6.1.0
7fc185f35000-7fc185f36000 r--p 00004000 08:06 9962629                    /usr/lib/x86_64-linux-gnu/libXtst.so.6.1.0
7fc185f36000-7fc185f37000 rw-p 00005000 08:06 9962629                    /usr/lib/x86_64-linux-gnu/libXtst.so.6.1.0
7fc185f37000-7fc185f40000 r-xp 00000000 08:06 9963780                    /usr/lib/x86_64-linux-gnu/libXrender.so.1.3.0
7fc185f40000-7fc18613f000 ---p 00009000 08:06 9963780                    /usr/lib/x86_64-linux-gnu/libXrender.so.1.3.0
7fc18613f000-7fc186140000 r--p 00008000 08:06 9963780                    /usr/lib/x86_64-linux-gnu/libXrender.so.1.3.0
7fc186140000-7fc186141000 rw-p 00009000 08:06 9963780                    /usr/lib/x86_64-linux-gnu/libXrender.so.1.3.0
7fc186141000-7fc186270000 r-xp 00000000 08:06 9963828                    /usr/lib/x86_64-linux-gnu/libX11.so.6.3.0
7fc186270000-7fc186470000 ---p 0012f000 08:06 9963828                    /usr/lib/x86_64-linux-gnu/libX11.so.6.3.0
7fc186470000-7fc186471000 r--p 0012f000 08:06 9963828                    /usr/lib/x86_64-linux-gnu/libX11.so.6.3.0
7fc186471000-7fc186475000 rw-p 00130000 08:06 9963828                    /usr/lib/x86_64-linux-gnu/libX11.so.6.3.0
7fc186475000-7fc186485000 r-xp 00000000 08:06 9961497                    /usr/lib/x86_64-linux-gnu/libXext.so.6.4.0
7fc186485000-7fc186684000 ---p 00010000 08:06 9961497                    /usr/lib/x86_64-linux-gnu/libXext.so.6.4.0
7fc186684000-7fc186685000 r--p 0000f000 08:06 9961497                    /usr/lib/x86_64-linux-gnu/libXext.so.6.4.0
7fc186685000-7fc186686000 rw-p 00010000 08:06 9961497                    /usr/lib/x86_64-linux-gnu/libXext.so.6.4.0
7fc186686000-7fc1866d6000 r-xp 00000000 08:06 1967618                    /usr/lib/jvm/java-7-oracle/jre/lib/amd64/xawt/libmawt.so
7fc1866d6000-7fc1868d6000 ---p 00050000 08:06 1967618                    /usr/lib/jvm/java-7-oracle/jre/lib/amd64/xawt/libmawt.so
7fc1868d6000-7fc1868da000 rw-p 00050000 08:06 1967618                    /usr/lib/jvm/java-7-oracle/jre/lib/amd64/xawt/libmawt.so
7fc1868da000-7fc1868db000 rw-p 00000000 00:00 0 
7fc1868db000-7fc18697d000 r-xp 00000000 08:06 1967615                    /usr/lib/jvm/java-7-oracle/jre/lib/amd64/libawt.so
7fc18697d000-7fc186b7d000 ---p 000a2000 08:06 1967615                    /usr/lib/jvm/java-7-oracle/jre/lib/amd64/libawt.so
7fc186b7d000-7fc186b89000 rw-p 000a2000 08:06 1967615                    /usr/lib/jvm/java-7-oracle/jre/lib/amd64/libawt.so
7fc186b89000-7fc186bad000 rw-p 00000000 00:00 0 
7fc186bad000-7fc186bc7000 r--s 00477000 08:11 450                        /media/DDE-640/IMAC/Projets_Tut/PlantS/libjogl/jogamp-all-platforms/jar/jogl-all.jar
7fc186bc7000-7fc186bcc000 r--s 0002c000 08:11 451                        /media/DDE-640/IMAC/Projets_Tut/PlantS/libjogl/jogamp-all-platforms/jar/gluegen-rt.jar
7fc186bcc000-7fc186bcd000 ---p 00000000 00:00 0 
7fc186bcd000-7fc186ccd000 rw-p 00000000 00:00 0 
7fc186ccd000-7fc186cd0000 ---p 00000000 00:00 0 
7fc186cd0000-7fc186dce000 rw-p 00000000 00:00 0 
7fc186dce000-7fc186dd1000 ---p 00000000 00:00 0 
7fc186dd1000-7fc186ecf000 rw-p 00000000 00:00 0 
7fc186ecf000-7fc186ed2000 ---p 00000000 00:00 0 
7fc186ed2000-7fc186fd0000 rw-p 00000000 00:00 0 
7fc186fd0000-7fc186fd3000 ---p 00000000 00:00 0 
7fc186fd3000-7fc1870d1000 rw-p 00000000 00:00 0 
7fc1870d1000-7fc187391000 r--p 00000000 08:06 9961657                    /usr/lib/locale/locale-archive
7fc187391000-7fc187394000 ---p 00000000 00:00 0 
7fc187394000-7fc187492000 rw-p 00000000 00:00 0 
7fc187492000-7fc187495000 ---p 00000000 00:00 0 
7fc187495000-7fc187593000 rw-p 00000000 00:00 0 
7fc187593000-7fc187594000 ---p 00000000 00:00 0 
7fc187594000-7fc188000000 rw-p 00000000 00:00 0 
7fc188000000-7fc188021000 rw-p 00000000 00:00 0 
7fc188021000-7fc18c000000 ---p 00000000 00:00 0 
7fc18c008000-7fc18c028000 rw-s f0020000 00:05 7943                       /dev/ati/card0
7fc18c028000-7fc18c02b000 ---p 00000000 00:00 0 
7fc18c02b000-7fc18c050000 rw-p 00000000 00:00 0 
7fc18c050000-7fc18c075000 r--p 00000000 08:06 10359730                   /usr/share/locale-langpack/fr/LC_MESSAGES/libc.mo
7fc18c075000-7fc18c62c000 rw-p 00000000 00:00 0 
7fc18c62c000-7fc18c7e8000 r--s 039da000 08:06 1967452                    /usr/lib/jvm/java-7-oracle/jre/lib/rt.jar
7fc18c7e8000-7fc18d000000 rw-p 00000000 00:00 0 
7fc18d000000-7fc18d270000 rwxp 00000000 00:00 0 
7fc18d270000-7fc190441000 rw-p 00000000 00:00 0 
7fc190441000-7fc194000000 ---p 00000000 00:00 0 
7fc19400b000-7fc196194000 rw-p 00000000 00:00 0 
7fc196194000-7fc196195000 ---p 00000000 00:00 0 
7fc196195000-7fc196295000 rw-p 00000000 00:00 0 
7fc196295000-7fc196296000 ---p 00000000 00:00 0 
7fc196296000-7fc196396000 rw-p 00000000 00:00 0 
7fc196396000-7fc196397000 ---p 00000000 00:00 0 
7fc196397000-7fc196497000 rw-p 00000000 00:00 0 
7fc196497000-7fc196498000 ---p 00000000 00:00 0 
7fc196498000-7fc1965a3000 rw-p 00000000 00:00 0 
7fc1965a3000-7fc1965c1000 rw-p 00000000 00:00 0 
7fc1965c1000-7fc1965d5000 rw-p 00000000 00:00 0 
7fc1965d5000-7fc1966ff000 rw-p 00000000 00:00 0 
7fc1966ff000-7fc19670a000 rw-p 00000000 00:00 0 
7fc19670a000-7fc196728000 rw-p 00000000 00:00 0 
7fc196728000-7fc19673c000 rw-p 00000000 00:00 0 
7fc19673c000-7fc196866000 rw-p 00000000 00:00 0 
7fc196866000-7fc196872000 rw-p 00000000 00:00 0 
7fc196872000-7fc196905000 rw-p 00000000 00:00 0 
7fc196905000-7fc196906000 rw-p 00000000 00:00 0 
7fc196906000-7fc196920000 r-xp 00000000 08:06 1967605                    /usr/lib/jvm/java-7-oracle/jre/lib/amd64/libzip.so
7fc196920000-7fc196b20000 ---p 0001a000 08:06 1967605                    /usr/lib/jvm/java-7-oracle/jre/lib/amd64/libzip.so
7fc196b20000-7fc196b21000 rw-p 0001a000 08:06 1967605                    /usr/lib/jvm/java-7-oracle/jre/lib/amd64/libzip.so
7fc196b21000-7fc196b2d000 r-xp 00000000 08:06 2233934                    /lib/x86_64-linux-gnu/libnss_files-2.15.so
7fc196b2d000-7fc196d2c000 ---p 0000c000 08:06 2233934                    /lib/x86_64-linux-gnu/libnss_files-2.15.so
7fc196d2c000-7fc196d2d000 r--p 0000b000 08:06 2233934                    /lib/x86_64-linux-gnu/libnss_files-2.15.so
7fc196d2d000-7fc196d2e000 rw-p 0000c000 08:06 2233934                    /lib/x86_64-linux-gnu/libnss_files-2.15.so
7fc196d2e000-7fc196d38000 r-xp 00000000 08:06 2233929                    /lib/x86_64-linux-gnu/libnss_nis-2.15.so
7fc196d38000-7fc196f38000 ---p 0000a000 08:06 2233929                    /lib/x86_64-linux-gnu/libnss_nis-2.15.so
7fc196f38000-7fc196f39000 r--p 0000a000 08:06 2233929                    /lib/x86_64-linux-gnu/libnss_nis-2.15.so
7fc196f39000-7fc196f3a000 rw-p 0000b000 08:06 2233929                    /lib/x86_64-linux-gnu/libnss_nis-2.15.so
7fc196f3a000-7fc196f51000 r-xp 00000000 08:06 2233945                    /lib/x86_64-linux-gnu/libnsl-2.15.so
7fc196f51000-7fc197150000 ---p 00017000 08:06 2233945                    /lib/x86_64-linux-gnu/libnsl-2.15.so
7fc197150000-7fc197151000 r--p 00016000 08:06 2233945                    /lib/x86_64-linux-gnu/libnsl-2.15.so
7fc197151000-7fc197152000 rw-p 00017000 08:06 2233945                    /lib/x86_64-linux-gnu/libnsl-2.15.so
7fc197152000-7fc197154000 rw-p 00000000 00:00 0 
7fc197154000-7fc19715c000 r-xp 00000000 08:06 2233935                    /lib/x86_64-linux-gnu/libnss_compat-2.15.so
7fc19715c000-7fc19735b000 ---p 00008000 08:06 2233935                    /lib/x86_64-linux-gnu/libnss_compat-2.15.so
7fc19735b000-7fc19735c000 r--p 00007000 08:06 2233935                    /lib/x86_64-linux-gnu/libnss_compat-2.15.so
7fc19735c000-7fc19735d000 rw-p 00008000 08:06 2233935                    /lib/x86_64-linux-gnu/libnss_compat-2.15.so
7fc19735d000-7fc197386000 r-xp 00000000 08:06 1967577                    /usr/lib/jvm/java-7-oracle/jre/lib/amd64/libjava.so
7fc197386000-7fc197586000 ---p 00029000 08:06 1967577                    /usr/lib/jvm/java-7-oracle/jre/lib/amd64/libjava.so
7fc197586000-7fc197588000 rw-p 00029000 08:06 1967577                    /usr/lib/jvm/java-7-oracle/jre/lib/amd64/libjava.so
7fc197588000-7fc197595000 r-xp 00000000 08:06 1967580                    /usr/lib/jvm/java-7-oracle/jre/lib/amd64/libverify.so
7fc197595000-7fc197794000 ---p 0000d000 08:06 1967580                    /usr/lib/jvm/java-7-oracle/jre/lib/amd64/libverify.so
7fc197794000-7fc197796000 rw-p 0000c000 08:06 1967580                    /usr/lib/jvm/java-7-oracle/jre/lib/amd64/libverify.so
7fc197796000-7fc19779d000 r-xp 00000000 08:06 2233808                    /lib/x86_64-linux-gnu/librt-2.15.so
7fc19779d000-7fc19799c000 ---p 00007000 08:06 2233808                    /lib/x86_64-linux-gnu/librt-2.15.so
7fc19799c000-7fc19799d000 r--p 00006000 08:06 2233808                    /lib/x86_64-linux-gnu/librt-2.15.so
7fc19799d000-7fc19799e000 rw-p 00007000 08:06 2233808                    /lib/x86_64-linux-gnu/librt-2.15.so
7fc19799e000-7fc197a99000 r-xp 00000000 08:06 2233931                    /lib/x86_64-linux-gnu/libm-2.15.so
7fc197a99000-7fc197c98000 ---p 000fb000 08:06 2233931                    /lib/x86_64-linux-gnu/libm-2.15.so
7fc197c98000-7fc197c99000 r--p 000fa000 08:06 2233931                    /lib/x86_64-linux-gnu/libm-2.15.so
7fc197c99000-7fc197c9a000 rw-p 000fb000 08:06 2233931                    /lib/x86_64-linux-gnu/libm-2.15.so
7fc197c9a000-7fc1986e1000 r-xp 00000000 08:06 1967573                    /usr/lib/jvm/java-7-oracle/jre/lib/amd64/server/libjvm.so
7fc1986e1000-7fc1988e0000 ---p 00a47000 08:06 1967573                    /usr/lib/jvm/java-7-oracle/jre/lib/amd64/server/libjvm.so
7fc1988e0000-7fc198984000 rw-p 00a46000 08:06 1967573                    /usr/lib/jvm/java-7-oracle/jre/lib/amd64/server/libjvm.so
7fc198984000-7fc1989bf000 rw-p 00000000 00:00 0 
7fc1989bf000-7fc198b74000 r-xp 00000000 08:06 2233802                    /lib/x86_64-linux-gnu/libc-2.15.so
7fc198b74000-7fc198d73000 ---p 001b5000 08:06 2233802                    /lib/x86_64-linux-gnu/libc-2.15.so
7fc198d73000-7fc198d77000 r--p 001b4000 08:06 2233802                    /lib/x86_64-linux-gnu/libc-2.15.so
7fc198d77000-7fc198d79000 rw-p 001b8000 08:06 2233802                    /lib/x86_64-linux-gnu/libc-2.15.so
7fc198d79000-7fc198d7e000 rw-p 00000000 00:00 0 
7fc198d7e000-7fc198d80000 r-xp 00000000 08:06 2233800                    /lib/x86_64-linux-gnu/libdl-2.15.so
7fc198d80000-7fc198f80000 ---p 00002000 08:06 2233800                    /lib/x86_64-linux-gnu/libdl-2.15.so
7fc198f80000-7fc198f81000 r--p 00002000 08:06 2233800                    /lib/x86_64-linux-gnu/libdl-2.15.so
7fc198f81000-7fc198f82000 rw-p 00003000 08:06 2233800                    /lib/x86_64-linux-gnu/libdl-2.15.so
7fc198f82000-7fc198f98000 r-xp 00000000 08:06 1967609                    /usr/lib/jvm/java-7-oracle/jre/lib/amd64/jli/libjli.so
7fc198f98000-7fc199197000 ---p 00016000 08:06 1967609                    /usr/lib/jvm/java-7-oracle/jre/lib/amd64/jli/libjli.so
7fc199197000-7fc199198000 rw-p 00015000 08:06 1967609                    /usr/lib/jvm/java-7-oracle/jre/lib/amd64/jli/libjli.so
7fc199198000-7fc1991b0000 r-xp 00000000 08:06 2233804                    /lib/x86_64-linux-gnu/libpthread-2.15.so
7fc1991b0000-7fc1993af000 ---p 00018000 08:06 2233804                    /lib/x86_64-linux-gnu/libpthread-2.15.so
7fc1993af000-7fc1993b0000 r--p 00017000 08:06 2233804                    /lib/x86_64-linux-gnu/libpthread-2.15.so
7fc1993b0000-7fc1993b1000 rw-p 00018000 08:06 2233804                    /lib/x86_64-linux-gnu/libpthread-2.15.so
7fc1993b1000-7fc1993b5000 rw-p 00000000 00:00 0 
7fc1993b5000-7fc1993d7000 r-xp 00000000 08:06 2233940                    /lib/x86_64-linux-gnu/ld-2.15.so
7fc1993e6000-7fc1993f0000 r--s 00254000 08:06 1966628                    /usr/lib/jvm/java-7-oracle/jre/lib/resources.jar
7fc1993f0000-7fc1993f2000 rw-s 00002000 00:05 7943                       /dev/ati/card0
7fc1993f2000-7fc1993f3000 r--p 00000000 00:00 0 
7fc1993f3000-7fc1993f7000 r--s 00089000 08:06 1967701                    /usr/lib/jvm/java-7-oracle/jre/lib/jsse.jar
7fc1993f7000-7fc199401000 rw-p 00000000 00:00 0 
7fc199401000-7fc1994b7000 rw-p 00000000 00:00 0 
7fc1994b7000-7fc1994ba000 ---p 00000000 00:00 0 
7fc1994ba000-7fc1995bc000 rw-p 00000000 00:00 0 
7fc1995bc000-7fc1995bd000 rw-s 00005000 00:05 7943                       /dev/ati/card0
7fc1995bd000-7fc1995be000 r--s 00023000 08:11 895                        /media/DDE-640/IMAC/Projets_Tut/PlantS/libjogl/jogamp-all-platforms/jar/jogl-all-natives-linux-amd64.jar
7fc1995be000-7fc1995bf000 r--s 00000000 08:11 894                        /media/DDE-640/IMAC/Projets_Tut/PlantS/libjogl/jogamp-all-platforms/jar/gluegen-rt-natives-linux-amd64.jar
7fc1995bf000-7fc1995c4000 r--s 00044000 08:11 446                        /media/DDE-640/IMAC/Projets_Tut/PlantS/jdom-2.0.3/jdom-2.0.3.jar
7fc1995c4000-7fc1995cb000 r--s 00000000 08:06 10362198                   /usr/lib/x86_64-linux-gnu/gconv/gconv-modules.cache
7fc1995cb000-7fc1995d3000 rw-s 00000000 08:06 4456558                    /tmp/hsperfdata_guyom/4006 (deleted)
7fc1995d3000-7fc1995d4000 rw-p 00000000 00:00 0 
7fc1995d4000-7fc1995d5000 ---p 00000000 00:00 0 
7fc1995d5000-7fc1995d7000 rw-p 00000000 00:00 0 
7fc1995d7000-7fc1995d8000 r--p 00022000 08:06 2233940                    /lib/x86_64-linux-gnu/ld-2.15.so
7fc1995d8000-7fc1995da000 rw-p 00023000 08:06 2233940                    /lib/x86_64-linux-gnu/ld-2.15.so
7fff2494c000-7fff2496d000 rw-p 00000000 00:00 0                          [stack]
7fff249ff000-7fff24a00000 r-xp 00000000 00:00 0                          [vdso]
ffffffffff600000-ffffffffff601000 r-xp 00000000 00:00 0                  [vsyscall]

VM Arguments:
jvm_args: -Djava.library.path=/media/DDE-640/IMAC/Projets_Tut/PlantS/libjogl/jogamp-all-platforms/jar:/media/DDE-640/IMAC/Projets_Tut/PlantS/libjogl/jogamp-all-platforms/jar -Dfile.encoding=UTF-8 
java_command: JOGLApp
Launcher Type: SUN_STANDARD

Environment Variables:
PATH=/usr/lib/lightdm/lightdm:/usr/local/sbin:/usr/local/bin:/usr/sbin:/usr/bin:/sbin:/bin:/usr/games
SHELL=/bin/bash
DISPLAY=:0.0

Signal Handlers:
SIGSEGV: [libjvm.so+0x8a5c80], sa_mask[0]=0x7ffbfeff, sa_flags=0x10000004
SIGBUS: [libjvm.so+0x8a5c80], sa_mask[0]=0x7ffbfeff, sa_flags=0x10000004
SIGFPE: [libjvm.so+0x741d60], sa_mask[0]=0x7ffbfeff, sa_flags=0x10000004
SIGPIPE: [libjvm.so+0x741d60], sa_mask[0]=0x7ffbfeff, sa_flags=0x10000004
SIGXFSZ: [libjvm.so+0x741d60], sa_mask[0]=0x7ffbfeff, sa_flags=0x10000004
SIGILL: [libjvm.so+0x741d60], sa_mask[0]=0x7ffbfeff, sa_flags=0x10000004
SIGUSR1: SIG_DFL, sa_mask[0]=0x00000000, sa_flags=0x00000000
SIGUSR2: [libjvm.so+0x7416b0], sa_mask[0]=0x00000004, sa_flags=0x10000004
SIGHUP: [libjvm.so+0x743a40], sa_mask[0]=0x7ffbfeff, sa_flags=0x10000004
SIGINT: [libjvm.so+0x743a40], sa_mask[0]=0x7ffbfeff, sa_flags=0x10000004
SIGTERM: [libjvm.so+0x743a40], sa_mask[0]=0x7ffbfeff, sa_flags=0x10000004
SIGQUIT: [libjvm.so+0x743a40], sa_mask[0]=0x7ffbfeff, sa_flags=0x10000004


---------------  S Y S T E M  ---------------

OS:wheezy/sid

uname:Linux 3.2.0-32-generic #51-Ubuntu SMP Wed Sep 26 21:33:09 UTC 2012 x86_64
libc:glibc 2.15 NPTL 2.15 
rlimit: STACK 8192k, CORE 0k, NPROC 30344, NOFILE 4096, AS infinity
load average:0,83 0,47 0,45

/proc/meminfo:
MemTotal:        3901720 kB
MemFree:         1438988 kB
Buffers:          171552 kB
Cached:           985976 kB
SwapCached:            0 kB
Active:          1408640 kB
Inactive:         726536 kB
Active(anon):     978116 kB
Inactive(anon):     1416 kB
Active(file):     430524 kB
Inactive(file):   725120 kB
Unevictable:           0 kB
Mlocked:               0 kB
SwapTotal:       4042748 kB
SwapFree:        4042748 kB
Dirty:               596 kB
Writeback:             0 kB
AnonPages:        977780 kB
Mapped:           223920 kB
Shmem:              1888 kB
Slab:              88024 kB
SReclaimable:      58388 kB
SUnreclaim:        29636 kB
KernelStack:        3912 kB
PageTables:        28156 kB
NFS_Unstable:          0 kB
Bounce:                0 kB
WritebackTmp:          0 kB
CommitLimit:     5993608 kB
Committed_AS:    3721668 kB
VmallocTotal:   34359738367 kB
VmallocUsed:      111804 kB
VmallocChunk:   34359624168 kB
HardwareCorrupted:     0 kB
AnonHugePages:         0 kB
HugePages_Total:       0
HugePages_Free:        0
HugePages_Rsvd:        0
HugePages_Surp:        0
Hugepagesize:       2048 kB
DirectMap4k:      171964 kB
DirectMap2M:     3872768 kB


CPU:total 4 (2 cores per cpu, 2 threads per core) family 6 model 37 stepping 5, cmov, cx8, fxsr, mmx, sse, sse2, sse3, ssse3, sse4.1, sse4.2, popcnt, ht, tsc, tscinvbit

/proc/cpuinfo:
processor	: 0
vendor_id	: GenuineIntel
cpu family	: 6
model		: 37
model name	: Intel(R) Core(TM) i5 CPU       M 480  @ 2.67GHz
stepping	: 5
microcode	: 0x2
cpu MHz		: 2667.000
cache size	: 3072 KB
physical id	: 0
siblings	: 4
core id		: 0
cpu cores	: 2
apicid		: 0
initial apicid	: 0
fpu		: yes
fpu_exception	: yes
cpuid level	: 11
wp		: yes
flags		: fpu vme de pse tsc msr pae mce cx8 apic sep mtrr pge mca cmov pat pse36 clflush dts acpi mmx fxsr sse sse2 ss ht tm pbe syscall nx rdtscp lm constant_tsc arch_perfmon pebs bts rep_good nopl xtopology nonstop_tsc aperfmperf pni dtes64 monitor ds_cpl vmx est tm2 ssse3 cx16 xtpr pdcm pcid sse4_1 sse4_2 popcnt lahf_lm ida arat dtherm tpr_shadow vnmi flexpriority ept vpid
bogomips	: 5319.91
clflush size	: 64
cache_alignment	: 64
address sizes	: 36 bits physical, 48 bits virtual
power management:

processor	: 1
vendor_id	: GenuineIntel
cpu family	: 6
model		: 37
model name	: Intel(R) Core(TM) i5 CPU       M 480  @ 2.67GHz
stepping	: 5
microcode	: 0x2
cpu MHz		: 1199.000
cache size	: 3072 KB
physical id	: 0
siblings	: 4
core id		: 2
cpu cores	: 2
apicid		: 4
initial apicid	: 4
fpu		: yes
fpu_exception	: yes
cpuid level	: 11
wp		: yes
flags		: fpu vme de pse tsc msr pae mce cx8 apic sep mtrr pge mca cmov pat pse36 clflush dts acpi mmx fxsr sse sse2 ss ht tm pbe syscall nx rdtscp lm constant_tsc arch_perfmon pebs bts rep_good nopl xtopology nonstop_tsc aperfmperf pni dtes64 monitor ds_cpl vmx est tm2 ssse3 cx16 xtpr pdcm pcid sse4_1 sse4_2 popcnt lahf_lm ida arat dtherm tpr_shadow vnmi flexpriority ept vpid
bogomips	: 5319.89
clflush size	: 64
cache_alignment	: 64
address sizes	: 36 bits physical, 48 bits virtual
power management:

processor	: 2
vendor_id	: GenuineIntel
cpu family	: 6
model		: 37
model name	: Intel(R) Core(TM) i5 CPU       M 480  @ 2.67GHz
stepping	: 5
microcode	: 0x2
cpu MHz		: 1199.000
cache size	: 3072 KB
physical id	: 0
siblings	: 4
core id		: 0
cpu cores	: 2
apicid		: 1
initial apicid	: 1
fpu		: yes
fpu_exception	: yes
cpuid level	: 11
wp		: yes
flags		: fpu vme de pse tsc msr pae mce cx8 apic sep mtrr pge mca cmov pat pse36 clflush dts acpi mmx fxsr sse sse2 ss ht tm pbe syscall nx rdtscp lm constant_tsc arch_perfmon pebs bts rep_good nopl xtopology nonstop_tsc aperfmperf pni dtes64 monitor ds_cpl vmx est tm2 ssse3 cx16 xtpr pdcm pcid sse4_1 sse4_2 popcnt lahf_lm ida arat dtherm tpr_shadow vnmi flexpriority ept vpid
bogomips	: 5319.89
clflush size	: 64
cache_alignment	: 64
address sizes	: 36 bits physical, 48 bits virtual
power management:

processor	: 3
vendor_id	: GenuineIntel
cpu family	: 6
model		: 37
model name	: Intel(R) Core(TM) i5 CPU       M 480  @ 2.67GHz
stepping	: 5
microcode	: 0x2
cpu MHz		: 1199.000
cache size	: 3072 KB
physical id	: 0
siblings	: 4
core id		: 2
cpu cores	: 2
apicid		: 5
initial apicid	: 5
fpu		: yes
fpu_exception	: yes
cpuid level	: 11
wp		: yes
flags		: fpu vme de pse tsc msr pae mce cx8 apic sep mtrr pge mca cmov pat pse36 clflush dts acpi mmx fxsr sse sse2 ss ht tm pbe syscall nx rdtscp lm constant_tsc arch_perfmon pebs bts rep_good nopl xtopology nonstop_tsc aperfmperf pni dtes64 monitor ds_cpl vmx est tm2 ssse3 cx16 xtpr pdcm pcid sse4_1 sse4_2 popcnt lahf_lm ida arat dtherm tpr_shadow vnmi flexpriority ept vpid
bogomips	: 5319.88
clflush size	: 64
cache_alignment	: 64
address sizes	: 36 bits physical, 48 bits virtual
power management:



Memory: 4k page, physical 3901720k(1438988k free), swap 4042748k(4042748k free)

vm_info: Java HotSpot(TM) 64-Bit Server VM (23.5-b02) for linux-amd64 JRE (1.7.0_09-b05), built on Sep 24 2012 20:07:15 by "java_re" with gcc 4.3.0 20080428 (Red Hat 4.3.0-8)

time: Sun Nov 11 17:29:27 2012
elapsed time: 75 seconds

