#
# A fatal error has been detected by the Java Runtime Environment:
#
#  SIGSEGV (0xb) at pc=0x00007f338b899c58, pid=3918, tid=139859987265280
#
# JRE version: 7.0_09-b05
# Java VM: Java HotSpot(TM) 64-Bit Server VM (23.5-b02 mixed mode linux-amd64 compressed oops)
# Problematic frame:
# C  [libX11.so.6+0x33c58]  XQueryExtension+0x28
#
# Failed to write core dump. Core dumps have been disabled. To enable core dumping, try "ulimit -c unlimited" before starting Java again
#
# If you would like to submit a bug report, please visit:
#   http://bugreport.sun.com/bugreport/crash.jsp
#

---------------  T H R E A D  ---------------

Current thread (0x00007f33c4092000):  VMThread [stack: 0x00007f33b0cbf000,0x00007f33b0dc0000] [id=3928]

siginfo:si_signo=SIGSEGV: si_errno=0, si_code=1 (SEGV_MAPERR), si_addr=0x0000000070001778

Registers:
RAX=0x00007f33a40008c0, RBX=0x0000000070000e10, RCX=0x00007f33b0dbe868, RDX=0x00007f33b0dbe864
RSP=0x00007f33b0dbe800, RBP=0x00007f33892a7e12, RSI=0x00007f33892a7e12, RDI=0x0000000070000e10
R8 =0x00007f33b0dbe86c, R9 =0x0000000000000000, R10=0x00007f33ca4f8fa8, R11=0x00007f33ca178c80
R12=0x0000000000000000, R13=0x00007f33892a7e12, R14=0x00007f33a40008c0, R15=0x0000000000000000
RIP=0x00007f338b899c58, EFLAGS=0x0000000000010206, CSGSFS=0x0000000000000033, ERR=0x0000000000000004
  TRAPNO=0x000000000000000e

Top of Stack: (sp=0x00007f33b0dbe800)
0x00007f33b0dbe800:   00007f33ca14b790 00007f33cad39548
0x00007f33b0dbe810:   0000000000000000 00007f33ca10ff50
0x00007f33b0dbe820:   00000000ffffffff 0000000070000e10
0x00007f33b0dbe830:   00007f33892a7e12 0000000000000000
0x00007f33b0dbe840:   00007f33892a7e12 00007f33a40008c0
0x00007f33b0dbe850:   0000000000000000 00007f338b88dc55
0x00007f33b0dbe860:   00007f33cad56048 00007f33893dfc60
0x00007f33b0dbe870:   00007f33893dfc60 0000000070000e10
0x00007f33b0dbe880:   00007f337000ef00 00007f338bba702b
0x00007f33b0dbe890:   00007f33ca14b790 000000110000002a
0x00007f33b0dbe8a0:   00007f33b0dbe920 0000000000000000
0x00007f33b0dbe8b0:   00007f33b0dbe920 0000000070000e10
0x00007f33b0dbe8c0:   0000000000000000 00007f33cad56048
0x00007f33b0dbe8d0:   00007f33893f9490 00007f3389253fd9
0x00007f33b0dbe8e0:   0000000000000000 000000000000002a
0x00007f33b0dbe8f0:   00007f33b0dbe920 00007f33b0dbe940
0x00007f33b0dbe900:   0000000000000000 00007f33cad56048
0x00007f33b0dbe910:   00007f336c00ad80 00007f33892486e2
0x00007f33b0dbe920:   00007f33b0dbeb00 00007f33892a7d81
0x00007f33b0dbe930:   00007f33b0dbeb00 00007f33cab4292d
0x00007f33b0dbe940:   00007f33cad572c8 00007f33cad57858
0x00007f33b0dbe950:   00007f33cad54b50 00007f33c4007330
0x00007f33b0dbe960:   00007f33c4007e40 00007f33c40077e0
0x00007f33b0dbe970:   00007f33c4008340 00007f33c400d200
0x00007f33b0dbe980:   00007f33c4237f70 00007f33c4238410
0x00007f33b0dbe990:   00007f33c430fa20 00007f33c430ee30
0x00007f33b0dbe9a0:   00007f33c4323e40 00007f33c433bcf0
0x00007f33b0dbe9b0:   00007f33c433b7b0 00007f33c4180bb0
0x00007f33b0dbe9c0:   00007f33c4182690 00007f33c4182190
0x00007f33b0dbe9d0:   00007f33c417eee0 00007f33c40020f0
0x00007f33b0dbe9e0:   00007f33c4001a70 00000000016664d0
0x00007f33b0dbe9f0:   00007f33c43865f0 00007f33c4181c80 

Instructions: (pc=0x00007f338b899c58)
0x00007f338b899c38:   24 d8 48 89 fb 4c 89 64 24 e0 4c 89 6c 24 e8 48
0x00007f338b899c48:   89 f5 4c 89 74 24 f0 4c 89 7c 24 f8 48 83 ec 58
0x00007f338b899c58:   48 8b 87 68 09 00 00 49 89 d4 49 89 cd 4d 89 c6
0x00007f338b899c68:   48 85 c0 74 02 ff 10 ba 08 00 00 00 be 62 00 00 

Register to memory mapping:

RAX=0x00007f33a40008c0 is an unknown value
RBX=0x0000000070000e10 is an unknown value
RCX=0x00007f33b0dbe868 is an unknown value
RDX=0x00007f33b0dbe864 is an unknown value
RSP=0x00007f33b0dbe800 is an unknown value
RBP=0x00007f33892a7e12: <offset 0x92e12> in /usr/lib/libGL.so.1 at 0x00007f3389215000
RSI=0x00007f33892a7e12: <offset 0x92e12> in /usr/lib/libGL.so.1 at 0x00007f3389215000
RDI=0x0000000070000e10 is an unknown value
R8 =0x00007f33b0dbe86c is an unknown value
R9 =0x0000000000000000 is an unknown value
R10=0x00007f33ca4f8fa8: <offset 0x3bbfa8> in /lib/x86_64-linux-gnu/libc.so.6 at 0x00007f33ca13d000
R11=0x00007f33ca178c80: __cxa_finalize+0 in /lib/x86_64-linux-gnu/libc.so.6 at 0x00007f33ca13d000
R12=0x0000000000000000 is an unknown value
R13=0x00007f33892a7e12: <offset 0x92e12> in /usr/lib/libGL.so.1 at 0x00007f3389215000
R14=0x00007f33a40008c0 is an unknown value
R15=0x0000000000000000 is an unknown value


Stack: [0x00007f33b0cbf000,0x00007f33b0dc0000],  sp=0x00007f33b0dbe800,  free space=1022k
Native frames: (J=compiled Java code, j=interpreted, Vv=VM code, C=native code)
C  [libX11.so.6+0x33c58]  XQueryExtension+0x28

VM_Operation (0x00007f3389922d80): Exit, mode: safepoint, requested by thread 0x00007f33c4374800


---------------  P R O C E S S  ---------------

Java Threads: ( => current thread )
  0x00007f33c4009000 JavaThread "DestroyJavaVM" [_thread_blocked, id=3923, stack(0x00007f33cac35000,0x00007f33cad36000)]
  0x00007f33c43ec800 JavaThread "Timer-0" [_thread_blocked, id=3951, stack(0x00007f338a0e6000,0x00007f338a1e7000)]
  0x00007f33c4374800 JavaThread "AWT-EventQueue-0" [_thread_blocked, id=3949, stack(0x00007f3389825000,0x00007f3389926000)]
  0x00007f33c4373000 JavaThread "AWT-Shutdown" [_thread_blocked, id=3948, stack(0x00007f3389926000,0x00007f3389a27000)]
  0x00007f33c42ef000 JavaThread "process reaper" daemon [_thread_blocked, id=3942, stack(0x00007f33c0077000,0x00007f33c009f000)]
  0x00007f33c4247000 JavaThread "AWT-XAWT" daemon [_thread_blocked, id=3937, stack(0x00007f338a60e000,0x00007f338a70f000)]
  0x00007f33c4205800 JavaThread "Java2D Disposer" daemon [_thread_blocked, id=3936, stack(0x00007f338ab1f000,0x00007f338ac20000)]
  0x00007f33c40f0000 JavaThread "Service Thread" daemon [_thread_blocked, id=3934, stack(0x00007f33b03f9000,0x00007f33b04fa000)]
  0x00007f33c40ee000 JavaThread "C2 CompilerThread1" daemon [_thread_blocked, id=3933, stack(0x00007f33b04fa000,0x00007f33b05fb000)]
  0x00007f33c40eb000 JavaThread "C2 CompilerThread0" daemon [_thread_blocked, id=3932, stack(0x00007f33b05fb000,0x00007f33b06fc000)]
  0x00007f33c409b800 JavaThread "Finalizer" daemon [_thread_blocked, id=3930, stack(0x00007f33b0abd000,0x00007f33b0bbe000)]
  0x00007f33c4099800 JavaThread "Reference Handler" daemon [_thread_blocked, id=3929, stack(0x00007f33b0bbe000,0x00007f33b0cbf000)]

Other Threads:
=>0x00007f33c4092000 VMThread [stack: 0x00007f33b0cbf000,0x00007f33b0dc0000] [id=3928]

VM state:at safepoint (shutting down)

VM Mutex/Monitor currently owned by a thread:  ([mutex/lock_event])
[0x00007f33c4005500] Threads_lock - owner thread: 0x00007f33c4092000

Heap
 PSYoungGen      total 17792K, used 11616K [0x00000000ec200000, 0x00000000ee4c0000, 0x0000000100000000)
  eden space 15296K, 59% used [0x00000000ec200000,0x00000000ecaec048,0x00000000ed0f0000)
  from space 2496K, 99% used [0x00000000ed0f0000,0x00000000ed35c1e8,0x00000000ed360000)
  to   space 2496K, 0% used [0x00000000ee250000,0x00000000ee250000,0x00000000ee4c0000)
 ParOldGen       total 40704K, used 1093K [0x00000000c4600000, 0x00000000c6dc0000, 0x00000000ec200000)
  object space 40704K, 2% used [0x00000000c4600000,0x00000000c47116a0,0x00000000c6dc0000)
 PSPermGen       total 21248K, used 16088K [0x00000000bf400000, 0x00000000c08c0000, 0x00000000c4600000)
  object space 21248K, 75% used [0x00000000bf400000,0x00000000c03b6238,0x00000000c08c0000)

Card table byte_map: [0x00007f33c0df9000,0x00007f33c1000000] byte_map_base: 0x00007f33c07ff000

Polling page: 0x00007f33cad52000

Code Cache  [0x00007f33c1000000, 0x00007f33c1270000, 0x00007f33c4000000)
 total_blobs=802 nmethods=80 adapters=674 free_code_cache=48350Kb largest_free_block=49488512

Compilation events (10 events):
Event: 3,891 Thread 0x00007f33c40ee000 nmethod 73 0x00007f33c10c52d0 code [0x00007f33c10c5440, 0x00007f33c10c5648]
Event: 4,099 Thread 0x00007f33c40eb000   74             jogamp.opengl.gl4.GL4bcImpl::glVertex3f (43 bytes)
Event: 4,101 Thread 0x00007f33c40eb000 nmethod 74 0x00007f33c10c7350 code [0x00007f33c10c74a0, 0x00007f33c10c75a8]
Event: 4,593 Thread 0x00007f33c40ee000   77             java.util.concurrent.locks.AbstractQueuedSynchronizer::setState (6 bytes)
Event: 4,594 Thread 0x00007f33c40ee000 nmethod 77 0x00007f33c10c50d0 code [0x00007f33c10c5200, 0x00007f33c10c5258]
Event: 4,900 Thread 0x00007f33c40eb000   78             org.jdom2.filter.ElementFilter::filter (6 bytes)
Event: 4,900 Thread 0x00007f33c40ee000   79             org.jdom2.filter.ElementFilter::filter (95 bytes)
Event: 4,901 Thread 0x00007f33c40ee000 nmethod 79 0x00007f33c10c6c90 code [0x00007f33c10c6de0, 0x00007f33c10c6e98]
Event: 4,901 Thread 0x00007f33c40eb000 nmethod 78 0x00007f33c10c6990 code [0x00007f33c10c6ae0, 0x00007f33c10c6b98]
Event: 4,915 Thread 0x00007f33c40ee000   80             JDOMHierarchy::drawJDOM (217 bytes)

GC Heap History (2 events):
Event: 1,292 GC heap before
{Heap before GC invocations=1 (full 0):
 PSYoungGen      total 17792K, used 15296K [0x00000000ec200000, 0x00000000ed5d0000, 0x0000000100000000)
  eden space 15296K, 100% used [0x00000000ec200000,0x00000000ed0f0000,0x00000000ed0f0000)
  from space 2496K, 0% used [0x00000000ed360000,0x00000000ed360000,0x00000000ed5d0000)
  to   space 2496K, 0% used [0x00000000ed0f0000,0x00000000ed0f0000,0x00000000ed360000)
 ParOldGen       total 40704K, used 0K [0x00000000c4600000, 0x00000000c6dc0000, 0x00000000ec200000)
  object space 40704K, 0% used [0x00000000c4600000,0x00000000c4600000,0x00000000c6dc0000)
 PSPermGen       total 21248K, used 14006K [0x00000000bf400000, 0x00000000c08c0000, 0x00000000c4600000)
  object space 21248K, 65% used [0x00000000bf400000,0x00000000c01ad8c8,0x00000000c08c0000)
Event: 1,306 GC heap after
Heap after GC invocations=1 (full 0):
 PSYoungGen      total 17792K, used 2480K [0x00000000ec200000, 0x00000000ee4c0000, 0x0000000100000000)
  eden space 15296K, 0% used [0x00000000ec200000,0x00000000ec200000,0x00000000ed0f0000)
  from space 2496K, 99% used [0x00000000ed0f0000,0x00000000ed35c1e8,0x00000000ed360000)
  to   space 2496K, 0% used [0x00000000ee250000,0x00000000ee250000,0x00000000ee4c0000)
 ParOldGen       total 40704K, used 1093K [0x00000000c4600000, 0x00000000c6dc0000, 0x00000000ec200000)
  object space 40704K, 2% used [0x00000000c4600000,0x00000000c47116a0,0x00000000c6dc0000)
 PSPermGen       total 21248K, used 14006K [0x00000000bf400000, 0x00000000c08c0000, 0x00000000c4600000)
  object space 21248K, 65% used [0x00000000bf400000,0x00000000c01ad8c8,0x00000000c08c0000)
}

Deoptimization events (10 events):
Event: 0,931 Thread 0x00007f33c43e0800 Uncommon trap -83 fr.pc 0x00007f33c10aa9d8
Event: 0,999 Thread 0x00007f33c4009000 Uncommon trap -58 fr.pc 0x00007f33c10aed50
Event: 0,999 Thread 0x00007f33c4009000 Uncommon trap -58 fr.pc 0x00007f33c10aed50
Event: 0,999 Thread 0x00007f33c4009000 Uncommon trap -58 fr.pc 0x00007f33c10aed50
Event: 0,999 Thread 0x00007f33c4009000 Uncommon trap -58 fr.pc 0x00007f33c10aed50
Event: 1,316 Thread 0x00007f33c4374800 Uncommon trap -83 fr.pc 0x00007f33c10b3f04
Event: 2,875 Thread 0x00007f33c4374800 Uncommon trap -42 fr.pc 0x00007f33c10c15b4
Event: 2,876 Thread 0x00007f33c4374800 Uncommon trap -42 fr.pc 0x00007f33c10c15b4
Event: 2,876 Thread 0x00007f33c4374800 Uncommon trap -42 fr.pc 0x00007f33c10c15b4
Event: 2,876 Thread 0x00007f33c4374800 Uncommon trap -42 fr.pc 0x00007f33c10c15b4

Internal exceptions (10 events):
Event: 1,373 Thread 0x00007f33c4374800 Threw 0x00000000ec382238 at /HUDSON/workspace/jdk7u9-2-build-linux-amd64-product/jdk7u9/hotspot/src/share/vm/prims/jvm.cpp:1166
Event: 1,375 Thread 0x00007f33c4374800 Threw 0x00000000ec387428 at /HUDSON/workspace/jdk7u9-2-build-linux-amd64-product/jdk7u9/hotspot/src/share/vm/prims/jvm.cpp:1166
Event: 1,375 Thread 0x00007f33c4374800 Threw 0x00000000ec38b520 at /HUDSON/workspace/jdk7u9-2-build-linux-amd64-product/jdk7u9/hotspot/src/share/vm/prims/jvm.cpp:1166
Event: 1,376 Thread 0x00007f33c4374800 Threw 0x00000000ec390668 at /HUDSON/workspace/jdk7u9-2-build-linux-amd64-product/jdk7u9/hotspot/src/share/vm/prims/jvm.cpp:1166
Event: 1,377 Thread 0x00007f33c4374800 Threw 0x00000000ec3999e8 at /HUDSON/workspace/jdk7u9-2-build-linux-amd64-product/jdk7u9/hotspot/src/share/vm/prims/jvm.cpp:1166
Event: 1,386 Thread 0x00007f33c4374800 Threw 0x00000000ec3a3490 at /HUDSON/workspace/jdk7u9-2-build-linux-amd64-product/jdk7u9/hotspot/src/share/vm/runtime/reflection.cpp
Event: 1,435 Thread 0x00007f33c4374800 Threw 0x00000000ec3adc68 at /HUDSON/workspace/jdk7u9-2-build-linux-amd64-product/jdk7u9/hotspot/src/share/vm/prims/jni.cpp:742
Event: 1,437 Thread 0x00007f33c4374800 Threw 0x00000000ec3b0f78 at /HUDSON/workspace/jdk7u9-2-build-linux-amd64-product/jdk7u9/hotspot/src/share/vm/runtime/reflection.cpp
Event: 1,444 Thread 0x00007f33c4374800 Threw 0x00000000ec451d70 at /HUDSON/workspace/jdk7u9-2-build-linux-amd64-product/jdk7u9/hotspot/src/share/vm/runtime/reflection.cpp
Event: 5,020 Thread 0x00007f336c49b000 Threw 0x00000000eca98208 at /HUDSON/workspace/jdk7u9-2-build-linux-amd64-product/jdk7u9/hotspot/src/share/vm/prims/jvm.cpp:1166

Events (10 events):
Event: 5,020 loading class 0x00007f33c430c990
Event: 5,020 loading class 0x00007f33c430c990 done
Event: 5,020 Thread 0x00007f336c48b800 Thread exited: 0x00007f336c48b800
Event: 5,021 loading class 0x00007f33c40a5bc0
Event: 5,021 loading class 0x00007f33c40a5bc0 done
Event: 5,025 Thread 0x00007f336c148000 Thread exited: 0x00007f336c148000
Event: 5,054 Thread 0x00007f33c43e0800 Thread exited: 0x00007f33c43e0800
Event: 5,054 Thread 0x00007f336c49b000 Thread exited: 0x00007f336c49b000
Event: 5,055 Thread 0x00007f33c40e8800 Thread exited: 0x00007f33c40e8800
Event: 5,055 Executing VM operation: Exit


Dynamic libraries:
00400000-00401000 r-xp 00000000 08:06 1967722                            /usr/lib/jvm/java-7-oracle/bin/java
00600000-00601000 rw-p 00000000 08:06 1967722                            /usr/lib/jvm/java-7-oracle/bin/java
01666000-01687000 rw-p 00000000 00:00 0                                  [heap]
bf400000-c08c0000 rw-p 00000000 00:00 0 
c08c0000-c4600000 rw-p 00000000 00:00 0 
c4600000-c6dc0000 rw-p 00000000 00:00 0 
c6dc0000-ec200000 rw-p 00000000 00:00 0 
ec200000-ee4c0000 rw-p 00000000 00:00 0 
ee4c0000-100000000 rw-p 00000000 00:00 0 
7f335c000000-7f335c021000 rw-p 00000000 00:00 0 
7f335c021000-7f3360000000 ---p 00000000 00:00 0 
7f3360000000-7f3360021000 rw-p 00000000 00:00 0 
7f3360021000-7f3364000000 ---p 00000000 00:00 0 
7f3364000000-7f3364021000 rw-p 00000000 00:00 0 
7f3364021000-7f3368000000 ---p 00000000 00:00 0 
7f3369ce1000-7f336bc7f000 r-xp 00000000 08:06 10092955                   /usr/lib/x86_64-linux-gnu/dri/fglrx_dri.so
7f336bc7f000-7f336bd7e000 ---p 01f9e000 08:06 10092955                   /usr/lib/x86_64-linux-gnu/dri/fglrx_dri.so
7f336bd7e000-7f336becc000 rwxp 01f9d000 08:06 10092955                   /usr/lib/x86_64-linux-gnu/dri/fglrx_dri.so
7f336becc000-7f336c000000 rwxp 00000000 00:00 0 
7f336c000000-7f336c6a5000 rw-p 00000000 00:00 0 
7f336c6a5000-7f3370000000 ---p 00000000 00:00 0 
7f3370000000-7f3370dad000 rw-p 00000000 00:00 0 
7f3370dad000-7f3374000000 ---p 00000000 00:00 0 
7f3374000000-7f3374477000 rw-p 00000000 00:00 0 
7f3374477000-7f3378000000 ---p 00000000 00:00 0 
7f3378000000-7f3378021000 rw-p 00000000 00:00 0 
7f3378021000-7f337c000000 ---p 00000000 00:00 0 
7f337c000000-7f337c021000 rw-p 00000000 00:00 0 
7f337c021000-7f3380000000 ---p 00000000 00:00 0 
7f3380000000-7f3380021000 rw-p 00000000 00:00 0 
7f3380021000-7f3384000000 ---p 00000000 00:00 0 
7f3384000000-7f3384021000 rw-p 00000000 00:00 0 
7f3384021000-7f3388000000 ---p 00000000 00:00 0 
7f338800f000-7f3388012000 ---p 00000000 00:00 0 
7f3388012000-7f3388110000 rw-p 00000000 00:00 0 
7f3388110000-7f3388113000 ---p 00000000 00:00 0 
7f3388113000-7f3388211000 rw-p 00000000 00:00 0 
7f3388211000-7f3388214000 ---p 00000000 00:00 0 
7f3388214000-7f3388312000 rw-p 00000000 00:00 0 
7f3388312000-7f3388a12000 rw-s 00006000 00:05 7943                       /dev/ati/card0
7f3388a12000-7f3388a5e000 r-xp 00000000 08:06 9961632                    /usr/lib/libatiadlxx.so
7f3388a5e000-7f3388b5e000 ---p 0004c000 08:06 9961632                    /usr/lib/libatiadlxx.so
7f3388b5e000-7f3388b69000 rw-p 0004c000 08:06 9961632                    /usr/lib/libatiadlxx.so
7f3388b69000-7f3388b79000 rw-p 00000000 00:00 0 
7f3388b79000-7f3388b7b000 r-xp 00000000 08:06 9965233                    /usr/lib/x86_64-linux-gnu/libXinerama.so.1.0.0
7f3388b7b000-7f3388d7a000 ---p 00002000 08:06 9965233                    /usr/lib/x86_64-linux-gnu/libXinerama.so.1.0.0
7f3388d7a000-7f3388d7b000 r--p 00001000 08:06 9965233                    /usr/lib/x86_64-linux-gnu/libXinerama.so.1.0.0
7f3388d7b000-7f3388d7c000 rw-p 00002000 08:06 9965233                    /usr/lib/x86_64-linux-gnu/libXinerama.so.1.0.0
7f3388d7c000-7f3388d7f000 ---p 00000000 00:00 0 
7f3388d7f000-7f3388e7d000 rw-p 00000000 00:00 0 
7f3388e7d000-7f3388f0a000 r-xp 00000000 08:06 4456561                    /tmp/jogamp_0000/file_cache/jln2285180020660990936/jln7538555355119497442/libjogl_desktop.so
7f3388f0a000-7f338910a000 ---p 0008d000 08:06 4456561                    /tmp/jogamp_0000/file_cache/jln2285180020660990936/jln7538555355119497442/libjogl_desktop.so
7f338910a000-7f338910b000 r--p 0008d000 08:06 4456561                    /tmp/jogamp_0000/file_cache/jln2285180020660990936/jln7538555355119497442/libjogl_desktop.so
7f338910b000-7f338910c000 rw-p 0008e000 08:06 4456561                    /tmp/jogamp_0000/file_cache/jln2285180020660990936/jln7538555355119497442/libjogl_desktop.so
7f338910c000-7f3389113000 r-xp 00000000 08:06 9961665                    /usr/lib/libatiuki.so.1.0
7f3389113000-7f3389213000 ---p 00007000 08:06 9961665                    /usr/lib/libatiuki.so.1.0
7f3389213000-7f3389214000 rw-p 00007000 08:06 9961665                    /usr/lib/libatiuki.so.1.0
7f3389214000-7f3389215000 rw-p 00000000 00:00 0 
7f3389215000-7f33892d3000 r-xp 00000000 08:06 9961708                    /usr/lib/fglrx/fglrx-libGL.so.1.2
7f33892d3000-7f33893d3000 ---p 000be000 08:06 9961708                    /usr/lib/fglrx/fglrx-libGL.so.1.2
7f33893d3000-7f33893fa000 rwxp 000be000 08:06 9961708                    /usr/lib/fglrx/fglrx-libGL.so.1.2
7f33893fa000-7f3389419000 rwxp 00000000 00:00 0 
7f3389419000-7f338941d000 r-xp 00000000 08:06 9969743                    /usr/lib/x86_64-linux-gnu/libXxf86vm.so.1.0.0
7f338941d000-7f338961c000 ---p 00004000 08:06 9969743                    /usr/lib/x86_64-linux-gnu/libXxf86vm.so.1.0.0
7f338961c000-7f338961d000 r--p 00003000 08:06 9969743                    /usr/lib/x86_64-linux-gnu/libXxf86vm.so.1.0.0
7f338961d000-7f338961e000 rw-p 00004000 08:06 9969743                    /usr/lib/x86_64-linux-gnu/libXxf86vm.so.1.0.0
7f338961e000-7f3389624000 r-xp 00000000 08:06 4456565                    /tmp/jogamp_0000/file_cache/jln2285180020660990936/jln7538555355119497442/libnativewindow_x11.so
7f3389624000-7f3389823000 ---p 00006000 08:06 4456565                    /tmp/jogamp_0000/file_cache/jln2285180020660990936/jln7538555355119497442/libnativewindow_x11.so
7f3389823000-7f3389824000 r--p 00005000 08:06 4456565                    /tmp/jogamp_0000/file_cache/jln2285180020660990936/jln7538555355119497442/libnativewindow_x11.so
7f3389824000-7f3389825000 rw-p 00006000 08:06 4456565                    /tmp/jogamp_0000/file_cache/jln2285180020660990936/jln7538555355119497442/libnativewindow_x11.so
7f3389825000-7f3389828000 ---p 00000000 00:00 0 
7f3389828000-7f3389926000 rw-p 00000000 00:00 0 
7f3389926000-7f3389929000 ---p 00000000 00:00 0 
7f3389929000-7f3389a27000 rw-p 00000000 00:00 0 
7f3389a27000-7f3389a29000 r-xp 00000000 08:06 4456564                    /tmp/jogamp_0000/file_cache/jln2285180020660990936/jln7538555355119497442/libnativewindow_awt.so
7f3389a29000-7f3389c28000 ---p 00002000 08:06 4456564                    /tmp/jogamp_0000/file_cache/jln2285180020660990936/jln7538555355119497442/libnativewindow_awt.so
7f3389c28000-7f3389c29000 r--p 00001000 08:06 4456564                    /tmp/jogamp_0000/file_cache/jln2285180020660990936/jln7538555355119497442/libnativewindow_awt.so
7f3389c29000-7f3389c2a000 rw-p 00002000 08:06 4456564                    /tmp/jogamp_0000/file_cache/jln2285180020660990936/jln7538555355119497442/libnativewindow_awt.so
7f3389c2a000-7f3389c2b000 r-xp 00000000 08:06 1967578                    /usr/lib/jvm/java-7-oracle/jre/lib/amd64/libjawt.so
7f3389c2b000-7f3389e2a000 ---p 00001000 08:06 1967578                    /usr/lib/jvm/java-7-oracle/jre/lib/amd64/libjawt.so
7f3389e2a000-7f3389e2b000 rw-p 00000000 08:06 1967578                    /usr/lib/jvm/java-7-oracle/jre/lib/amd64/libjawt.so
7f3389ee3000-7f3389ee5000 r-xp 00000000 08:06 4456563                    /tmp/jogamp_0000/file_cache/jln2285180020660990936/jln7538555355119497442/libgluegen-rt.so
7f3389ee5000-7f338a0e4000 ---p 00002000 08:06 4456563                    /tmp/jogamp_0000/file_cache/jln2285180020660990936/jln7538555355119497442/libgluegen-rt.so
7f338a0e4000-7f338a0e5000 r--p 00001000 08:06 4456563                    /tmp/jogamp_0000/file_cache/jln2285180020660990936/jln7538555355119497442/libgluegen-rt.so
7f338a0e5000-7f338a0e6000 rw-p 00002000 08:06 4456563                    /tmp/jogamp_0000/file_cache/jln2285180020660990936/jln7538555355119497442/libgluegen-rt.so
7f338a0e6000-7f338a0e9000 ---p 00000000 00:00 0 
7f338a0e9000-7f338a1e7000 rw-p 00000000 00:00 0 
7f338a1e7000-7f338a1f7000 r-xp 00000000 08:06 1967585                    /usr/lib/jvm/java-7-oracle/jre/lib/amd64/libnio.so
7f338a1f7000-7f338a3f7000 ---p 00010000 08:06 1967585                    /usr/lib/jvm/java-7-oracle/jre/lib/amd64/libnio.so
7f338a3f7000-7f338a3f8000 rw-p 00010000 08:06 1967585                    /usr/lib/jvm/java-7-oracle/jre/lib/amd64/libnio.so
7f338a3f8000-7f338a40d000 r-xp 00000000 08:06 1967604                    /usr/lib/jvm/java-7-oracle/jre/lib/amd64/libnet.so
7f338a40d000-7f338a60d000 ---p 00015000 08:06 1967604                    /usr/lib/jvm/java-7-oracle/jre/lib/amd64/libnet.so
7f338a60d000-7f338a60e000 rw-p 00015000 08:06 1967604                    /usr/lib/jvm/java-7-oracle/jre/lib/amd64/libnet.so
7f338a60e000-7f338a611000 ---p 00000000 00:00 0 
7f338a611000-7f338a70f000 rw-p 00000000 00:00 0 
7f338a70f000-7f338a714000 r-xp 00000000 08:06 9962178                    /usr/lib/x86_64-linux-gnu/libXfixes.so.3.1.0
7f338a714000-7f338a913000 ---p 00005000 08:06 9962178                    /usr/lib/x86_64-linux-gnu/libXfixes.so.3.1.0
7f338a913000-7f338a914000 r--p 00004000 08:06 9962178                    /usr/lib/x86_64-linux-gnu/libXfixes.so.3.1.0
7f338a914000-7f338a915000 rw-p 00005000 08:06 9962178                    /usr/lib/x86_64-linux-gnu/libXfixes.so.3.1.0
7f338a915000-7f338a91e000 r-xp 00000000 08:06 9967225                    /usr/lib/x86_64-linux-gnu/libXcursor.so.1.0.2
7f338a91e000-7f338ab1d000 ---p 00009000 08:06 9967225                    /usr/lib/x86_64-linux-gnu/libXcursor.so.1.0.2
7f338ab1d000-7f338ab1e000 r--p 00008000 08:06 9967225                    /usr/lib/x86_64-linux-gnu/libXcursor.so.1.0.2
7f338ab1e000-7f338ab1f000 rw-p 00009000 08:06 9967225                    /usr/lib/x86_64-linux-gnu/libXcursor.so.1.0.2
7f338ab1f000-7f338ab22000 ---p 00000000 00:00 0 
7f338ab22000-7f338ac20000 rw-p 00000000 00:00 0 
7f338ac20000-7f338ac25000 r-xp 00000000 08:06 9962011                    /usr/lib/x86_64-linux-gnu/libXdmcp.so.6.0.0
7f338ac25000-7f338ae24000 ---p 00005000 08:06 9962011                    /usr/lib/x86_64-linux-gnu/libXdmcp.so.6.0.0
7f338ae24000-7f338ae25000 r--p 00004000 08:06 9962011                    /usr/lib/x86_64-linux-gnu/libXdmcp.so.6.0.0
7f338ae25000-7f338ae26000 rw-p 00005000 08:06 9962011                    /usr/lib/x86_64-linux-gnu/libXdmcp.so.6.0.0
7f338ae26000-7f338ae28000 r-xp 00000000 08:06 9963502                    /usr/lib/x86_64-linux-gnu/libXau.so.6.0.0
7f338ae28000-7f338b027000 ---p 00002000 08:06 9963502                    /usr/lib/x86_64-linux-gnu/libXau.so.6.0.0
7f338b027000-7f338b028000 r--p 00001000 08:06 9963502                    /usr/lib/x86_64-linux-gnu/libXau.so.6.0.0
7f338b028000-7f338b029000 rw-p 00002000 08:06 9963502                    /usr/lib/x86_64-linux-gnu/libXau.so.6.0.0
7f338b029000-7f338b046000 r-xp 00000000 08:06 9963508                    /usr/lib/x86_64-linux-gnu/libxcb.so.1.1.0
7f338b046000-7f338b245000 ---p 0001d000 08:06 9963508                    /usr/lib/x86_64-linux-gnu/libxcb.so.1.1.0
7f338b245000-7f338b246000 r--p 0001c000 08:06 9963508                    /usr/lib/x86_64-linux-gnu/libxcb.so.1.1.0
7f338b246000-7f338b247000 rw-p 0001d000 08:06 9963508                    /usr/lib/x86_64-linux-gnu/libxcb.so.1.1.0
7f338b247000-7f338b255000 r-xp 00000000 08:06 9961805                    /usr/lib/x86_64-linux-gnu/libXi.so.6.1.0
7f338b255000-7f338b454000 ---p 0000e000 08:06 9961805                    /usr/lib/x86_64-linux-gnu/libXi.so.6.1.0
7f338b454000-7f338b455000 r--p 0000d000 08:06 9961805                    /usr/lib/x86_64-linux-gnu/libXi.so.6.1.0
7f338b455000-7f338b456000 rw-p 0000e000 08:06 9961805                    /usr/lib/x86_64-linux-gnu/libXi.so.6.1.0
7f338b456000-7f338b45b000 r-xp 00000000 08:06 9962629                    /usr/lib/x86_64-linux-gnu/libXtst.so.6.1.0
7f338b45b000-7f338b65a000 ---p 00005000 08:06 9962629                    /usr/lib/x86_64-linux-gnu/libXtst.so.6.1.0
7f338b65a000-7f338b65b000 r--p 00004000 08:06 9962629                    /usr/lib/x86_64-linux-gnu/libXtst.so.6.1.0
7f338b65b000-7f338b65c000 rw-p 00005000 08:06 9962629                    /usr/lib/x86_64-linux-gnu/libXtst.so.6.1.0
7f338b65c000-7f338b665000 r-xp 00000000 08:06 9963780                    /usr/lib/x86_64-linux-gnu/libXrender.so.1.3.0
7f338b665000-7f338b864000 ---p 00009000 08:06 9963780                    /usr/lib/x86_64-linux-gnu/libXrender.so.1.3.0
7f338b864000-7f338b865000 r--p 00008000 08:06 9963780                    /usr/lib/x86_64-linux-gnu/libXrender.so.1.3.0
7f338b865000-7f338b866000 rw-p 00009000 08:06 9963780                    /usr/lib/x86_64-linux-gnu/libXrender.so.1.3.0
7f338b866000-7f338b995000 r-xp 00000000 08:06 9963828                    /usr/lib/x86_64-linux-gnu/libX11.so.6.3.0
7f338b995000-7f338bb95000 ---p 0012f000 08:06 9963828                    /usr/lib/x86_64-linux-gnu/libX11.so.6.3.0
7f338bb95000-7f338bb96000 r--p 0012f000 08:06 9963828                    /usr/lib/x86_64-linux-gnu/libX11.so.6.3.0
7f338bb96000-7f338bb9a000 rw-p 00130000 08:06 9963828                    /usr/lib/x86_64-linux-gnu/libX11.so.6.3.0
7f338bb9a000-7f338bbaa000 r-xp 00000000 08:06 9961497                    /usr/lib/x86_64-linux-gnu/libXext.so.6.4.0
7f338bbaa000-7f338bda9000 ---p 00010000 08:06 9961497                    /usr/lib/x86_64-linux-gnu/libXext.so.6.4.0
7f338bda9000-7f338bdaa000 r--p 0000f000 08:06 9961497                    /usr/lib/x86_64-linux-gnu/libXext.so.6.4.0
7f338bdaa000-7f338bdab000 rw-p 00010000 08:06 9961497                    /usr/lib/x86_64-linux-gnu/libXext.so.6.4.0
7f338bdab000-7f338bdfb000 r-xp 00000000 08:06 1967618                    /usr/lib/jvm/java-7-oracle/jre/lib/amd64/xawt/libmawt.so
7f338bdfb000-7f338bffb000 ---p 00050000 08:06 1967618                    /usr/lib/jvm/java-7-oracle/jre/lib/amd64/xawt/libmawt.so
7f338bffb000-7f338bfff000 rw-p 00050000 08:06 1967618                    /usr/lib/jvm/java-7-oracle/jre/lib/amd64/xawt/libmawt.so
7f338bfff000-7f338c000000 rw-p 00000000 00:00 0 
7f338c000000-7f338c021000 rw-p 00000000 00:00 0 
7f338c021000-7f3390000000 ---p 00000000 00:00 0 
7f3390000000-7f3390021000 rw-p 00000000 00:00 0 
7f3390021000-7f3394000000 ---p 00000000 00:00 0 
7f3394000000-7f33941ff000 rw-p 00000000 00:00 0 
7f33941ff000-7f3398000000 ---p 00000000 00:00 0 
7f3398000000-7f3398c1e000 rw-p 00000000 00:00 0 
7f3398c1e000-7f339c000000 ---p 00000000 00:00 0 
7f339c000000-7f339c021000 rw-p 00000000 00:00 0 
7f339c021000-7f33a0000000 ---p 00000000 00:00 0 
7f33a0000000-7f33a0021000 rw-p 00000000 00:00 0 
7f33a0021000-7f33a4000000 ---p 00000000 00:00 0 
7f33a4000000-7f33a4021000 rw-p 00000000 00:00 0 
7f33a4021000-7f33a8000000 ---p 00000000 00:00 0 
7f33a8000000-7f33a8021000 rw-p 00000000 00:00 0 
7f33a8021000-7f33ac000000 ---p 00000000 00:00 0 
7f33ac000000-7f33ac021000 rw-p 00000000 00:00 0 
7f33ac021000-7f33b0000000 ---p 00000000 00:00 0 
7f33b0007000-7f33b00a9000 r-xp 00000000 08:06 1967615                    /usr/lib/jvm/java-7-oracle/jre/lib/amd64/libawt.so
7f33b00a9000-7f33b02a9000 ---p 000a2000 08:06 1967615                    /usr/lib/jvm/java-7-oracle/jre/lib/amd64/libawt.so
7f33b02a9000-7f33b02b5000 rw-p 000a2000 08:06 1967615                    /usr/lib/jvm/java-7-oracle/jre/lib/amd64/libawt.so
7f33b02b5000-7f33b02d9000 rw-p 00000000 00:00 0 
7f33b02d9000-7f33b02f3000 r--s 00477000 08:11 450                        /media/DDE-640/IMAC/Projets_Tut/PlantS/libjogl/jogamp-all-platforms/jar/jogl-all.jar
7f33b02f3000-7f33b02f8000 r--s 0002c000 08:11 451                        /media/DDE-640/IMAC/Projets_Tut/PlantS/libjogl/jogamp-all-platforms/jar/gluegen-rt.jar
7f33b02f8000-7f33b02f9000 ---p 00000000 00:00 0 
7f33b02f9000-7f33b03f9000 rw-p 00000000 00:00 0 
7f33b03f9000-7f33b03fc000 ---p 00000000 00:00 0 
7f33b03fc000-7f33b04fa000 rw-p 00000000 00:00 0 
7f33b04fa000-7f33b04fd000 ---p 00000000 00:00 0 
7f33b04fd000-7f33b05fb000 rw-p 00000000 00:00 0 
7f33b05fb000-7f33b05fe000 ---p 00000000 00:00 0 
7f33b05fe000-7f33b06fc000 rw-p 00000000 00:00 0 
7f33b06fc000-7f33b06ff000 ---p 00000000 00:00 0 
7f33b06ff000-7f33b07fd000 rw-p 00000000 00:00 0 
7f33b07fd000-7f33b0abd000 r--p 00000000 08:06 9961657                    /usr/lib/locale/locale-archive
7f33b0abd000-7f33b0ac0000 ---p 00000000 00:00 0 
7f33b0ac0000-7f33b0bbe000 rw-p 00000000 00:00 0 
7f33b0bbe000-7f33b0bc1000 ---p 00000000 00:00 0 
7f33b0bc1000-7f33b0cbf000 rw-p 00000000 00:00 0 
7f33b0cbf000-7f33b0cc0000 ---p 00000000 00:00 0 
7f33b0cc0000-7f33b1de4000 rw-p 00000000 00:00 0 
7f33b1de4000-7f33b1fa0000 r--s 039da000 08:06 1967452                    /usr/lib/jvm/java-7-oracle/jre/lib/rt.jar
7f33b1fa0000-7f33b4000000 rw-p 00000000 00:00 0 
7f33b4000000-7f33b4021000 rw-p 00000000 00:00 0 
7f33b4021000-7f33b8000000 ---p 00000000 00:00 0 
7f33b8000000-7f33b8021000 rw-p 00000000 00:00 0 
7f33b8021000-7f33bc000000 ---p 00000000 00:00 0 
7f33bc000000-7f33bc021000 rw-p 00000000 00:00 0 
7f33bc021000-7f33c0000000 ---p 00000000 00:00 0 
7f33c0026000-7f33c0046000 rw-s f0020000 00:05 7943                       /dev/ati/card0
7f33c0046000-7f33c0077000 rw-p 00000000 00:00 0 
7f33c0077000-7f33c007a000 ---p 00000000 00:00 0 
7f33c007a000-7f33c08b7000 rw-p 00000000 00:00 0 
7f33c08b7000-7f33c08b8000 ---p 00000000 00:00 0 
7f33c08b8000-7f33c09b8000 rw-p 00000000 00:00 0 
7f33c09b8000-7f33c09b9000 ---p 00000000 00:00 0 
7f33c09b9000-7f33c0ab9000 rw-p 00000000 00:00 0 
7f33c0ab9000-7f33c0aba000 ---p 00000000 00:00 0 
7f33c0aba000-7f33c0bba000 rw-p 00000000 00:00 0 
7f33c0bba000-7f33c0bbb000 ---p 00000000 00:00 0 
7f33c0bbb000-7f33c0ccf000 rw-p 00000000 00:00 0 
7f33c0ccf000-7f33c0df9000 rw-p 00000000 00:00 0 
7f33c0df9000-7f33c0e04000 rw-p 00000000 00:00 0 
7f33c0e04000-7f33c0e22000 rw-p 00000000 00:00 0 
7f33c0e22000-7f33c0e36000 rw-p 00000000 00:00 0 
7f33c0e36000-7f33c0f60000 rw-p 00000000 00:00 0 
7f33c0f60000-7f33c0f72000 rw-p 00000000 00:00 0 
7f33c0f72000-7f33c0fff000 rw-p 00000000 00:00 0 
7f33c0fff000-7f33c1000000 rw-p 00000000 00:00 0 
7f33c1000000-7f33c1270000 rwxp 00000000 00:00 0 
7f33c1270000-7f33c4433000 rw-p 00000000 00:00 0 
7f33c4433000-7f33c8000000 ---p 00000000 00:00 0 
7f33c800e000-7f33c8033000 r--p 00000000 08:06 10359730                   /usr/share/locale-langpack/fr/LC_MESSAGES/libc.mo
7f33c8033000-7f33c8066000 rw-p 00000000 00:00 0 
7f33c8066000-7f33c8084000 rw-p 00000000 00:00 0 
7f33c8084000-7f33c809e000 r-xp 00000000 08:06 1967605                    /usr/lib/jvm/java-7-oracle/jre/lib/amd64/libzip.so
7f33c809e000-7f33c829e000 ---p 0001a000 08:06 1967605                    /usr/lib/jvm/java-7-oracle/jre/lib/amd64/libzip.so
7f33c829e000-7f33c829f000 rw-p 0001a000 08:06 1967605                    /usr/lib/jvm/java-7-oracle/jre/lib/amd64/libzip.so
7f33c829f000-7f33c82ab000 r-xp 00000000 08:06 2233934                    /lib/x86_64-linux-gnu/libnss_files-2.15.so
7f33c82ab000-7f33c84aa000 ---p 0000c000 08:06 2233934                    /lib/x86_64-linux-gnu/libnss_files-2.15.so
7f33c84aa000-7f33c84ab000 r--p 0000b000 08:06 2233934                    /lib/x86_64-linux-gnu/libnss_files-2.15.so
7f33c84ab000-7f33c84ac000 rw-p 0000c000 08:06 2233934                    /lib/x86_64-linux-gnu/libnss_files-2.15.so
7f33c84ac000-7f33c84b6000 r-xp 00000000 08:06 2233929                    /lib/x86_64-linux-gnu/libnss_nis-2.15.so
7f33c84b6000-7f33c86b6000 ---p 0000a000 08:06 2233929                    /lib/x86_64-linux-gnu/libnss_nis-2.15.so
7f33c86b6000-7f33c86b7000 r--p 0000a000 08:06 2233929                    /lib/x86_64-linux-gnu/libnss_nis-2.15.so
7f33c86b7000-7f33c86b8000 rw-p 0000b000 08:06 2233929                    /lib/x86_64-linux-gnu/libnss_nis-2.15.so
7f33c86b8000-7f33c86cf000 r-xp 00000000 08:06 2233945                    /lib/x86_64-linux-gnu/libnsl-2.15.so
7f33c86cf000-7f33c88ce000 ---p 00017000 08:06 2233945                    /lib/x86_64-linux-gnu/libnsl-2.15.so
7f33c88ce000-7f33c88cf000 r--p 00016000 08:06 2233945                    /lib/x86_64-linux-gnu/libnsl-2.15.so
7f33c88cf000-7f33c88d0000 rw-p 00017000 08:06 2233945                    /lib/x86_64-linux-gnu/libnsl-2.15.so
7f33c88d0000-7f33c88d2000 rw-p 00000000 00:00 0 
7f33c88d2000-7f33c88da000 r-xp 00000000 08:06 2233935                    /lib/x86_64-linux-gnu/libnss_compat-2.15.so
7f33c88da000-7f33c8ad9000 ---p 00008000 08:06 2233935                    /lib/x86_64-linux-gnu/libnss_compat-2.15.so
7f33c8ad9000-7f33c8ada000 r--p 00007000 08:06 2233935                    /lib/x86_64-linux-gnu/libnss_compat-2.15.so
7f33c8ada000-7f33c8adb000 rw-p 00008000 08:06 2233935                    /lib/x86_64-linux-gnu/libnss_compat-2.15.so
7f33c8adb000-7f33c8b04000 r-xp 00000000 08:06 1967577                    /usr/lib/jvm/java-7-oracle/jre/lib/amd64/libjava.so
7f33c8b04000-7f33c8d04000 ---p 00029000 08:06 1967577                    /usr/lib/jvm/java-7-oracle/jre/lib/amd64/libjava.so
7f33c8d04000-7f33c8d06000 rw-p 00029000 08:06 1967577                    /usr/lib/jvm/java-7-oracle/jre/lib/amd64/libjava.so
7f33c8d06000-7f33c8d13000 r-xp 00000000 08:06 1967580                    /usr/lib/jvm/java-7-oracle/jre/lib/amd64/libverify.so
7f33c8d13000-7f33c8f12000 ---p 0000d000 08:06 1967580                    /usr/lib/jvm/java-7-oracle/jre/lib/amd64/libverify.so
7f33c8f12000-7f33c8f14000 rw-p 0000c000 08:06 1967580                    /usr/lib/jvm/java-7-oracle/jre/lib/amd64/libverify.so
7f33c8f14000-7f33c8f1b000 r-xp 00000000 08:06 2233808                    /lib/x86_64-linux-gnu/librt-2.15.so
7f33c8f1b000-7f33c911a000 ---p 00007000 08:06 2233808                    /lib/x86_64-linux-gnu/librt-2.15.so
7f33c911a000-7f33c911b000 r--p 00006000 08:06 2233808                    /lib/x86_64-linux-gnu/librt-2.15.so
7f33c911b000-7f33c911c000 rw-p 00007000 08:06 2233808                    /lib/x86_64-linux-gnu/librt-2.15.so
7f33c911c000-7f33c9217000 r-xp 00000000 08:06 2233931                    /lib/x86_64-linux-gnu/libm-2.15.so
7f33c9217000-7f33c9416000 ---p 000fb000 08:06 2233931                    /lib/x86_64-linux-gnu/libm-2.15.so
7f33c9416000-7f33c9417000 r--p 000fa000 08:06 2233931                    /lib/x86_64-linux-gnu/libm-2.15.so
7f33c9417000-7f33c9418000 rw-p 000fb000 08:06 2233931                    /lib/x86_64-linux-gnu/libm-2.15.so
7f33c9418000-7f33c9e5f000 r-xp 00000000 08:06 1967573                    /usr/lib/jvm/java-7-oracle/jre/lib/amd64/server/libjvm.so
7f33c9e5f000-7f33ca05e000 ---p 00a47000 08:06 1967573                    /usr/lib/jvm/java-7-oracle/jre/lib/amd64/server/libjvm.so
7f33ca05e000-7f33ca102000 rw-p 00a46000 08:06 1967573                    /usr/lib/jvm/java-7-oracle/jre/lib/amd64/server/libjvm.so
7f33ca102000-7f33ca13d000 rw-p 00000000 00:00 0 
7f33ca13d000-7f33ca2f2000 r-xp 00000000 08:06 2233802                    /lib/x86_64-linux-gnu/libc-2.15.so
7f33ca2f2000-7f33ca4f1000 ---p 001b5000 08:06 2233802                    /lib/x86_64-linux-gnu/libc-2.15.so
7f33ca4f1000-7f33ca4f5000 r--p 001b4000 08:06 2233802                    /lib/x86_64-linux-gnu/libc-2.15.so
7f33ca4f5000-7f33ca4f7000 rw-p 001b8000 08:06 2233802                    /lib/x86_64-linux-gnu/libc-2.15.so
7f33ca4f7000-7f33ca4fc000 rw-p 00000000 00:00 0 
7f33ca4fc000-7f33ca4fe000 r-xp 00000000 08:06 2233800                    /lib/x86_64-linux-gnu/libdl-2.15.so
7f33ca4fe000-7f33ca6fe000 ---p 00002000 08:06 2233800                    /lib/x86_64-linux-gnu/libdl-2.15.so
7f33ca6fe000-7f33ca6ff000 r--p 00002000 08:06 2233800                    /lib/x86_64-linux-gnu/libdl-2.15.so
7f33ca6ff000-7f33ca700000 rw-p 00003000 08:06 2233800                    /lib/x86_64-linux-gnu/libdl-2.15.so
7f33ca700000-7f33ca716000 r-xp 00000000 08:06 1967609                    /usr/lib/jvm/java-7-oracle/jre/lib/amd64/jli/libjli.so
7f33ca716000-7f33ca915000 ---p 00016000 08:06 1967609                    /usr/lib/jvm/java-7-oracle/jre/lib/amd64/jli/libjli.so
7f33ca915000-7f33ca916000 rw-p 00015000 08:06 1967609                    /usr/lib/jvm/java-7-oracle/jre/lib/amd64/jli/libjli.so
7f33ca916000-7f33ca92e000 r-xp 00000000 08:06 2233804                    /lib/x86_64-linux-gnu/libpthread-2.15.so
7f33ca92e000-7f33cab2d000 ---p 00018000 08:06 2233804                    /lib/x86_64-linux-gnu/libpthread-2.15.so
7f33cab2d000-7f33cab2e000 r--p 00017000 08:06 2233804                    /lib/x86_64-linux-gnu/libpthread-2.15.so
7f33cab2e000-7f33cab2f000 rw-p 00018000 08:06 2233804                    /lib/x86_64-linux-gnu/libpthread-2.15.so
7f33cab2f000-7f33cab33000 rw-p 00000000 00:00 0 
7f33cab33000-7f33cab55000 r-xp 00000000 08:06 2233940                    /lib/x86_64-linux-gnu/ld-2.15.so
7f33cab64000-7f33cab6e000 r--s 00254000 08:06 1966628                    /usr/lib/jvm/java-7-oracle/jre/lib/resources.jar
7f33cab6e000-7f33cab70000 rw-s 00002000 00:05 7943                       /dev/ati/card0
7f33cab70000-7f33cab71000 r--p 00000000 00:00 0 
7f33cab71000-7f33cab75000 r--s 00089000 08:06 1967701                    /usr/lib/jvm/java-7-oracle/jre/lib/jsse.jar
7f33cab75000-7f33cab7f000 rw-p 00000000 00:00 0 
7f33cab7f000-7f33cac35000 rw-p 00000000 00:00 0 
7f33cac35000-7f33cac38000 ---p 00000000 00:00 0 
7f33cac38000-7f33cad3a000 rw-p 00000000 00:00 0 
7f33cad3a000-7f33cad3b000 rw-s 00005000 00:05 7943                       /dev/ati/card0
7f33cad3b000-7f33cad3c000 r--s 00023000 08:11 895                        /media/DDE-640/IMAC/Projets_Tut/PlantS/libjogl/jogamp-all-platforms/jar/jogl-all-natives-linux-amd64.jar
7f33cad3c000-7f33cad3d000 r--s 00000000 08:11 894                        /media/DDE-640/IMAC/Projets_Tut/PlantS/libjogl/jogamp-all-platforms/jar/gluegen-rt-natives-linux-amd64.jar
7f33cad3d000-7f33cad42000 r--s 00044000 08:11 446                        /media/DDE-640/IMAC/Projets_Tut/PlantS/jdom-2.0.3/jdom-2.0.3.jar
7f33cad42000-7f33cad49000 r--s 00000000 08:06 10362198                   /usr/lib/x86_64-linux-gnu/gconv/gconv-modules.cache
7f33cad49000-7f33cad51000 rw-s 00000000 08:06 4456558                    /tmp/hsperfdata_guyom/3918 (deleted)
7f33cad51000-7f33cad52000 rw-p 00000000 00:00 0 
7f33cad52000-7f33cad53000 ---p 00000000 00:00 0 
7f33cad53000-7f33cad55000 rw-p 00000000 00:00 0 
7f33cad55000-7f33cad56000 r--p 00022000 08:06 2233940                    /lib/x86_64-linux-gnu/ld-2.15.so
7f33cad56000-7f33cad58000 rw-p 00023000 08:06 2233940                    /lib/x86_64-linux-gnu/ld-2.15.so
7ffff2628000-7ffff2649000 rw-p 00000000 00:00 0                          [stack]
7ffff2685000-7ffff2686000 r-xp 00000000 00:00 0                          [vdso]
ffffffffff600000-ffffffffff601000 r-xp 00000000 00:00 0                  [vsyscall]

VM Arguments:
jvm_args: -Djava.library.path=/media/DDE-640/IMAC/Projets_Tut/PlantS/libjogl/jogamp-all-platforms/jar:/media/DDE-640/IMAC/Projets_Tut/PlantS/libjogl/jogamp-all-platforms/jar -Dfile.encoding=UTF-8 
java_command: JOGLApp
Launcher Type: SUN_STANDARD

Environment Variables:
PATH=/usr/lib/lightdm/lightdm:/usr/local/sbin:/usr/local/bin:/usr/sbin:/usr/bin:/sbin:/bin:/usr/games
SHELL=/bin/bash
DISPLAY=:0.0

Signal Handlers:
SIGSEGV: [libjvm.so+0x8a5c80], sa_mask[0]=0x7ffbfeff, sa_flags=0x10000004
SIGBUS: [libjvm.so+0x8a5c80], sa_mask[0]=0x7ffbfeff, sa_flags=0x10000004
SIGFPE: [libjvm.so+0x741d60], sa_mask[0]=0x7ffbfeff, sa_flags=0x10000004
SIGPIPE: [libjvm.so+0x741d60], sa_mask[0]=0x7ffbfeff, sa_flags=0x10000004
SIGXFSZ: [libjvm.so+0x741d60], sa_mask[0]=0x7ffbfeff, sa_flags=0x10000004
SIGILL: [libjvm.so+0x741d60], sa_mask[0]=0x7ffbfeff, sa_flags=0x10000004
SIGUSR1: SIG_DFL, sa_mask[0]=0x00000000, sa_flags=0x00000000
SIGUSR2: [libjvm.so+0x7416b0], sa_mask[0]=0x00000004, sa_flags=0x10000004
SIGHUP: [libjvm.so+0x743a40], sa_mask[0]=0x7ffbfeff, sa_flags=0x10000004
SIGINT: [libjvm.so+0x743a40], sa_mask[0]=0x7ffbfeff, sa_flags=0x10000004
SIGTERM: [libjvm.so+0x743a40], sa_mask[0]=0x7ffbfeff, sa_flags=0x10000004
SIGQUIT: [libjvm.so+0x743a40], sa_mask[0]=0x7ffbfeff, sa_flags=0x10000004


---------------  S Y S T E M  ---------------

OS:wheezy/sid

uname:Linux 3.2.0-32-generic #51-Ubuntu SMP Wed Sep 26 21:33:09 UTC 2012 x86_64
libc:glibc 2.15 NPTL 2.15 
rlimit: STACK 8192k, CORE 0k, NPROC 30344, NOFILE 4096, AS infinity
load average:0,29 0,35 0,43

/proc/meminfo:
MemTotal:        3901720 kB
MemFree:         1441880 kB
Buffers:          170756 kB
Cached:           984724 kB
SwapCached:            0 kB
Active:          1411664 kB
Inactive:         725596 kB
Active(anon):     982576 kB
Inactive(anon):     1084 kB
Active(file):     429088 kB
Inactive(file):   724512 kB
Unevictable:           0 kB
Mlocked:               0 kB
SwapTotal:       4042748 kB
SwapFree:        4042748 kB
Dirty:               976 kB
Writeback:             0 kB
AnonPages:        981608 kB
Mapped:           230216 kB
Shmem:              1884 kB
Slab:              87740 kB
SReclaimable:      58228 kB
SUnreclaim:        29512 kB
KernelStack:        3960 kB
PageTables:        28792 kB
NFS_Unstable:          0 kB
Bounce:                0 kB
WritebackTmp:          0 kB
CommitLimit:     5993608 kB
Committed_AS:    3810740 kB
VmallocTotal:   34359738367 kB
VmallocUsed:      111804 kB
VmallocChunk:   34359624168 kB
HardwareCorrupted:     0 kB
AnonHugePages:         0 kB
HugePages_Total:       0
HugePages_Free:        0
HugePages_Rsvd:        0
HugePages_Surp:        0
Hugepagesize:       2048 kB
DirectMap4k:      171964 kB
DirectMap2M:     3872768 kB


CPU:total 4 (2 cores per cpu, 2 threads per core) family 6 model 37 stepping 5, cmov, cx8, fxsr, mmx, sse, sse2, sse3, ssse3, sse4.1, sse4.2, popcnt, ht, tsc, tscinvbit

/proc/cpuinfo:
processor	: 0
vendor_id	: GenuineIntel
cpu family	: 6
model		: 37
model name	: Intel(R) Core(TM) i5 CPU       M 480  @ 2.67GHz
stepping	: 5
microcode	: 0x2
cpu MHz		: 1733.000
cache size	: 3072 KB
physical id	: 0
siblings	: 4
core id		: 0
cpu cores	: 2
apicid		: 0
initial apicid	: 0
fpu		: yes
fpu_exception	: yes
cpuid level	: 11
wp		: yes
flags		: fpu vme de pse tsc msr pae mce cx8 apic sep mtrr pge mca cmov pat pse36 clflush dts acpi mmx fxsr sse sse2 ss ht tm pbe syscall nx rdtscp lm constant_tsc arch_perfmon pebs bts rep_good nopl xtopology nonstop_tsc aperfmperf pni dtes64 monitor ds_cpl vmx est tm2 ssse3 cx16 xtpr pdcm pcid sse4_1 sse4_2 popcnt lahf_lm ida arat dtherm tpr_shadow vnmi flexpriority ept vpid
bogomips	: 5319.91
clflush size	: 64
cache_alignment	: 64
address sizes	: 36 bits physical, 48 bits virtual
power management:

processor	: 1
vendor_id	: GenuineIntel
cpu family	: 6
model		: 37
model name	: Intel(R) Core(TM) i5 CPU       M 480  @ 2.67GHz
stepping	: 5
microcode	: 0x2
cpu MHz		: 2667.000
cache size	: 3072 KB
physical id	: 0
siblings	: 4
core id		: 2
cpu cores	: 2
apicid		: 4
initial apicid	: 4
fpu		: yes
fpu_exception	: yes
cpuid level	: 11
wp		: yes
flags		: fpu vme de pse tsc msr pae mce cx8 apic sep mtrr pge mca cmov pat pse36 clflush dts acpi mmx fxsr sse sse2 ss ht tm pbe syscall nx rdtscp lm constant_tsc arch_perfmon pebs bts rep_good nopl xtopology nonstop_tsc aperfmperf pni dtes64 monitor ds_cpl vmx est tm2 ssse3 cx16 xtpr pdcm pcid sse4_1 sse4_2 popcnt lahf_lm ida arat dtherm tpr_shadow vnmi flexpriority ept vpid
bogomips	: 5319.89
clflush size	: 64
cache_alignment	: 64
address sizes	: 36 bits physical, 48 bits virtual
power management:

processor	: 2
vendor_id	: GenuineIntel
cpu family	: 6
model		: 37
model name	: Intel(R) Core(TM) i5 CPU       M 480  @ 2.67GHz
stepping	: 5
microcode	: 0x2
cpu MHz		: 2533.000
cache size	: 3072 KB
physical id	: 0
siblings	: 4
core id		: 0
cpu cores	: 2
apicid		: 1
initial apicid	: 1
fpu		: yes
fpu_exception	: yes
cpuid level	: 11
wp		: yes
flags		: fpu vme de pse tsc msr pae mce cx8 apic sep mtrr pge mca cmov pat pse36 clflush dts acpi mmx fxsr sse sse2 ss ht tm pbe syscall nx rdtscp lm constant_tsc arch_perfmon pebs bts rep_good nopl xtopology nonstop_tsc aperfmperf pni dtes64 monitor ds_cpl vmx est tm2 ssse3 cx16 xtpr pdcm pcid sse4_1 sse4_2 popcnt lahf_lm ida arat dtherm tpr_shadow vnmi flexpriority ept vpid
bogomips	: 5319.89
clflush size	: 64
cache_alignment	: 64
address sizes	: 36 bits physical, 48 bits virtual
power management:

processor	: 3
vendor_id	: GenuineIntel
cpu family	: 6
model		: 37
model name	: Intel(R) Core(TM) i5 CPU       M 480  @ 2.67GHz
stepping	: 5
microcode	: 0x2
cpu MHz		: 1199.000
cache size	: 3072 KB
physical id	: 0
siblings	: 4
core id		: 2
cpu cores	: 2
apicid		: 5
initial apicid	: 5
fpu		: yes
fpu_exception	: yes
cpuid level	: 11
wp		: yes
flags		: fpu vme de pse tsc msr pae mce cx8 apic sep mtrr pge mca cmov pat pse36 clflush dts acpi mmx fxsr sse sse2 ss ht tm pbe syscall nx rdtscp lm constant_tsc arch_perfmon pebs bts rep_good nopl xtopology nonstop_tsc aperfmperf pni dtes64 monitor ds_cpl vmx est tm2 ssse3 cx16 xtpr pdcm pcid sse4_1 sse4_2 popcnt lahf_lm ida arat dtherm tpr_shadow vnmi flexpriority ept vpid
bogomips	: 5319.88
clflush size	: 64
cache_alignment	: 64
address sizes	: 36 bits physical, 48 bits virtual
power management:



Memory: 4k page, physical 3901720k(1441880k free), swap 4042748k(4042748k free)

vm_info: Java HotSpot(TM) 64-Bit Server VM (23.5-b02) for linux-amd64 JRE (1.7.0_09-b05), built on Sep 24 2012 20:07:15 by "java_re" with gcc 4.3.0 20080428 (Red Hat 4.3.0-8)

time: Sun Nov 11 17:26:55 2012
elapsed time: 5 seconds

