#
# A fatal error has been detected by the Java Runtime Environment:
#
#  SIGSEGV (0xb) at pc=0x00007f122da9fc58, pid=3589, tid=139716074272512
#
# JRE version: 7.0_09-b05
# Java VM: Java HotSpot(TM) 64-Bit Server VM (23.5-b02 mixed mode linux-amd64 compressed oops)
# Problematic frame:
# C  [libX11.so.6+0x33c58]  XQueryExtension+0x28
#
# Failed to write core dump. Core dumps have been disabled. To enable core dumping, try "ulimit -c unlimited" before starting Java again
#
# If you would like to submit a bug report, please visit:
#   http://bugreport.sun.com/bugreport/crash.jsp
#

---------------  T H R E A D  ---------------

Current thread (0x00007f1234092000):  VMThread [stack: 0x00007f122ee9f000,0x00007f122efa0000] [id=3599]

siginfo:si_signo=SIGSEGV: si_errno=0, si_code=1 (SEGV_MAPERR), si_addr=0xffffffffe0001778

Registers:
RAX=0x00007f121c0008c0, RBX=0xffffffffe0000e10, RCX=0x00007f122ef9e8e8, RDX=0x00007f122ef9e8e4
RSP=0x00007f122ef9e880, RBP=0x00007f11ef47ce12, RSI=0x00007f11ef47ce12, RDI=0xffffffffe0000e10
R8 =0x00007f122ef9e8ec, R9 =0x0000000000000000, R10=0x00007f123c6f8fa8, R11=0x00007f123c378c80
R12=0x0000000000000000, R13=0x00007f11ef47ce12, R14=0x00007f121c0008c0, R15=0x0000000000000000
RIP=0x00007f122da9fc58, EFLAGS=0x0000000000010202, CSGSFS=0x0000000000000033, ERR=0x0000000000000005
  TRAPNO=0x000000000000000e

Top of Stack: (sp=0x00007f122ef9e880)
0x00007f122ef9e880:   00007f123c34b790 00007f123cf39548
0x00007f122ef9e890:   0000000000000000 00007f123c30ff50
0x00007f122ef9e8a0:   00000000ffffffff ffffffffe0000e10
0x00007f122ef9e8b0:   00007f11ef47ce12 0000000000000000
0x00007f122ef9e8c0:   00007f11ef47ce12 00007f121c0008c0
0x00007f122ef9e8d0:   0000000000000000 00007f122da93c55
0x00007f122ef9e8e0:   00007f123cf56048 00007f11ef5b4c60
0x00007f122ef9e8f0:   00007f11ef5b4c60 ffffffffe0000e10
0x00007f122ef9e900:   00007f11e000ef00 00007f122ddad02b
0x00007f122ef9e910:   00007f123c34b790 000000110000002a
0x00007f122ef9e920:   00007f122ef9e9a0 0000000000000000
0x00007f122ef9e930:   00007f122ef9e9a0 ffffffffe0000e10
0x00007f122ef9e940:   0000000000000000 00007f123cf56048
0x00007f122ef9e950:   00007f11ef5ce490 00007f11ef428fd9
0x00007f122ef9e960:   0000000000000000 000000000000002a
0x00007f122ef9e970:   00007f122ef9e9a0 00007f122ef9e9c0
0x00007f122ef9e980:   0000000000000000 00007f123cf56048
0x00007f122ef9e990:   00007f11dc002d90 00007f11ef41d6e2
0x00007f122ef9e9a0:   00007f122ef9eb80 00007f11ef47cd81
0x00007f122ef9e9b0:   00007f122ef9eb80 00007f123cd4292d
0x00007f122ef9e9c0:   00007f123cf572c8 00007f123cf57858
0x00007f122ef9e9d0:   00007f123cf54b50 00007f1234007330
0x00007f122ef9e9e0:   00007f1234007e40 00007f12340077e0
0x00007f122ef9e9f0:   00007f1234008340 00007f123400d200
0x00007f122ef9ea00:   00007f1234247f70 00007f1234248410
0x00007f122ef9ea10:   00007f1234337a10 00007f1234336e20
0x00007f122ef9ea20:   00007f123434ba90 00007f123436c190
0x00007f122ef9ea30:   00007f123436bc70 00007f1234180bb0
0x00007f122ef9ea40:   00007f1234182690 00007f1234182190
0x00007f122ef9ea50:   00007f123417eee0 00007f12340020f0
0x00007f122ef9ea60:   00007f1234001a70 0000000000ca64d0
0x00007f122ef9ea70:   00007f12343aaa50 00007f1234181c80 

Instructions: (pc=0x00007f122da9fc58)
0x00007f122da9fc38:   24 d8 48 89 fb 4c 89 64 24 e0 4c 89 6c 24 e8 48
0x00007f122da9fc48:   89 f5 4c 89 74 24 f0 4c 89 7c 24 f8 48 83 ec 58
0x00007f122da9fc58:   48 8b 87 68 09 00 00 49 89 d4 49 89 cd 4d 89 c6
0x00007f122da9fc68:   48 85 c0 74 02 ff 10 ba 08 00 00 00 be 62 00 00 

Register to memory mapping:

RAX=0x00007f121c0008c0 is an unknown value
RBX=0xffffffffe0000e10 is an unknown value
RCX=0x00007f122ef9e8e8 is an unknown value
RDX=0x00007f122ef9e8e4 is an unknown value
RSP=0x00007f122ef9e880 is an unknown value
RBP=0x00007f11ef47ce12: <offset 0x92e12> in /usr/lib/libGL.so.1 at 0x00007f11ef3ea000
RSI=0x00007f11ef47ce12: <offset 0x92e12> in /usr/lib/libGL.so.1 at 0x00007f11ef3ea000
RDI=0xffffffffe0000e10 is an unknown value
R8 =0x00007f122ef9e8ec is an unknown value
R9 =0x0000000000000000 is an unknown value
R10=0x00007f123c6f8fa8: <offset 0x3bbfa8> in /lib/x86_64-linux-gnu/libc.so.6 at 0x00007f123c33d000
R11=0x00007f123c378c80: __cxa_finalize+0 in /lib/x86_64-linux-gnu/libc.so.6 at 0x00007f123c33d000
R12=0x0000000000000000 is an unknown value
R13=0x00007f11ef47ce12: <offset 0x92e12> in /usr/lib/libGL.so.1 at 0x00007f11ef3ea000
R14=0x00007f121c0008c0 is an unknown value
R15=0x0000000000000000 is an unknown value


Stack: [0x00007f122ee9f000,0x00007f122efa0000],  sp=0x00007f122ef9e880,  free space=1022k
Native frames: (J=compiled Java code, j=interpreted, Vv=VM code, C=native code)
C  [libX11.so.6+0x33c58]  XQueryExtension+0x28

VM_Operation (0x00007f11efaf7c00): Exit, mode: safepoint, requested by thread 0x00007f12343a9000


---------------  P R O C E S S  ---------------

Java Threads: ( => current thread )
  0x00007f1234009000 JavaThread "DestroyJavaVM" [_thread_blocked, id=3591, stack(0x00007f123ce35000,0x00007f123cf36000)]
  0x00007f12343e9000 JavaThread "Timer-0" [_thread_blocked, id=3621, stack(0x00007f122c2ec000,0x00007f122c3ed000)]
  0x00007f12343a9000 JavaThread "AWT-EventQueue-0" [_thread_blocked, id=3619, stack(0x00007f11ef9fa000,0x00007f11efafb000)]
  0x00007f12343a7000 JavaThread "AWT-Shutdown" [_thread_blocked, id=3618, stack(0x00007f11efafb000,0x00007f11efbfc000)]
  0x00007f1234317000 JavaThread "process reaper" daemon [_thread_blocked, id=3612, stack(0x00007f123809e000,0x00007f12380c6000)]
  0x00007f1234257000 JavaThread "AWT-XAWT" daemon [_thread_blocked, id=3608, stack(0x00007f122c814000,0x00007f122c915000)]
  0x00007f1234215800 JavaThread "Java2D Disposer" daemon [_thread_blocked, id=3607, stack(0x00007f122cd25000,0x00007f122ce26000)]
  0x00007f12340f0000 JavaThread "Service Thread" daemon [_thread_blocked, id=3605, stack(0x00007f122e5d9000,0x00007f122e6da000)]
  0x00007f12340ee000 JavaThread "C2 CompilerThread1" daemon [_thread_blocked, id=3604, stack(0x00007f122e6da000,0x00007f122e7db000)]
  0x00007f12340eb000 JavaThread "C2 CompilerThread0" daemon [_thread_blocked, id=3603, stack(0x00007f122e7db000,0x00007f122e8dc000)]
  0x00007f12340e8800 JavaThread "Signal Dispatcher" daemon [_thread_blocked, id=3602, stack(0x00007f122e8dc000,0x00007f122e9dd000)]
  0x00007f123409b800 JavaThread "Finalizer" daemon [_thread_blocked, id=3601, stack(0x00007f122ec9d000,0x00007f122ed9e000)]
  0x00007f1234099800 JavaThread "Reference Handler" daemon [_thread_blocked, id=3600, stack(0x00007f122ed9e000,0x00007f122ee9f000)]

Other Threads:
=>0x00007f1234092000 VMThread [stack: 0x00007f122ee9f000,0x00007f122efa0000] [id=3599]

VM state:at safepoint (shutting down)

VM Mutex/Monitor currently owned by a thread:  ([mutex/lock_event])
[0x00007f1234005500] Threads_lock - owner thread: 0x00007f1234092000

Heap
 PSYoungGen      total 17792K, used 7506K [0x00000000ec200000, 0x00000000ed5d0000, 0x0000000100000000)
  eden space 15296K, 32% used [0x00000000ec200000,0x00000000ec6e8940,0x00000000ed0f0000)
  from space 2496K, 99% used [0x00000000ed0f0000,0x00000000ed35c1e8,0x00000000ed360000)
  to   space 2496K, 0% used [0x00000000ed360000,0x00000000ed360000,0x00000000ed5d0000)
 ParOldGen       total 40704K, used 1120K [0x00000000c4600000, 0x00000000c6dc0000, 0x00000000ec200000)
  object space 40704K, 2% used [0x00000000c4600000,0x00000000c47181e8,0x00000000c6dc0000)
 PSPermGen       total 21248K, used 16143K [0x00000000bf400000, 0x00000000c08c0000, 0x00000000c4600000)
  object space 21248K, 75% used [0x00000000bf400000,0x00000000c03c3e40,0x00000000c08c0000)

Card table byte_map: [0x00007f123a07d000,0x00007f123a284000] byte_map_base: 0x00007f1239a83000

Polling page: 0x00007f123cf52000

Code Cache  [0x00007f1231000000, 0x00007f1231270000, 0x00007f1234000000)
 total_blobs=784 nmethods=58 adapters=678 free_code_cache=48388Kb largest_free_block=49520768

Compilation events (10 events):
Event: 2,998 Thread 0x00007f12340ee000   55             java.util.ArrayList::elementData (7 bytes)
Event: 2,998 Thread 0x00007f12340eb000   54             java.util.ArrayList::rangeCheck (22 bytes)
Event: 2,999 Thread 0x00007f12340eb000 nmethod 54 0x00007f12310b5e10 code [0x00007f12310b5f40, 0x00007f12310b5fb8]
Event: 2,999 Thread 0x00007f12340eb000   56             java.util.ArrayList::get (11 bytes)
Event: 2,999 Thread 0x00007f12340ee000 nmethod 55 0x00007f12310b5b90 code [0x00007f12310b5ce0, 0x00007f12310b5d78]
Event: 2,999 Thread 0x00007f12340ee000   57             java.util.concurrent.locks.AbstractQueuedSynchronizer::setState (6 bytes)
Event: 3,000 Thread 0x00007f12340ee000 nmethod 57 0x00007f12310b5990 code [0x00007f12310b5ac0, 0x00007f12310b5b18]
Event: 3,001 Thread 0x00007f12340eb000 nmethod 56 0x00007f12310c0bd0 code [0x00007f12310c0d20, 0x00007f12310c0dd8]
Event: 3,026 Thread 0x00007f12340ee000   58             java.util.HashMap::getEntry (77 bytes)
Event: 3,028 Thread 0x00007f12340ee000 nmethod 58 0x00007f12310c0650 code [0x00007f12310c07c0, 0x00007f12310c09c8]

GC Heap History (2 events):
Event: 1,140 GC heap before
{Heap before GC invocations=1 (full 0):
 PSYoungGen      total 17792K, used 15296K [0x00000000ec200000, 0x00000000ed5d0000, 0x0000000100000000)
  eden space 15296K, 100% used [0x00000000ec200000,0x00000000ed0f0000,0x00000000ed0f0000)
  from space 2496K, 0% used [0x00000000ed360000,0x00000000ed360000,0x00000000ed5d0000)
  to   space 2496K, 0% used [0x00000000ed0f0000,0x00000000ed0f0000,0x00000000ed360000)
 ParOldGen       total 40704K, used 0K [0x00000000c4600000, 0x00000000c6dc0000, 0x00000000ec200000)
  object space 40704K, 0% used [0x00000000c4600000,0x00000000c4600000,0x00000000c6dc0000)
 PSPermGen       total 21248K, used 14056K [0x00000000bf400000, 0x00000000c08c0000, 0x00000000c4600000)
  object space 21248K, 66% used [0x00000000bf400000,0x00000000c01ba2a0,0x00000000c08c0000)
Event: 1,147 GC heap after
Heap after GC invocations=1 (full 0):
 PSYoungGen      total 17792K, used 2480K [0x00000000ec200000, 0x00000000ed5d0000, 0x0000000100000000)
  eden space 15296K, 0% used [0x00000000ec200000,0x00000000ec200000,0x00000000ed0f0000)
  from space 2496K, 99% used [0x00000000ed0f0000,0x00000000ed35c1e8,0x00000000ed360000)
  to   space 2496K, 0% used [0x00000000ed360000,0x00000000ed360000,0x00000000ed5d0000)
 ParOldGen       total 40704K, used 1120K [0x00000000c4600000, 0x00000000c6dc0000, 0x00000000ec200000)
  object space 40704K, 2% used [0x00000000c4600000,0x00000000c47181e8,0x00000000c6dc0000)
 PSPermGen       total 21248K, used 14056K [0x00000000bf400000, 0x00000000c08c0000, 0x00000000c4600000)
  object space 21248K, 66% used [0x00000000bf400000,0x00000000c01ba2a0,0x00000000c08c0000)
}

Deoptimization events (6 events):
Event: 0,868 Thread 0x00007f12343dc800 Uncommon trap -83 fr.pc 0x00007f12310ac2d8
Event: 0,937 Thread 0x00007f1234009000 Uncommon trap -58 fr.pc 0x00007f12310b4710
Event: 0,937 Thread 0x00007f1234009000 Uncommon trap -58 fr.pc 0x00007f12310b4710
Event: 0,937 Thread 0x00007f1234009000 Uncommon trap -58 fr.pc 0x00007f12310b4710
Event: 0,937 Thread 0x00007f1234009000 Uncommon trap -58 fr.pc 0x00007f12310b4710
Event: 1,156 Thread 0x00007f12343a9000 Uncommon trap -83 fr.pc 0x00007f12310b3ea4

Internal exceptions (10 events):
Event: 1,220 Thread 0x00007f12343a9000 Threw 0x00000000ec3880a8 at /HUDSON/workspace/jdk7u9-2-build-linux-amd64-product/jdk7u9/hotspot/src/share/vm/prims/jvm.cpp:1166
Event: 1,223 Thread 0x00007f12343a9000 Threw 0x00000000ec38d298 at /HUDSON/workspace/jdk7u9-2-build-linux-amd64-product/jdk7u9/hotspot/src/share/vm/prims/jvm.cpp:1166
Event: 1,223 Thread 0x00007f12343a9000 Threw 0x00000000ec391010 at /HUDSON/workspace/jdk7u9-2-build-linux-amd64-product/jdk7u9/hotspot/src/share/vm/prims/jvm.cpp:1166
Event: 1,224 Thread 0x00007f12343a9000 Threw 0x00000000ec396158 at /HUDSON/workspace/jdk7u9-2-build-linux-amd64-product/jdk7u9/hotspot/src/share/vm/prims/jvm.cpp:1166
Event: 1,225 Thread 0x00007f12343a9000 Threw 0x00000000ec39f570 at /HUDSON/workspace/jdk7u9-2-build-linux-amd64-product/jdk7u9/hotspot/src/share/vm/prims/jvm.cpp:1166
Event: 1,236 Thread 0x00007f12343a9000 Threw 0x00000000ec3a81a8 at /HUDSON/workspace/jdk7u9-2-build-linux-amd64-product/jdk7u9/hotspot/src/share/vm/runtime/reflection.cpp
Event: 1,284 Thread 0x00007f12343a9000 Threw 0x00000000ec3b28e8 at /HUDSON/workspace/jdk7u9-2-build-linux-amd64-product/jdk7u9/hotspot/src/share/vm/prims/jni.cpp:742
Event: 1,285 Thread 0x00007f12343a9000 Threw 0x00000000ec3b34f8 at /HUDSON/workspace/jdk7u9-2-build-linux-amd64-product/jdk7u9/hotspot/src/share/vm/runtime/reflection.cpp
Event: 1,288 Thread 0x00007f12343a9000 Threw 0x00000000ec3b8768 at /HUDSON/workspace/jdk7u9-2-build-linux-amd64-product/jdk7u9/hotspot/src/share/vm/runtime/reflection.cpp
Event: 3,080 Thread 0x00007f11dc494000 Threw 0x00000000ec681878 at /HUDSON/workspace/jdk7u9-2-build-linux-amd64-product/jdk7u9/hotspot/src/share/vm/prims/jvm.cpp:1166

Events (10 events):
Event: 3,081 Thread 0x00007f11dc482000 Thread added: 0x00007f11dc482000
Event: 3,081 loading class 0x00007f12340a5bc0
Event: 3,081 loading class 0x00007f1234334980
Event: 3,081 loading class 0x00007f1234334980 done
Event: 3,081 loading class 0x00007f12340a5bc0 done
Event: 3,081 Thread 0x00007f11dc482000 Thread exited: 0x00007f11dc482000
Event: 3,082 Thread 0x00007f11dc484800 Thread exited: 0x00007f11dc484800
Event: 3,108 Thread 0x00007f12343dc800 Thread exited: 0x00007f12343dc800
Event: 3,108 Thread 0x00007f11dc494000 Thread exited: 0x00007f11dc494000
Event: 3,109 Executing VM operation: Exit


Dynamic libraries:
00400000-00401000 r-xp 00000000 08:06 1967722                            /usr/lib/jvm/java-7-oracle/bin/java
00600000-00601000 rw-p 00000000 08:06 1967722                            /usr/lib/jvm/java-7-oracle/bin/java
00ca6000-00cc7000 rw-p 00000000 00:00 0                                  [heap]
bf400000-c08c0000 rw-p 00000000 00:00 0 
c08c0000-c4600000 rw-p 00000000 00:00 0 
c4600000-c6dc0000 rw-p 00000000 00:00 0 
c6dc0000-ec200000 rw-p 00000000 00:00 0 
ec200000-ed5d0000 rw-p 00000000 00:00 0 
ed5d0000-100000000 rw-p 00000000 00:00 0 
7f11cbeff000-7f11cbf02000 ---p 00000000 00:00 0 
7f11cbf02000-7f11cc000000 rw-p 00000000 00:00 0 
7f11cc000000-7f11cc021000 rw-p 00000000 00:00 0 
7f11cc021000-7f11d0000000 ---p 00000000 00:00 0 
7f11d0000000-7f11d0021000 rw-p 00000000 00:00 0 
7f11d0021000-7f11d4000000 ---p 00000000 00:00 0 
7f11d4000000-7f11d4021000 rw-p 00000000 00:00 0 
7f11d4021000-7f11d8000000 ---p 00000000 00:00 0 
7f11dbeff000-7f11dbf02000 ---p 00000000 00:00 0 
7f11dbf02000-7f11dc000000 rw-p 00000000 00:00 0 
7f11dc000000-7f11dc69e000 rw-p 00000000 00:00 0 
7f11dc69e000-7f11e0000000 ---p 00000000 00:00 0 
7f11e0000000-7f11e0dad000 rw-p 00000000 00:00 0 
7f11e0dad000-7f11e4000000 ---p 00000000 00:00 0 
7f11e4000000-7f11e4021000 rw-p 00000000 00:00 0 
7f11e4021000-7f11e8000000 ---p 00000000 00:00 0 
7f11e8000000-7f11e846d000 rw-p 00000000 00:00 0 
7f11e846d000-7f11ec000000 ---p 00000000 00:00 0 
7f11ec0c7000-7f11ec0ca000 ---p 00000000 00:00 0 
7f11ec0ca000-7f11ec1c8000 rw-p 00000000 00:00 0 
7f11ec1c8000-7f11ec8c8000 rw-s 00006000 00:05 7943                       /dev/ati/card0
7f11ec8c8000-7f11ec914000 r-xp 00000000 08:06 9961632                    /usr/lib/libatiadlxx.so
7f11ec914000-7f11eca14000 ---p 0004c000 08:06 9961632                    /usr/lib/libatiadlxx.so
7f11eca14000-7f11eca1f000 rw-p 0004c000 08:06 9961632                    /usr/lib/libatiadlxx.so
7f11eca1f000-7f11eca2f000 rw-p 00000000 00:00 0 
7f11eca2f000-7f11ee9cd000 r-xp 00000000 08:06 10092955                   /usr/lib/x86_64-linux-gnu/dri/fglrx_dri.so
7f11ee9cd000-7f11eeacc000 ---p 01f9e000 08:06 10092955                   /usr/lib/x86_64-linux-gnu/dri/fglrx_dri.so
7f11eeacc000-7f11eec1a000 rwxp 01f9d000 08:06 10092955                   /usr/lib/x86_64-linux-gnu/dri/fglrx_dri.so
7f11eec1a000-7f11eed4e000 rwxp 00000000 00:00 0 
7f11eed4e000-7f11eed50000 r-xp 00000000 08:06 9965233                    /usr/lib/x86_64-linux-gnu/libXinerama.so.1.0.0
7f11eed50000-7f11eef4f000 ---p 00002000 08:06 9965233                    /usr/lib/x86_64-linux-gnu/libXinerama.so.1.0.0
7f11eef4f000-7f11eef50000 r--p 00001000 08:06 9965233                    /usr/lib/x86_64-linux-gnu/libXinerama.so.1.0.0
7f11eef50000-7f11eef51000 rw-p 00002000 08:06 9965233                    /usr/lib/x86_64-linux-gnu/libXinerama.so.1.0.0
7f11eef51000-7f11eef54000 ---p 00000000 00:00 0 
7f11eef54000-7f11ef052000 rw-p 00000000 00:00 0 
7f11ef052000-7f11ef0df000 r-xp 00000000 08:06 4456562                    /tmp/jogamp_0000/file_cache/jln552156233931986261/jln8360362186390696099/libjogl_desktop.so
7f11ef0df000-7f11ef2df000 ---p 0008d000 08:06 4456562                    /tmp/jogamp_0000/file_cache/jln552156233931986261/jln8360362186390696099/libjogl_desktop.so
7f11ef2df000-7f11ef2e0000 r--p 0008d000 08:06 4456562                    /tmp/jogamp_0000/file_cache/jln552156233931986261/jln8360362186390696099/libjogl_desktop.so
7f11ef2e0000-7f11ef2e1000 rw-p 0008e000 08:06 4456562                    /tmp/jogamp_0000/file_cache/jln552156233931986261/jln8360362186390696099/libjogl_desktop.so
7f11ef2e1000-7f11ef2e8000 r-xp 00000000 08:06 9961665                    /usr/lib/libatiuki.so.1.0
7f11ef2e8000-7f11ef3e8000 ---p 00007000 08:06 9961665                    /usr/lib/libatiuki.so.1.0
7f11ef3e8000-7f11ef3e9000 rw-p 00007000 08:06 9961665                    /usr/lib/libatiuki.so.1.0
7f11ef3e9000-7f11ef3ea000 rw-p 00000000 00:00 0 
7f11ef3ea000-7f11ef4a8000 r-xp 00000000 08:06 9961708                    /usr/lib/fglrx/fglrx-libGL.so.1.2
7f11ef4a8000-7f11ef5a8000 ---p 000be000 08:06 9961708                    /usr/lib/fglrx/fglrx-libGL.so.1.2
7f11ef5a8000-7f11ef5cf000 rwxp 000be000 08:06 9961708                    /usr/lib/fglrx/fglrx-libGL.so.1.2
7f11ef5cf000-7f11ef5ee000 rwxp 00000000 00:00 0 
7f11ef5ee000-7f11ef5f2000 r-xp 00000000 08:06 9969743                    /usr/lib/x86_64-linux-gnu/libXxf86vm.so.1.0.0
7f11ef5f2000-7f11ef7f1000 ---p 00004000 08:06 9969743                    /usr/lib/x86_64-linux-gnu/libXxf86vm.so.1.0.0
7f11ef7f1000-7f11ef7f2000 r--p 00003000 08:06 9969743                    /usr/lib/x86_64-linux-gnu/libXxf86vm.so.1.0.0
7f11ef7f2000-7f11ef7f3000 rw-p 00004000 08:06 9969743                    /usr/lib/x86_64-linux-gnu/libXxf86vm.so.1.0.0
7f11ef7f3000-7f11ef7f9000 r-xp 00000000 08:06 4456565                    /tmp/jogamp_0000/file_cache/jln552156233931986261/jln8360362186390696099/libnativewindow_x11.so
7f11ef7f9000-7f11ef9f8000 ---p 00006000 08:06 4456565                    /tmp/jogamp_0000/file_cache/jln552156233931986261/jln8360362186390696099/libnativewindow_x11.so
7f11ef9f8000-7f11ef9f9000 r--p 00005000 08:06 4456565                    /tmp/jogamp_0000/file_cache/jln552156233931986261/jln8360362186390696099/libnativewindow_x11.so
7f11ef9f9000-7f11ef9fa000 rw-p 00006000 08:06 4456565                    /tmp/jogamp_0000/file_cache/jln552156233931986261/jln8360362186390696099/libnativewindow_x11.so
7f11ef9fa000-7f11ef9fd000 ---p 00000000 00:00 0 
7f11ef9fd000-7f11efafb000 rw-p 00000000 00:00 0 
7f11efafb000-7f11efafe000 ---p 00000000 00:00 0 
7f11efafe000-7f11efbfc000 rw-p 00000000 00:00 0 
7f11efbfc000-7f11efbfe000 r-xp 00000000 08:06 4456564                    /tmp/jogamp_0000/file_cache/jln552156233931986261/jln8360362186390696099/libnativewindow_awt.so
7f11efbfe000-7f11efdfd000 ---p 00002000 08:06 4456564                    /tmp/jogamp_0000/file_cache/jln552156233931986261/jln8360362186390696099/libnativewindow_awt.so
7f11efdfd000-7f11efdfe000 r--p 00001000 08:06 4456564                    /tmp/jogamp_0000/file_cache/jln552156233931986261/jln8360362186390696099/libnativewindow_awt.so
7f11efdfe000-7f11efdff000 rw-p 00002000 08:06 4456564                    /tmp/jogamp_0000/file_cache/jln552156233931986261/jln8360362186390696099/libnativewindow_awt.so
7f11efdff000-7f11efe00000 r-xp 00000000 08:06 1967578                    /usr/lib/jvm/java-7-oracle/jre/lib/amd64/libjawt.so
7f11efe00000-7f11effff000 ---p 00001000 08:06 1967578                    /usr/lib/jvm/java-7-oracle/jre/lib/amd64/libjawt.so
7f11effff000-7f11f0000000 rw-p 00000000 08:06 1967578                    /usr/lib/jvm/java-7-oracle/jre/lib/amd64/libjawt.so
7f11f0000000-7f11f0021000 rw-p 00000000 00:00 0 
7f11f0021000-7f11f4000000 ---p 00000000 00:00 0 
7f11f4000000-7f11f4021000 rw-p 00000000 00:00 0 
7f11f4021000-7f11f8000000 ---p 00000000 00:00 0 
7f11f8000000-7f11f8021000 rw-p 00000000 00:00 0 
7f11f8021000-7f11fc000000 ---p 00000000 00:00 0 
7f11fc000000-7f11fc021000 rw-p 00000000 00:00 0 
7f11fc021000-7f1200000000 ---p 00000000 00:00 0 
7f1200000000-7f12001c5000 rw-p 00000000 00:00 0 
7f12001c5000-7f1204000000 ---p 00000000 00:00 0 
7f1204000000-7f1204021000 rw-p 00000000 00:00 0 
7f1204021000-7f1208000000 ---p 00000000 00:00 0 
7f1208000000-7f1208021000 rw-p 00000000 00:00 0 
7f1208021000-7f120c000000 ---p 00000000 00:00 0 
7f120c000000-7f120c1a2000 rw-p 00000000 00:00 0 
7f120c1a2000-7f1210000000 ---p 00000000 00:00 0 
7f1210000000-7f1210021000 rw-p 00000000 00:00 0 
7f1210021000-7f1214000000 ---p 00000000 00:00 0 
7f1214000000-7f1214021000 rw-p 00000000 00:00 0 
7f1214021000-7f1218000000 ---p 00000000 00:00 0 
7f1218000000-7f1218021000 rw-p 00000000 00:00 0 
7f1218021000-7f121c000000 ---p 00000000 00:00 0 
7f121c000000-7f121c021000 rw-p 00000000 00:00 0 
7f121c021000-7f1220000000 ---p 00000000 00:00 0 
7f1220000000-7f1220021000 rw-p 00000000 00:00 0 
7f1220021000-7f1224000000 ---p 00000000 00:00 0 
7f1224000000-7f1224021000 rw-p 00000000 00:00 0 
7f1224021000-7f1228000000 ---p 00000000 00:00 0 
7f1228000000-7f1228021000 rw-p 00000000 00:00 0 
7f1228021000-7f122c000000 ---p 00000000 00:00 0 
7f122c0e9000-7f122c0eb000 r-xp 00000000 08:06 4456561                    /tmp/jogamp_0000/file_cache/jln552156233931986261/jln8360362186390696099/libgluegen-rt.so
7f122c0eb000-7f122c2ea000 ---p 00002000 08:06 4456561                    /tmp/jogamp_0000/file_cache/jln552156233931986261/jln8360362186390696099/libgluegen-rt.so
7f122c2ea000-7f122c2eb000 r--p 00001000 08:06 4456561                    /tmp/jogamp_0000/file_cache/jln552156233931986261/jln8360362186390696099/libgluegen-rt.so
7f122c2eb000-7f122c2ec000 rw-p 00002000 08:06 4456561                    /tmp/jogamp_0000/file_cache/jln552156233931986261/jln8360362186390696099/libgluegen-rt.so
7f122c2ec000-7f122c2ef000 ---p 00000000 00:00 0 
7f122c2ef000-7f122c3ed000 rw-p 00000000 00:00 0 
7f122c3ed000-7f122c3fd000 r-xp 00000000 08:06 1967585                    /usr/lib/jvm/java-7-oracle/jre/lib/amd64/libnio.so
7f122c3fd000-7f122c5fd000 ---p 00010000 08:06 1967585                    /usr/lib/jvm/java-7-oracle/jre/lib/amd64/libnio.so
7f122c5fd000-7f122c5fe000 rw-p 00010000 08:06 1967585                    /usr/lib/jvm/java-7-oracle/jre/lib/amd64/libnio.so
7f122c5fe000-7f122c613000 r-xp 00000000 08:06 1967604                    /usr/lib/jvm/java-7-oracle/jre/lib/amd64/libnet.so
7f122c613000-7f122c813000 ---p 00015000 08:06 1967604                    /usr/lib/jvm/java-7-oracle/jre/lib/amd64/libnet.so
7f122c813000-7f122c814000 rw-p 00015000 08:06 1967604                    /usr/lib/jvm/java-7-oracle/jre/lib/amd64/libnet.so
7f122c814000-7f122c817000 ---p 00000000 00:00 0 
7f122c817000-7f122c915000 rw-p 00000000 00:00 0 
7f122c915000-7f122c91a000 r-xp 00000000 08:06 9962178                    /usr/lib/x86_64-linux-gnu/libXfixes.so.3.1.0
7f122c91a000-7f122cb19000 ---p 00005000 08:06 9962178                    /usr/lib/x86_64-linux-gnu/libXfixes.so.3.1.0
7f122cb19000-7f122cb1a000 r--p 00004000 08:06 9962178                    /usr/lib/x86_64-linux-gnu/libXfixes.so.3.1.0
7f122cb1a000-7f122cb1b000 rw-p 00005000 08:06 9962178                    /usr/lib/x86_64-linux-gnu/libXfixes.so.3.1.0
7f122cb1b000-7f122cb24000 r-xp 00000000 08:06 9967225                    /usr/lib/x86_64-linux-gnu/libXcursor.so.1.0.2
7f122cb24000-7f122cd23000 ---p 00009000 08:06 9967225                    /usr/lib/x86_64-linux-gnu/libXcursor.so.1.0.2
7f122cd23000-7f122cd24000 r--p 00008000 08:06 9967225                    /usr/lib/x86_64-linux-gnu/libXcursor.so.1.0.2
7f122cd24000-7f122cd25000 rw-p 00009000 08:06 9967225                    /usr/lib/x86_64-linux-gnu/libXcursor.so.1.0.2
7f122cd25000-7f122cd28000 ---p 00000000 00:00 0 
7f122cd28000-7f122ce26000 rw-p 00000000 00:00 0 
7f122ce26000-7f122ce2b000 r-xp 00000000 08:06 9962011                    /usr/lib/x86_64-linux-gnu/libXdmcp.so.6.0.0
7f122ce2b000-7f122d02a000 ---p 00005000 08:06 9962011                    /usr/lib/x86_64-linux-gnu/libXdmcp.so.6.0.0
7f122d02a000-7f122d02b000 r--p 00004000 08:06 9962011                    /usr/lib/x86_64-linux-gnu/libXdmcp.so.6.0.0
7f122d02b000-7f122d02c000 rw-p 00005000 08:06 9962011                    /usr/lib/x86_64-linux-gnu/libXdmcp.so.6.0.0
7f122d02c000-7f122d02e000 r-xp 00000000 08:06 9963502                    /usr/lib/x86_64-linux-gnu/libXau.so.6.0.0
7f122d02e000-7f122d22d000 ---p 00002000 08:06 9963502                    /usr/lib/x86_64-linux-gnu/libXau.so.6.0.0
7f122d22d000-7f122d22e000 r--p 00001000 08:06 9963502                    /usr/lib/x86_64-linux-gnu/libXau.so.6.0.0
7f122d22e000-7f122d22f000 rw-p 00002000 08:06 9963502                    /usr/lib/x86_64-linux-gnu/libXau.so.6.0.0
7f122d22f000-7f122d24c000 r-xp 00000000 08:06 9963508                    /usr/lib/x86_64-linux-gnu/libxcb.so.1.1.0
7f122d24c000-7f122d44b000 ---p 0001d000 08:06 9963508                    /usr/lib/x86_64-linux-gnu/libxcb.so.1.1.0
7f122d44b000-7f122d44c000 r--p 0001c000 08:06 9963508                    /usr/lib/x86_64-linux-gnu/libxcb.so.1.1.0
7f122d44c000-7f122d44d000 rw-p 0001d000 08:06 9963508                    /usr/lib/x86_64-linux-gnu/libxcb.so.1.1.0
7f122d44d000-7f122d45b000 r-xp 00000000 08:06 9961805                    /usr/lib/x86_64-linux-gnu/libXi.so.6.1.0
7f122d45b000-7f122d65a000 ---p 0000e000 08:06 9961805                    /usr/lib/x86_64-linux-gnu/libXi.so.6.1.0
7f122d65a000-7f122d65b000 r--p 0000d000 08:06 9961805                    /usr/lib/x86_64-linux-gnu/libXi.so.6.1.0
7f122d65b000-7f122d65c000 rw-p 0000e000 08:06 9961805                    /usr/lib/x86_64-linux-gnu/libXi.so.6.1.0
7f122d65c000-7f122d661000 r-xp 00000000 08:06 9962629                    /usr/lib/x86_64-linux-gnu/libXtst.so.6.1.0
7f122d661000-7f122d860000 ---p 00005000 08:06 9962629                    /usr/lib/x86_64-linux-gnu/libXtst.so.6.1.0
7f122d860000-7f122d861000 r--p 00004000 08:06 9962629                    /usr/lib/x86_64-linux-gnu/libXtst.so.6.1.0
7f122d861000-7f122d862000 rw-p 00005000 08:06 9962629                    /usr/lib/x86_64-linux-gnu/libXtst.so.6.1.0
7f122d862000-7f122d86b000 r-xp 00000000 08:06 9963780                    /usr/lib/x86_64-linux-gnu/libXrender.so.1.3.0
7f122d86b000-7f122da6a000 ---p 00009000 08:06 9963780                    /usr/lib/x86_64-linux-gnu/libXrender.so.1.3.0
7f122da6a000-7f122da6b000 r--p 00008000 08:06 9963780                    /usr/lib/x86_64-linux-gnu/libXrender.so.1.3.0
7f122da6b000-7f122da6c000 rw-p 00009000 08:06 9963780                    /usr/lib/x86_64-linux-gnu/libXrender.so.1.3.0
7f122da6c000-7f122db9b000 r-xp 00000000 08:06 9963828                    /usr/lib/x86_64-linux-gnu/libX11.so.6.3.0
7f122db9b000-7f122dd9b000 ---p 0012f000 08:06 9963828                    /usr/lib/x86_64-linux-gnu/libX11.so.6.3.0
7f122dd9b000-7f122dd9c000 r--p 0012f000 08:06 9963828                    /usr/lib/x86_64-linux-gnu/libX11.so.6.3.0
7f122dd9c000-7f122dda0000 rw-p 00130000 08:06 9963828                    /usr/lib/x86_64-linux-gnu/libX11.so.6.3.0
7f122dda0000-7f122ddb0000 r-xp 00000000 08:06 9961497                    /usr/lib/x86_64-linux-gnu/libXext.so.6.4.0
7f122ddb0000-7f122dfaf000 ---p 00010000 08:06 9961497                    /usr/lib/x86_64-linux-gnu/libXext.so.6.4.0
7f122dfaf000-7f122dfb0000 r--p 0000f000 08:06 9961497                    /usr/lib/x86_64-linux-gnu/libXext.so.6.4.0
7f122dfb0000-7f122dfb1000 rw-p 00010000 08:06 9961497                    /usr/lib/x86_64-linux-gnu/libXext.so.6.4.0
7f122dfb1000-7f122e001000 r-xp 00000000 08:06 1967618                    /usr/lib/jvm/java-7-oracle/jre/lib/amd64/xawt/libmawt.so
7f122e001000-7f122e201000 ---p 00050000 08:06 1967618                    /usr/lib/jvm/java-7-oracle/jre/lib/amd64/xawt/libmawt.so
7f122e201000-7f122e205000 rw-p 00050000 08:06 1967618                    /usr/lib/jvm/java-7-oracle/jre/lib/amd64/xawt/libmawt.so
7f122e205000-7f122e206000 rw-p 00000000 00:00 0 
7f122e206000-7f122e2a8000 r-xp 00000000 08:06 1967615                    /usr/lib/jvm/java-7-oracle/jre/lib/amd64/libawt.so
7f122e2a8000-7f122e4a8000 ---p 000a2000 08:06 1967615                    /usr/lib/jvm/java-7-oracle/jre/lib/amd64/libawt.so
7f122e4a8000-7f122e4b4000 rw-p 000a2000 08:06 1967615                    /usr/lib/jvm/java-7-oracle/jre/lib/amd64/libawt.so
7f122e4b4000-7f122e4d8000 rw-p 00000000 00:00 0 
7f122e4d8000-7f122e4d9000 ---p 00000000 00:00 0 
7f122e4d9000-7f122e5d9000 rw-p 00000000 00:00 0 
7f122e5d9000-7f122e5dc000 ---p 00000000 00:00 0 
7f122e5dc000-7f122e6da000 rw-p 00000000 00:00 0 
7f122e6da000-7f122e6dd000 ---p 00000000 00:00 0 
7f122e6dd000-7f122e7db000 rw-p 00000000 00:00 0 
7f122e7db000-7f122e7de000 ---p 00000000 00:00 0 
7f122e7de000-7f122e8dc000 rw-p 00000000 00:00 0 
7f122e8dc000-7f122e8df000 ---p 00000000 00:00 0 
7f122e8df000-7f122e9dd000 rw-p 00000000 00:00 0 
7f122e9dd000-7f122ec9d000 r--p 00000000 08:06 9961657                    /usr/lib/locale/locale-archive
7f122ec9d000-7f122eca0000 ---p 00000000 00:00 0 
7f122eca0000-7f122ed9e000 rw-p 00000000 00:00 0 
7f122ed9e000-7f122eda1000 ---p 00000000 00:00 0 
7f122eda1000-7f122ee9f000 rw-p 00000000 00:00 0 
7f122ee9f000-7f122eea0000 ---p 00000000 00:00 0 
7f122eea0000-7f1231000000 rw-p 00000000 00:00 0 
7f1231000000-7f1231270000 rwxp 00000000 00:00 0 
7f1231270000-7f123442f000 rw-p 00000000 00:00 0 
7f123442f000-7f1238000000 ---p 00000000 00:00 0 
7f1238000000-7f123800a000 r--s 00254000 08:06 1966628                    /usr/lib/jvm/java-7-oracle/jre/lib/resources.jar
7f123804a000-7f123804b000 rw-s 00005000 00:05 7943                       /dev/ati/card0
7f123804b000-7f123806b000 rw-s f0020000 00:05 7943                       /dev/ati/card0
7f123806b000-7f123806d000 rw-s 00002000 00:05 7943                       /dev/ati/card0
7f123806d000-7f123809e000 rw-p 00000000 00:00 0 
7f123809e000-7f12380a1000 ---p 00000000 00:00 0 
7f12380a1000-7f12380c6000 rw-p 00000000 00:00 0 
7f12380c6000-7f12380cd000 r--s 00000000 08:06 10362198                   /usr/lib/x86_64-linux-gnu/gconv/gconv-modules.cache
7f12380cd000-7f12380f2000 r--p 00000000 08:06 10359730                   /usr/share/locale-langpack/fr/LC_MESSAGES/libc.mo
7f12380f2000-7f1239116000 rw-p 00000000 00:00 0 
7f1239116000-7f12392d2000 r--s 039da000 08:06 1967452                    /usr/lib/jvm/java-7-oracle/jre/lib/rt.jar
7f12392d2000-7f1239b12000 rw-p 00000000 00:00 0 
7f1239b12000-7f1239b13000 ---p 00000000 00:00 0 
7f1239b13000-7f1239c13000 rw-p 00000000 00:00 0 
7f1239c13000-7f1239c14000 ---p 00000000 00:00 0 
7f1239c14000-7f1239d14000 rw-p 00000000 00:00 0 
7f1239d14000-7f1239d15000 ---p 00000000 00:00 0 
7f1239d15000-7f1239e15000 rw-p 00000000 00:00 0 
7f1239e15000-7f1239e16000 ---p 00000000 00:00 0 
7f1239e16000-7f1239f21000 rw-p 00000000 00:00 0 
7f1239f21000-7f1239f3f000 rw-p 00000000 00:00 0 
7f1239f3f000-7f1239f53000 rw-p 00000000 00:00 0 
7f1239f53000-7f123a07d000 rw-p 00000000 00:00 0 
7f123a07d000-7f123a088000 rw-p 00000000 00:00 0 
7f123a088000-7f123a0a6000 rw-p 00000000 00:00 0 
7f123a0a6000-7f123a0ba000 rw-p 00000000 00:00 0 
7f123a0ba000-7f123a1e4000 rw-p 00000000 00:00 0 
7f123a1e4000-7f123a1ee000 rw-p 00000000 00:00 0 
7f123a1ee000-7f123a283000 rw-p 00000000 00:00 0 
7f123a283000-7f123a284000 rw-p 00000000 00:00 0 
7f123a284000-7f123a29e000 r-xp 00000000 08:06 1967605                    /usr/lib/jvm/java-7-oracle/jre/lib/amd64/libzip.so
7f123a29e000-7f123a49e000 ---p 0001a000 08:06 1967605                    /usr/lib/jvm/java-7-oracle/jre/lib/amd64/libzip.so
7f123a49e000-7f123a49f000 rw-p 0001a000 08:06 1967605                    /usr/lib/jvm/java-7-oracle/jre/lib/amd64/libzip.so
7f123a49f000-7f123a4ab000 r-xp 00000000 08:06 2233934                    /lib/x86_64-linux-gnu/libnss_files-2.15.so
7f123a4ab000-7f123a6aa000 ---p 0000c000 08:06 2233934                    /lib/x86_64-linux-gnu/libnss_files-2.15.so
7f123a6aa000-7f123a6ab000 r--p 0000b000 08:06 2233934                    /lib/x86_64-linux-gnu/libnss_files-2.15.so
7f123a6ab000-7f123a6ac000 rw-p 0000c000 08:06 2233934                    /lib/x86_64-linux-gnu/libnss_files-2.15.so
7f123a6ac000-7f123a6b6000 r-xp 00000000 08:06 2233929                    /lib/x86_64-linux-gnu/libnss_nis-2.15.so
7f123a6b6000-7f123a8b6000 ---p 0000a000 08:06 2233929                    /lib/x86_64-linux-gnu/libnss_nis-2.15.so
7f123a8b6000-7f123a8b7000 r--p 0000a000 08:06 2233929                    /lib/x86_64-linux-gnu/libnss_nis-2.15.so
7f123a8b7000-7f123a8b8000 rw-p 0000b000 08:06 2233929                    /lib/x86_64-linux-gnu/libnss_nis-2.15.so
7f123a8b8000-7f123a8cf000 r-xp 00000000 08:06 2233945                    /lib/x86_64-linux-gnu/libnsl-2.15.so
7f123a8cf000-7f123aace000 ---p 00017000 08:06 2233945                    /lib/x86_64-linux-gnu/libnsl-2.15.so
7f123aace000-7f123aacf000 r--p 00016000 08:06 2233945                    /lib/x86_64-linux-gnu/libnsl-2.15.so
7f123aacf000-7f123aad0000 rw-p 00017000 08:06 2233945                    /lib/x86_64-linux-gnu/libnsl-2.15.so
7f123aad0000-7f123aad2000 rw-p 00000000 00:00 0 
7f123aad2000-7f123aada000 r-xp 00000000 08:06 2233935                    /lib/x86_64-linux-gnu/libnss_compat-2.15.so
7f123aada000-7f123acd9000 ---p 00008000 08:06 2233935                    /lib/x86_64-linux-gnu/libnss_compat-2.15.so
7f123acd9000-7f123acda000 r--p 00007000 08:06 2233935                    /lib/x86_64-linux-gnu/libnss_compat-2.15.so
7f123acda000-7f123acdb000 rw-p 00008000 08:06 2233935                    /lib/x86_64-linux-gnu/libnss_compat-2.15.so
7f123acdb000-7f123ad04000 r-xp 00000000 08:06 1967577                    /usr/lib/jvm/java-7-oracle/jre/lib/amd64/libjava.so
7f123ad04000-7f123af04000 ---p 00029000 08:06 1967577                    /usr/lib/jvm/java-7-oracle/jre/lib/amd64/libjava.so
7f123af04000-7f123af06000 rw-p 00029000 08:06 1967577                    /usr/lib/jvm/java-7-oracle/jre/lib/amd64/libjava.so
7f123af06000-7f123af13000 r-xp 00000000 08:06 1967580                    /usr/lib/jvm/java-7-oracle/jre/lib/amd64/libverify.so
7f123af13000-7f123b112000 ---p 0000d000 08:06 1967580                    /usr/lib/jvm/java-7-oracle/jre/lib/amd64/libverify.so
7f123b112000-7f123b114000 rw-p 0000c000 08:06 1967580                    /usr/lib/jvm/java-7-oracle/jre/lib/amd64/libverify.so
7f123b114000-7f123b11b000 r-xp 00000000 08:06 2233808                    /lib/x86_64-linux-gnu/librt-2.15.so
7f123b11b000-7f123b31a000 ---p 00007000 08:06 2233808                    /lib/x86_64-linux-gnu/librt-2.15.so
7f123b31a000-7f123b31b000 r--p 00006000 08:06 2233808                    /lib/x86_64-linux-gnu/librt-2.15.so
7f123b31b000-7f123b31c000 rw-p 00007000 08:06 2233808                    /lib/x86_64-linux-gnu/librt-2.15.so
7f123b31c000-7f123b417000 r-xp 00000000 08:06 2233931                    /lib/x86_64-linux-gnu/libm-2.15.so
7f123b417000-7f123b616000 ---p 000fb000 08:06 2233931                    /lib/x86_64-linux-gnu/libm-2.15.so
7f123b616000-7f123b617000 r--p 000fa000 08:06 2233931                    /lib/x86_64-linux-gnu/libm-2.15.so
7f123b617000-7f123b618000 rw-p 000fb000 08:06 2233931                    /lib/x86_64-linux-gnu/libm-2.15.so
7f123b618000-7f123c05f000 r-xp 00000000 08:06 1967573                    /usr/lib/jvm/java-7-oracle/jre/lib/amd64/server/libjvm.so
7f123c05f000-7f123c25e000 ---p 00a47000 08:06 1967573                    /usr/lib/jvm/java-7-oracle/jre/lib/amd64/server/libjvm.so
7f123c25e000-7f123c302000 rw-p 00a46000 08:06 1967573                    /usr/lib/jvm/java-7-oracle/jre/lib/amd64/server/libjvm.so
7f123c302000-7f123c33d000 rw-p 00000000 00:00 0 
7f123c33d000-7f123c4f2000 r-xp 00000000 08:06 2233802                    /lib/x86_64-linux-gnu/libc-2.15.so
7f123c4f2000-7f123c6f1000 ---p 001b5000 08:06 2233802                    /lib/x86_64-linux-gnu/libc-2.15.so
7f123c6f1000-7f123c6f5000 r--p 001b4000 08:06 2233802                    /lib/x86_64-linux-gnu/libc-2.15.so
7f123c6f5000-7f123c6f7000 rw-p 001b8000 08:06 2233802                    /lib/x86_64-linux-gnu/libc-2.15.so
7f123c6f7000-7f123c6fc000 rw-p 00000000 00:00 0 
7f123c6fc000-7f123c6fe000 r-xp 00000000 08:06 2233800                    /lib/x86_64-linux-gnu/libdl-2.15.so
7f123c6fe000-7f123c8fe000 ---p 00002000 08:06 2233800                    /lib/x86_64-linux-gnu/libdl-2.15.so
7f123c8fe000-7f123c8ff000 r--p 00002000 08:06 2233800                    /lib/x86_64-linux-gnu/libdl-2.15.so
7f123c8ff000-7f123c900000 rw-p 00003000 08:06 2233800                    /lib/x86_64-linux-gnu/libdl-2.15.so
7f123c900000-7f123c916000 r-xp 00000000 08:06 1967609                    /usr/lib/jvm/java-7-oracle/jre/lib/amd64/jli/libjli.so
7f123c916000-7f123cb15000 ---p 00016000 08:06 1967609                    /usr/lib/jvm/java-7-oracle/jre/lib/amd64/jli/libjli.so
7f123cb15000-7f123cb16000 rw-p 00015000 08:06 1967609                    /usr/lib/jvm/java-7-oracle/jre/lib/amd64/jli/libjli.so
7f123cb16000-7f123cb2e000 r-xp 00000000 08:06 2233804                    /lib/x86_64-linux-gnu/libpthread-2.15.so
7f123cb2e000-7f123cd2d000 ---p 00018000 08:06 2233804                    /lib/x86_64-linux-gnu/libpthread-2.15.so
7f123cd2d000-7f123cd2e000 r--p 00017000 08:06 2233804                    /lib/x86_64-linux-gnu/libpthread-2.15.so
7f123cd2e000-7f123cd2f000 rw-p 00018000 08:06 2233804                    /lib/x86_64-linux-gnu/libpthread-2.15.so
7f123cd2f000-7f123cd33000 rw-p 00000000 00:00 0 
7f123cd33000-7f123cd55000 r-xp 00000000 08:06 2233940                    /lib/x86_64-linux-gnu/ld-2.15.so
7f123cd59000-7f123cd5a000 r--s 00023000 08:11 895                        /media/DDE-640/IMAC/Projets_Tut/PlantS/libjogl/jogamp-all-platforms/jar/jogl-all-natives-linux-amd64.jar
7f123cd5a000-7f123cd5b000 r--s 00000000 08:11 894                        /media/DDE-640/IMAC/Projets_Tut/PlantS/libjogl/jogamp-all-platforms/jar/gluegen-rt-natives-linux-amd64.jar
7f123cd5b000-7f123cd75000 r--s 00477000 08:11 450                        /media/DDE-640/IMAC/Projets_Tut/PlantS/libjogl/jogamp-all-platforms/jar/jogl-all.jar
7f123cd75000-7f123cd7f000 rw-p 00000000 00:00 0 
7f123cd7f000-7f123ce35000 rw-p 00000000 00:00 0 
7f123ce35000-7f123ce38000 ---p 00000000 00:00 0 
7f123ce38000-7f123cf3a000 rw-p 00000000 00:00 0 
7f123cf3a000-7f123cf3b000 r--p 00000000 00:00 0 
7f123cf3b000-7f123cf3f000 r--s 00089000 08:06 1967701                    /usr/lib/jvm/java-7-oracle/jre/lib/jsse.jar
7f123cf3f000-7f123cf44000 r--s 00044000 08:11 446                        /media/DDE-640/IMAC/Projets_Tut/PlantS/jdom-2.0.3/jdom-2.0.3.jar
7f123cf44000-7f123cf49000 r--s 0002c000 08:11 451                        /media/DDE-640/IMAC/Projets_Tut/PlantS/libjogl/jogamp-all-platforms/jar/gluegen-rt.jar
7f123cf49000-7f123cf51000 rw-s 00000000 08:06 4456558                    /tmp/hsperfdata_guyom/3589 (deleted)
7f123cf51000-7f123cf52000 rw-p 00000000 00:00 0 
7f123cf52000-7f123cf53000 ---p 00000000 00:00 0 
7f123cf53000-7f123cf55000 rw-p 00000000 00:00 0 
7f123cf55000-7f123cf56000 r--p 00022000 08:06 2233940                    /lib/x86_64-linux-gnu/ld-2.15.so
7f123cf56000-7f123cf58000 rw-p 00023000 08:06 2233940                    /lib/x86_64-linux-gnu/ld-2.15.so
7fff74354000-7fff74375000 rw-p 00000000 00:00 0                          [stack]
7fff743ff000-7fff74400000 r-xp 00000000 00:00 0                          [vdso]
ffffffffff600000-ffffffffff601000 r-xp 00000000 00:00 0                  [vsyscall]

VM Arguments:
jvm_args: -Djava.library.path=/media/DDE-640/IMAC/Projets_Tut/PlantS/libjogl/jogamp-all-platforms/jar:/media/DDE-640/IMAC/Projets_Tut/PlantS/libjogl/jogamp-all-platforms/jar -Dfile.encoding=UTF-8 
java_command: JOGLApp
Launcher Type: SUN_STANDARD

Environment Variables:
PATH=/usr/lib/lightdm/lightdm:/usr/local/sbin:/usr/local/bin:/usr/sbin:/usr/bin:/sbin:/bin:/usr/games
SHELL=/bin/bash
DISPLAY=:0.0

Signal Handlers:
SIGSEGV: [libjvm.so+0x8a5c80], sa_mask[0]=0x7ffbfeff, sa_flags=0x10000004
SIGBUS: [libjvm.so+0x8a5c80], sa_mask[0]=0x7ffbfeff, sa_flags=0x10000004
SIGFPE: [libjvm.so+0x741d60], sa_mask[0]=0x7ffbfeff, sa_flags=0x10000004
SIGPIPE: [libjvm.so+0x741d60], sa_mask[0]=0x7ffbfeff, sa_flags=0x10000004
SIGXFSZ: [libjvm.so+0x741d60], sa_mask[0]=0x7ffbfeff, sa_flags=0x10000004
SIGILL: [libjvm.so+0x741d60], sa_mask[0]=0x7ffbfeff, sa_flags=0x10000004
SIGUSR1: SIG_DFL, sa_mask[0]=0x00000000, sa_flags=0x00000000
SIGUSR2: [libjvm.so+0x7416b0], sa_mask[0]=0x00000004, sa_flags=0x10000004
SIGHUP: [libjvm.so+0x743a40], sa_mask[0]=0x7ffbfeff, sa_flags=0x10000004
SIGINT: [libjvm.so+0x743a40], sa_mask[0]=0x7ffbfeff, sa_flags=0x10000004
SIGTERM: [libjvm.so+0x743a40], sa_mask[0]=0x7ffbfeff, sa_flags=0x10000004
SIGQUIT: [libjvm.so+0x743a40], sa_mask[0]=0x7ffbfeff, sa_flags=0x10000004


---------------  S Y S T E M  ---------------

OS:wheezy/sid

uname:Linux 3.2.0-32-generic #51-Ubuntu SMP Wed Sep 26 21:33:09 UTC 2012 x86_64
libc:glibc 2.15 NPTL 2.15 
rlimit: STACK 8192k, CORE 0k, NPROC 30344, NOFILE 4096, AS infinity
load average:0,57 0,68 0,55

/proc/meminfo:
MemTotal:        3901720 kB
MemFree:         1489624 kB
Buffers:          168540 kB
Cached:           976992 kB
SwapCached:            0 kB
Active:          1384896 kB
Inactive:         717504 kB
Active(anon):     957664 kB
Inactive(anon):     1084 kB
Active(file):     427232 kB
Inactive(file):   716420 kB
Unevictable:           0 kB
Mlocked:               0 kB
SwapTotal:       4042748 kB
SwapFree:        4042748 kB
Dirty:              1020 kB
Writeback:             0 kB
AnonPages:        956884 kB
Mapped:           219016 kB
Shmem:              1884 kB
Slab:              86512 kB
SReclaimable:      57224 kB
SUnreclaim:        29288 kB
KernelStack:        3896 kB
PageTables:        28024 kB
NFS_Unstable:          0 kB
Bounce:                0 kB
WritebackTmp:          0 kB
CommitLimit:     5993608 kB
Committed_AS:    3724292 kB
VmallocTotal:   34359738367 kB
VmallocUsed:      111804 kB
VmallocChunk:   34359624168 kB
HardwareCorrupted:     0 kB
AnonHugePages:         0 kB
HugePages_Total:       0
HugePages_Free:        0
HugePages_Rsvd:        0
HugePages_Surp:        0
Hugepagesize:       2048 kB
DirectMap4k:      171964 kB
DirectMap2M:     3872768 kB


CPU:total 4 (2 cores per cpu, 2 threads per core) family 6 model 37 stepping 5, cmov, cx8, fxsr, mmx, sse, sse2, sse3, ssse3, sse4.1, sse4.2, popcnt, ht, tsc, tscinvbit

/proc/cpuinfo:
processor	: 0
vendor_id	: GenuineIntel
cpu family	: 6
model		: 37
model name	: Intel(R) Core(TM) i5 CPU       M 480  @ 2.67GHz
stepping	: 5
microcode	: 0x2
cpu MHz		: 1199.000
cache size	: 3072 KB
physical id	: 0
siblings	: 4
core id		: 0
cpu cores	: 2
apicid		: 0
initial apicid	: 0
fpu		: yes
fpu_exception	: yes
cpuid level	: 11
wp		: yes
flags		: fpu vme de pse tsc msr pae mce cx8 apic sep mtrr pge mca cmov pat pse36 clflush dts acpi mmx fxsr sse sse2 ss ht tm pbe syscall nx rdtscp lm constant_tsc arch_perfmon pebs bts rep_good nopl xtopology nonstop_tsc aperfmperf pni dtes64 monitor ds_cpl vmx est tm2 ssse3 cx16 xtpr pdcm pcid sse4_1 sse4_2 popcnt lahf_lm ida arat dtherm tpr_shadow vnmi flexpriority ept vpid
bogomips	: 5319.91
clflush size	: 64
cache_alignment	: 64
address sizes	: 36 bits physical, 48 bits virtual
power management:

processor	: 1
vendor_id	: GenuineIntel
cpu family	: 6
model		: 37
model name	: Intel(R) Core(TM) i5 CPU       M 480  @ 2.67GHz
stepping	: 5
microcode	: 0x2
cpu MHz		: 1199.000
cache size	: 3072 KB
physical id	: 0
siblings	: 4
core id		: 2
cpu cores	: 2
apicid		: 4
initial apicid	: 4
fpu		: yes
fpu_exception	: yes
cpuid level	: 11
wp		: yes
flags		: fpu vme de pse tsc msr pae mce cx8 apic sep mtrr pge mca cmov pat pse36 clflush dts acpi mmx fxsr sse sse2 ss ht tm pbe syscall nx rdtscp lm constant_tsc arch_perfmon pebs bts rep_good nopl xtopology nonstop_tsc aperfmperf pni dtes64 monitor ds_cpl vmx est tm2 ssse3 cx16 xtpr pdcm pcid sse4_1 sse4_2 popcnt lahf_lm ida arat dtherm tpr_shadow vnmi flexpriority ept vpid
bogomips	: 5319.89
clflush size	: 64
cache_alignment	: 64
address sizes	: 36 bits physical, 48 bits virtual
power management:

processor	: 2
vendor_id	: GenuineIntel
cpu family	: 6
model		: 37
model name	: Intel(R) Core(TM) i5 CPU       M 480  @ 2.67GHz
stepping	: 5
microcode	: 0x2
cpu MHz		: 1199.000
cache size	: 3072 KB
physical id	: 0
siblings	: 4
core id		: 0
cpu cores	: 2
apicid		: 1
initial apicid	: 1
fpu		: yes
fpu_exception	: yes
cpuid level	: 11
wp		: yes
flags		: fpu vme de pse tsc msr pae mce cx8 apic sep mtrr pge mca cmov pat pse36 clflush dts acpi mmx fxsr sse sse2 ss ht tm pbe syscall nx rdtscp lm constant_tsc arch_perfmon pebs bts rep_good nopl xtopology nonstop_tsc aperfmperf pni dtes64 monitor ds_cpl vmx est tm2 ssse3 cx16 xtpr pdcm pcid sse4_1 sse4_2 popcnt lahf_lm ida arat dtherm tpr_shadow vnmi flexpriority ept vpid
bogomips	: 5319.89
clflush size	: 64
cache_alignment	: 64
address sizes	: 36 bits physical, 48 bits virtual
power management:

processor	: 3
vendor_id	: GenuineIntel
cpu family	: 6
model		: 37
model name	: Intel(R) Core(TM) i5 CPU       M 480  @ 2.67GHz
stepping	: 5
microcode	: 0x2
cpu MHz		: 2667.000
cache size	: 3072 KB
physical id	: 0
siblings	: 4
core id		: 2
cpu cores	: 2
apicid		: 5
initial apicid	: 5
fpu		: yes
fpu_exception	: yes
cpuid level	: 11
wp		: yes
flags		: fpu vme de pse tsc msr pae mce cx8 apic sep mtrr pge mca cmov pat pse36 clflush dts acpi mmx fxsr sse sse2 ss ht tm pbe syscall nx rdtscp lm constant_tsc arch_perfmon pebs bts rep_good nopl xtopology nonstop_tsc aperfmperf pni dtes64 monitor ds_cpl vmx est tm2 ssse3 cx16 xtpr pdcm pcid sse4_1 sse4_2 popcnt lahf_lm ida arat dtherm tpr_shadow vnmi flexpriority ept vpid
bogomips	: 5319.88
clflush size	: 64
cache_alignment	: 64
address sizes	: 36 bits physical, 48 bits virtual
power management:



Memory: 4k page, physical 3901720k(1489624k free), swap 4042748k(4042748k free)

vm_info: Java HotSpot(TM) 64-Bit Server VM (23.5-b02) for linux-amd64 JRE (1.7.0_09-b05), built on Sep 24 2012 20:07:15 by "java_re" with gcc 4.3.0 20080428 (Red Hat 4.3.0-8)

time: Sun Nov 11 17:16:14 2012
elapsed time: 3 seconds

